0	-553.6980637771194	(t1=0.00016,	nu11=0.00075)	
1	-553.6980637771194	(t1=0.00016,	nu11=0.00075)	
2	-7338.9751936683315	(t1=0.00116,	nu11=0.00075)	
2	-551.8186799759278	(t1=0.00016,	nu11=0.00075)	
2	-537.5511176491273	(t1=0.00016,	nu11=0.00075)	
2	-7339.088934515428	(t1=0.00116,	nu11=0.00075)	
2	-535.7666649693274	(t1=0.00016,	nu11=0.00075)	
2	-522.074115386873	(t1=0.00016,	nu11=0.00075)	
2	-7339.201032094134	(t1=0.00116,	nu11=0.00075)	
2	-520.3857989090029	(t1=0.00016,	nu11=0.00075)	
2	-518.3092714989907	(t1=0.00016,	nu11=0.00075)	
2	-7339.2288215273875	(t1=0.00116,	nu11=0.00075)	
2	-516.6451982977451	(t1=0.00016,	nu11=0.00075)	
2	-514.5888182769995	(t1=0.00016,	nu11=0.00075)	
2	-7339.256503252953	(t1=0.00116,	nu11=0.00075)	
2	-512.9490607894259	(t1=0.00016,	nu11=0.00075)	
2	-513.6654588030651	(t1=0.00016,	nu11=0.00075)	
2	-7339.263408534229	(t1=0.00116,	nu11=0.00075)	
2	-512.0317930667661	(t1=0.00016,	nu11=0.00075)	
2	-512.7449385947548	(t1=0.00016,	nu11=0.00075)	
2	-7339.270306815801	(t1=0.00116,	nu11=0.00075)	
2	-511.1173689196585	(t1=0.00016,	nu11=0.00075)	
2	-512.5152357978513	(t1=0.00016,	nu11=0.00075)	
2	-7339.2720304197865	(t1=0.00116,	nu11=0.00075)	
2	-510.88919092487777	(t1=0.00016,	nu11=0.00075)	
2	-512.2857146360911	(t1=0.00016,	nu11=0.00075)	
2	-7339.2737535591	(t1=0.00116,	nu11=0.00075)	
2	-510.66119481017813	(t1=0.00016,	nu11=0.00075)	
2	-5850.628449983662	(t1=0.00046,	nu11=0.00075)	
2	-512.2110142640304	(t1=0.00016,	nu11=0.00075)	
2	-7339.274314568262	(t1=0.00116,	nu11=0.00075)	
2	-510.5869910955662	(t1=0.00016,	nu11=0.00075)	
2	-512.136334169074	(t1=0.00016,	nu11=0.00075)	
2	-7339.274875521485	(t1=0.00116,	nu11=0.00075)	
2	-510.5128076786641	(t1=0.00016,	nu11=0.00075)	
2	-7242.6000280226	(t1=0.00081,	nu11=0.00075)	
2	-512.1201194945606	(t1=0.00016,	nu11=0.00075)	
2	-7339.274997328932	(t1=0.00116,	nu11=0.00075)	
2	-510.49670086277183	(t1=0.00016,	nu11=0.00075)	
2	-512.1039058468887	(t1=0.00016,	nu11=0.00075)	
2	-7339.275119133585	(t1=0.00116,	nu11=0.00075)	
2	-510.4805950752925	(t1=0.00016,	nu11=0.00075)	
2	-7332.720070994692	(t1=0.00098,	nu11=0.00075)	
2	-512.1001024151337	(t1=0.00016,	nu11=0.00075)	
2	-7339.275147707143	(t1=0.00116,	nu11=0.00075)	
2	-510.47681694704806	(t1=0.00016,	nu11=0.00075)	
2	-512.0962990485132	(t1=0.00016,	nu11=0.00075)	
2	-7339.275176280877	(t1=0.00116,	nu11=0.00075)	
2	-510.4730388830649	(t1=0.00016,	nu11=0.00075)	
2	-2289.5725776890176	(t1=7e-05,	nu11=0.00075)	
2	-7341.835847255017	(t1=0.00107,	nu11=0.00075)	
2	-2294.578321418434	(t1=7e-05,	nu11=0.00075)	
2	-474.6230192913208	(t1=0.00015,	nu11=0.00075)	
2	-7339.5712113888	(t1=0.00115,	nu11=0.00075)	
2	-473.2720920657157	(t1=0.00015,	nu11=0.00075)	
2	-445.8526751995669	(t1=0.00015,	nu11=0.00075)	
2	-7339.8276345689665	(t1=0.00115,	nu11=0.00075)	
2	-444.75572759541683	(t1=0.00015,	nu11=0.00075)	
2	-607.5821832770016	(t1=0.00011,	nu11=0.00075)	
2	-7341.799483930285	(t1=0.00111,	nu11=0.00075)	
2	-609.6381769092404	(t1=0.00011,	nu11=0.00075)	
2	-415.81075862963917	(t1=0.00014,	nu11=0.00075)	
2	-7340.153226949682	(t1=0.00114,	nu11=0.00075)	
2	-415.0647898222087	(t1=0.00014,	nu11=0.00075)	
2	-400.0832671390963	(t1=0.00014,	nu11=0.00075)	
2	-7340.387722061132	(t1=0.00114,	nu11=0.00075)	
2	-399.6135350919212	(t1=0.00014,	nu11=0.00075)	
2	-417.66053980367724	(t1=0.00013,	nu11=0.00075)	
2	-7341.23181599431	(t1=0.00113,	nu11=0.00075)	
2	-418.4279380386579	(t1=0.00013,	nu11=0.00075)	
2	-392.8406901622657	(t1=0.00014,	nu11=0.00075)	
2	-7340.553357012919	(t1=0.00114,	nu11=0.00075)	
2	-392.580144710897	(t1=0.00014,	nu11=0.00075)	
2	-390.08738941932097	(t1=0.00014,	nu11=0.00075)	
2	-7340.670182427682	(t1=0.00114,	nu11=0.00075)	
2	-389.9824370701681	(t1=0.00014,	nu11=0.00075)	
2	-394.4376335828565	(t1=0.00013,	nu11=0.00075)	
2	-7340.967384871154	(t1=0.00113,	nu11=0.00075)	
2	-394.7645560457022	(t1=0.00013,	nu11=0.00075)	
2	-389.55914269626373	(t1=0.00014,	nu11=0.00075)	
2	-7340.72702914587	(t1=0.00114,	nu11=0.00075)	
2	-389.53256342362147	(t1=0.00014,	nu11=0.00075)	
2	-389.5496530877426	(t1=0.00013,	nu11=0.00075)	
2	-7340.770547730965	(t1=0.00113,	nu11=0.00075)	
2	-389.5843333170051	(t1=0.00013,	nu11=0.00075)	
2	-390.9587135531474	(t1=0.00013,	nu11=0.00075)	
2	-7340.870811330038	(t1=0.00113,	nu11=0.00075)	
2	-391.1389885805547	(t1=0.00013,	nu11=0.00075)	
2	-389.6568770586746	(t1=0.00013,	nu11=0.00075)	
2	-7340.789280812023	(t1=0.00113,	nu11=0.00075)	
2	-389.71827755321283	(t1=0.00013,	nu11=0.00075)	
2	-389.56558534654323	(t1=0.00013,	nu11=0.00075)	
2	-7340.774286728702	(t1=0.00113,	nu11=0.00075)	
2	-389.60558164527174	(t1=0.00013,	nu11=0.00075)	
2	-389.55265539488755	(t1=0.00013,	nu11=0.00075)	
2	-7340.771303498768	(t1=0.00113,	nu11=0.00075)	
2	-389.58840948261786	(t1=0.00013,	nu11=0.00075)	
2	-389.5502525733318	(t1=0.00013,	nu11=0.00075)	
2	-7340.770700883062	(t1=0.00113,	nu11=0.00075)	
2	-389.58515038562473	(t1=0.00013,	nu11=0.00075)	
2	-389.54977426608093	(t1=0.00013,	nu11=0.00075)	
2	-7340.770578782365	(t1=0.00113,	nu11=0.00075)	
2	-389.5844986085431	(t1=0.00013,	nu11=0.00075)	
2	-389.5496776435757	(t1=0.00013,	nu11=0.00075)	
2	-7340.770554027404	(t1=0.00113,	nu11=0.00075)	
2	-389.5843668176094	(t1=0.00013,	nu11=0.00075)	
2	-389.5496580667095	(t1=0.00013,	nu11=0.00075)	
2	-7340.7705490079825	(t1=0.00113,	nu11=0.00075)	
2	-389.5843401091988	(t1=0.00013,	nu11=0.00075)	
2	-389.5496540973545	(t1=0.00013,	nu11=0.00075)	
2	-7340.770547990338	(t1=0.00113,	nu11=0.00075)	
2	-389.5843346945476	(t1=0.00013,	nu11=0.00075)	
2	-389.54965329234255	(t1=0.00013,	nu11=0.00075)	
2	-7340.770547783526	(t1=0.00113,	nu11=0.00075)	
2	-389.58433359634364	(t1=0.00013,	nu11=0.00075)	
2	-389.54965312901186	(t1=0.00013,	nu11=0.00075)	
2	-7340.770547741791	(t1=0.00113,	nu11=0.00075)	
2	-389.5843333734083	(t1=0.00013,	nu11=0.00075)	
2	-389.5496530958917	(t1=0.00013,	nu11=0.00075)	
2	-7340.770547733351	(t1=0.00113,	nu11=0.00075)	
2	-389.58433332823915	(t1=0.00013,	nu11=0.00075)	
2	-389.5496530891396	(t1=0.00013,	nu11=0.00075)	
2	-7340.770547732012	(t1=0.00113,	nu11=0.00075)	
2	-389.5843333193916	(t1=0.00013,	nu11=0.00075)	
2	-389.54965308785904	(t1=0.00013,	nu11=0.00075)	
2	-7340.770547731547	(t1=0.00113,	nu11=0.00075)	
2	-389.5843333172379	(t1=0.00013,	nu11=0.00075)	
2	-389.549653087568	(t1=0.00013,	nu11=0.00075)	
2	-7340.770547731081	(t1=0.00113,	nu11=0.00075)	
2	-389.58433331688866	(t1=0.00013,	nu11=0.00075)	
2	-389.5496530874516	(t1=0.00013,	nu11=0.00075)	
2	-7340.770547731256	(t1=0.00113,	nu11=0.00075)	
2	-389.58433331758715	(t1=0.00013,	nu11=0.00075)	
2	-389.5496530874516	(t1=0.00013,	nu11=0.00075)	
2	-7340.770547731256	(t1=0.00113,	nu11=0.00075)	
2	-389.5843333170633	(t1=0.00013,	nu11=0.00075)	
2	-389.54965308803366	(t1=0.00013,	nu11=0.00075)	
2	-7340.77054773143	(t1=0.00113,	nu11=0.00075)	
2	-389.5843333173543	(t1=0.00013,	nu11=0.00075)	
2	-389.5496530876844	(t1=0.00013,	nu11=0.00075)	
2	-7340.77054773143	(t1=0.00113,	nu11=0.00075)	
2	-389.5843333171215	(t1=0.00013,	nu11=0.00075)	
2	-389.5496530873352	(t1=0.00013,	nu11=0.00075)	
2	-7340.77054773143	(t1=0.00113,	nu11=0.00075)	
2	-389.5843333172961	(t1=0.00013,	nu11=0.00075)	
2	-389.54965308780083	(t1=0.00013,	nu11=0.00075)	
2	-7340.7705477314885	(t1=0.00113,	nu11=0.00075)	
2	-389.58433331752894	(t1=0.00013,	nu11=0.00075)	
2	-389.5496530873352	(t1=0.00013,	nu11=0.00075)	
2	-7340.77054773143	(t1=0.00113,	nu11=0.00075)	
2	-389.5843333172961	(t1=0.00013,	nu11=0.00075)	
2	-553.6980637771194	(t1=0.00016,	nu11=0.00075)	
