0	-284.6416731529753	(t1=0.00016,	nu11=0.00075)	
1	-284.6416731529753	(t1=0.00016,	nu11=0.00075)	
2	-4211.821843125275	(t1=0.00116,	nu11=0.00075)	
2	-285.13462383381557	(t1=0.00016,	nu11=0.00075)	
2	-285.50827431381913	(t1=0.00016,	nu11=0.00075)	
2	-4211.838069893129	(t1=0.00116,	nu11=0.00075)	
2	-286.01788182300515	(t1=0.00016,	nu11=0.00075)	
2	-284.7304876234266	(t1=0.00016,	nu11=0.00075)	
2	-4211.823535312491	(t1=0.00116,	nu11=0.00075)	
2	-285.22517148655606	(t1=0.00016,	nu11=0.00075)	
2	-284.6509791222052	(t1=0.00016,	nu11=0.00075)	
2	-4211.822020756255	(t1=0.00116,	nu11=0.00075)	
2	-285.14411169465166	(t1=0.00016,	nu11=0.00075)	
2	-284.64265049179085	(t1=0.00016,	nu11=0.00075)	
2	-4211.8218617844395	(t1=0.00116,	nu11=0.00075)	
2	-285.1356202784227	(t1=0.00016,	nu11=0.00075)	
2	-284.6417758210446	(t1=0.00016,	nu11=0.00075)	
2	-4211.82184508536	(t1=0.00116,	nu11=0.00075)	
2	-285.1347285087686	(t1=0.00016,	nu11=0.00075)	
2	-284.64168393809814	(t1=0.00016,	nu11=0.00075)	
2	-4211.821843331098	(t1=0.00116,	nu11=0.00075)	
2	-285.1346348300576	(t1=0.00016,	nu11=0.00075)	
2	-284.6416742861038	(t1=0.00016,	nu11=0.00075)	
2	-4211.821843147045	(t1=0.00116,	nu11=0.00075)	
2	-285.134624989063	(t1=0.00016,	nu11=0.00075)	
2	-284.6416732717189	(t1=0.00016,	nu11=0.00075)	
2	-4211.821843127953	(t1=0.00116,	nu11=0.00075)	
2	-285.13462395529496	(t1=0.00016,	nu11=0.00075)	
2	-284.6416731652571	(t1=0.00016,	nu11=0.00075)	
2	-4211.821843125857	(t1=0.00116,	nu11=0.00075)	
2	-285.1346238469705	(t1=0.00016,	nu11=0.00075)	
2	-284.6416731546051	(t1=0.00016,	nu11=0.00075)	
2	-4211.8218431253335	(t1=0.00116,	nu11=0.00075)	
2	-285.1346238355036	(t1=0.00016,	nu11=0.00075)	
2	-284.64167315268423	(t1=0.00016,	nu11=0.00075)	
2	-4211.82184312545	(t1=0.00116,	nu11=0.00075)	
2	-285.134623833932	(t1=0.00016,	nu11=0.00075)	
2	-284.6416731532663	(t1=0.00016,	nu11=0.00075)	
2	-4211.821843125625	(t1=0.00116,	nu11=0.00075)	
2	-285.1346238339902	(t1=0.00016,	nu11=0.00075)	
2	-284.6416731531499	(t1=0.00016,	nu11=0.00075)	
2	-4211.8218431253335	(t1=0.00116,	nu11=0.00075)	
2	-285.134623833932	(t1=0.00016,	nu11=0.00075)	
2	-284.64167315268423	(t1=0.00016,	nu11=0.00075)	
2	-4211.82184312545	(t1=0.00116,	nu11=0.00075)	
2	-285.134623833932	(t1=0.00016,	nu11=0.00075)	
2	-284.6416731532081	(t1=0.00016,	nu11=0.00075)	
2	-4211.821843125508	(t1=0.00116,	nu11=0.00075)	
2	-285.13462383381557	(t1=0.00016,	nu11=0.00075)	
2	-284.64167315268423	(t1=0.00016,	nu11=0.00075)	
2	-4211.82184312545	(t1=0.00116,	nu11=0.00075)	
2	-285.134623833932	(t1=0.00016,	nu11=0.00075)	
2	-284.6416731532663	(t1=0.00016,	nu11=0.00075)	
2	-4211.821843125101	(t1=0.00116,	nu11=0.00075)	
2	-285.13462383381557	(t1=0.00016,	nu11=0.00075)	
2	-284.64167315268423	(t1=0.00016,	nu11=0.00075)	
2	-4211.82184312545	(t1=0.00116,	nu11=0.00075)	
2	-285.134623833932	(t1=0.00016,	nu11=0.00075)	
2	-284.6416731533827	(t1=0.00016,	nu11=0.00075)	
2	-4211.821843125101	(t1=0.00116,	nu11=0.00075)	
2	-285.1346238341648	(t1=0.00016,	nu11=0.00075)	
2	-284.64167315268423	(t1=0.00016,	nu11=0.00075)	
2	-4211.82184312545	(t1=0.00116,	nu11=0.00075)	
2	-285.134623833932	(t1=0.00016,	nu11=0.00075)	
2	-284.6416731531499	(t1=0.00016,	nu11=0.00075)	
2	-4211.82184312545	(t1=0.00116,	nu11=0.00075)	
2	-285.1346238338738	(t1=0.00016,	nu11=0.00075)	
2	-284.64167315268423	(t1=0.00016,	nu11=0.00075)	
2	-4211.82184312545	(t1=0.00116,	nu11=0.00075)	
2	-285.134623833932	(t1=0.00016,	nu11=0.00075)	
2	-284.6416731530917	(t1=0.00016,	nu11=0.00075)	
2	-4211.82184312545	(t1=0.00116,	nu11=0.00075)	
2	-285.1346238338738	(t1=0.00016,	nu11=0.00075)	
2	-284.64167315268423	(t1=0.00016,	nu11=0.00075)	
2	-4211.82184312545	(t1=0.00116,	nu11=0.00075)	
2	-285.134623833932	(t1=0.00016,	nu11=0.00075)	
2	-284.6416731530917	(t1=0.00016,	nu11=0.00075)	
2	-4211.82184312545	(t1=0.00116,	nu11=0.00075)	
2	-285.1346238338738	(t1=0.00016,	nu11=0.00075)	
2	-284.64167315268423	(t1=0.00016,	nu11=0.00075)	
2	-4211.82184312545	(t1=0.00116,	nu11=0.00075)	
2	-285.134623833932	(t1=0.00016,	nu11=0.00075)	
2	-284.6416731530917	(t1=0.00016,	nu11=0.00075)	
2	-4211.82184312545	(t1=0.00116,	nu11=0.00075)	
2	-285.1346238338738	(t1=0.00016,	nu11=0.00075)	
2	-284.64167315268423	(t1=0.00016,	nu11=0.00075)	
2	-4211.82184312545	(t1=0.00116,	nu11=0.00075)	
2	-285.134623833932	(t1=0.00016,	nu11=0.00075)	
2	-284.6416731530917	(t1=0.00016,	nu11=0.00075)	
2	-4211.82184312545	(t1=0.00116,	nu11=0.00075)	
2	-285.1346238338738	(t1=0.00016,	nu11=0.00075)	
2	-284.64167315268423	(t1=0.00016,	nu11=0.00075)	
2	-4211.82184312545	(t1=0.00116,	nu11=0.00075)	
2	-285.134623833932	(t1=0.00016,	nu11=0.00075)	
2	-284.6416731530917	(t1=0.00016,	nu11=0.00075)	
2	-4211.82184312545	(t1=0.00116,	nu11=0.00075)	
2	-285.1346238338738	(t1=0.00016,	nu11=0.00075)	
2	-284.64167315268423	(t1=0.00016,	nu11=0.00075)	
2	-4211.82184312545	(t1=0.00116,	nu11=0.00075)	
2	-285.134623833932	(t1=0.00016,	nu11=0.00075)	
2	-284.6416731530917	(t1=0.00016,	nu11=0.00075)	
2	-4211.82184312545	(t1=0.00116,	nu11=0.00075)	
2	-285.1346238338738	(t1=0.00016,	nu11=0.00075)	
2	-284.64167315268423	(t1=0.00016,	nu11=0.00075)	
2	-4211.82184312545	(t1=0.00116,	nu11=0.00075)	
2	-285.134623833932	(t1=0.00016,	nu11=0.00075)	
2	-284.6416731529753	(t1=0.00016,	nu11=0.00075)	
