0	-675.3986837252742	(t1=0.00016,	nu11=0.00075)	
1	-675.3986837252742	(t1=0.00016,	nu11=0.00075)	
2	-5899.83596914378	(t1=0.00116,	nu11=0.00075)	
2	-675.7910357619403	(t1=0.00016,	nu11=0.00075)	
2	-677.0682999261189	(t1=0.00016,	nu11=0.00075)	
2	-5899.88665369316	(t1=0.00116,	nu11=0.00075)	
2	-677.509865822969	(t1=0.00016,	nu11=0.00075)	
2	-675.601377418614	(t1=0.00016,	nu11=0.00075)	
2	-5899.8424936841475	(t1=0.00116,	nu11=0.00075)	
2	-676.000033397926	(t1=0.00016,	nu11=0.00075)	
2	-675.425050841528	(t1=0.00016,	nu11=0.00075)	
2	-5899.836824433063	(t1=0.00116,	nu11=0.00075)	
2	-675.8182287276722	(t1=0.00016,	nu11=0.00075)	
2	-675.4021447708365	(t1=0.00016,	nu11=0.00075)	
2	-5899.836081526009	(t1=0.00116,	nu11=0.00075)	
2	-675.7946053124033	(t1=0.00016,	nu11=0.00075)	
2	-675.3991385744885	(t1=0.00016,	nu11=0.00075)	
2	-5899.8359839152545	(t1=0.00116,	nu11=0.00075)	
2	-675.7915048723808	(t1=0.00016,	nu11=0.00075)	
2	-675.3987435105955	(t1=0.00016,	nu11=0.00075)	
2	-5899.8359710855875	(t1=0.00116,	nu11=0.00075)	
2	-675.7910974222468	(t1=0.00016,	nu11=0.00075)	
2	-675.3986915835412	(t1=0.00016,	nu11=0.00075)	
2	-5899.8359693987295	(t1=0.00116,	nu11=0.00075)	
2	-675.7910438672407	(t1=0.00016,	nu11=0.00075)	
2	-675.3986847590422	(t1=0.00016,	nu11=0.00075)	
2	-5899.835969177075	(t1=0.00116,	nu11=0.00075)	
2	-675.791036827839	(t1=0.00016,	nu11=0.00075)	
2	-675.3986838614801	(t1=0.00016,	nu11=0.00075)	
2	-5899.835969147971	(t1=0.00116,	nu11=0.00075)	
2	-675.7910359023372	(t1=0.00016,	nu11=0.00075)	
2	-675.3986837436678	(t1=0.00016,	nu11=0.00075)	
2	-5899.835969144246	(t1=0.00116,	nu11=0.00075)	
2	-675.791035780916	(t1=0.00016,	nu11=0.00075)	
2	-675.3986837278353	(t1=0.00016,	nu11=0.00075)	
2	-5899.835969143431	(t1=0.00116,	nu11=0.00075)	
2	-675.7910357647343	(t1=0.00016,	nu11=0.00075)	
2	-675.3986837260891	(t1=0.00016,	nu11=0.00075)	
2	-5899.83596914378	(t1=0.00116,	nu11=0.00075)	
2	-675.791035762406	(t1=0.00016,	nu11=0.00075)	
2	-675.398683725507	(t1=0.00016,	nu11=0.00075)	
2	-5899.835969143547	(t1=0.00116,	nu11=0.00075)	
2	-675.7910357619403	(t1=0.00016,	nu11=0.00075)	
2	-675.3986837256234	(t1=0.00016,	nu11=0.00075)	
2	-5899.835969143431	(t1=0.00116,	nu11=0.00075)	
2	-675.7910357621731	(t1=0.00016,	nu11=0.00075)	
2	-675.3986837252742	(t1=0.00016,	nu11=0.00075)	
2	-5899.83596914378	(t1=0.00116,	nu11=0.00075)	
2	-675.7910357619403	(t1=0.00016,	nu11=0.00075)	
2	-675.398683725507	(t1=0.00016,	nu11=0.00075)	
2	-5899.83596914378	(t1=0.00116,	nu11=0.00075)	
2	-675.791035762406	(t1=0.00016,	nu11=0.00075)	
2	-675.3986837252742	(t1=0.00016,	nu11=0.00075)	
2	-5899.83596914378	(t1=0.00116,	nu11=0.00075)	
2	-675.7910357619403	(t1=0.00016,	nu11=0.00075)	
2	-675.398683725507	(t1=0.00016,	nu11=0.00075)	
2	-5899.83596914378	(t1=0.00116,	nu11=0.00075)	
2	-675.7910357618239	(t1=0.00016,	nu11=0.00075)	
2	-675.3986837252742	(t1=0.00016,	nu11=0.00075)	
2	-5899.83596914378	(t1=0.00116,	nu11=0.00075)	
2	-675.7910357619403	(t1=0.00016,	nu11=0.00075)	
2	-675.398683725507	(t1=0.00016,	nu11=0.00075)	
2	-5899.83596914378	(t1=0.00116,	nu11=0.00075)	
2	-675.7910357618239	(t1=0.00016,	nu11=0.00075)	
2	-675.3986837252742	(t1=0.00016,	nu11=0.00075)	
2	-5899.83596914378	(t1=0.00116,	nu11=0.00075)	
2	-675.7910357619403	(t1=0.00016,	nu11=0.00075)	
2	-675.398683725507	(t1=0.00016,	nu11=0.00075)	
2	-5899.83596914378	(t1=0.00116,	nu11=0.00075)	
2	-675.7910357618239	(t1=0.00016,	nu11=0.00075)	
2	-675.3986837252742	(t1=0.00016,	nu11=0.00075)	
2	-5899.83596914378	(t1=0.00116,	nu11=0.00075)	
2	-675.7910357619403	(t1=0.00016,	nu11=0.00075)	
2	-675.398683725507	(t1=0.00016,	nu11=0.00075)	
2	-5899.83596914378	(t1=0.00116,	nu11=0.00075)	
2	-675.7910357618239	(t1=0.00016,	nu11=0.00075)	
2	-675.3986837252742	(t1=0.00016,	nu11=0.00075)	
2	-5899.83596914378	(t1=0.00116,	nu11=0.00075)	
2	-675.7910357619403	(t1=0.00016,	nu11=0.00075)	
2	-675.398683725507	(t1=0.00016,	nu11=0.00075)	
2	-5899.83596914378	(t1=0.00116,	nu11=0.00075)	
2	-675.7910357618239	(t1=0.00016,	nu11=0.00075)	
2	-675.3986837252742	(t1=0.00016,	nu11=0.00075)	
2	-5899.83596914378	(t1=0.00116,	nu11=0.00075)	
2	-675.7910357619403	(t1=0.00016,	nu11=0.00075)	
2	-675.398683725507	(t1=0.00016,	nu11=0.00075)	
2	-5899.83596914378	(t1=0.00116,	nu11=0.00075)	
2	-675.7910357618239	(t1=0.00016,	nu11=0.00075)	
2	-675.3986837252742	(t1=0.00016,	nu11=0.00075)	
2	-5899.83596914378	(t1=0.00116,	nu11=0.00075)	
2	-675.7910357619403	(t1=0.00016,	nu11=0.00075)	
2	-675.398683725507	(t1=0.00016,	nu11=0.00075)	
2	-5899.83596914378	(t1=0.00116,	nu11=0.00075)	
2	-675.7910357618239	(t1=0.00016,	nu11=0.00075)	
2	-675.3986837252742	(t1=0.00016,	nu11=0.00075)	
2	-5899.83596914378	(t1=0.00116,	nu11=0.00075)	
2	-675.7910357619403	(t1=0.00016,	nu11=0.00075)	
2	-675.398683725507	(t1=0.00016,	nu11=0.00075)	
2	-5899.83596914378	(t1=0.00116,	nu11=0.00075)	
2	-675.7910357618239	(t1=0.00016,	nu11=0.00075)	
2	-675.3986837252742	(t1=0.00016,	nu11=0.00075)	
2	-5899.83596914378	(t1=0.00116,	nu11=0.00075)	
2	-675.7910357619403	(t1=0.00016,	nu11=0.00075)	
2	-675.398683725507	(t1=0.00016,	nu11=0.00075)	
2	-5899.83596914378	(t1=0.00116,	nu11=0.00075)	
2	-675.7910357618239	(t1=0.00016,	nu11=0.00075)	
2	-675.3986837252742	(t1=0.00016,	nu11=0.00075)	
2	-5899.83596914378	(t1=0.00116,	nu11=0.00075)	
2	-675.7910357619403	(t1=0.00016,	nu11=0.00075)	
2	-675.398683725507	(t1=0.00016,	nu11=0.00075)	
2	-5899.83596914378	(t1=0.00116,	nu11=0.00075)	
2	-675.7910357618239	(t1=0.00016,	nu11=0.00075)	
2	-675.3986837252742	(t1=0.00016,	nu11=0.00075)	
2	-5899.83596914378	(t1=0.00116,	nu11=0.00075)	
2	-675.7910357619403	(t1=0.00016,	nu11=0.00075)	
2	-675.398683725507	(t1=0.00016,	nu11=0.00075)	
2	-5899.83596914378	(t1=0.00116,	nu11=0.00075)	
2	-675.7910357618239	(t1=0.00016,	nu11=0.00075)	
2	-675.3986837252742	(t1=0.00016,	nu11=0.00075)	
2	-5899.83596914378	(t1=0.00116,	nu11=0.00075)	
2	-675.7910357619403	(t1=0.00016,	nu11=0.00075)	
2	-675.398683725507	(t1=0.00016,	nu11=0.00075)	
2	-5899.83596914378	(t1=0.00116,	nu11=0.00075)	
2	-675.7910357618239	(t1=0.00016,	nu11=0.00075)	
2	-675.3986837252742	(t1=0.00016,	nu11=0.00075)	
2	-5899.83596914378	(t1=0.00116,	nu11=0.00075)	
2	-675.7910357619403	(t1=0.00016,	nu11=0.00075)	
2	-675.398683725507	(t1=0.00016,	nu11=0.00075)	
2	-5899.83596914378	(t1=0.00116,	nu11=0.00075)	
2	-675.7910357618239	(t1=0.00016,	nu11=0.00075)	
2	-675.3986837252742	(t1=0.00016,	nu11=0.00075)	
2	-5899.83596914378	(t1=0.00116,	nu11=0.00075)	
2	-675.7910357619403	(t1=0.00016,	nu11=0.00075)	
2	-675.398683725507	(t1=0.00016,	nu11=0.00075)	
2	-5899.83596914378	(t1=0.00116,	nu11=0.00075)	
2	-675.7910357618239	(t1=0.00016,	nu11=0.00075)	
2	-675.3986837252742	(t1=0.00016,	nu11=0.00075)	
2	-5899.83596914378	(t1=0.00116,	nu11=0.00075)	
2	-675.7910357619403	(t1=0.00016,	nu11=0.00075)	
2	-675.398683725507	(t1=0.00016,	nu11=0.00075)	
2	-5899.83596914378	(t1=0.00116,	nu11=0.00075)	
2	-675.7910357618239	(t1=0.00016,	nu11=0.00075)	
2	-675.3986837252742	(t1=0.00016,	nu11=0.00075)	
2	-5899.83596914378	(t1=0.00116,	nu11=0.00075)	
2	-675.7910357619403	(t1=0.00016,	nu11=0.00075)	
2	-675.398683725507	(t1=0.00016,	nu11=0.00075)	
2	-5899.83596914378	(t1=0.00116,	nu11=0.00075)	
2	-675.7910357618239	(t1=0.00016,	nu11=0.00075)	
2	-675.3986837252742	(t1=0.00016,	nu11=0.00075)	
2	-5899.83596914378	(t1=0.00116,	nu11=0.00075)	
2	-675.7910357619403	(t1=0.00016,	nu11=0.00075)	
2	-675.3986837252742	(t1=0.00016,	nu11=0.00075)	
