0	-693.9681102555478	(t1=0.00016,	nu11=0.00075)	
1	-693.9681102555478	(t1=0.00016,	nu11=0.00075)	
2	-6639.982932429411	(t1=0.00116,	nu11=0.00075)	
2	-693.8791608660249	(t1=0.00016,	nu11=0.00075)	
2	-693.6179911710788	(t1=0.00016,	nu11=0.00075)	
2	-6640.04966761067	(t1=0.00116,	nu11=0.00075)	
2	-693.6056661994662	(t1=0.00016,	nu11=0.00075)	
2	-693.7261504412163	(t1=0.00016,	nu11=0.00075)	
2	-6640.115547620342	(t1=0.00116,	nu11=0.00075)	
2	-693.7909288652008	(t1=0.00016,	nu11=0.00075)	
2	-693.6025228564395	(t1=0.00016,	nu11=0.00075)	
2	-6640.063306635129	(t1=0.00116,	nu11=0.00075)	
2	-693.6060394920642	(t1=0.00016,	nu11=0.00075)	
2	-693.604050619877	(t1=0.00016,	nu11=0.00075)	
2	-6640.073992387857	(t1=0.00116,	nu11=0.00075)	
2	-693.6200224412605	(t1=0.00016,	nu11=0.00075)	
2	-693.6018426044611	(t1=0.00016,	nu11=0.00075)	
2	-6640.065561522846	(t1=0.00116,	nu11=0.00075)	
2	-693.6079842977924	(t1=0.00016,	nu11=0.00075)	
2	-693.6016836640192	(t1=0.00016,	nu11=0.00075)	
2	-6640.067336935899	(t1=0.00116,	nu11=0.00075)	
2	-693.6098934366601	(t1=0.00016,	nu11=0.00075)	
2	-693.6017926021013	(t1=0.00016,	nu11=0.00075)	
2	-6640.068736209534	(t1=0.00116,	nu11=0.00075)	
2	-693.6116330607329	(t1=0.00016,	nu11=0.00075)	
2	-693.6016894585919	(t1=0.00016,	nu11=0.00075)	
2	-6640.0676323031075	(t1=0.00116,	nu11=0.00075)	
2	-693.6102433911292	(t1=0.00016,	nu11=0.00075)	
2	-693.6016841211822	(t1=0.00016,	nu11=0.00075)	
2	-6640.0673993361415	(t1=0.00116,	nu11=0.00075)	
2	-693.6099666008959	(t1=0.00016,	nu11=0.00075)	
2	-693.6016837264178	(t1=0.00016,	nu11=0.00075)	
2	-6640.067350120982	(t1=0.00116,	nu11=0.00075)	
2	-693.609908861923	(t1=0.00016,	nu11=0.00075)	
2	-693.6016836750787	(t1=0.00016,	nu11=0.00075)	
2	-6640.067339722067	(t1=0.00116,	nu11=0.00075)	
2	-693.6098966945428	(t1=0.00016,	nu11=0.00075)	
2	-693.6016836661147	(t1=0.00016,	nu11=0.00075)	
2	-6640.067337524495	(t1=0.00116,	nu11=0.00075)	
2	-693.6098941253731	(t1=0.00016,	nu11=0.00075)	
2	-693.601683664252	(t1=0.00016,	nu11=0.00075)	
2	-6640.0673370598815	(t1=0.00116,	nu11=0.00075)	
2	-693.6098935817135	(t1=0.00016,	nu11=0.00075)	
2	-693.6016836641356	(t1=0.00016,	nu11=0.00075)	
2	-6640.06733696186	(t1=0.00116,	nu11=0.00075)	
2	-693.6098934672773	(t1=0.00016,	nu11=0.00075)	
2	-693.6016836635536	(t1=0.00016,	nu11=0.00075)	
2	-6640.067336941371	(t1=0.00116,	nu11=0.00075)	
2	-693.6098934429465	(t1=0.00016,	nu11=0.00075)	
2	-693.6016836635536	(t1=0.00016,	nu11=0.00075)	
2	-6640.067336945329	(t1=0.00116,	nu11=0.00075)	
2	-693.6098934478359	(t1=0.00016,	nu11=0.00075)	
2	-693.6016836634371	(t1=0.00016,	nu11=0.00075)	
2	-6640.067336949054	(t1=0.00116,	nu11=0.00075)	
2	-693.6098934519105	(t1=0.00016,	nu11=0.00075)	
2	-693.6016836635536	(t1=0.00016,	nu11=0.00075)	
2	-6640.067336952081	(t1=0.00116,	nu11=0.00075)	
2	-693.6098934548208	(t1=0.00016,	nu11=0.00075)	
2	-693.6016836640192	(t1=0.00016,	nu11=0.00075)	
2	-6640.06733694952	(t1=0.00116,	nu11=0.00075)	
2	-693.609893453191	(t1=0.00016,	nu11=0.00075)	
2	-693.6016836640192	(t1=0.00016,	nu11=0.00075)	
2	-6640.067336949636	(t1=0.00116,	nu11=0.00075)	
2	-693.6098934522597	(t1=0.00016,	nu11=0.00075)	
2	-693.6016836635536	(t1=0.00016,	nu11=0.00075)	
2	-6640.067336949287	(t1=0.00116,	nu11=0.00075)	
2	-693.6098934522597	(t1=0.00016,	nu11=0.00075)	
2	-693.6016836637864	(t1=0.00016,	nu11=0.00075)	
2	-6640.067336948938	(t1=0.00116,	nu11=0.00075)	
2	-693.6098934520269	(t1=0.00016,	nu11=0.00075)	
2	-693.6016836633207	(t1=0.00016,	nu11=0.00075)	
2	-6640.067336949287	(t1=0.00116,	nu11=0.00075)	
2	-693.6098934519105	(t1=0.00016,	nu11=0.00075)	
2	-693.60168366367	(t1=0.00016,	nu11=0.00075)	
2	-6640.067336949054	(t1=0.00116,	nu11=0.00075)	
2	-693.6098934519105	(t1=0.00016,	nu11=0.00075)	
2	-693.6016836634371	(t1=0.00016,	nu11=0.00075)	
2	-6640.067336949287	(t1=0.00116,	nu11=0.00075)	
2	-693.6098934516776	(t1=0.00016,	nu11=0.00075)	
2	-693.6016836633207	(t1=0.00016,	nu11=0.00075)	
2	-6640.067336949287	(t1=0.00116,	nu11=0.00075)	
2	-693.6098934519105	(t1=0.00016,	nu11=0.00075)	
2	-693.9681102555478	(t1=0.00016,	nu11=0.00075)	
