0	-690.3091741421958	(t1=0.00016,	nu11=0.00075)	
1	-690.3091741421958	(t1=0.00016,	nu11=0.00075)	
2	-7367.359958366142	(t1=0.00116,	nu11=0.00075)	
2	-688.9646396326134	(t1=0.00016,	nu11=0.00075)	
2	-679.401227669674	(t1=0.00016,	nu11=0.00075)	
2	-7367.474331970792	(t1=0.00116,	nu11=0.00075)	
2	-678.1543503229041	(t1=0.00016,	nu11=0.00075)	
2	-669.2161638208199	(t1=0.00016,	nu11=0.00075)	
2	-7367.587100510253	(t1=0.00116,	nu11=0.00075)	
2	-668.0680061872117	(t1=0.00016,	nu11=0.00075)	
2	-666.7841643982101	(t1=0.00016,	nu11=0.00075)	
2	-7367.615056431852	(t1=0.00116,	nu11=0.00075)	
2	-665.6608666657703	(t1=0.00016,	nu11=0.00075)	
2	-664.399504851317	(t1=0.00016,	nu11=0.00075)	
2	-7367.642907516682	(t1=0.00116,	nu11=0.00075)	
2	-663.3011301874649	(t1=0.00016,	nu11=0.00075)	
2	-663.8106757234782	(t1=0.00016,	nu11=0.00075)	
2	-7367.649855102529	(t1=0.00116,	nu11=0.00075)	
2	-662.7185427799122	(t1=0.00016,	nu11=0.00075)	
2	-663.2248544142349	(t1=0.00016,	nu11=0.00075)	
2	-7367.656795880408	(t1=0.00116,	nu11=0.00075)	
2	-662.1389669164782	(t1=0.00016,	nu11=0.00075)	
2	-663.0788615412312	(t1=0.00016,	nu11=0.00075)	
2	-7367.658530108049	(t1=0.00116,	nu11=0.00075)	
2	-661.9945360741112	(t1=0.00016,	nu11=0.00075)	
2	-662.9330593610648	(t1=0.00016,	nu11=0.00075)	
2	-7367.6602638822515	(t1=0.00116,	nu11=0.00075)	
2	-661.8502961336635	(t1=0.00016,	nu11=0.00075)	
2	-5951.151554548182	(t1=0.00047,	nu11=0.00075)	
2	-662.8858428723179	(t1=0.00016,	nu11=0.00075)	
2	-7367.660825736937	(t1=0.00116,	nu11=0.00075)	
2	-661.8035860426025	(t1=0.00016,	nu11=0.00075)	
2	-662.8386470357655	(t1=0.00016,	nu11=0.00075)	
2	-7367.66138753586	(t1=0.00116,	nu11=0.00075)	
2	-661.7568966195686	(t1=0.00016,	nu11=0.00075)	
2	-7274.4745343563845	(t1=0.00081,	nu11=0.00075)	
2	-662.8283738786122	(t1=0.00016,	nu11=0.00075)	
2	-7367.661509848316	(t1=0.00116,	nu11=0.00075)	
2	-661.7467337240232	(t1=0.00016,	nu11=0.00075)	
2	-662.8181017438183	(t1=0.00016,	nu11=0.00075)	
2	-7367.661632157629	(t1=0.00116,	nu11=0.00075)	
2	-661.7365718531655	(t1=0.00016,	nu11=0.00075)	
2	-7361.844920297153	(t1=0.00099,	nu11=0.00075)	
2	-662.8156895525753	(t1=0.00016,	nu11=0.00075)	
2	-7367.661660880665	(t1=0.00116,	nu11=0.00075)	
2	-661.7341855566483	(t1=0.00016,	nu11=0.00075)	
2	-662.8132774227997	(t1=0.00016,	nu11=0.00075)	
2	-7367.661689603701	(t1=0.00116,	nu11=0.00075)	
2	-661.7317993215984	(t1=0.00016,	nu11=0.00075)	
2	-2947.632564083673	(t1=7e-05,	nu11=0.00075)	
2	-7370.521245586104	(t1=0.00107,	nu11=0.00075)	
2	-2953.4399639759213	(t1=7e-05,	nu11=0.00075)	
2	-643.7583412517561	(t1=0.00015,	nu11=0.00075)	
2	-7367.90815630951	(t1=0.00115,	nu11=0.00075)	
2	-642.9055235786363	(t1=0.00015,	nu11=0.00075)	
2	-629.8152055430692	(t1=0.00015,	nu11=0.00075)	
2	-7368.129249251215	(t1=0.00115,	nu11=0.00075)	
2	-629.1793171144091	(t1=0.00015,	nu11=0.00075)	
2	-962.0945022641681	(t1=0.00011,	nu11=0.00075)	
2	-7370.317874519038	(t1=0.00111,	nu11=0.00075)	
2	-964.804432788631	(t1=0.00011,	nu11=0.00075)	
2	-618.5808041710407	(t1=0.00015,	nu11=0.00075)	
2	-7368.373615217977	(t1=0.00115,	nu11=0.00075)	
2	-618.1992563239764	(t1=0.00015,	nu11=0.00075)	
2	-613.310919529642	(t1=0.00014,	nu11=0.00075)	
2	-7368.573547528707	(t1=0.00114,	nu11=0.00075)	
2	-613.1502681737766	(t1=0.00014,	nu11=0.00075)	
2	-680.5635996256024	(t1=0.00013,	nu11=0.00075)	
2	-7369.608981797355	(t1=0.00113,	nu11=0.00075)	
2	-681.8068699194118	(t1=0.00013,	nu11=0.00075)	
2	-612.1123257378349	(t1=0.00014,	nu11=0.00075)	
2	-7368.713508217479	(t1=0.00114,	nu11=0.00075)	
2	-612.1139809836168	(t1=0.00014,	nu11=0.00075)	
2	-612.8558920660289	(t1=0.00014,	nu11=0.00075)	
2	-7368.825793437078	(t1=0.00114,	nu11=0.00075)	
2	-612.9927776088007	(t1=0.00014,	nu11=0.00075)	
2	-612.1322089572204	(t1=0.00014,	nu11=0.00075)	
2	-7368.7355236335425	(t1=0.00114,	nu11=0.00075)	
2	-612.1600137776695	(t1=0.00014,	nu11=0.00075)	
2	-612.111581373727	(t1=0.00014,	nu11=0.00075)	
2	-7368.718112853356	(t1=0.00114,	nu11=0.00075)	
2	-612.1186915771104	(t1=0.00014,	nu11=0.00075)	
2	-612.1128124727402	(t1=0.00014,	nu11=0.00075)	
2	-7368.72173911694	(t1=0.00114,	nu11=0.00075)	
2	-612.1242239184212	(t1=0.00014,	nu11=0.00075)	
2	-612.1117071644403	(t1=0.00014,	nu11=0.00075)	
2	-7368.718875863473	(t1=0.00114,	nu11=0.00075)	
2	-612.1197220113827	(t1=0.00014,	nu11=0.00075)	
2	-612.1116019958863	(t1=0.00014,	nu11=0.00075)	
2	-7368.71827374259	(t1=0.00114,	nu11=0.00075)	
2	-612.1189029368106	(t1=0.00014,	nu11=0.00075)	
2	-612.1115854615346	(t1=0.00014,	nu11=0.00075)	
2	-7368.718146793777	(t1=0.00114,	nu11=0.00075)	
2	-612.1187359015457	(t1=0.00014,	nu11=0.00075)	
2	-612.1115822249558	(t1=0.00014,	nu11=0.00075)	
2	-7368.718120013713	(t1=0.00114,	nu11=0.00075)	
2	-612.1187009172281	(t1=0.00014,	nu11=0.00075)	
2	-612.1115815527737	(t1=0.00014,	nu11=0.00075)	
2	-7368.718114364077	(t1=0.00114,	nu11=0.00075)	
2	-612.1186935470905	(t1=0.00014,	nu11=0.00075)	
2	-612.1115814113291	(t1=0.00014,	nu11=0.00075)	
2	-7368.718113172217	(t1=0.00114,	nu11=0.00075)	
2	-612.1186919928296	(t1=0.00014,	nu11=0.00075)	
2	-612.1115813817596	(t1=0.00014,	nu11=0.00075)	
2	-7368.718112920178	(t1=0.00114,	nu11=0.00075)	
2	-612.1186916647712	(t1=0.00014,	nu11=0.00075)	
2	-612.1115813754732	(t1=0.00014,	nu11=0.00075)	
2	-7368.7181128673255	(t1=0.00114,	nu11=0.00075)	
2	-612.1186915958533	(t1=0.00014,	nu11=0.00075)	
2	-612.1115813738434	(t1=0.00014,	nu11=0.00075)	
2	-7368.71811285615	(t1=0.00114,	nu11=0.00075)	
2	-612.1186915813014	(t1=0.00014,	nu11=0.00075)	
2	-612.1115813740762	(t1=0.00014,	nu11=0.00075)	
2	-7368.718112853821	(t1=0.00114,	nu11=0.00075)	
2	-612.1186915780418	(t1=0.00014,	nu11=0.00075)	
2	-612.1115813740762	(t1=0.00014,	nu11=0.00075)	
2	-7368.7181128535885	(t1=0.00114,	nu11=0.00075)	
2	-612.1186915773433	(t1=0.00014,	nu11=0.00075)	
2	-612.111581373727	(t1=0.00014,	nu11=0.00075)	
2	-7368.718112853123	(t1=0.00114,	nu11=0.00075)	
2	-612.1186915775761	(t1=0.00014,	nu11=0.00075)	
2	-612.1115813739598	(t1=0.00014,	nu11=0.00075)	
2	-7368.718112853472	(t1=0.00114,	nu11=0.00075)	
2	-612.1186915771104	(t1=0.00014,	nu11=0.00075)	
2	-612.1115813740762	(t1=0.00014,	nu11=0.00075)	
2	-7368.718112853356	(t1=0.00114,	nu11=0.00075)	
2	-612.1186915778089	(t1=0.00014,	nu11=0.00075)	
2	-612.1115813740762	(t1=0.00014,	nu11=0.00075)	
2	-7368.718112853239	(t1=0.00114,	nu11=0.00075)	
2	-612.1186915773433	(t1=0.00014,	nu11=0.00075)	
2	-612.1115813739598	(t1=0.00014,	nu11=0.00075)	
2	-7368.718112853472	(t1=0.00114,	nu11=0.00075)	
2	-612.1186915774597	(t1=0.00014,	nu11=0.00075)	
2	-612.111581373727	(t1=0.00014,	nu11=0.00075)	
2	-7368.718112853123	(t1=0.00114,	nu11=0.00075)	
2	-612.1186915774597	(t1=0.00014,	nu11=0.00075)	
2	-612.1115813739598	(t1=0.00014,	nu11=0.00075)	
2	-7368.718112853123	(t1=0.00114,	nu11=0.00075)	
2	-612.1186915774597	(t1=0.00014,	nu11=0.00075)	
2	-612.111581373727	(t1=0.00014,	nu11=0.00075)	
2	-7368.718112853123	(t1=0.00114,	nu11=0.00075)	
2	-612.1186915774597	(t1=0.00014,	nu11=0.00075)	
2	-690.3091741421958	(t1=0.00016,	nu11=0.00075)	
