0	-489.7809677256737	(t1=0.00016,	nu11=0.00075)	
1	-489.7809677256737	(t1=0.00016,	nu11=0.00075)	
2	-7222.428948641871	(t1=0.00116,	nu11=0.00075)	
2	-488.7617765982868	(t1=0.00016,	nu11=0.00075)	
2	-481.42768650653306	(t1=0.00016,	nu11=0.00075)	
2	-7222.5359668318415	(t1=0.00116,	nu11=0.00075)	
2	-480.51664409565274	(t1=0.00016,	nu11=0.00075)	
2	-473.93604217405664	(t1=0.00016,	nu11=0.00075)	
2	-7222.641212609713	(t1=0.00116,	nu11=0.00075)	
2	-473.1343080763472	(t1=0.00016,	nu11=0.00075)	
2	-472.20017959934194	(t1=0.00016,	nu11=0.00075)	
2	-7222.667256319022	(t1=0.00116,	nu11=0.00075)	
2	-471.4259644818958	(t1=0.00016,	nu11=0.00075)	
2	-470.5205281956587	(t1=0.00016,	nu11=0.00075)	
2	-7222.693184775766	(t1=0.00116,	nu11=0.00075)	
2	-469.7739005534677	(t1=0.00016,	nu11=0.00075)	
2	-470.1093909977353	(t1=0.00016,	nu11=0.00075)	
2	-7222.699649733782	(t1=0.00116,	nu11=0.00075)	
2	-469.36967184382956	(t1=0.00016,	nu11=0.00075)	
2	-469.7018142947345	(t1=0.00016,	nu11=0.00075)	
2	-7222.706107243954	(t1=0.00116,	nu11=0.00075)	
2	-468.9690076552215	(t1=0.00016,	nu11=0.00075)	
2	-469.60047250642674	(t1=0.00016,	nu11=0.00075)	
2	-7222.707720532315	(t1=0.00116,	nu11=0.00075)	
2	-468.86939470429206	(t1=0.00016,	nu11=0.00075)	
2	-469.4993553418317	(t1=0.00016,	nu11=0.00075)	
2	-7222.709333328705	(t1=0.00116,	nu11=0.00075)	
2	-468.77000660134945	(t1=0.00016,	nu11=0.00075)	
2	-5708.487198962597	(t1=0.00047,	nu11=0.00075)	
2	-469.4665513234213	(t1=0.00016,	nu11=0.00075)	
2	-7222.709857211332	(t1=0.00116,	nu11=0.00075)	
2	-468.737764392863	(t1=0.00016,	nu11=0.00075)	
2	-469.43377145798877	(t1=0.00016,	nu11=0.00075)	
2	-7222.710381035053	(t1=0.00116,	nu11=0.00075)	
2	-468.7055463535944	(t1=0.00016,	nu11=0.00075)	
2	-7121.384718328365	(t1=0.00081,	nu11=0.00075)	
2	-469.4266471565934	(t1=0.00016,	nu11=0.00075)	
2	-7222.710494924628	(t1=0.00116,	nu11=0.00075)	
2	-468.69854421546916	(t1=0.00016,	nu11=0.00075)	
2	-469.4195240273839	(t1=0.00016,	nu11=0.00075)	
2	-7222.710608811642	(t1=0.00116,	nu11=0.00075)	
2	-468.6915432497044	(t1=0.00016,	nu11=0.00075)	
2	-7214.928758030408	(t1=0.00098,	nu11=0.00075)	
2	-469.41785230190726	(t1=0.00016,	nu11=0.00075)	
2	-7222.710635542171	(t1=0.00116,	nu11=0.00075)	
2	-468.68990019796183	(t1=0.00016,	nu11=0.00075)	
2	-469.4161806444172	(t1=0.00016,	nu11=0.00075)	
2	-7222.710662271245	(t1=0.00116,	nu11=0.00075)	
2	-468.6882572135073	(t1=0.00016,	nu11=0.00075)	
2	-3356.259181435278	(t1=7e-05,	nu11=0.00075)	
2	-7224.829415316053	(t1=0.00107,	nu11=0.00075)	
2	-3363.0159919243306	(t1=7e-05,	nu11=0.00075)	
2	-459.04194481961895	(t1=0.00015,	nu11=0.00075)	
2	-7222.898861724185	(t1=0.00115,	nu11=0.00075)	
2	-458.5211993253906	(t1=0.00015,	nu11=0.00075)	
2	-452.2890517549822	(t1=0.00015,	nu11=0.00075)	
2	-7223.070326424378	(t1=0.00115,	nu11=0.00075)	
2	-451.96693177049747	(t1=0.00015,	nu11=0.00075)	
2	-942.049286944617	(t1=0.00011,	nu11=0.00075)	
2	-7225.001582808676	(t1=0.00111,	nu11=0.00075)	
2	-945.411741778662	(t1=0.00011,	nu11=0.00075)	
2	-448.45049569610273	(t1=0.00015,	nu11=0.00075)	
2	-7223.250885265181	(t1=0.00115,	nu11=0.00075)	
2	-448.3488674139371	(t1=0.00015,	nu11=0.00075)	
2	-448.29517207172466	(t1=0.00015,	nu11=0.00075)	
2	-7223.405147480196	(t1=0.00115,	nu11=0.00075)	
2	-448.392199969443	(t1=0.00015,	nu11=0.00075)	
2	-564.0290975518292	(t1=0.00013,	nu11=0.00075)	
2	-7224.387447743211	(t1=0.00113,	nu11=0.00075)	
2	-565.7185130508151	(t1=0.00013,	nu11=0.00075)	
2	-450.1624645590782	(t1=0.00015,	nu11=0.00075)	
2	-7223.512706408452	(t1=0.00115,	nu11=0.00075)	
2	-450.4042195362854	(t1=0.00015,	nu11=0.00075)	
2	-448.49804883653997	(t1=0.00015,	nu11=0.00075)	
2	-7223.424004035653	(t1=0.00115,	nu11=0.00075)	
2	-448.6200644231285	(t1=0.00015,	nu11=0.00075)	
2	-448.3290493444074	(t1=0.00015,	nu11=0.00075)	
2	-7223.408655061852	(t1=0.00115,	nu11=0.00075)	
2	-448.43071323173353	(t1=0.00015,	nu11=0.00075)	
2	-448.3014069881756	(t1=0.00015,	nu11=0.00075)	
2	-7223.405806885217	(t1=0.00115,	nu11=0.00075)	
2	-448.39930600626394	(t1=0.00015,	nu11=0.00075)	
2	-448.29634178912966	(t1=0.00015,	nu11=0.00075)	
2	-7223.405271689757	(t1=0.00115,	nu11=0.00075)	
2	-448.39353376207873	(t1=0.00015,	nu11=0.00075)	
2	-448.29539232095703	(t1=0.00015,	nu11=0.00075)	
2	-7223.40517088538	(t1=0.00115,	nu11=0.00075)	
2	-448.39245113608195	(t1=0.00015,	nu11=0.00075)	
2	-448.2952135722735	(t1=0.00015,	nu11=0.00075)	
2	-7223.405151890416	(t1=0.00115,	nu11=0.00075)	
2	-448.39224729617126	(t1=0.00015,	nu11=0.00075)	
2	-448.29517989238957	(t1=0.00015,	nu11=0.00075)	
2	-7223.405148311285	(t1=0.00115,	nu11=0.00075)	
2	-448.39220888819546	(t1=0.00015,	nu11=0.00075)	
2	-448.2951735458337	(t1=0.00015,	nu11=0.00075)	
2	-7223.405147636775	(t1=0.00115,	nu11=0.00075)	
2	-448.39220165030565	(t1=0.00015,	nu11=0.00075)	
2	-448.2951723498991	(t1=0.00015,	nu11=0.00075)	
2	-7223.405147509417	(t1=0.00115,	nu11=0.00075)	
2	-448.3922002862091	(t1=0.00015,	nu11=0.00075)	
2	-448.2951721242862	(t1=0.00015,	nu11=0.00075)	
2	-7223.405147485726	(t1=0.00115,	nu11=0.00075)	
2	-448.3922000291641	(t1=0.00015,	nu11=0.00075)	
2	-448.2951720818528	(t1=0.00015,	nu11=0.00075)	
2	-7223.405147480895	(t1=0.00115,	nu11=0.00075)	
2	-448.3921999807353	(t1=0.00015,	nu11=0.00075)	
2	-448.2951720741694	(t1=0.00015,	nu11=0.00075)	
2	-7223.405147480196	(t1=0.00115,	nu11=0.00075)	
2	-448.3921999717131	(t1=0.00015,	nu11=0.00075)	
2	-448.2951720721903	(t1=0.00015,	nu11=0.00075)	
2	-7223.405147480196	(t1=0.00115,	nu11=0.00075)	
2	-448.39219997025793	(t1=0.00015,	nu11=0.00075)	
2	-448.2951720721903	(t1=0.00015,	nu11=0.00075)	
2	-7223.405147480196	(t1=0.00115,	nu11=0.00075)	
2	-448.39219996973407	(t1=0.00015,	nu11=0.00075)	
2	-448.29517207160825	(t1=0.00015,	nu11=0.00075)	
2	-7223.405147480196	(t1=0.00115,	nu11=0.00075)	
2	-448.39219996973407	(t1=0.00015,	nu11=0.00075)	
2	-448.29517207166646	(t1=0.00015,	nu11=0.00075)	
2	-7223.4051474799635	(t1=0.00115,	nu11=0.00075)	
2	-448.3921999693848	(t1=0.00015,	nu11=0.00075)	
2	-448.2951720718993	(t1=0.00015,	nu11=0.00075)	
2	-7223.405147479614	(t1=0.00115,	nu11=0.00075)	
2	-448.3921999692684	(t1=0.00015,	nu11=0.00075)	
2	-448.29517207160825	(t1=0.00015,	nu11=0.00075)	
2	-7223.405147480196	(t1=0.00115,	nu11=0.00075)	
2	-448.39219996973407	(t1=0.00015,	nu11=0.00075)	
2	-448.2951720721903	(t1=0.00015,	nu11=0.00075)	
2	-7223.405147479672	(t1=0.00115,	nu11=0.00075)	
2	-448.39219996973407	(t1=0.00015,	nu11=0.00075)	
2	-448.29517207160825	(t1=0.00015,	nu11=0.00075)	
2	-7223.405147480196	(t1=0.00115,	nu11=0.00075)	
2	-448.39219996973407	(t1=0.00015,	nu11=0.00075)	
2	-489.7809677256737	(t1=0.00016,	nu11=0.00075)	
