0	-759.9342096428154	(t1=0.00016,	nu11=0.00075)	
1	-759.9342096428154	(t1=0.00016,	nu11=0.00075)	
2	-7836.1140321178245	(t1=0.00116,	nu11=0.00075)	
2	-758.353208542685	(t1=0.00016,	nu11=0.00075)	
2	-744.7443332686089	(t1=0.00016,	nu11=0.00075)	
2	-7836.24462447362	(t1=0.00116,	nu11=0.00075)	
2	-743.283972053614	(t1=0.00016,	nu11=0.00075)	
2	-730.594354543311	(t1=0.00016,	nu11=0.00075)	
2	-7836.372894302534	(t1=0.00116,	nu11=0.00075)	
2	-729.2562661428237	(t1=0.00016,	nu11=0.00075)	
2	-727.2217099737027	(t1=0.00016,	nu11=0.00075)	
2	-7836.404619072855	(t1=0.00116,	nu11=0.00075)	
2	-725.9144670655369	(t1=0.00016,	nu11=0.00075)	
2	-723.9178910802002	(t1=0.00016,	nu11=0.00075)	
2	-7836.436191718152	(t1=0.00116,	nu11=0.00075)	
2	-722.6415908522322	(t1=0.00016,	nu11=0.00075)	
2	-723.1025866551208	(t1=0.00016,	nu11=0.00075)	
2	-7836.444062794908	(t1=0.00116,	nu11=0.00075)	
2	-721.8340389690129	(t1=0.00016,	nu11=0.00075)	
2	-722.291667734331	(t1=0.00016,	nu11=0.00075)	
2	-7836.45192402089	(t1=0.00116,	nu11=0.00075)	
2	-721.0308783487417	(t1=0.00016,	nu11=0.00075)	
2	-722.0896105348947	(t1=0.00016,	nu11=0.00075)	
2	-7836.453887922049	(t1=0.00116,	nu11=0.00075)	
2	-720.8307617568062	(t1=0.00016,	nu11=0.00075)	
2	-721.8878317488125	(t1=0.00016,	nu11=0.00075)	
2	-7836.455851172272	(t1=0.00116,	nu11=0.00075)	
2	-720.6309239041875	(t1=0.00016,	nu11=0.00075)	
2	-5911.702829588146	(t1=0.00043,	nu11=0.00075)	
2	-721.8213547681225	(t1=0.00016,	nu11=0.00075)	
2	-7836.456498426211	(t1=0.00116,	nu11=0.00075)	
2	-720.5650870315731	(t1=0.00016,	nu11=0.00075)	
2	-721.7549090780085	(t1=0.00016,	nu11=0.00075)	
2	-7836.457145599357	(t1=0.00116,	nu11=0.00075)	
2	-720.4992814761354	(t1=0.00016,	nu11=0.00075)	
2	-7715.2520298716845	(t1=0.00079,	nu11=0.00075)	
2	-721.7405866549234	(t1=0.00016,	nu11=0.00075)	
2	-7836.45728512737	(t1=0.00116,	nu11=0.00075)	
2	-720.4850970773841	(t1=0.00016,	nu11=0.00075)	
2	-721.7262657557148	(t1=0.00016,	nu11=0.00075)	
2	-7836.4574246510165	(t1=0.00116,	nu11=0.00075)	
2	-720.4709142025677	(t1=0.00016,	nu11=0.00075)	
2	-7827.006462767371	(t1=0.00097,	nu11=0.00075)	
2	-721.7229161286959	(t1=0.00016,	nu11=0.00075)	
2	-7836.457457286946	(t1=0.00116,	nu11=0.00075)	
2	-720.467596861592	(t1=0.00016,	nu11=0.00075)	
2	-721.7195665928884	(t1=0.00016,	nu11=0.00075)	
2	-7836.45748992305	(t1=0.00116,	nu11=0.00075)	
2	-720.464279611595	(t1=0.00016,	nu11=0.00075)	
2	-3501.4208896508208	(t1=7e-05,	nu11=0.00075)	
2	-7838.655558406434	(t1=0.00107,	nu11=0.00075)	
2	-3507.7245519643184	(t1=7e-05,	nu11=0.00075)	
2	-699.4417129313806	(t1=0.00015,	nu11=0.00075)	
2	-7836.690028996207	(t1=0.00115,	nu11=0.00075)	
2	-698.4235531299491	(t1=0.00015,	nu11=0.00075)	
2	-682.5083783695009	(t1=0.00015,	nu11=0.00075)	
2	-7836.89890076482	(t1=0.00115,	nu11=0.00075)	
2	-681.716261170106	(t1=0.00015,	nu11=0.00075)	
2	-1059.7319709342555	(t1=0.00011,	nu11=0.00075)	
2	-7838.957230615662	(t1=0.00111,	nu11=0.00075)	
2	-1062.6884548942908	(t1=0.00011,	nu11=0.00075)	
2	-667.2283712425851	(t1=0.00015,	nu11=0.00075)	
2	-7837.143351065461	(t1=0.00115,	nu11=0.00075)	
2	-666.7186561473063	(t1=0.00015,	nu11=0.00075)	
2	-659.2660509704729	(t1=0.00014,	nu11=0.00075)	
2	-7837.3412544208695	(t1=0.00114,	nu11=0.00075)	
2	-659.0011277484591	(t1=0.00014,	nu11=0.00075)	
2	-729.0869499179535	(t1=0.00013,	nu11=0.00075)	
2	-7838.342278010445	(t1=0.00113,	nu11=0.00075)	
2	-730.3961244227248	(t1=0.00013,	nu11=0.00075)	
2	-656.4967984299874	(t1=0.00014,	nu11=0.00075)	
2	-7837.484904693789	(t1=0.00114,	nu11=0.00075)	
2	-656.4199255678686	(t1=0.00014,	nu11=0.00075)	
2	-656.4149300134741	(t1=0.00014,	nu11=0.00075)	
2	-7837.597869679506	(t1=0.00114,	nu11=0.00075)	
2	-656.4928096681833	(t1=0.00014,	nu11=0.00075)	
2	-675.6271625442314	(t1=0.00013,	nu11=0.00075)	
2	-7837.998073176539	(t1=0.00113,	nu11=0.00075)	
2	-676.3125435015536	(t1=0.00013,	nu11=0.00075)	
2	-657.207606884418	(t1=0.00014,	nu11=0.00075)	
2	-7837.657300339779	(t1=0.00114,	nu11=0.00075)	
2	-657.3695496663568	(t1=0.00014,	nu11=0.00075)	
2	-656.51585055131	(t1=0.00014,	nu11=0.00075)	
2	-7837.608851599449	(t1=0.00114,	nu11=0.00075)	
2	-656.6091214049957	(t1=0.00014,	nu11=0.00075)	
2	-656.4326797024696	(t1=0.00014,	nu11=0.00075)	
2	-7837.599971032003	(t1=0.00114,	nu11=0.00075)	
2	-656.5134994985419	(t1=0.00014,	nu11=0.00075)	
2	-656.4182913895929	(t1=0.00014,	nu11=0.00075)	
2	-7837.598274398653	(t1=0.00114,	nu11=0.00075)	
2	-656.4967371337116	(t1=0.00014,	nu11=0.00075)	
2	-656.4155761001748	(t1=0.00014,	nu11=0.00075)	
2	-7837.597947725852	(t1=0.00114,	nu11=0.00075)	
2	-656.4935649130493	(t1=0.00014,	nu11=0.00075)	
2	-656.4150545558077	(t1=0.00014,	nu11=0.00075)	
2	-7837.59788473387	(t1=0.00114,	nu11=0.00075)	
2	-656.4929552661488	(t1=0.00014,	nu11=0.00075)	
2	-656.4149540342623	(t1=0.00014,	nu11=0.00075)	
2	-7837.597872583661	(t1=0.00114,	nu11=0.00075)	
2	-656.4928377505275	(t1=0.00014,	nu11=0.00075)	
2	-656.4149346466875	(t1=0.00014,	nu11=0.00075)	
2	-7837.597870239813	(t1=0.00114,	nu11=0.00075)	
2	-656.4928150850465	(t1=0.00014,	nu11=0.00075)	
2	-656.4149309069035	(t1=0.00014,	nu11=0.00075)	
2	-7837.597869788238	(t1=0.00114,	nu11=0.00075)	
2	-656.492810713069	(t1=0.00014,	nu11=0.00075)	
2	-656.4149301852449	(t1=0.00014,	nu11=0.00075)	
2	-7837.597869700578	(t1=0.00114,	nu11=0.00075)	
2	-656.4928098695236	(t1=0.00014,	nu11=0.00075)	
2	-656.414930046536	(t1=0.00014,	nu11=0.00075)	
2	-7837.597869683581	(t1=0.00114,	nu11=0.00075)	
2	-656.492809706775	(t1=0.00014,	nu11=0.00075)	
2	-656.4149300196441	(t1=0.00014,	nu11=0.00075)	
2	-7837.597869680263	(t1=0.00114,	nu11=0.00075)	
2	-656.4928096760414	(t1=0.00014,	nu11=0.00075)	
2	-656.4149300144636	(t1=0.00014,	nu11=0.00075)	
2	-7837.597869679448	(t1=0.00114,	nu11=0.00075)	
2	-656.4928096699296	(t1=0.00014,	nu11=0.00075)	
2	-656.4149300135905	(t1=0.00014,	nu11=0.00075)	
2	-7837.59786967939	(t1=0.00114,	nu11=0.00075)	
2	-656.4928096685908	(t1=0.00014,	nu11=0.00075)	
2	-656.4149300134159	(t1=0.00014,	nu11=0.00075)	
2	-7837.597869679274	(t1=0.00114,	nu11=0.00075)	
2	-656.4928096684162	(t1=0.00014,	nu11=0.00075)	
2	-656.4149300133577	(t1=0.00014,	nu11=0.00075)	
2	-7837.59786967939	(t1=0.00114,	nu11=0.00075)	
2	-656.4928096682415	(t1=0.00014,	nu11=0.00075)	
2	-656.4149300127756	(t1=0.00014,	nu11=0.00075)	
2	-7837.597869679856	(t1=0.00114,	nu11=0.00075)	
2	-656.4928096684744	(t1=0.00014,	nu11=0.00075)	
2	-656.4149300134741	(t1=0.00014,	nu11=0.00075)	
2	-7837.597869679332	(t1=0.00114,	nu11=0.00075)	
2	-656.4928096684744	(t1=0.00014,	nu11=0.00075)	
2	-656.4149300132412	(t1=0.00014,	nu11=0.00075)	
2	-7837.597869679565	(t1=0.00114,	nu11=0.00075)	
2	-656.4928096681833	(t1=0.00014,	nu11=0.00075)	
2	-656.4149300127756	(t1=0.00014,	nu11=0.00075)	
2	-7837.597869679856	(t1=0.00114,	nu11=0.00075)	
2	-656.4928096684744	(t1=0.00014,	nu11=0.00075)	
2	-759.9342096428154	(t1=0.00016,	nu11=0.00075)	
