0	-785.0736619890667	(t1=0.00016,	nu11=0.00075)	
1	-785.0736619890667	(t1=0.00016,	nu11=0.00075)	
2	-9748.859763577231	(t1=0.00116,	nu11=0.00075)	
2	-781.3860101363389	(t1=0.00016,	nu11=0.00075)	
2	-713.7599313023966	(t1=0.00016,	nu11=0.00075)	
2	-9749.184516717796	(t1=0.00116,	nu11=0.00075)	
2	-710.3061724738218	(t1=0.00016,	nu11=0.00075)	
2	-645.311042399786	(t1=0.00015,	nu11=0.00075)	
2	-9749.499691260222	(t1=0.00115,	nu11=0.00075)	
2	-642.0990561165963	(t1=0.00015,	nu11=0.00075)	
2	-628.640698673029	(t1=0.00015,	nu11=0.00075)	
2	-9749.577150634897	(t1=0.00115,	nu11=0.00075)	
2	-625.4905589679838	(t1=0.00015,	nu11=0.00075)	
2	-612.1822038015816	(t1=0.00015,	nu11=0.00075)	
2	-9749.653952979425	(t1=0.00115,	nu11=0.00075)	
2	-609.0943889043992	(t1=0.00015,	nu11=0.00075)	
2	-608.0983056149562	(t1=0.00015,	nu11=0.00075)	
2	-9749.67306435993	(t1=0.00115,	nu11=0.00075)	
2	-605.0261582398671	(t1=0.00015,	nu11=0.00075)	
2	-604.0283816304873	(t1=0.00015,	nu11=0.00075)	
2	-9749.692132835102	(t1=0.00115,	nu11=0.00075)	
2	-600.9719306087936	(t1=0.00015,	nu11=0.00075)	
2	-603.0128830230096	(t1=0.00015,	nu11=0.00075)	
2	-9749.696894229914	(t1=0.00115,	nu11=0.00075)	
2	-599.9603614102816	(t1=0.00015,	nu11=0.00075)	
2	-601.9982938674511	(t1=0.00015,	nu11=0.00075)	
2	-9749.701652799326	(t1=0.00115,	nu11=0.00075)	
2	-598.9497033538646	(t1=0.00015,	nu11=0.00075)	
2	-3154.30735851801	(t1=0.00024,	nu11=0.00075)	
2	-601.6343320718734	(t1=0.00015,	nu11=0.00075)	
2	-9749.70336018427	(t1=0.00115,	nu11=0.00075)	
2	-598.5871530263103	(t1=0.00015,	nu11=0.00075)	
2	-601.2704981138813	(t1=0.00015,	nu11=0.00075)	
2	-9749.705067156523	(t1=0.00115,	nu11=0.00075)	
2	-598.224730713293	(t1=0.00015,	nu11=0.00075)	
2	-9425.855814257113	(t1=0.0007,	nu11=0.00075)	
2	-601.1958246838185	(t1=0.00015,	nu11=0.00075)	
2	-9749.70541751897	(t1=0.00115,	nu11=0.00075)	
2	-598.1503470935859	(t1=0.00015,	nu11=0.00075)	
2	-601.1211572311004	(t1=0.00015,	nu11=0.00075)	
2	-9749.705767862208	(t1=0.00115,	nu11=0.00075)	
2	-598.0759694556473	(t1=0.00015,	nu11=0.00075)	
2	-9722.195774022315	(t1=0.00092,	nu11=0.00075)	
2	-601.1040234414977	(t1=0.00015,	nu11=0.00075)	
2	-9749.705848255195	(t1=0.00115,	nu11=0.00075)	
2	-598.0589021740016	(t1=0.00015,	nu11=0.00075)	
2	-601.0868900319329	(t1=0.00015,	nu11=0.00075)	
2	-9749.705928647716	(t1=0.00115,	nu11=0.00075)	
2	-598.0418352711713	(t1=0.00015,	nu11=0.00075)	
2	-4389.636301026912	(t1=4e-05,	nu11=0.00075)	
2	-9750.835803454334	(t1=0.00104,	nu11=0.00075)	
2	-4394.907791580714	(t1=4e-05,	nu11=0.00075)	
2	-517.0490069340449	(t1=0.00015,	nu11=0.00075)	
2	-9750.106199101894	(t1=0.00115,	nu11=0.00075)	
2	-514.3501990064979	(t1=0.00015,	nu11=0.00075)	
2	-446.7764054131112	(t1=0.00014,	nu11=0.00075)	
2	-9750.45371607435	(t1=0.00114,	nu11=0.00075)	
2	-444.40563977556303	(t1=0.00014,	nu11=0.00075)	
2	-515.4578715367825	(t1=9e-05,	nu11=0.00075)	
2	-9752.950310628628	(t1=0.00109,	nu11=0.00075)	
2	-517.8504104559543	(t1=9e-05,	nu11=0.00075)	
2	-313.1557172779576	(t1=0.00013,	nu11=0.00075)	
2	-9751.182992330403	(t1=0.00113,	nu11=0.00075)	
2	-311.58077990054153	(t1=0.00013,	nu11=0.00075)	
2	-256.6865243270877	(t1=0.00013,	nu11=0.00075)	
2	-9751.56050484965	(t1=0.00113,	nu11=0.00075)	
2	-255.60162059619324	(t1=0.00013,	nu11=0.00075)	
2	-223.68101758672856	(t1=0.00011,	nu11=0.00075)	
2	-9752.52120900189	(t1=0.00111,	nu11=0.00075)	
2	-224.3282361839665	(t1=0.00011,	nu11=0.00075)	
2	-231.99204739328707	(t1=0.00011,	nu11=0.00075)	
2	-9752.56813542085	(t1=0.00111,	nu11=0.00075)	
2	-232.7600266112131	(t1=0.00011,	nu11=0.00075)	
2	-224.5367407106096	(t1=0.00011,	nu11=0.00075)	
2	-9752.526592809125	(t1=0.00111,	nu11=0.00075)	
2	-225.19749075267464	(t1=0.00011,	nu11=0.00075)	
2	-223.7796777425683	(t1=0.00011,	nu11=0.00075)	
2	-9752.521837477747	(t1=0.00111,	nu11=0.00075)	
2	-224.42847182357218	(t1=0.00011,	nu11=0.00075)	
2	-223.69254150462802	(t1=0.00011,	nu11=0.00075)	
2	-9752.521282516478	(t1=0.00111,	nu11=0.00075)	
2	-224.33994433557382	(t1=0.00011,	nu11=0.00075)	
2	-223.68236567493295	(t1=0.00011,	nu11=0.00075)	
2	-9752.521217602945	(t1=0.00111,	nu11=0.00075)	
2	-224.3296058268752	(t1=0.00011,	nu11=0.00075)	
2	-223.68117531656753	(t1=0.00011,	nu11=0.00075)	
2	-9752.521210007835	(t1=0.00111,	nu11=0.00075)	
2	-224.3283964357106	(t1=0.00011,	nu11=0.00075)	
2	-223.6810360418749	(t1=0.00011,	nu11=0.00075)	
2	-9752.521209119528	(t1=0.00111,	nu11=0.00075)	
2	-224.32825493410928	(t1=0.00011,	nu11=0.00075)	
2	-223.68101974541787	(t1=0.00011,	nu11=0.00075)	
2	-9752.521209015627	(t1=0.00111,	nu11=0.00075)	
2	-224.3282383775222	(t1=0.00011,	nu11=0.00075)	
2	-223.68101783946622	(t1=0.00011,	nu11=0.00075)	
2	-9752.521209003404	(t1=0.00111,	nu11=0.00075)	
2	-224.32823644048767	(t1=0.00011,	nu11=0.00075)	
2	-223.68101761571597	(t1=0.00011,	nu11=0.00075)	
2	-9752.521209001716	(t1=0.00111,	nu11=0.00075)	
2	-224.3282362142927	(t1=0.00011,	nu11=0.00075)	
2	-223.68101759027923	(t1=0.00011,	nu11=0.00075)	
2	-9752.521209001658	(t1=0.00111,	nu11=0.00075)	
2	-224.3282361876336	(t1=0.00011,	nu11=0.00075)	
2	-223.6810175869614	(t1=0.00011,	nu11=0.00075)	
2	-9752.521209001774	(t1=0.00111,	nu11=0.00075)	
2	-224.3282361845486	(t1=0.00011,	nu11=0.00075)	
2	-223.68101758667035	(t1=0.00011,	nu11=0.00075)	
2	-9752.521209001949	(t1=0.00111,	nu11=0.00075)	
2	-224.32823618408293	(t1=0.00011,	nu11=0.00075)	
2	-223.68101758661214	(t1=0.00011,	nu11=0.00075)	
2	-9752.521209001949	(t1=0.00111,	nu11=0.00075)	
2	-224.3282361837919	(t1=0.00011,	nu11=0.00075)	
2	-223.68101758690318	(t1=0.00011,	nu11=0.00075)	
2	-9752.521209002065	(t1=0.00111,	nu11=0.00075)	
2	-224.32823618408293	(t1=0.00011,	nu11=0.00075)	
2	-223.68101758678677	(t1=0.00011,	nu11=0.00075)	
2	-9752.521209002007	(t1=0.00111,	nu11=0.00075)	
2	-224.32823618373368	(t1=0.00011,	nu11=0.00075)	
2	-223.68101758661214	(t1=0.00011,	nu11=0.00075)	
2	-9752.521209001949	(t1=0.00111,	nu11=0.00075)	
2	-224.32823618408293	(t1=0.00011,	nu11=0.00075)	
2	-223.68101758678677	(t1=0.00011,	nu11=0.00075)	
2	-9752.521209001949	(t1=0.00111,	nu11=0.00075)	
2	-224.32823618402472	(t1=0.00011,	nu11=0.00075)	
2	-223.68101758661214	(t1=0.00011,	nu11=0.00075)	
2	-9752.521209001949	(t1=0.00111,	nu11=0.00075)	
2	-224.32823618408293	(t1=0.00011,	nu11=0.00075)	
2	-785.0736619890667	(t1=0.00016,	nu11=0.00075)	
