0	-1569.2711174654542	(t1=0.00016,	nu11=0.00075)	
1	-1569.2711174654542	(t1=0.00016,	nu11=0.00075)	
2	-3372.7932349714683	(t1=0.00116,	nu11=0.00075)	
2	-1572.556603269768	(t1=0.00016,	nu11=0.00075)	
2	-1569.8374436569866	(t1=0.00016,	nu11=0.00075)	
2	-3372.7944319474045	(t1=0.00116,	nu11=0.00075)	
2	-1573.1247948959935	(t1=0.00016,	nu11=0.00075)	
2	-1569.2788864678005	(t1=0.00016,	nu11=0.00075)	
2	-3372.7932514005806	(t1=0.00116,	nu11=0.00075)	
2	-1572.5643978700973	(t1=0.00016,	nu11=0.00075)	
2	-1569.2712241160916	(t1=0.00016,	nu11=0.00075)	
2	-3372.793235196965	(t1=0.00116,	nu11=0.00075)	
2	-1572.5567102724453	(t1=0.00016,	nu11=0.00075)	
2	-1569.2711189292604	(t1=0.00016,	nu11=0.00075)	
2	-3372.7932349742623	(t1=0.00116,	nu11=0.00075)	
2	-1572.55660473858	(t1=0.00016,	nu11=0.00075)	
2	-1569.2711174852448	(t1=0.00016,	nu11=0.00075)	
2	-3372.7932349712355	(t1=0.00116,	nu11=0.00075)	
2	-1572.5566032897914	(t1=0.00016,	nu11=0.00075)	
2	-1569.2711174654542	(t1=0.00016,	nu11=0.00075)	
2	-3372.793234971352	(t1=0.00116,	nu11=0.00075)	
2	-1572.55660327035	(t1=0.00016,	nu11=0.00075)	
2	-1569.2711174787255	(t1=0.00016,	nu11=0.00075)	
2	-3372.793234971352	(t1=0.00116,	nu11=0.00075)	
2	-1572.556603283505	(t1=0.00016,	nu11=0.00075)	
2	-1569.2711174655706	(t1=0.00016,	nu11=0.00075)	
2	-3372.793234971352	(t1=0.00116,	nu11=0.00075)	
2	-1572.5566032705829	(t1=0.00016,	nu11=0.00075)	
2	-1569.2711174653377	(t1=0.00016,	nu11=0.00075)	
2	-3372.793234971119	(t1=0.00116,	nu11=0.00075)	
2	-1572.5566032700008	(t1=0.00016,	nu11=0.00075)	
2	-1569.2711174655706	(t1=0.00016,	nu11=0.00075)	
2	-3372.7932349715848	(t1=0.00116,	nu11=0.00075)	
2	-1572.5566032700008	(t1=0.00016,	nu11=0.00075)	
2	-1569.2711174653377	(t1=0.00016,	nu11=0.00075)	
2	-3372.793234971119	(t1=0.00116,	nu11=0.00075)	
2	-1572.556603269768	(t1=0.00016,	nu11=0.00075)	
2	-1569.2711174654542	(t1=0.00016,	nu11=0.00075)	
2	-3372.793234971352	(t1=0.00116,	nu11=0.00075)	
2	-1572.5566032701172	(t1=0.00016,	nu11=0.00075)	
2	-1569.2711174655706	(t1=0.00016,	nu11=0.00075)	
2	-3372.793234971119	(t1=0.00116,	nu11=0.00075)	
2	-1572.556603269768	(t1=0.00016,	nu11=0.00075)	
2	-1569.2711174653377	(t1=0.00016,	nu11=0.00075)	
2	-3372.793234971119	(t1=0.00116,	nu11=0.00075)	
2	-1572.556603269768	(t1=0.00016,	nu11=0.00075)	
2	-1569.2711174655706	(t1=0.00016,	nu11=0.00075)	
2	-3372.793234971119	(t1=0.00116,	nu11=0.00075)	
2	-1572.556603269768	(t1=0.00016,	nu11=0.00075)	
2	-1569.2711174653377	(t1=0.00016,	nu11=0.00075)	
2	-3372.793234971119	(t1=0.00116,	nu11=0.00075)	
2	-1572.556603269768	(t1=0.00016,	nu11=0.00075)	
2	-1569.2711174655706	(t1=0.00016,	nu11=0.00075)	
2	-3372.793234971119	(t1=0.00116,	nu11=0.00075)	
2	-1572.556603269768	(t1=0.00016,	nu11=0.00075)	
2	-1569.2711174653377	(t1=0.00016,	nu11=0.00075)	
2	-3372.793234971119	(t1=0.00116,	nu11=0.00075)	
2	-1572.556603269768	(t1=0.00016,	nu11=0.00075)	
2	-1569.2711174655706	(t1=0.00016,	nu11=0.00075)	
2	-3372.793234971119	(t1=0.00116,	nu11=0.00075)	
2	-1572.556603269768	(t1=0.00016,	nu11=0.00075)	
2	-1569.2711174653377	(t1=0.00016,	nu11=0.00075)	
2	-3372.793234971119	(t1=0.00116,	nu11=0.00075)	
2	-1572.556603269768	(t1=0.00016,	nu11=0.00075)	
2	-1569.2711174655706	(t1=0.00016,	nu11=0.00075)	
2	-3372.793234971119	(t1=0.00116,	nu11=0.00075)	
2	-1572.556603269768	(t1=0.00016,	nu11=0.00075)	
2	-1569.2711174653377	(t1=0.00016,	nu11=0.00075)	
2	-3372.793234971119	(t1=0.00116,	nu11=0.00075)	
2	-1572.556603269768	(t1=0.00016,	nu11=0.00075)	
2	-1569.2711174655706	(t1=0.00016,	nu11=0.00075)	
2	-3372.793234971119	(t1=0.00116,	nu11=0.00075)	
2	-1572.556603269768	(t1=0.00016,	nu11=0.00075)	
2	-1569.2711174653377	(t1=0.00016,	nu11=0.00075)	
2	-3372.793234971119	(t1=0.00116,	nu11=0.00075)	
2	-1572.556603269768	(t1=0.00016,	nu11=0.00075)	
2	-1569.2711174654542	(t1=0.00016,	nu11=0.00075)	
