0	-862.8378786724061	(t1=0.00016,	nu11=0.00075)	
1	-862.8378786724061	(t1=0.00016,	nu11=0.00075)	
2	-4498.8062310996465	(t1=0.00116,	nu11=0.00075)	
2	-864.8474535016576	(t1=0.00016,	nu11=0.00075)	
2	-865.6328964957502	(t1=0.00016,	nu11=0.00075)	
2	-4498.819623307674	(t1=0.00116,	nu11=0.00075)	
2	-867.6593148919055	(t1=0.00016,	nu11=0.00075)	
2	-862.9464843100868	(t1=0.00016,	nu11=0.00075)	
2	-4498.806754616089	(t1=0.00116,	nu11=0.00075)	
2	-864.9567163268803	(t1=0.00016,	nu11=0.00075)	
2	-862.8421337464824	(t1=0.00016,	nu11=0.00075)	
2	-4498.806251614937	(t1=0.00116,	nu11=0.00075)	
2	-864.8517343279673	(t1=0.00016,	nu11=0.00075)	
2	-862.8380454366561	(t1=0.00016,	nu11=0.00075)	
2	-4498.806231903611	(t1=0.00116,	nu11=0.00075)	
2	-864.8476212741807	(t1=0.00016,	nu11=0.00075)	
2	-862.8378852083115	(t1=0.00016,	nu11=0.00075)	
2	-4498.806231131544	(t1=0.00116,	nu11=0.00075)	
2	-864.8474600771442	(t1=0.00016,	nu11=0.00075)	
2	-862.8378789287526	(t1=0.00016,	nu11=0.00075)	
2	-4498.8062311010435	(t1=0.00116,	nu11=0.00075)	
2	-864.8474537594011	(t1=0.00016,	nu11=0.00075)	
2	-862.8378786826506	(t1=0.00016,	nu11=0.00075)	
2	-4498.8062310996465	(t1=0.00116,	nu11=0.00075)	
2	-864.8474535120185	(t1=0.00016,	nu11=0.00075)	
2	-862.8378786726389	(t1=0.00016,	nu11=0.00075)	
2	-4498.806231099297	(t1=0.00116,	nu11=0.00075)	
2	-864.8474535023561	(t1=0.00016,	nu11=0.00075)	
2	-862.8378786726389	(t1=0.00016,	nu11=0.00075)	
2	-4498.806231099879	(t1=0.00116,	nu11=0.00075)	
2	-864.8474535016576	(t1=0.00016,	nu11=0.00075)	
2	-862.8378786724061	(t1=0.00016,	nu11=0.00075)	
2	-4498.8062310996465	(t1=0.00116,	nu11=0.00075)	
2	-864.8474535016576	(t1=0.00016,	nu11=0.00075)	
2	-862.8378786726389	(t1=0.00016,	nu11=0.00075)	
2	-4498.8062310996465	(t1=0.00116,	nu11=0.00075)	
2	-864.8474535015412	(t1=0.00016,	nu11=0.00075)	
2	-862.8378786724061	(t1=0.00016,	nu11=0.00075)	
2	-4498.8062310996465	(t1=0.00116,	nu11=0.00075)	
2	-864.8474535016576	(t1=0.00016,	nu11=0.00075)	
2	-862.8378786726389	(t1=0.00016,	nu11=0.00075)	
2	-4498.8062310996465	(t1=0.00116,	nu11=0.00075)	
2	-864.8474535015412	(t1=0.00016,	nu11=0.00075)	
2	-862.8378786724061	(t1=0.00016,	nu11=0.00075)	
2	-4498.8062310996465	(t1=0.00116,	nu11=0.00075)	
2	-864.8474535016576	(t1=0.00016,	nu11=0.00075)	
2	-862.8378786726389	(t1=0.00016,	nu11=0.00075)	
2	-4498.8062310996465	(t1=0.00116,	nu11=0.00075)	
2	-864.8474535015412	(t1=0.00016,	nu11=0.00075)	
2	-862.8378786724061	(t1=0.00016,	nu11=0.00075)	
2	-4498.8062310996465	(t1=0.00116,	nu11=0.00075)	
2	-864.8474535016576	(t1=0.00016,	nu11=0.00075)	
2	-862.8378786726389	(t1=0.00016,	nu11=0.00075)	
2	-4498.8062310996465	(t1=0.00116,	nu11=0.00075)	
2	-864.8474535015412	(t1=0.00016,	nu11=0.00075)	
2	-862.8378786724061	(t1=0.00016,	nu11=0.00075)	
2	-4498.8062310996465	(t1=0.00116,	nu11=0.00075)	
2	-864.8474535016576	(t1=0.00016,	nu11=0.00075)	
2	-862.8378786726389	(t1=0.00016,	nu11=0.00075)	
2	-4498.8062310996465	(t1=0.00116,	nu11=0.00075)	
2	-864.8474535015412	(t1=0.00016,	nu11=0.00075)	
2	-862.8378786724061	(t1=0.00016,	nu11=0.00075)	
2	-4498.8062310996465	(t1=0.00116,	nu11=0.00075)	
2	-864.8474535016576	(t1=0.00016,	nu11=0.00075)	
2	-862.8378786726389	(t1=0.00016,	nu11=0.00075)	
2	-4498.8062310996465	(t1=0.00116,	nu11=0.00075)	
2	-864.8474535015412	(t1=0.00016,	nu11=0.00075)	
2	-862.8378786724061	(t1=0.00016,	nu11=0.00075)	
2	-4498.8062310996465	(t1=0.00116,	nu11=0.00075)	
2	-864.8474535016576	(t1=0.00016,	nu11=0.00075)	
2	-862.8378786726389	(t1=0.00016,	nu11=0.00075)	
2	-4498.8062310996465	(t1=0.00116,	nu11=0.00075)	
2	-864.8474535015412	(t1=0.00016,	nu11=0.00075)	
2	-862.8378786724061	(t1=0.00016,	nu11=0.00075)	
2	-4498.8062310996465	(t1=0.00116,	nu11=0.00075)	
2	-864.8474535016576	(t1=0.00016,	nu11=0.00075)	
2	-862.8378786726389	(t1=0.00016,	nu11=0.00075)	
2	-4498.8062310996465	(t1=0.00116,	nu11=0.00075)	
2	-864.8474535015412	(t1=0.00016,	nu11=0.00075)	
2	-862.8378786724061	(t1=0.00016,	nu11=0.00075)	
2	-4498.8062310996465	(t1=0.00116,	nu11=0.00075)	
2	-864.8474535016576	(t1=0.00016,	nu11=0.00075)	
2	-862.8378786726389	(t1=0.00016,	nu11=0.00075)	
2	-4498.8062310996465	(t1=0.00116,	nu11=0.00075)	
2	-864.8474535015412	(t1=0.00016,	nu11=0.00075)	
2	-862.8378786724061	(t1=0.00016,	nu11=0.00075)	
2	-4498.8062310996465	(t1=0.00116,	nu11=0.00075)	
2	-864.8474535016576	(t1=0.00016,	nu11=0.00075)	
2	-862.8378786726389	(t1=0.00016,	nu11=0.00075)	
2	-4498.8062310996465	(t1=0.00116,	nu11=0.00075)	
2	-864.8474535015412	(t1=0.00016,	nu11=0.00075)	
2	-862.8378786724061	(t1=0.00016,	nu11=0.00075)	
2	-4498.8062310996465	(t1=0.00116,	nu11=0.00075)	
2	-864.8474535016576	(t1=0.00016,	nu11=0.00075)	
2	-862.8378786726389	(t1=0.00016,	nu11=0.00075)	
2	-4498.8062310996465	(t1=0.00116,	nu11=0.00075)	
2	-864.8474535015412	(t1=0.00016,	nu11=0.00075)	
2	-862.8378786724061	(t1=0.00016,	nu11=0.00075)	
2	-4498.8062310996465	(t1=0.00116,	nu11=0.00075)	
2	-864.8474535016576	(t1=0.00016,	nu11=0.00075)	
2	-862.8378786726389	(t1=0.00016,	nu11=0.00075)	
2	-4498.8062310996465	(t1=0.00116,	nu11=0.00075)	
2	-864.8474535015412	(t1=0.00016,	nu11=0.00075)	
2	-862.8378786724061	(t1=0.00016,	nu11=0.00075)	
2	-4498.8062310996465	(t1=0.00116,	nu11=0.00075)	
2	-864.8474535016576	(t1=0.00016,	nu11=0.00075)	
2	-862.8378786724061	(t1=0.00016,	nu11=0.00075)	
