0	-488.238999222056	(t1=0.00016,	nu11=0.00075)	
1	-488.238999222056	(t1=0.00016,	nu11=0.00075)	
2	-6411.967722682399	(t1=0.00116,	nu11=0.00075)	
2	-488.18209841439966	(t1=0.00016,	nu11=0.00075)	
2	-488.0856894743629	(t1=0.00016,	nu11=0.00075)	
2	-6412.046187549946	(t1=0.00116,	nu11=0.00075)	
2	-488.10361029510386	(t1=0.00016,	nu11=0.00075)	
2	-488.3758714735741	(t1=0.00016,	nu11=0.00075)	
2	-6412.123790318612	(t1=0.00116,	nu11=0.00075)	
2	-488.46905243885703	(t1=0.00016,	nu11=0.00075)	
2	-488.10759629134554	(t1=0.00016,	nu11=0.00075)	
2	-6412.061575156404	(t1=0.00116,	nu11=0.00075)	
2	-488.14033930154983	(t1=0.00016,	nu11=0.00075)	
2	-488.08878288872074	(t1=0.00016,	nu11=0.00075)	
2	-6412.04935641191	(t1=0.00116,	nu11=0.00075)	
2	-488.10975209088065	(t1=0.00016,	nu11=0.00075)	
2	-488.08627109765075	(t1=0.00016,	nu11=0.00075)	
2	-6412.0468451118795	(t1=0.00116,	nu11=0.00075)	
2	-488.1048243084224	(t1=0.00016,	nu11=0.00075)	
2	-488.0858077580342	(t1=0.00016,	nu11=0.00075)	
2	-6412.046324213152	(t1=0.00116,	nu11=0.00075)	
2	-488.10386000282597	(t1=0.00016,	nu11=0.00075)	
2	-488.0857139538275	(t1=0.00016,	nu11=0.00075)	
2	-6412.046215961687	(t1=0.00116,	nu11=0.00075)	
2	-488.1036620970117	(t1=0.00016,	nu11=0.00075)	
2	-488.08569455938414	(t1=0.00016,	nu11=0.00075)	
2	-6412.046193457441	(t1=0.00116,	nu11=0.00075)	
2	-488.1036210608436	(t1=0.00016,	nu11=0.00075)	
2	-488.08569053106476	(t1=0.00016,	nu11=0.00075)	
2	-6412.046188778477	(t1=0.00116,	nu11=0.00075)	
2	-488.1036125331884	(t1=0.00016,	nu11=0.00075)	
2	-488.08568969438784	(t1=0.00016,	nu11=0.00075)	
2	-6412.046187805128	(t1=0.00116,	nu11=0.00075)	
2	-488.1036107604159	(t1=0.00016,	nu11=0.00075)	
2	-488.08568951988127	(t1=0.00016,	nu11=0.00075)	
2	-6412.046187602915	(t1=0.00116,	nu11=0.00075)	
2	-488.10361039149575	(t1=0.00016,	nu11=0.00075)	
2	-488.0856894835597	(t1=0.00016,	nu11=0.00075)	
2	-6412.046187561238	(t1=0.00116,	nu11=0.00075)	
2	-488.1036103150109	(t1=0.00016,	nu11=0.00075)	
2	-488.0856894761091	(t1=0.00016,	nu11=0.00075)	
2	-6412.0461875518085	(t1=0.00116,	nu11=0.00075)	
2	-488.10361029894557	(t1=0.00016,	nu11=0.00075)	
2	-488.0856894743629	(t1=0.00016,	nu11=0.00075)	
2	-6412.046187550644	(t1=0.00116,	nu11=0.00075)	
2	-488.1036102952203	(t1=0.00016,	nu11=0.00075)	
2	-488.0856894754106	(t1=0.00016,	nu11=0.00075)	
2	-6412.046187550644	(t1=0.00116,	nu11=0.00075)	
2	-488.1036102961516	(t1=0.00016,	nu11=0.00075)	
2	-488.08568947482854	(t1=0.00016,	nu11=0.00075)	
2	-6412.046187550412	(t1=0.00116,	nu11=0.00075)	
2	-488.103610296268	(t1=0.00016,	nu11=0.00075)	
2	-488.08568947482854	(t1=0.00016,	nu11=0.00075)	
2	-6412.046187550412	(t1=0.00116,	nu11=0.00075)	
2	-488.10361029568594	(t1=0.00016,	nu11=0.00075)	
2	-488.0856894744793	(t1=0.00016,	nu11=0.00075)	
2	-6412.046187550412	(t1=0.00116,	nu11=0.00075)	
2	-488.10361029580235	(t1=0.00016,	nu11=0.00075)	
2	-488.0856894747121	(t1=0.00016,	nu11=0.00075)	
2	-6412.046187549946	(t1=0.00116,	nu11=0.00075)	
2	-488.1036102954531	(t1=0.00016,	nu11=0.00075)	
2	-488.0856894743629	(t1=0.00016,	nu11=0.00075)	
2	-6412.046187550644	(t1=0.00116,	nu11=0.00075)	
2	-488.1036102952203	(t1=0.00016,	nu11=0.00075)	
2	-488.0856894745957	(t1=0.00016,	nu11=0.00075)	
2	-6412.046187550644	(t1=0.00116,	nu11=0.00075)	
2	-488.10361029568594	(t1=0.00016,	nu11=0.00075)	
2	-488.0856894743629	(t1=0.00016,	nu11=0.00075)	
2	-6412.046187550644	(t1=0.00116,	nu11=0.00075)	
2	-488.1036102952203	(t1=0.00016,	nu11=0.00075)	
2	-488.238999222056	(t1=0.00016,	nu11=0.00075)	
