0	-600.8451961590908	(t1=0.00016,	nu11=0.00075)	
1	-600.8451961590908	(t1=0.00016,	nu11=0.00075)	
2	-7735.170435906737	(t1=0.00116,	nu11=0.00075)	
2	-599.7716671533417	(t1=0.00016,	nu11=0.00075)	
2	-590.5263258251362	(t1=0.00016,	nu11=0.00075)	
2	-7735.320506642107	(t1=0.00116,	nu11=0.00075)	
2	-589.5874892611755	(t1=0.00016,	nu11=0.00075)	
2	-581.4846814655466	(t1=0.00016,	nu11=0.00075)	
2	-7735.467901751632	(t1=0.00116,	nu11=0.00075)	
2	-580.6821972858161	(t1=0.00016,	nu11=0.00075)	
2	-579.4283771922346	(t1=0.00016,	nu11=0.00075)	
2	-7735.504345951136	(t1=0.00116,	nu11=0.00075)	
2	-578.6602543307235	(t1=0.00016,	nu11=0.00075)	
2	-577.4559458863223	(t1=0.00016,	nu11=0.00075)	
2	-7735.540615067119	(t1=0.00116,	nu11=0.00075)	
2	-576.7222815608839	(t1=0.00016,	nu11=0.00075)	
2	-576.9759557446232	(t1=0.00016,	nu11=0.00075)	
2	-7735.549656296149	(t1=0.00116,	nu11=0.00075)	
2	-576.2509224925889	(t1=0.00016,	nu11=0.00075)	
2	-576.5012842417927	(t1=0.00016,	nu11=0.00075)	
2	-7735.558686186792	(t1=0.00116,	nu11=0.00075)	
2	-575.7848877669312	(t1=0.00016,	nu11=0.00075)	
2	-576.3834426471731	(t1=0.00016,	nu11=0.00075)	
2	-7735.560942003154	(t1=0.00116,	nu11=0.00075)	
2	-575.6692063673399	(t1=0.00016,	nu11=0.00075)	
2	-576.2659364200663	(t1=0.00016,	nu11=0.00075)	
2	-7735.563197069569	(t1=0.00116,	nu11=0.00075)	
2	-575.5538606531918	(t1=0.00016,	nu11=0.00075)	
2	-5646.412497857353	(t1=0.00042,	nu11=0.00075)	
2	-576.2271636298392	(t1=0.00016,	nu11=0.00075)	
2	-7735.563942410867	(t1=0.00116,	nu11=0.00075)	
2	-575.5158021802781	(t1=0.00016,	nu11=0.00075)	
2	-576.18842810567	(t1=0.00016,	nu11=0.00075)	
2	-7735.564687658916	(t1=0.00116,	nu11=0.00075)	
2	-575.4777809969382	(t1=0.00016,	nu11=0.00075)	
2	-7606.002886931063	(t1=0.00079,	nu11=0.00075)	
2	-576.1800931494217	(t1=0.00016,	nu11=0.00075)	
2	-7735.564848100417	(t1=0.00116,	nu11=0.00075)	
2	-575.4695998424431	(t1=0.00016,	nu11=0.00075)	
2	-576.1717599602416	(t1=0.00016,	nu11=0.00075)	
2	-7735.565008536214	(t1=0.00116,	nu11=0.00075)	
2	-575.4614204564132	(t1=0.00016,	nu11=0.00075)	
2	-7726.157086622319	(t1=0.00097,	nu11=0.00075)	
2	-576.1698121041991	(t1=0.00016,	nu11=0.00075)	
2	-7735.565046041273	(t1=0.00116,	nu11=0.00075)	
2	-575.459508555592	(t1=0.00016,	nu11=0.00075)	
2	-576.1678643493215	(t1=0.00016,	nu11=0.00075)	
2	-7735.56508354668	(t1=0.00116,	nu11=0.00075)	
2	-575.4575967561686	(t1=0.00016,	nu11=0.00075)	
2	-4177.207088523661	(t1=6e-05,	nu11=0.00075)	
2	-7738.327352878521	(t1=0.00106,	nu11=0.00075)	
2	-4184.523757954361	(t1=6e-05,	nu11=0.00075)	
2	-566.4247010990512	(t1=0.00015,	nu11=0.00075)	
2	-7735.779948564479	(t1=0.00115,	nu11=0.00075)	
2	-565.925268722116	(t1=0.00015,	nu11=0.00075)	
2	-560.2130633889465	(t1=0.00015,	nu11=0.00075)	
2	-7735.977511108969	(t1=0.00115,	nu11=0.00075)	
2	-559.9165653347736	(t1=0.00015,	nu11=0.00075)	
2	-1174.2080724673579	(t1=0.00011,	nu11=0.00075)	
2	-7738.452284449595	(t1=0.00111,	nu11=0.00075)	
2	-1178.0097272712737	(t1=0.00011,	nu11=0.00075)	
2	-556.9380393758183	(t1=0.00015,	nu11=0.00075)	
2	-7736.189885827014	(t1=0.00115,	nu11=0.00075)	
2	-556.8703458711971	(t1=0.00015,	nu11=0.00075)	
2	-557.4007219576743	(t1=0.00015,	nu11=0.00075)	
2	-7736.373608892551	(t1=0.00115,	nu11=0.00075)	
2	-557.5407711268635	(t1=0.00015,	nu11=0.00075)	
2	-556.7669654806377	(t1=0.00015,	nu11=0.00075)	
2	-7736.227802959271	(t1=0.00115,	nu11=0.00075)	
2	-556.7413695997093	(t1=0.00015,	nu11=0.00075)	
2	-556.7268464629306	(t1=0.00015,	nu11=0.00075)	
2	-7736.25705853838	(t1=0.00115,	nu11=0.00075)	
2	-556.7340021913406	(t1=0.00015,	nu11=0.00075)	
2	-556.7525715825614	(t1=0.00015,	nu11=0.00075)	
2	-7736.279946324648	(t1=0.00115,	nu11=0.00075)	
2	-556.7855170192197	(t1=0.00015,	nu11=0.00075)	
2	-556.7280327253975	(t1=0.00015,	nu11=0.00075)	
2	-7736.261822910397	(t1=0.00115,	nu11=0.00075)	
2	-556.740544753382	(t1=0.00015,	nu11=0.00075)	
2	-556.7269151426153	(t1=0.00015,	nu11=0.00075)	
2	-7736.258061951725	(t1=0.00115,	nu11=0.00075)	
2	-556.7351984196575	(t1=0.00015,	nu11=0.00075)	
2	-556.7268529225839	(t1=0.00015,	nu11=0.00075)	
2	-7736.257270381553	(t1=0.00115,	nu11=0.00075)	
2	-556.7342466776026	(t1=0.00015,	nu11=0.00075)	
2	-556.7268474689918	(t1=0.00015,	nu11=0.00075)	
2	-7736.257103285985	(t1=0.00115,	nu11=0.00075)	
2	-556.7340534752002	(t1=0.00015,	nu11=0.00075)	
2	-556.7268466593232	(t1=0.00015,	nu11=0.00075)	
2	-7736.25706799177	(t1=0.00115,	nu11=0.00075)	
2	-556.7340130088851	(t1=0.00015,	nu11=0.00075)	
2	-556.7268465040252	(t1=0.00015,	nu11=0.00075)	
2	-7736.257060535718	(t1=0.00115,	nu11=0.00075)	
2	-556.7340044759912	(t1=0.00015,	nu11=0.00075)	
2	-556.7268464715453	(t1=0.00015,	nu11=0.00075)	
2	-7736.257058960153	(t1=0.00115,	nu11=0.00075)	
2	-556.7340026734164	(t1=0.00015,	nu11=0.00075)	
2	-556.7268464649096	(t1=0.00015,	nu11=0.00075)	
2	-7736.257058627671	(t1=0.00115,	nu11=0.00075)	
2	-556.7340022928547	(t1=0.00015,	nu11=0.00075)	
2	-556.7268464633962	(t1=0.00015,	nu11=0.00075)	
2	-7736.257058557239	(t1=0.00115,	nu11=0.00075)	
2	-556.7340022125281	(t1=0.00015,	nu11=0.00075)	
2	-556.7268464631634	(t1=0.00015,	nu11=0.00075)	
2	-7736.257058542571	(t1=0.00115,	nu11=0.00075)	
2	-556.7340021957643	(t1=0.00015,	nu11=0.00075)	
2	-556.7268464629306	(t1=0.00015,	nu11=0.00075)	
2	-7736.257058539777	(t1=0.00115,	nu11=0.00075)	
2	-556.7340021918062	(t1=0.00015,	nu11=0.00075)	
2	-556.726846463047	(t1=0.00015,	nu11=0.00075)	
2	-7736.257058539777	(t1=0.00115,	nu11=0.00075)	
2	-556.7340021926211	(t1=0.00015,	nu11=0.00075)	
2	-556.7268464628141	(t1=0.00015,	nu11=0.00075)	
2	-7736.257058539661	(t1=0.00115,	nu11=0.00075)	
2	-556.734002192039	(t1=0.00015,	nu11=0.00075)	
2	-556.7268464631634	(t1=0.00015,	nu11=0.00075)	
2	-7736.257058540126	(t1=0.00115,	nu11=0.00075)	
2	-556.7340021922719	(t1=0.00015,	nu11=0.00075)	
2	-556.7268464629306	(t1=0.00015,	nu11=0.00075)	
2	-7736.257058539544	(t1=0.00115,	nu11=0.00075)	
2	-556.7340021918062	(t1=0.00015,	nu11=0.00075)	
2	-556.7268464633962	(t1=0.00015,	nu11=0.00075)	
2	-7736.257058539661	(t1=0.00115,	nu11=0.00075)	
2	-556.7340021926211	(t1=0.00015,	nu11=0.00075)	
2	-556.7268464631634	(t1=0.00015,	nu11=0.00075)	
2	-7736.257058539661	(t1=0.00115,	nu11=0.00075)	
2	-556.7340021918062	(t1=0.00015,	nu11=0.00075)	
2	-556.726846463047	(t1=0.00015,	nu11=0.00075)	
2	-7736.257058539544	(t1=0.00115,	nu11=0.00075)	
2	-556.734002192039	(t1=0.00015,	nu11=0.00075)	
2	-556.7268464628141	(t1=0.00015,	nu11=0.00075)	
2	-7736.257058539661	(t1=0.00115,	nu11=0.00075)	
2	-556.734002192039	(t1=0.00015,	nu11=0.00075)	
2	-600.8451961590908	(t1=0.00016,	nu11=0.00075)	
