0	-295.17819680593675	(t1=0.00016,	nu11=0.00075)	
1	-295.17819680593675	(t1=0.00016,	nu11=0.00075)	
2	-6762.908329605591	(t1=0.00116,	nu11=0.00075)	
2	-294.23785578552634	(t1=0.00016,	nu11=0.00075)	
2	-288.30397791136056	(t1=0.00016,	nu11=0.00075)	
2	-6763.002863183385	(t1=0.00116,	nu11=0.00075)	
2	-287.4564299324993	(t1=0.00016,	nu11=0.00075)	
2	-282.08820322924294	(t1=0.00016,	nu11=0.00075)	
2	-6763.096040934906	(t1=0.00116,	nu11=0.00075)	
2	-281.3343232013867	(t1=0.00016,	nu11=0.00075)	
2	-280.638712890388	(t1=0.00016,	nu11=0.00075)	
2	-6763.119131053158	(t1=0.00116,	nu11=0.00075)	
2	-279.9083948030602	(t1=0.00016,	nu11=0.00075)	
2	-279.2319701028755	(t1=0.00016,	nu11=0.00075)	
2	-6763.142133149551	(t1=0.00116,	nu11=0.00075)	
2	-278.52526572934585	(t1=0.00016,	nu11=0.00075)	
2	-278.88695436064154	(t1=0.00016,	nu11=0.00075)	
2	-6763.1478705996415	(t1=0.00116,	nu11=0.00075)	
2	-278.1861622071592	(t1=0.00016,	nu11=0.00075)	
2	-278.54464338882826	(t1=0.00016,	nu11=0.00075)	
2	-6763.153602353646	(t1=0.00116,	nu11=0.00075)	
2	-277.849766495754	(t1=0.00016,	nu11=0.00075)	
2	-278.45948522211984	(t1=0.00016,	nu11=0.00075)	
2	-6763.155034461117	(t1=0.00116,	nu11=0.00075)	
2	-277.7660876796581	(t1=0.00016,	nu11=0.00075)	
2	-278.37449767277576	(t1=0.00016,	nu11=0.00075)	
2	-6763.1564661916345	(t1=0.00116,	nu11=0.00075)	
2	-277.6825796494377	(t1=0.00016,	nu11=0.00075)	
2	-5541.444757899328	(t1=0.00049,	nu11=0.00075)	
2	-278.34723330574343	(t1=0.00016,	nu11=0.00075)	
2	-6763.156926027557	(t1=0.00116,	nu11=0.00075)	
2	-277.65579058456933	(t1=0.00016,	nu11=0.00075)	
2	-278.31998687575106	(t1=0.00016,	nu11=0.00075)	
2	-6763.157385818544	(t1=0.00116,	nu11=0.00075)	
2	-277.6290194679168	(t1=0.00016,	nu11=0.00075)	
2	-6678.66235342226	(t1=0.00082,	nu11=0.00075)	
2	-278.3140269443975	(t1=0.00016,	nu11=0.00075)	
2	-6763.157486428565	(t1=0.00116,	nu11=0.00075)	
2	-277.623163551325	(t1=0.00016,	nu11=0.00075)	
2	-278.3080678958795	(t1=0.00016,	nu11=0.00075)	
2	-6763.157587035268	(t1=0.00116,	nu11=0.00075)	
2	-277.6173085173941	(t1=0.00016,	nu11=0.00075)	
2	-6757.361746056587	(t1=0.00099,	nu11=0.00075)	
2	-278.3066656831652	(t1=0.00016,	nu11=0.00075)	
2	-6763.157610711409	(t1=0.00116,	nu11=0.00075)	
2	-277.61593078274745	(t1=0.00016,	nu11=0.00075)	
2	-278.3052635220811	(t1=0.00016,	nu11=0.00075)	
2	-6763.157634386967	(t1=0.00116,	nu11=0.00075)	
2	-277.6145530992653	(t1=0.00016,	nu11=0.00075)	
2	-2762.0847105697612	(t1=7e-05,	nu11=0.00075)	
2	-6765.5143839650555	(t1=0.00107,	nu11=0.00075)	
2	-2768.396656994417	(t1=7e-05,	nu11=0.00075)	
2	-268.343530762475	(t1=0.00015,	nu11=0.00075)	
2	-6763.349621074158	(t1=0.00115,	nu11=0.00075)	
2	-267.8565054027131	(t1=0.00015,	nu11=0.00075)	
2	-262.00510776921874	(t1=0.00015,	nu11=0.00075)	
2	-6763.524014874594	(t1=0.00115,	nu11=0.00075)	
2	-261.7127239264664	(t1=0.00015,	nu11=0.00075)	
2	-690.3828744818456	(t1=0.00011,	nu11=0.00075)	
2	-6765.443176203582	(t1=0.00111,	nu11=0.00075)	
2	-693.4857189113391	(t1=0.00011,	nu11=0.00075)	
2	-258.6452571286354	(t1=0.00015,	nu11=0.00075)	
2	-6763.703278019151	(t1=0.00115,	nu11=0.00075)	
2	-258.56354974990245	(t1=0.00015,	nu11=0.00075)	
2	-258.7363591538742	(t1=0.00015,	nu11=0.00075)	
2	-6763.856196217239	(t1=0.00115,	nu11=0.00075)	
2	-258.8438032986014	(t1=0.00015,	nu11=0.00075)	
2	-258.42121857218444	(t1=0.00015,	nu11=0.00075)	
2	-6763.735777195368	(t1=0.00115,	nu11=0.00075)	
2	-258.37895013275556	(t1=0.00015,	nu11=0.00075)	
2	-258.3358079488389	(t1=0.00015,	nu11=0.00075)	
2	-6763.760614707891	(t1=0.00115,	nu11=0.00075)	
2	-258.32395165017806	(t1=0.00015,	nu11=0.00075)	
2	-258.3220456755953	(t1=0.00015,	nu11=0.00075)	
2	-6763.779888336838	(t1=0.00115,	nu11=0.00075)	
2	-258.33395335794194	(t1=0.00015,	nu11=0.00075)	
2	-258.34400281263515	(t1=0.00015,	nu11=0.00075)	
2	-6763.795009928406	(t1=0.00115,	nu11=0.00075)	
2	-258.3746570889489	(t1=0.00015,	nu11=0.00075)	
2	-258.3242157014902	(t1=0.00015,	nu11=0.00075)	
2	-6763.7830254039145	(t1=0.00115,	nu11=0.00075)	
2	-258.3400050699711	(t1=0.00015,	nu11=0.00075)	
2	-258.32239717349876	(t1=0.00015,	nu11=0.00075)	
2	-6763.780545172864	(t1=0.00115,	nu11=0.00075)	
2	-258.33511727966834	(t1=0.00015,	nu11=0.00075)	
2	-258.3221149024321	(t1=0.00015,	nu11=0.00075)	
2	-6763.780026128807	(t1=0.00115,	nu11=0.00075)	
2	-258.3341930019669	(t1=0.00015,	nu11=0.00075)	
2	-258.32206000585575	(t1=0.00015,	nu11=0.00075)	
2	-6763.779917254578	(t1=0.00115,	nu11=0.00075)	
2	-258.3340034520952	(t1=0.00015,	nu11=0.00075)	
2	-258.3220486745704	(t1=0.00015,	nu11=0.00075)	
2	-6763.779894406034	(t1=0.00115,	nu11=0.00075)	
2	-258.3339638635516	(t1=0.00015,	nu11=0.00075)	
2	-258.3220463049365	(t1=0.00015,	nu11=0.00075)	
2	-6763.779889610712	(t1=0.00115,	nu11=0.00075)	
2	-258.3339555625571	(t1=0.00015,	nu11=0.00075)	
2	-258.3220458078431	(t1=0.00015,	nu11=0.00075)	
2	-6763.779888603836	(t1=0.00115,	nu11=0.00075)	
2	-258.33395382046	(t1=0.00015,	nu11=0.00075)	
2	-258.3220457030111	(t1=0.00015,	nu11=0.00075)	
2	-6763.779888393008	(t1=0.00115,	nu11=0.00075)	
2	-258.333953455498	(t1=0.00015,	nu11=0.00075)	
2	-258.32204568135785	(t1=0.00015,	nu11=0.00075)	
2	-6763.779888348479	(t1=0.00115,	nu11=0.00075)	
2	-258.33395337814	(t1=0.00015,	nu11=0.00075)	
2	-258.3220456772833	(t1=0.00015,	nu11=0.00075)	
2	-6763.779888338991	(t1=0.00115,	nu11=0.00075)	
2	-258.33395336254034	(t1=0.00015,	nu11=0.00075)	
2	-258.32204567611916	(t1=0.00015,	nu11=0.00075)	
2	-6763.77988833742	(t1=0.00115,	nu11=0.00075)	
2	-258.3339533590479	(t1=0.00015,	nu11=0.00075)	
2	-258.32204567617737	(t1=0.00015,	nu11=0.00075)	
2	-6763.779888336954	(t1=0.00115,	nu11=0.00075)	
2	-258.33395335811656	(t1=0.00015,	nu11=0.00075)	
2	-258.3220456757117	(t1=0.00015,	nu11=0.00075)	
2	-6763.779888336954	(t1=0.00115,	nu11=0.00075)	
2	-258.3339533578255	(t1=0.00015,	nu11=0.00075)	
2	-258.3220456757117	(t1=0.00015,	nu11=0.00075)	
2	-6763.779888336954	(t1=0.00115,	nu11=0.00075)	
2	-258.33395335794194	(t1=0.00015,	nu11=0.00075)	
2	-258.3220456758281	(t1=0.00015,	nu11=0.00075)	
2	-6763.779888336838	(t1=0.00115,	nu11=0.00075)	
2	-258.33395335800014	(t1=0.00015,	nu11=0.00075)	
2	-258.32204567606095	(t1=0.00015,	nu11=0.00075)	
2	-6763.779888336896	(t1=0.00115,	nu11=0.00075)	
2	-258.3339533577673	(t1=0.00015,	nu11=0.00075)	
2	-258.3220456755953	(t1=0.00015,	nu11=0.00075)	
2	-6763.779888336838	(t1=0.00115,	nu11=0.00075)	
2	-258.33395335794194	(t1=0.00015,	nu11=0.00075)	
2	-295.17819680593675	(t1=0.00016,	nu11=0.00075)	
