0	-272.79588471737225	(t1=0.00016,	nu11=0.00075)	
1	-272.79588471737225	(t1=0.00016,	nu11=0.00075)	
2	-6826.782751502236	(t1=0.00116,	nu11=0.00075)	
2	-271.5209474626463	(t1=0.00016,	nu11=0.00075)	
2	-262.9953262494528	(t1=0.00016,	nu11=0.00075)	
2	-6826.882166748575	(t1=0.00116,	nu11=0.00075)	
2	-261.81260111235315	(t1=0.00016,	nu11=0.00075)	
2	-253.8456394962268	(t1=0.00016,	nu11=0.00075)	
2	-6826.980168457143	(t1=0.00116,	nu11=0.00075)	
2	-252.75608631497016	(t1=0.00016,	nu11=0.00075)	
2	-251.66106365650194	(t1=0.00016,	nu11=0.00075)	
2	-6827.004459671036	(t1=0.00116,	nu11=0.00075)	
2	-250.59496563661378	(t1=0.00016,	nu11=0.00075)	
2	-249.51899901288562	(t1=0.00016,	nu11=0.00075)	
2	-6827.028658838884	(t1=0.00116,	nu11=0.00075)	
2	-248.47641330497572	(t1=0.00016,	nu11=0.00075)	
2	-248.99007492355304	(t1=0.00016,	nu11=0.00075)	
2	-6827.03469521174	(t1=0.00116,	nu11=0.00075)	
2	-247.95337717380608	(t1=0.00016,	nu11=0.00075)	
2	-248.463849651278	(t1=0.00016,	nu11=0.00075)	
2	-6827.040725620114	(t1=0.00116,	nu11=0.00075)	
2	-247.43304323020857	(t1=0.00016,	nu11=0.00075)	
2	-248.3327087131911	(t1=0.00016,	nu11=0.00075)	
2	-6827.042232368432	(t1=0.00116,	nu11=0.00075)	
2	-247.30337572842836	(t1=0.00016,	nu11=0.00075)	
2	-248.2017387826345	(t1=0.00016,	nu11=0.00075)	
2	-6827.043738720706	(t1=0.00116,	nu11=0.00075)	
2	-247.17387942259666	(t1=0.00016,	nu11=0.00075)	
2	-5545.1196612278	(t1=0.00048,	nu11=0.00075)	
2	-248.15954847016837	(t1=0.00016,	nu11=0.00075)	
2	-6827.04422430828	(t1=0.00116,	nu11=0.00075)	
2	-247.1321642707917	(t1=0.00016,	nu11=0.00075)	
2	-248.11737646203255	(t1=0.00016,	nu11=0.00075)	
2	-6827.044709849462	(t1=0.00116,	nu11=0.00075)	
2	-247.09046743699582	(t1=0.00016,	nu11=0.00075)	
2	-6740.015454249398	(t1=0.00082,	nu11=0.00075)	
2	-248.1081695057801	(t1=0.00016,	nu11=0.00075)	
2	-6827.044815873611	(t1=0.00116,	nu11=0.00075)	
2	-247.0813642484718	(t1=0.00016,	nu11=0.00075)	
2	-248.09896345913876	(t1=0.00016,	nu11=0.00075)	
2	-6827.044921895431	(t1=0.00116,	nu11=0.00075)	
2	-247.07226197147975	(t1=0.00016,	nu11=0.00075)	
2	-6821.148917615414	(t1=0.00099,	nu11=0.00075)	
2	-248.096798980725	(t1=0.00016,	nu11=0.00075)	
2	-6827.044946823618	(t1=0.00116,	nu11=0.00075)	
2	-247.07012189208763	(t1=0.00016,	nu11=0.00075)	
2	-248.09463455632795	(t1=0.00016,	nu11=0.00075)	
2	-6827.044971751806	(t1=0.00116,	nu11=0.00075)	
2	-247.0679818672943	(t1=0.00016,	nu11=0.00075)	
2	-2452.3697846370633	(t1=7e-05,	nu11=0.00075)	
2	-6829.475040811871	(t1=0.00107,	nu11=0.00075)	
2	-2458.1663405093714	(t1=7e-05,	nu11=0.00075)	
2	-230.42017799901078	(t1=0.00015,	nu11=0.00075)	
2	-6827.266718529747	(t1=0.00115,	nu11=0.00075)	
2	-229.6170500512817	(t1=0.00015,	nu11=0.00075)	
2	-217.6141867779079	(t1=0.00015,	nu11=0.00075)	
2	-6827.4653792187455	(t1=0.00115,	nu11=0.00075)	
2	-217.02318315394223	(t1=0.00015,	nu11=0.00075)	
2	-544.9568625782849	(t1=0.00011,	nu11=0.00075)	
2	-6829.3992261387175	(t1=0.00111,	nu11=0.00075)	
2	-547.6509978876566	(t1=0.00011,	nu11=0.00075)	
2	-207.59592847933527	(t1=0.00015,	nu11=0.00075)	
2	-6827.681930312363	(t1=0.00115,	nu11=0.00075)	
2	-207.25057089835173	(t1=0.00015,	nu11=0.00075)	
2	-203.08111166674644	(t1=0.00015,	nu11=0.00075)	
2	-6827.859437050531	(t1=0.00115,	nu11=0.00075)	
2	-202.94979745772434	(t1=0.00015,	nu11=0.00075)	
2	-270.88885486795334	(t1=0.00013,	nu11=0.00075)	
2	-6828.782948090055	(t1=0.00113,	nu11=0.00075)	
2	-272.1367005381617	(t1=0.00013,	nu11=0.00075)	
2	-202.2749786520144	(t1=0.00014,	nu11=0.00075)	
2	-6827.982769538823	(t1=0.00114,	nu11=0.00075)	
2	-202.299949247099	(t1=0.00014,	nu11=0.00075)	
2	-203.22707618778804	(t1=0.00014,	nu11=0.00075)	
2	-6828.082114080491	(t1=0.00114,	nu11=0.00075)	
2	-203.3829132593819	(t1=0.00014,	nu11=0.00075)	
2	-202.3405044550891	(t1=0.00014,	nu11=0.00075)	
2	-6828.001725115057	(t1=0.00114,	nu11=0.00075)	
2	-202.39008955238387	(t1=0.00014,	nu11=0.00075)	
2	-202.28399799659383	(t1=0.00014,	nu11=0.00075)	
2	-6827.9866143947	(t1=0.00114,	nu11=0.00075)	
2	-202.31394805479795	(t1=0.00014,	nu11=0.00075)	
2	-202.2766539034783	(t1=0.00014,	nu11=0.00075)	
2	-6827.983558759035	(t1=0.00114,	nu11=0.00075)	
2	-202.30264606961282	(t1=0.00014,	nu11=0.00075)	
2	-202.27531593694584	(t1=0.00014,	nu11=0.00075)	
2	-6827.982931933424	(t1=0.00114,	nu11=0.00075)	
2	-202.3004967130255	(t1=0.00014,	nu11=0.00075)	
2	-202.2750477740774	(t1=0.00014,	nu11=0.00075)	
2	-6827.982802970859	(t1=0.00114,	nu11=0.00075)	
2	-202.30006163718645	(t1=0.00014,	nu11=0.00075)	
2	-202.27499287051614	(t1=0.00014,	nu11=0.00075)	
2	-6827.982776422461	(t1=0.00114,	nu11=0.00075)	
2	-202.2999723732355	(t1=0.00014,	nu11=0.00075)	
2	-202.27498157892842	(t1=0.00014,	nu11=0.00075)	
2	-6827.982770956296	(t1=0.00114,	nu11=0.00075)	
2	-202.29995400778716	(t1=0.00014,	nu11=0.00075)	
2	-202.27497925492935	(t1=0.00014,	nu11=0.00075)	
2	-6827.9827698307345	(t1=0.00114,	nu11=0.00075)	
2	-202.29995022743242	(t1=0.00014,	nu11=0.00075)	
2	-202.27497877646238	(t1=0.00014,	nu11=0.00075)	
2	-6827.982769598602	(t1=0.00114,	nu11=0.00075)	
2	-202.29994944884675	(t1=0.00014,	nu11=0.00075)	
2	-202.27497867774218	(t1=0.00014,	nu11=0.00075)	
2	-6827.982769551163	(t1=0.00114,	nu11=0.00075)	
2	-202.29994928860106	(t1=0.00014,	nu11=0.00075)	
2	-202.27497865766054	(t1=0.00014,	nu11=0.00075)	
2	-6827.982769541384	(t1=0.00114,	nu11=0.00075)	
2	-202.29994925565552	(t1=0.00014,	nu11=0.00075)	
2	-202.27497865317855	(t1=0.00014,	nu11=0.00075)	
2	-6827.982769539638	(t1=0.00114,	nu11=0.00075)	
2	-202.29994924896164	(t1=0.00014,	nu11=0.00075)	
2	-202.27497865236364	(t1=0.00014,	nu11=0.00075)	
2	-6827.982769539172	(t1=0.00114,	nu11=0.00075)	
2	-202.2999492478557	(t1=0.00014,	nu11=0.00075)	
2	-202.27497865230544	(t1=0.00014,	nu11=0.00075)	
2	-6827.982769538823	(t1=0.00114,	nu11=0.00075)	
2	-202.2999492472154	(t1=0.00014,	nu11=0.00075)	
2	-202.27497865242185	(t1=0.00014,	nu11=0.00075)	
2	-6827.982769539172	(t1=0.00114,	nu11=0.00075)	
2	-202.299949247099	(t1=0.00014,	nu11=0.00075)	
2	-202.27497865236364	(t1=0.00014,	nu11=0.00075)	
2	-6827.982769539056	(t1=0.00114,	nu11=0.00075)	
2	-202.29994924756465	(t1=0.00014,	nu11=0.00075)	
2	-202.2749786519562	(t1=0.00014,	nu11=0.00075)	
2	-6827.982769538823	(t1=0.00114,	nu11=0.00075)	
2	-202.2999492464005	(t1=0.00014,	nu11=0.00075)	
2	-202.27497865242185	(t1=0.00014,	nu11=0.00075)	
2	-6827.982769538823	(t1=0.00114,	nu11=0.00075)	
2	-202.29994924692437	(t1=0.00014,	nu11=0.00075)	
2	-202.2749786519562	(t1=0.00014,	nu11=0.00075)	
2	-6827.982769538823	(t1=0.00114,	nu11=0.00075)	
2	-202.2999492464005	(t1=0.00014,	nu11=0.00075)	
2	-272.79588471737225	(t1=0.00016,	nu11=0.00075)	
