0	-505.98241209896514	(t1=0.00016,	nu11=0.00075)	
1	-505.98241209896514	(t1=0.00016,	nu11=0.00075)	
2	-8006.612088721013	(t1=0.00116,	nu11=0.00075)	
2	-504.1154900623951	(t1=0.00016,	nu11=0.00075)	
2	-484.73211285687285	(t1=0.00016,	nu11=0.00075)	
2	-8006.776093978377	(t1=0.00116,	nu11=0.00075)	
2	-483.0123869886738	(t1=0.00016,	nu11=0.00075)	
2	-464.9493384559755	(t1=0.00016,	nu11=0.00075)	
2	-8006.936723628896	(t1=0.00116,	nu11=0.00075)	
2	-463.37924790527904	(t1=0.00016,	nu11=0.00075)	
2	-460.2369450517581	(t1=0.00016,	nu11=0.00075)	
2	-8006.976385159593	(t1=0.00116,	nu11=0.00075)	
2	-458.70467948383885	(t1=0.00016,	nu11=0.00075)	
2	-455.62296901334776	(t1=0.00016,	nu11=0.00075)	
2	-8007.015824123577	(t1=0.00116,	nu11=0.00075)	
2	-454.12867356435163	(t1=0.00016,	nu11=0.00075)	
2	-454.48466820671456	(t1=0.00016,	nu11=0.00075)	
2	-8007.025651741307	(t1=0.00116,	nu11=0.00075)	
2	-452.9998905896791	(t1=0.00016,	nu11=0.00075)	
2	-453.35266134585254	(t1=0.00016,	nu11=0.00075)	
2	-8007.03546493937	(t1=0.00116,	nu11=0.00075)	
2	-451.8774101838353	(t1=0.00016,	nu11=0.00075)	
2	-453.07062108512037	(t1=0.00016,	nu11=0.00075)	
2	-8007.037916193192	(t1=0.00116,	nu11=0.00075)	
2	-451.5977530859527	(t1=0.00016,	nu11=0.00075)	
2	-452.78898114536423	(t1=0.00016,	nu11=0.00075)	
2	-8007.040366496425	(t1=0.00116,	nu11=0.00075)	
2	-451.3184968006681	(t1=0.00016,	nu11=0.00075)	
2	-5375.4840999759035	(t1=0.00039,	nu11=0.00075)	
2	-452.69445551541867	(t1=0.00016,	nu11=0.00075)	
2	-8007.041189450072	(t1=0.00116,	nu11=0.00075)	
2	-451.2247720579617	(t1=0.00016,	nu11=0.00075)	
2	-452.59997675329214	(t1=0.00016,	nu11=0.00075)	
2	-8007.042012281949	(t1=0.00116,	nu11=0.00075)	
2	-451.13109422428533	(t1=0.00016,	nu11=0.00075)	
2	-7851.75610582059	(t1=0.00077,	nu11=0.00075)	
2	-452.5798270414816	(t1=0.00016,	nu11=0.00075)	
2	-8007.042187805928	(t1=0.00116,	nu11=0.00075)	
2	-451.1111153846141	(t1=0.00016,	nu11=0.00075)	
2	-452.55967957054963	(t1=0.00016,	nu11=0.00075)	
2	-8007.042363324144	(t1=0.00116,	nu11=0.00075)	
2	-451.09113878797507	(t1=0.00016,	nu11=0.00075)	
2	-7994.355353586201	(t1=0.00096,	nu11=0.00075)	
2	-452.5549871157273	(t1=0.00016,	nu11=0.00075)	
2	-8007.042404205189	(t1=0.00116,	nu11=0.00075)	
2	-451.08648613322293	(t1=0.00016,	nu11=0.00075)	
2	-452.5502947944333	(t1=0.00016,	nu11=0.00075)	
2	-8007.042445086001	(t1=0.00116,	nu11=0.00075)	
2	-451.0818336131051	(t1=0.00016,	nu11=0.00075)	
2	-3747.56029940414	(t1=6e-05,	nu11=0.00075)	
2	-8009.108953120536	(t1=0.00106,	nu11=0.00075)	
2	-3754.1459663403803	(t1=6e-05,	nu11=0.00075)	
2	-425.76005963399075	(t1=0.00015,	nu11=0.00075)	
2	-8007.289708522148	(t1=0.00115,	nu11=0.00075)	
2	-424.5398445155006	(t1=0.00015,	nu11=0.00075)	
2	-404.7501341267489	(t1=0.00015,	nu11=0.00075)	
2	-8007.512270899315	(t1=0.00115,	nu11=0.00075)	
2	-403.7672791511868	(t1=0.00015,	nu11=0.00075)	
2	-816.8497276217677	(t1=0.0001,	nu11=0.00075)	
2	-8009.726605011907	(t1=0.0011,	nu11=0.00075)	
2	-819.9876761485357	(t1=0.0001,	nu11=0.00075)	
2	-383.7148207545979	(t1=0.00015,	nu11=0.00075)	
2	-8007.789055759378	(t1=0.00115,	nu11=0.00075)	
2	-383.0482003694051	(t1=0.00015,	nu11=0.00075)	
2	-371.96693638758734	(t1=0.00014,	nu11=0.00075)	
2	-8008.010434206808	(t1=0.00114,	nu11=0.00075)	
2	-371.57265642343555	(t1=0.00014,	nu11=0.00075)	
2	-439.7657857532613	(t1=0.00012,	nu11=0.00075)	
2	-8009.09740846121	(t1=0.00112,	nu11=0.00075)	
2	-441.1007854846539	(t1=0.00012,	nu11=0.00075)	
2	-366.8194851251901	(t1=0.00014,	nu11=0.00075)	
2	-8008.177464296692	(t1=0.00114,	nu11=0.00075)	
2	-366.643925561395	(t1=0.00014,	nu11=0.00075)	
2	-365.47225721913856	(t1=0.00014,	nu11=0.00075)	
2	-8008.305594366102	(t1=0.00114,	nu11=0.00075)	
2	-365.4732509176829	(t1=0.00014,	nu11=0.00075)	
2	-383.023852023005	(t1=0.00013,	nu11=0.00075)	
2	-8008.733697032323	(t1=0.00113,	nu11=0.00075)	
2	-383.68316837010207	(t1=0.00013,	nu11=0.00075)	
2	-365.8065312341787	(t1=0.00014,	nu11=0.00075)	
2	-8008.373355458665	(t1=0.00114,	nu11=0.00075)	
2	-365.9042895628372	(t1=0.00014,	nu11=0.00075)	
2	-365.4781218901626	(t1=0.00014,	nu11=0.00075)	
2	-8008.319280711352	(t1=0.00114,	nu11=0.00075)	
2	-365.4984630551771	(t1=0.00014,	nu11=0.00075)	
2	-365.47096486057853	(t1=0.00014,	nu11=0.00075)	
2	-8008.308477346727	(t1=0.00114,	nu11=0.00075)	
2	-365.476025901502	(t1=0.00014,	nu11=0.00075)	
2	-365.47089324175613	(t1=0.00014,	nu11=0.00075)	
2	-8008.310746344854	(t1=0.00114,	nu11=0.00075)	
2	-365.4791584566119	(t1=0.00014,	nu11=0.00075)	
2	-365.47142527310643	(t1=0.00014,	nu11=0.00075)	
2	-8008.312534647179	(t1=0.00114,	nu11=0.00075)	
2	-365.48221773898695	(t1=0.00014,	nu11=0.00075)	
2	-365.47096214600606	(t1=0.00014,	nu11=0.00075)	
2	-8008.311123075138	(t1=0.00114,	nu11=0.00075)	
2	-365.47975962079363	(t1=0.00014,	nu11=0.00075)	
2	-365.4709058571025	(t1=0.00014,	nu11=0.00075)	
2	-8008.310825797729	(t1=0.00114,	nu11=0.00075)	
2	-365.47928331955336	(t1=0.00014,	nu11=0.00075)	
2	-365.470895817969	(t1=0.00014,	nu11=0.00075)	
2	-8008.31076310575	(t1=0.00114,	nu11=0.00075)	
2	-365.479184711352	(t1=0.00014,	nu11=0.00075)	
2	-365.4708937816904	(t1=0.00014,	nu11=0.00075)	
2	-8008.310749881435	(t1=0.00114,	nu11=0.00075)	
2	-365.47916399216047	(t1=0.00014,	nu11=0.00075)	
2	-365.4708933553775	(t1=0.00014,	nu11=0.00075)	
2	-8008.310747091833	(t1=0.00114,	nu11=0.00075)	
2	-365.4791596241994	(t1=0.00014,	nu11=0.00075)	
2	-365.4708932659705	(t1=0.00014,	nu11=0.00075)	
2	-8008.310746503063	(t1=0.00114,	nu11=0.00075)	
2	-365.4791587028303	(t1=0.00014,	nu11=0.00075)	
2	-365.4708932468784	(t1=0.00014,	nu11=0.00075)	
2	-8008.310746378556	(t1=0.00114,	nu11=0.00075)	
2	-365.4791585088242	(t1=0.00014,	nu11=0.00075)	
2	-365.47089324228	(t1=0.00014,	nu11=0.00075)	
2	-8008.31074635277	(t1=0.00114,	nu11=0.00075)	
2	-365.47915846755495	(t1=0.00014,	nu11=0.00075)	
2	-365.47089324193075	(t1=0.00014,	nu11=0.00075)	
2	-8008.310746347008	(t1=0.00114,	nu11=0.00075)	
2	-365.4791584594059	(t1=0.00014,	nu11=0.00075)	
2	-365.4708932416979	(t1=0.00014,	nu11=0.00075)	
2	-8008.310746345902	(t1=0.00114,	nu11=0.00075)	
2	-365.47915845754324	(t1=0.00014,	nu11=0.00075)	
2	-365.4708932423964	(t1=0.00014,	nu11=0.00075)	
2	-8008.31074634596	(t1=0.00114,	nu11=0.00075)	
2	-365.47915845777607	(t1=0.00014,	nu11=0.00075)	
2	-365.4708932421054	(t1=0.00014,	nu11=0.00075)	
2	-8008.310746345844	(t1=0.00114,	nu11=0.00075)	
2	-365.4791584573686	(t1=0.00014,	nu11=0.00075)	
2	-365.47089324228	(t1=0.00014,	nu11=0.00075)	
2	-8008.310746345844	(t1=0.00114,	nu11=0.00075)	
2	-365.4791584578343	(t1=0.00014,	nu11=0.00075)	
2	-365.4708932416979	(t1=0.00014,	nu11=0.00075)	
2	-8008.310746345378	(t1=0.00114,	nu11=0.00075)	
2	-365.4791584579507	(t1=0.00014,	nu11=0.00075)	
2	-365.47089324187255	(t1=0.00014,	nu11=0.00075)	
2	-8008.31074634596	(t1=0.00114,	nu11=0.00075)	
2	-365.479158457485	(t1=0.00014,	nu11=0.00075)	
2	-365.47089324187255	(t1=0.00014,	nu11=0.00075)	
2	-8008.310746345378	(t1=0.00114,	nu11=0.00075)	
2	-365.47915845754324	(t1=0.00014,	nu11=0.00075)	
2	-365.4708932421636	(t1=0.00014,	nu11=0.00075)	
2	-8008.310746345902	(t1=0.00114,	nu11=0.00075)	
2	-365.47915845777607	(t1=0.00014,	nu11=0.00075)	
2	-365.4708932416979	(t1=0.00014,	nu11=0.00075)	
2	-8008.310746345378	(t1=0.00114,	nu11=0.00075)	
2	-365.4791584579507	(t1=0.00014,	nu11=0.00075)	
2	-365.47089324193075	(t1=0.00014,	nu11=0.00075)	
2	-8008.310746345611	(t1=0.00114,	nu11=0.00075)	
2	-365.47915845765965	(t1=0.00014,	nu11=0.00075)	
2	-365.4708932416979	(t1=0.00014,	nu11=0.00075)	
2	-8008.310746345378	(t1=0.00114,	nu11=0.00075)	
2	-365.4791584579507	(t1=0.00014,	nu11=0.00075)	
2	-505.98241209896514	(t1=0.00016,	nu11=0.00075)	
