0	-999.1809090900933	(t1=0.00016,	nu11=0.00075)	
1	-999.1809090900933	(t1=0.00016,	nu11=0.00075)	
2	-11619.270237627847	(t1=0.00116,	nu11=0.00075)	
2	-994.4302996607148	(t1=0.00016,	nu11=0.00075)	
2	-850.0454696773086	(t1=0.00016,	nu11=0.00075)	
2	-11619.880791519943	(t1=0.00116,	nu11=0.00075)	
2	-845.7266419527587	(t1=0.00016,	nu11=0.00075)	
2	-709.0066218606662	(t1=0.00015,	nu11=0.00075)	
2	-11620.461535772833	(t1=0.00115,	nu11=0.00075)	
2	-705.1443419312127	(t1=0.00015,	nu11=0.00075)	
2	-675.066194839892	(t1=0.00015,	nu11=0.00075)	
2	-11620.602418602619	(t1=0.00115,	nu11=0.00075)	
2	-671.3224687943584	(t1=0.00015,	nu11=0.00075)	
2	-641.7984969026875	(t1=0.00015,	nu11=0.00075)	
2	-11620.741154069838	(t1=0.00115,	nu11=0.00075)	
2	-638.1748195278342	(t1=0.00015,	nu11=0.00075)	
2	-633.5803346069297	(t1=0.00015,	nu11=0.00075)	
2	-11620.775539796683	(t1=0.00115,	nu11=0.00075)	
2	-629.986939135124	(t1=0.00015,	nu11=0.00075)	
2	-625.4076222227886	(t1=0.00015,	nu11=0.00075)	
2	-11620.809784436133	(t1=0.00115,	nu11=0.00075)	
2	-621.8445985765429	(t1=0.00015,	nu11=0.00075)	
2	-623.3709189351066	(t1=0.00015,	nu11=0.00075)	
2	-11620.81832635391	(t1=0.00115,	nu11=0.00075)	
2	-619.8155048362678	(t1=0.00015,	nu11=0.00075)	
2	-621.3371795456042	(t1=0.00015,	nu11=0.00075)	
2	-11620.82685905532	(t1=0.00115,	nu11=0.00075)	
2	-617.7893802943872	(t1=0.00015,	nu11=0.00075)	
2	-840.6946916732122	(t1=8e-05,	nu11=0.00075)	
2	-620.5477006021538	(t1=0.00015,	nu11=0.00075)	
2	-11620.830172245216	(t1=0.00115,	nu11=0.00075)	
2	-617.0028617927455	(t1=0.00015,	nu11=0.00075)	
2	-619.7587082487298	(t1=0.00015,	nu11=0.00075)	
2	-11620.833483884286	(t1=0.00115,	nu11=0.00075)	
2	-616.2168305415544	(t1=0.00015,	nu11=0.00075)	
2	-10888.592384471907	(t1=0.00061,	nu11=0.00075)	
2	-619.6043097726651	(t1=0.00015,	nu11=0.00075)	
2	-11620.83413199865	(t1=0.00115,	nu11=0.00075)	
2	-616.0630118164117	(t1=0.00015,	nu11=0.00075)	
2	-619.4499316942529	(t1=0.00015,	nu11=0.00075)	
2	-11620.83478004724	(t1=0.00115,	nu11=0.00075)	
2	-615.909213507548	(t1=0.00015,	nu11=0.00075)	
2	-11559.030357236334	(t1=0.00088,	nu11=0.00075)	
2	-619.4151162421913	(t1=0.00015,	nu11=0.00075)	
2	-11620.83492619748	(t1=0.00115,	nu11=0.00075)	
2	-615.8745288192877	(t1=0.00015,	nu11=0.00075)	
2	-619.3803020135965	(t1=0.00015,	nu11=0.00075)	
2	-11620.835072344053	(t1=0.00115,	nu11=0.00075)	
2	-615.8398453539703	(t1=0.00015,	nu11=0.00075)	
2	-9397.143585474696	(t1=1e-05,	nu11=0.00075)	
2	-11618.005516711273	(t1=0.00101,	nu11=0.00075)	
2	-9400.50199805136	(t1=1e-05,	nu11=0.00075)	
2	-539.6056378335343	(t1=0.00014,	nu11=0.00075)	
2	-11621.17291280313	(t1=0.00114,	nu11=0.00075)	
2	-536.3786524133757	(t1=0.00014,	nu11=0.00075)	
2	-469.08698914252454	(t1=0.00014,	nu11=0.00075)	
2	-11621.47815811995	(t1=0.00114,	nu11=0.00075)	
2	-466.16444074647734	(t1=0.00014,	nu11=0.00075)	
2	-861.0496274483157	(t1=8e-05,	nu11=0.00075)	
2	-11623.96126518288	(t1=0.00108,	nu11=0.00075)	
2	-864.6129088795278	(t1=8e-05,	nu11=0.00075)	
2	-322.4224966688198	(t1=0.00013,	nu11=0.00075)	
2	-11622.150576374494	(t1=0.00113,	nu11=0.00075)	
2	-320.2598199034692	(t1=0.00013,	nu11=0.00075)	
2	-240.61117165605538	(t1=0.00013,	nu11=0.00075)	
2	-11622.574122513062	(t1=0.00113,	nu11=0.00075)	
2	-239.01162449078402	(t1=0.00013,	nu11=0.00075)	
2	-185.1821560310782	(t1=0.0001,	nu11=0.00075)	
2	-11623.83523257845	(t1=0.0011,	nu11=0.00075)	
2	-186.21381502324948	(t1=0.0001,	nu11=0.00075)	
2	-199.5357958302484	(t1=0.0001,	nu11=0.00075)	
2	-11623.871497208718	(t1=0.0011,	nu11=0.00075)	
2	-200.70746268006042	(t1=0.0001,	nu11=0.00075)	
2	-186.45017495495267	(t1=0.0001,	nu11=0.00075)	
2	-11623.838788424153	(t1=0.0011,	nu11=0.00075)	
2	-187.49505218706327	(t1=0.0001,	nu11=0.00075)	
2	-185.30526067997562	(t1=0.0001,	nu11=0.00075)	
2	-11623.835581228312	(t1=0.0011,	nu11=0.00075)	
2	-186.338211212249	(t1=0.0001,	nu11=0.00075)	
2	-185.19421632401645	(t1=0.0001,	nu11=0.00075)	
2	-11623.835266768001	(t1=0.0011,	nu11=0.00075)	
2	-186.2260019251844	(t1=0.0001,	nu11=0.00075)	
2	-185.18333859957056	(t1=0.0001,	nu11=0.00075)	
2	-11623.835235931212	(t1=0.0011,	nu11=0.00075)	
2	-186.21501000743592	(t1=0.0001,	nu11=0.00075)	
2	-185.18227199686226	(t1=0.0001,	nu11=0.00075)	
2	-11623.835232907673	(t1=0.0011,	nu11=0.00075)	
2	-186.2139322074363	(t1=0.0001,	nu11=0.00075)	
2	-185.1821674030507	(t1=0.0001,	nu11=0.00075)	
2	-11623.835232610407	(t1=0.0011,	nu11=0.00075)	
2	-186.21382651512977	(t1=0.0001,	nu11=0.00075)	
2	-185.18215714610415	(t1=0.0001,	nu11=0.00075)	
2	-11623.835232582234	(t1=0.0011,	nu11=0.00075)	
2	-186.21381615003338	(t1=0.0001,	nu11=0.00075)	
2	-185.18215614027577	(t1=0.0001,	nu11=0.00075)	
2	-11623.835232578334	(t1=0.0011,	nu11=0.00075)	
2	-186.21381513390224	(t1=0.0001,	nu11=0.00075)	
2	-185.1821560418466	(t1=0.0001,	nu11=0.00075)	
2	-11623.835232578684	(t1=0.0011,	nu11=0.00075)	
2	-186.21381503465818	(t1=0.0001,	nu11=0.00075)	
2	-185.18215603206772	(t1=0.0001,	nu11=0.00075)	
2	-11623.835232578684	(t1=0.0011,	nu11=0.00075)	
2	-186.21381502476288	(t1=0.0001,	nu11=0.00075)	
2	-185.18215603101999	(t1=0.0001,	nu11=0.00075)	
2	-11623.835232578684	(t1=0.0011,	nu11=0.00075)	
2	-186.2138150234823	(t1=0.0001,	nu11=0.00075)	
2	-185.18215603096178	(t1=0.0001,	nu11=0.00075)	
2	-11623.835232578567	(t1=0.0011,	nu11=0.00075)	
2	-186.21381502394797	(t1=0.0001,	nu11=0.00075)	
2	-185.18215603125282	(t1=0.0001,	nu11=0.00075)	
2	-11623.835232579033	(t1=0.0011,	nu11=0.00075)	
2	-186.21381502383156	(t1=0.0001,	nu11=0.00075)	
2	-185.18215603125282	(t1=0.0001,	nu11=0.00075)	
2	-11623.835232578742	(t1=0.0011,	nu11=0.00075)	
2	-186.2138150240644	(t1=0.0001,	nu11=0.00075)	
2	-185.18215603067074	(t1=0.0001,	nu11=0.00075)	
2	-11623.835232578684	(t1=0.0011,	nu11=0.00075)	
2	-186.21381502354052	(t1=0.0001,	nu11=0.00075)	
2	-185.18215603096178	(t1=0.0001,	nu11=0.00075)	
2	-11623.835232578684	(t1=0.0011,	nu11=0.00075)	
2	-186.21381502354052	(t1=0.0001,	nu11=0.00075)	
2	-185.18215603067074	(t1=0.0001,	nu11=0.00075)	
2	-11623.835232578684	(t1=0.0011,	nu11=0.00075)	
2	-186.21381502354052	(t1=0.0001,	nu11=0.00075)	
2	-999.1809090900933	(t1=0.00016,	nu11=0.00075)	
