0	-1387.9015589973424	(t1=0.00016,	nu11=0.00075)	
1	-1387.9015589973424	(t1=0.00016,	nu11=0.00075)	
2	-9054.9744758124	(t1=0.00116,	nu11=0.00075)	
2	-1386.1672068975167	(t1=0.00016,	nu11=0.00075)	
2	-1367.0168431189377	(t1=0.00016,	nu11=0.00075)	
2	-9055.190708600334	(t1=0.00116,	nu11=0.00075)	
2	-1365.4443425402278	(t1=0.00016,	nu11=0.00075)	
2	-1347.898816297995	(t1=0.00016,	nu11=0.00075)	
2	-9055.402862270828	(t1=0.00116,	nu11=0.00075)	
2	-1346.4908108465606	(t1=0.00016,	nu11=0.00075)	
2	-1343.4017269714968	(t1=0.00016,	nu11=0.00075)	
2	-9055.45530230843	(t1=0.00116,	nu11=0.00075)	
2	-1342.0352926338091	(t1=0.00016,	nu11=0.00075)	
2	-1339.0230598959606	(t1=0.00016,	nu11=0.00075)	
2	-9055.507471763878	(t1=0.00116,	nu11=0.00075)	
2	-1337.6983521395596	(t1=0.00016,	nu11=0.00075)	
2	-1337.946773728705	(t1=0.00016,	nu11=0.00075)	
2	-9055.520475181169	(t1=0.00116,	nu11=0.00075)	
2	-1336.6325246129418	(t1=0.00016,	nu11=0.00075)	
2	-1336.878051207168	(t1=0.00016,	nu11=0.00075)	
2	-9055.533460990293	(t1=0.00116,	nu11=0.00075)	
2	-1335.5742699146504	(t1=0.00016,	nu11=0.00075)	
2	-1336.6120329953264	(t1=0.00016,	nu11=0.00075)	
2	-9055.53670495539	(t1=0.00116,	nu11=0.00075)	
2	-1335.3108703065664	(t1=0.00016,	nu11=0.00075)	
2	-1336.3464946745662	(t1=0.00016,	nu11=0.00075)	
2	-9055.539947752375	(t1=0.00116,	nu11=0.00075)	
2	-1335.0479511080775	(t1=0.00016,	nu11=0.00075)	
2	-6033.3835536889965	(t1=0.00037,	nu11=0.00075)	
2	-1336.2567377673695	(t1=0.00016,	nu11=0.00075)	
2	-9055.54104494187	(t1=0.00116,	nu11=0.00075)	
2	-1334.9590807039058	(t1=0.00016,	nu11=0.00075)	
2	-1336.1670375303365	(t1=0.00016,	nu11=0.00075)	
2	-9055.542141977	(t1=0.00116,	nu11=0.00075)	
2	-1334.8702670119237	(t1=0.00016,	nu11=0.00075)	
2	-8884.882615606999	(t1=0.00076,	nu11=0.00075)	
2	-1336.1479892516509	(t1=0.00016,	nu11=0.00075)	
2	-9055.542375006713	(t1=0.00116,	nu11=0.00075)	
2	-1334.8514070732053	(t1=0.00016,	nu11=0.00075)	
2	-1336.1289436378283	(t1=0.00016,	nu11=0.00075)	
2	-9055.542608028394	(t1=0.00116,	nu11=0.00075)	
2	-1334.8325497996993	(t1=0.00016,	nu11=0.00075)	
2	-9043.759109270177	(t1=0.00096,	nu11=0.00075)	
2	-1336.1245153163327	(t1=0.00016,	nu11=0.00075)	
2	-9055.542662212509	(t1=0.00116,	nu11=0.00075)	
2	-1334.8281652741134	(t1=0.00016,	nu11=0.00075)	
2	-1336.1200871512992	(t1=0.00016,	nu11=0.00075)	
2	-9055.542716394993	(t1=0.00116,	nu11=0.00075)	
2	-1334.823780903942	(t1=0.00016,	nu11=0.00075)	
2	-5083.236627550679	(t1=6e-05,	nu11=0.00075)	
2	-9059.060037596151	(t1=0.00106,	nu11=0.00075)	
2	-5090.02888963779	(t1=6e-05,	nu11=0.00075)	
2	-1313.8519712080015	(t1=0.00015,	nu11=0.00075)	
2	-9055.835521133384	(t1=0.00115,	nu11=0.00075)	
2	-1312.7984959452879	(t1=0.00015,	nu11=0.00075)	
2	-1296.7799078874523	(t1=0.00015,	nu11=0.00075)	
2	-9056.102480625268	(t1=0.00115,	nu11=0.00075)	
2	-1295.9592564789345	(t1=0.00015,	nu11=0.00075)	
2	-1818.517289848416	(t1=0.0001,	nu11=0.00075)	
2	-9059.17304649984	(t1=0.0011,	nu11=0.00075)	
2	-1821.9774915912421	(t1=0.0001,	nu11=0.00075)	
2	-1281.1421957045095	(t1=0.00015,	nu11=0.00075)	
2	-9056.42289881548	(t1=0.00115,	nu11=0.00075)	
2	-1280.6169466961874	(t1=0.00015,	nu11=0.00075)	
2	-1272.9792756227544	(t1=0.00014,	nu11=0.00075)	
2	-9056.688674666337	(t1=0.00114,	nu11=0.00075)	
2	-1272.7137771830894	(t1=0.00014,	nu11=0.00075)	
2	-1371.5986949823564	(t1=0.00012,	nu11=0.00075)	
2	-9058.19689128315	(t1=0.00112,	nu11=0.00075)	
2	-1373.1683792187832	(t1=0.00012,	nu11=0.00075)	
2	-1270.2592530980473	(t1=0.00014,	nu11=0.00075)	
2	-9056.888241932145	(t1=0.00114,	nu11=0.00075)	
2	-1270.1985805238364	(t1=0.00014,	nu11=0.00075)	
2	-1270.520938355592	(t1=0.00014,	nu11=0.00075)	
2	-9057.048021282884	(t1=0.00114,	nu11=0.00075)	
2	-1270.6308981685434	(t1=0.00014,	nu11=0.00075)	
2	-1270.124578177696	(t1=0.00014,	nu11=0.00075)	
2	-9056.921574071399	(t1=0.00114,	nu11=0.00075)	
2	-1270.098996214685	(t1=0.00014,	nu11=0.00075)	
2	-1270.0871536183404	(t1=0.00014,	nu11=0.00075)	
2	-9056.94734552619	(t1=0.00114,	nu11=0.00075)	
2	-1270.0888824682916	(t1=0.00014,	nu11=0.00075)	
2	-1270.0992171284743	(t1=0.00014,	nu11=0.00075)	
2	-9056.96750149934	(t1=0.00114,	nu11=0.00075)	
2	-1270.1224165345775	(t1=0.00014,	nu11=0.00075)	
2	-1270.0866549337516	(t1=0.00014,	nu11=0.00075)	
2	-9056.951573393075	(t1=0.00114,	nu11=0.00075)	
2	-1270.092879306525	(t1=0.00014,	nu11=0.00075)	
2	-1270.08739099605	(t1=0.00014,	nu11=0.00075)	
2	-9056.954904202255	(t1=0.00114,	nu11=0.00075)	
2	-1270.0971600607736	(t1=0.00014,	nu11=0.00075)	
2	-1270.0867271802854	(t1=0.00014,	nu11=0.00075)	
2	-9056.952275136835	(t1=0.00114,	nu11=0.00075)	
2	-1270.093698136392	(t1=0.00014,	nu11=0.00075)	
2	-1270.0866665006615	(t1=0.00014,	nu11=0.00075)	
2	-9056.951721469988	(t1=0.00114,	nu11=0.00075)	
2	-1270.093048402574	(t1=0.00014,	nu11=0.00075)	
2	-1270.0866572117666	(t1=0.00014,	nu11=0.00075)	
2	-9056.951604650007	(t1=0.00114,	nu11=0.00075)	
2	-1270.0929148352006	(t1=0.00014,	nu11=0.00075)	
2	-1270.086655407562	(t1=0.00014,	nu11=0.00075)	
2	-9056.951579991379	(t1=0.00114,	nu11=0.00075)	
2	-1270.092886799248	(t1=0.00014,	nu11=0.00075)	
2	-1270.0866550335195	(t1=0.00014,	nu11=0.00075)	
2	-9056.9515747861	(t1=0.00114,	nu11=0.00075)	
2	-1270.0928808881436	(t1=0.00014,	nu11=0.00075)	
2	-1270.086654954357	(t1=0.00014,	nu11=0.00075)	
2	-9056.951573686907	(t1=0.00114,	nu11=0.00075)	
2	-1270.0928796397056	(t1=0.00014,	nu11=0.00075)	
2	-1270.086654937826	(t1=0.00014,	nu11=0.00075)	
2	-9056.95157345524	(t1=0.00114,	nu11=0.00075)	
2	-1270.0928793767234	(t1=0.00014,	nu11=0.00075)	
2	-1270.0866549345665	(t1=0.00014,	nu11=0.00075)	
2	-9056.951573406463	(t1=0.00114,	nu11=0.00075)	
2	-1270.0928793211933	(t1=0.00014,	nu11=0.00075)	
2	-1270.0866549335187	(t1=0.00014,	nu11=0.00075)	
2	-9056.95157339552	(t1=0.00114,	nu11=0.00075)	
2	-1270.0928793097846	(t1=0.00014,	nu11=0.00075)	
2	-1270.0866549341008	(t1=0.00014,	nu11=0.00075)	
2	-9056.951573397731	(t1=0.00114,	nu11=0.00075)	
2	-1270.0928793117637	(t1=0.00014,	nu11=0.00075)	
2	-1270.0866549341008	(t1=0.00014,	nu11=0.00075)	
2	-9056.951573395985	(t1=0.00114,	nu11=0.00075)	
2	-1270.0928793103667	(t1=0.00014,	nu11=0.00075)	
2	-1270.0866549335187	(t1=0.00014,	nu11=0.00075)	
2	-9056.951573396218	(t1=0.00114,	nu11=0.00075)	
2	-1270.0928793096682	(t1=0.00014,	nu11=0.00075)	
2	-1270.0866549337516	(t1=0.00014,	nu11=0.00075)	
2	-9056.951573395752	(t1=0.00114,	nu11=0.00075)	
2	-1270.0928793101339	(t1=0.00014,	nu11=0.00075)	
2	-1270.0866549339844	(t1=0.00014,	nu11=0.00075)	
2	-9056.951573396102	(t1=0.00114,	nu11=0.00075)	
2	-1270.0928793101339	(t1=0.00014,	nu11=0.00075)	
2	-1270.086654933868	(t1=0.00014,	nu11=0.00075)	
2	-9056.951573395985	(t1=0.00114,	nu11=0.00075)	
2	-1270.0928793096682	(t1=0.00014,	nu11=0.00075)	
2	-1270.086654933868	(t1=0.00014,	nu11=0.00075)	
2	-9056.951573396334	(t1=0.00114,	nu11=0.00075)	
2	-1270.0928793095518	(t1=0.00014,	nu11=0.00075)	
2	-1270.086654933868	(t1=0.00014,	nu11=0.00075)	
2	-9056.951573396218	(t1=0.00114,	nu11=0.00075)	
2	-1270.092879309901	(t1=0.00014,	nu11=0.00075)	
2	-1270.0866549335187	(t1=0.00014,	nu11=0.00075)	
2	-9056.951573396218	(t1=0.00114,	nu11=0.00075)	
2	-1270.0928793096682	(t1=0.00014,	nu11=0.00075)	
2	-1387.9015589973424	(t1=0.00016,	nu11=0.00075)	
