0	-534.4128812874551	(t1=0.00016,	nu11=0.00075)	
1	-534.4128812874551	(t1=0.00016,	nu11=0.00075)	
2	-3642.2063777145813	(t1=0.00116,	nu11=0.00075)	
2	-535.4450069578597	(t1=0.00016,	nu11=0.00075)	
2	-535.3123080985388	(t1=0.00016,	nu11=0.00075)	
2	-3642.213305115525	(t1=0.00116,	nu11=0.00075)	
2	-536.3521903822548	(t1=0.00016,	nu11=0.00075)	
2	-534.4645848474465	(t1=0.00016,	nu11=0.00075)	
2	-3642.206777826301	(t1=0.00116,	nu11=0.00075)	
2	-535.4971580077545	(t1=0.00016,	nu11=0.00075)	
2	-534.41587298573	(t1=0.00016,	nu11=0.00075)	
2	-3642.206400872383	(t1=0.00116,	nu11=0.00075)	
2	-535.4480245542945	(t1=0.00016,	nu11=0.00075)	
2	-534.413054460194	(t1=0.00016,	nu11=0.00075)	
2	-3642.2063790552784	(t1=0.00116,	nu11=0.00075)	
2	-535.4451816297951	(t1=0.00016,	nu11=0.00075)	
2	-534.412891311571	(t1=0.00016,	nu11=0.00075)	
2	-3642.2063777922885	(t1=0.00116,	nu11=0.00075)	
2	-535.4450170686468	(t1=0.00016,	nu11=0.00075)	
2	-534.4128818677273	(t1=0.00016,	nu11=0.00075)	
2	-3642.206377719005	(t1=0.00116,	nu11=0.00075)	
2	-535.4450075434288	(t1=0.00016,	nu11=0.00075)	
2	-534.4128813215066	(t1=0.00016,	nu11=0.00075)	
2	-3642.206377714989	(t1=0.00116,	nu11=0.00075)	
2	-535.4450069923187	(t1=0.00016,	nu11=0.00075)	
2	-534.4128812898416	(t1=0.00016,	nu11=0.00075)	
2	-3642.2063777148724	(t1=0.00116,	nu11=0.00075)	
2	-535.445006960188	(t1=0.00016,	nu11=0.00075)	
2	-534.4128812878625	(t1=0.00016,	nu11=0.00075)	
2	-3642.2063777145813	(t1=0.00116,	nu11=0.00075)	
2	-535.4450069580926	(t1=0.00016,	nu11=0.00075)	
2	-534.4128812878043	(t1=0.00016,	nu11=0.00075)	
2	-3642.206377714465	(t1=0.00116,	nu11=0.00075)	
2	-535.4450069579761	(t1=0.00016,	nu11=0.00075)	
2	-534.4128812874551	(t1=0.00016,	nu11=0.00075)	
2	-3642.2063777145813	(t1=0.00116,	nu11=0.00075)	
2	-535.4450069578597	(t1=0.00016,	nu11=0.00075)	
2	-534.4128812873969	(t1=0.00016,	nu11=0.00075)	
2	-3642.2063777145813	(t1=0.00116,	nu11=0.00075)	
2	-535.4450069581508	(t1=0.00016,	nu11=0.00075)	
2	-534.4128812875715	(t1=0.00016,	nu11=0.00075)	
2	-3642.206377714465	(t1=0.00116,	nu11=0.00075)	
2	-535.4450069579179	(t1=0.00016,	nu11=0.00075)	
2	-534.4128812873969	(t1=0.00016,	nu11=0.00075)	
2	-3642.2063777145813	(t1=0.00116,	nu11=0.00075)	
2	-535.4450069581508	(t1=0.00016,	nu11=0.00075)	
2	-534.4128812873969	(t1=0.00016,	nu11=0.00075)	
2	-3642.2063777145813	(t1=0.00116,	nu11=0.00075)	
2	-535.4450069579179	(t1=0.00016,	nu11=0.00075)	
2	-534.4128812875715	(t1=0.00016,	nu11=0.00075)	
2	-3642.206377714465	(t1=0.00116,	nu11=0.00075)	
2	-535.4450069579179	(t1=0.00016,	nu11=0.00075)	
2	-534.4128812873969	(t1=0.00016,	nu11=0.00075)	
2	-3642.2063777145813	(t1=0.00116,	nu11=0.00075)	
2	-535.4450069579179	(t1=0.00016,	nu11=0.00075)	
2	-534.4128812875715	(t1=0.00016,	nu11=0.00075)	
2	-3642.206377714465	(t1=0.00116,	nu11=0.00075)	
2	-535.4450069579179	(t1=0.00016,	nu11=0.00075)	
2	-534.4128812873969	(t1=0.00016,	nu11=0.00075)	
2	-3642.2063777145813	(t1=0.00116,	nu11=0.00075)	
2	-535.4450069579179	(t1=0.00016,	nu11=0.00075)	
2	-534.4128812875715	(t1=0.00016,	nu11=0.00075)	
2	-3642.206377714465	(t1=0.00116,	nu11=0.00075)	
2	-535.4450069579179	(t1=0.00016,	nu11=0.00075)	
2	-534.4128812873969	(t1=0.00016,	nu11=0.00075)	
2	-3642.2063777145813	(t1=0.00116,	nu11=0.00075)	
2	-535.4450069579179	(t1=0.00016,	nu11=0.00075)	
2	-534.4128812875715	(t1=0.00016,	nu11=0.00075)	
2	-3642.206377714465	(t1=0.00116,	nu11=0.00075)	
2	-535.4450069579179	(t1=0.00016,	nu11=0.00075)	
2	-534.4128812873969	(t1=0.00016,	nu11=0.00075)	
2	-3642.2063777145813	(t1=0.00116,	nu11=0.00075)	
2	-535.4450069579179	(t1=0.00016,	nu11=0.00075)	
2	-534.4128812875715	(t1=0.00016,	nu11=0.00075)	
2	-3642.206377714465	(t1=0.00116,	nu11=0.00075)	
2	-535.4450069579179	(t1=0.00016,	nu11=0.00075)	
2	-534.4128812873969	(t1=0.00016,	nu11=0.00075)	
2	-3642.2063777145813	(t1=0.00116,	nu11=0.00075)	
2	-535.4450069579179	(t1=0.00016,	nu11=0.00075)	
2	-534.4128812875715	(t1=0.00016,	nu11=0.00075)	
2	-3642.206377714465	(t1=0.00116,	nu11=0.00075)	
2	-535.4450069579179	(t1=0.00016,	nu11=0.00075)	
2	-534.4128812873969	(t1=0.00016,	nu11=0.00075)	
2	-3642.2063777145813	(t1=0.00116,	nu11=0.00075)	
2	-535.4450069579179	(t1=0.00016,	nu11=0.00075)	
2	-534.4128812875715	(t1=0.00016,	nu11=0.00075)	
2	-3642.206377714465	(t1=0.00116,	nu11=0.00075)	
2	-535.4450069579179	(t1=0.00016,	nu11=0.00075)	
2	-534.4128812873969	(t1=0.00016,	nu11=0.00075)	
2	-3642.2063777145813	(t1=0.00116,	nu11=0.00075)	
2	-535.4450069579179	(t1=0.00016,	nu11=0.00075)	
2	-534.4128812874551	(t1=0.00016,	nu11=0.00075)	
