0	-779.3908911132021	(t1=0.00016,	nu11=0.00075)	
1	-779.3908911132021	(t1=0.00016,	nu11=0.00075)	
2	-3817.871622055187	(t1=0.00116,	nu11=0.00075)	
2	-781.2376574644586	(t1=0.00016,	nu11=0.00075)	
2	-780.8955871234066	(t1=0.00016,	nu11=0.00075)	
2	-3817.8778911050176	(t1=0.00116,	nu11=0.00075)	
2	-782.7509420500719	(t1=0.00016,	nu11=0.00075)	
2	-779.4452094426961	(t1=0.00016,	nu11=0.00075)	
2	-3817.871849147079	(t1=0.00116,	nu11=0.00075)	
2	-781.2922865467262	(t1=0.00016,	nu11=0.00075)	
2	-779.3928611607407	(t1=0.00016,	nu11=0.00075)	
2	-3817.8716302925022	(t1=0.00116,	nu11=0.00075)	
2	-781.239638783678	(t1=0.00016,	nu11=0.00075)	
2	-779.390962576028	(t1=0.00016,	nu11=0.00075)	
2	-3817.8716223540832	(t1=0.00116,	nu11=0.00075)	
2	-781.2377293360769	(t1=0.00016,	nu11=0.00075)	
2	-779.3908937055385	(t1=0.00016,	nu11=0.00075)	
2	-3817.8716220660717	(t1=0.00116,	nu11=0.00075)	
2	-781.2376600715215	(t1=0.00016,	nu11=0.00075)	
2	-779.3908912074403	(t1=0.00016,	nu11=0.00075)	
2	-3817.8716220557108	(t1=0.00116,	nu11=0.00075)	
2	-781.2376575593953	(t1=0.00016,	nu11=0.00075)	
2	-779.3908911167528	(t1=0.00016,	nu11=0.00075)	
2	-3817.8716220551287	(t1=0.00116,	nu11=0.00075)	
2	-781.2376574679511	(t1=0.00016,	nu11=0.00075)	
2	-779.3908911132603	(t1=0.00016,	nu11=0.00075)	
2	-3817.8716220554197	(t1=0.00116,	nu11=0.00075)	
2	-781.2376574649243	(t1=0.00016,	nu11=0.00075)	
2	-779.3908911132603	(t1=0.00016,	nu11=0.00075)	
2	-3817.8716220555943	(t1=0.00116,	nu11=0.00075)	
2	-781.2376574641094	(t1=0.00016,	nu11=0.00075)	
2	-779.3908911132021	(t1=0.00016,	nu11=0.00075)	
2	-3817.871622055187	(t1=0.00116,	nu11=0.00075)	
2	-781.2376574644586	(t1=0.00016,	nu11=0.00075)	
2	-779.3908911133185	(t1=0.00016,	nu11=0.00075)	
2	-3817.8716220551287	(t1=0.00116,	nu11=0.00075)	
2	-781.2376574645168	(t1=0.00016,	nu11=0.00075)	
2	-779.3908911132021	(t1=0.00016,	nu11=0.00075)	
2	-3817.871622055187	(t1=0.00116,	nu11=0.00075)	
2	-781.2376574644586	(t1=0.00016,	nu11=0.00075)	
2	-779.3908911133185	(t1=0.00016,	nu11=0.00075)	
2	-3817.871622055187	(t1=0.00116,	nu11=0.00075)	
2	-781.2376574644004	(t1=0.00016,	nu11=0.00075)	
2	-779.3908911132021	(t1=0.00016,	nu11=0.00075)	
2	-3817.871622055187	(t1=0.00116,	nu11=0.00075)	
2	-781.2376574644586	(t1=0.00016,	nu11=0.00075)	
2	-779.3908911132603	(t1=0.00016,	nu11=0.00075)	
2	-3817.871622055187	(t1=0.00116,	nu11=0.00075)	
2	-781.237657464575	(t1=0.00016,	nu11=0.00075)	
2	-779.3908911132021	(t1=0.00016,	nu11=0.00075)	
2	-3817.871622055187	(t1=0.00116,	nu11=0.00075)	
2	-781.2376574644586	(t1=0.00016,	nu11=0.00075)	
2	-779.3908911135513	(t1=0.00016,	nu11=0.00075)	
2	-3817.871622055187	(t1=0.00116,	nu11=0.00075)	
2	-781.2376574643422	(t1=0.00016,	nu11=0.00075)	
2	-779.3908911132021	(t1=0.00016,	nu11=0.00075)	
2	-3817.871622055187	(t1=0.00116,	nu11=0.00075)	
2	-781.2376574644586	(t1=0.00016,	nu11=0.00075)	
2	-779.3908911134349	(t1=0.00016,	nu11=0.00075)	
2	-3817.871622055187	(t1=0.00116,	nu11=0.00075)	
2	-781.2376574641094	(t1=0.00016,	nu11=0.00075)	
2	-779.3908911132021	(t1=0.00016,	nu11=0.00075)	
2	-3817.871622055187	(t1=0.00116,	nu11=0.00075)	
2	-781.2376574644586	(t1=0.00016,	nu11=0.00075)	
2	-779.3908911134349	(t1=0.00016,	nu11=0.00075)	
2	-3817.871622055187	(t1=0.00116,	nu11=0.00075)	
2	-781.2376574641094	(t1=0.00016,	nu11=0.00075)	
2	-779.3908911132021	(t1=0.00016,	nu11=0.00075)	
2	-3817.871622055187	(t1=0.00116,	nu11=0.00075)	
2	-781.2376574644586	(t1=0.00016,	nu11=0.00075)	
2	-779.3908911134349	(t1=0.00016,	nu11=0.00075)	
2	-3817.871622055187	(t1=0.00116,	nu11=0.00075)	
2	-781.2376574641094	(t1=0.00016,	nu11=0.00075)	
2	-779.3908911132021	(t1=0.00016,	nu11=0.00075)	
2	-3817.871622055187	(t1=0.00116,	nu11=0.00075)	
2	-781.2376574644586	(t1=0.00016,	nu11=0.00075)	
2	-779.3908911134349	(t1=0.00016,	nu11=0.00075)	
2	-3817.871622055187	(t1=0.00116,	nu11=0.00075)	
2	-781.2376574641094	(t1=0.00016,	nu11=0.00075)	
2	-779.3908911132021	(t1=0.00016,	nu11=0.00075)	
2	-3817.871622055187	(t1=0.00116,	nu11=0.00075)	
2	-781.2376574644586	(t1=0.00016,	nu11=0.00075)	
2	-779.3908911134349	(t1=0.00016,	nu11=0.00075)	
2	-3817.871622055187	(t1=0.00116,	nu11=0.00075)	
2	-781.2376574641094	(t1=0.00016,	nu11=0.00075)	
2	-779.3908911132021	(t1=0.00016,	nu11=0.00075)	
2	-3817.871622055187	(t1=0.00116,	nu11=0.00075)	
2	-781.2376574644586	(t1=0.00016,	nu11=0.00075)	
2	-779.3908911134349	(t1=0.00016,	nu11=0.00075)	
2	-3817.871622055187	(t1=0.00116,	nu11=0.00075)	
2	-781.2376574641094	(t1=0.00016,	nu11=0.00075)	
2	-779.3908911132021	(t1=0.00016,	nu11=0.00075)	
2	-3817.871622055187	(t1=0.00116,	nu11=0.00075)	
2	-781.2376574644586	(t1=0.00016,	nu11=0.00075)	
2	-779.3908911134349	(t1=0.00016,	nu11=0.00075)	
2	-3817.871622055187	(t1=0.00116,	nu11=0.00075)	
2	-781.2376574641094	(t1=0.00016,	nu11=0.00075)	
2	-779.3908911132021	(t1=0.00016,	nu11=0.00075)	
2	-3817.871622055187	(t1=0.00116,	nu11=0.00075)	
2	-781.2376574644586	(t1=0.00016,	nu11=0.00075)	
2	-779.3908911134349	(t1=0.00016,	nu11=0.00075)	
2	-3817.871622055187	(t1=0.00116,	nu11=0.00075)	
2	-781.2376574641094	(t1=0.00016,	nu11=0.00075)	
2	-779.3908911132021	(t1=0.00016,	nu11=0.00075)	
2	-3817.871622055187	(t1=0.00116,	nu11=0.00075)	
2	-781.2376574644586	(t1=0.00016,	nu11=0.00075)	
2	-779.3908911134349	(t1=0.00016,	nu11=0.00075)	
2	-3817.871622055187	(t1=0.00116,	nu11=0.00075)	
2	-781.2376574641094	(t1=0.00016,	nu11=0.00075)	
2	-779.3908911132021	(t1=0.00016,	nu11=0.00075)	
2	-3817.871622055187	(t1=0.00116,	nu11=0.00075)	
2	-781.2376574644586	(t1=0.00016,	nu11=0.00075)	
2	-779.3908911134349	(t1=0.00016,	nu11=0.00075)	
2	-3817.871622055187	(t1=0.00116,	nu11=0.00075)	
2	-781.2376574641094	(t1=0.00016,	nu11=0.00075)	
2	-779.3908911132021	(t1=0.00016,	nu11=0.00075)	
2	-3817.871622055187	(t1=0.00116,	nu11=0.00075)	
2	-781.2376574644586	(t1=0.00016,	nu11=0.00075)	
2	-779.3908911134349	(t1=0.00016,	nu11=0.00075)	
2	-3817.871622055187	(t1=0.00116,	nu11=0.00075)	
2	-781.2376574641094	(t1=0.00016,	nu11=0.00075)	
2	-779.3908911132021	(t1=0.00016,	nu11=0.00075)	
2	-3817.871622055187	(t1=0.00116,	nu11=0.00075)	
2	-781.2376574644586	(t1=0.00016,	nu11=0.00075)	
2	-779.3908911134349	(t1=0.00016,	nu11=0.00075)	
2	-3817.871622055187	(t1=0.00116,	nu11=0.00075)	
2	-781.2376574641094	(t1=0.00016,	nu11=0.00075)	
2	-779.3908911132021	(t1=0.00016,	nu11=0.00075)	
2	-3817.871622055187	(t1=0.00116,	nu11=0.00075)	
2	-781.2376574644586	(t1=0.00016,	nu11=0.00075)	
2	-779.3908911134349	(t1=0.00016,	nu11=0.00075)	
2	-3817.871622055187	(t1=0.00116,	nu11=0.00075)	
2	-781.2376574641094	(t1=0.00016,	nu11=0.00075)	
2	-779.3908911132021	(t1=0.00016,	nu11=0.00075)	
2	-3817.871622055187	(t1=0.00116,	nu11=0.00075)	
2	-781.2376574644586	(t1=0.00016,	nu11=0.00075)	
2	-779.3908911132021	(t1=0.00016,	nu11=0.00075)	
