0	-1453.845063244109	(t1=0.00016,	nu11=0.00075)	
1	-1453.845063244109	(t1=0.00016,	nu11=0.00075)	
2	-9680.399728710297	(t1=0.00116,	nu11=0.00075)	
2	-1450.8971509954426	(t1=0.00016,	nu11=0.00075)	
2	-1409.493512971676	(t1=0.00016,	nu11=0.00075)	
2	-9680.661084240768	(t1=0.00116,	nu11=0.00075)	
2	-1406.7247010425199	(t1=0.00016,	nu11=0.00075)	
2	-1367.0785553500755	(t1=0.00016,	nu11=0.00075)	
2	-9680.916804688284	(t1=0.00116,	nu11=0.00075)	
2	-1364.4931508793961	(t1=0.00016,	nu11=0.00075)	
2	-1356.7761268079048	(t1=0.00015,	nu11=0.00075)	
2	-9680.979953120113	(t1=0.00115,	nu11=0.00075)	
2	-1354.2373339416226	(t1=0.00015,	nu11=0.00075)	
2	-1346.609581110417	(t1=0.00015,	nu11=0.00075)	
2	-9681.0427212785	(t1=0.00115,	nu11=0.00075)	
2	-1344.11765896203	(t1=0.00015,	nu11=0.00075)	
2	-1344.0881627397612	(t1=0.00015,	nu11=0.00075)	
2	-9681.05836170062	(t1=0.00115,	nu11=0.00075)	
2	-1341.6080047955038	(t1=0.00015,	nu11=0.00075)	
2	-1341.5755770070245	(t1=0.00015,	nu11=0.00075)	
2	-9681.073977281922	(t1=0.00115,	nu11=0.00075)	
2	-1339.1071987949545	(t1=0.00015,	nu11=0.00075)	
2	-1340.9487224648474	(t1=0.00015,	nu11=0.00075)	
2	-9681.077877867618	(t1=0.00115,	nu11=0.00075)	
2	-1338.4832920472836	(t1=0.00015,	nu11=0.00075)	
2	-1340.3224380004685	(t1=0.00015,	nu11=0.00075)	
2	-9681.081776805338	(t1=0.00115,	nu11=0.00075)	
2	-1337.8599562763702	(t1=0.00015,	nu11=0.00075)	
2	-5456.223264292115	(t1=0.00032,	nu11=0.00075)	
2	-1340.1052378868917	(t1=0.00015,	nu11=0.00075)	
2	-9681.083129430423	(t1=0.00115,	nu11=0.00075)	
2	-1337.6437796299579	(t1=0.00015,	nu11=0.00075)	
2	-1339.8881114007672	(t1=0.00015,	nu11=0.00075)	
2	-9681.084481826983	(t1=0.00115,	nu11=0.00075)	
2	-1337.4276766960975	(t1=0.00015,	nu11=0.00075)	
2	-9460.181757153478	(t1=0.00073,	nu11=0.00075)	
2	-1339.8426583358087	(t1=0.00015,	nu11=0.00075)	
2	-9681.08476496581	(t1=0.00115,	nu11=0.00075)	
2	-1337.3824379548896	(t1=0.00015,	nu11=0.00075)	
2	-1339.7972087987	(t1=0.00015,	nu11=0.00075)	
2	-9681.085048092064	(t1=0.00115,	nu11=0.00075)	
2	-1337.3372027439764	(t1=0.00015,	nu11=0.00075)	
2	-9664.276306769927	(t1=0.00094,	nu11=0.00075)	
2	-1339.786700549419	(t1=0.00015,	nu11=0.00075)	
2	-9681.085113554378	(t1=0.00115,	nu11=0.00075)	
2	-1337.3267440509517	(t1=0.00015,	nu11=0.00075)	
2	-1339.776192520745	(t1=0.00015,	nu11=0.00075)	
2	-9681.085179015994	(t1=0.00115,	nu11=0.00075)	
2	-1337.3162855798146	(t1=0.00015,	nu11=0.00075)	
2	-4336.513317177538	(t1=5e-05,	nu11=0.00075)	
2	-9683.951620002277	(t1=0.00105,	nu11=0.00075)	
2	-4341.927053386928	(t1=5e-05,	nu11=0.00075)	
2	-1275.7665358219529	(t1=0.00015,	nu11=0.00075)	
2	-9681.495675273822	(t1=0.00115,	nu11=0.00075)	
2	-1273.629894682439	(t1=0.00015,	nu11=0.00075)	
2	-1223.6565966848284	(t1=0.00015,	nu11=0.00075)	
2	-9681.85382806242	(t1=0.00115,	nu11=0.00075)	
2	-1221.8244647287065	(t1=0.00015,	nu11=0.00075)	
2	-1370.3171122942585	(t1=0.0001,	nu11=0.00075)	
2	-9684.69650388381	(t1=0.0011,	nu11=0.00075)	
2	-1372.6720427435357	(t1=0.0001,	nu11=0.00075)	
2	-1147.755870821653	(t1=0.00014,	nu11=0.00075)	
2	-9682.45152698073	(t1=0.00114,	nu11=0.00075)	
2	-1146.488153519691	(t1=0.00014,	nu11=0.00075)	
2	-1110.000681627309	(t1=0.00013,	nu11=0.00075)	
2	-9682.830298091401	(t1=0.00113,	nu11=0.00075)	
2	-1109.1356855073245	(t1=0.00013,	nu11=0.00075)	
2	-1101.30650144245	(t1=0.00012,	nu11=0.00075)	
2	-9683.995632897248	(t1=0.00112,	nu11=0.00075)	
2	-1102.0371575722238	(t1=0.00012,	nu11=0.00075)	
2	-1109.4818917530356	(t1=0.00011,	nu11=0.00075)	
2	-9684.056693924707	(t1=0.00111,	nu11=0.00075)	
2	-1110.320175460074	(t1=0.00011,	nu11=0.00075)	
2	-1102.100482456619	(t1=0.00012,	nu11=0.00075)	
2	-9684.002078922815	(t1=0.00112,	nu11=0.00075)	
2	-1102.842327836901	(t1=0.00012,	nu11=0.00075)	
2	-1101.3912810866022	(t1=0.00012,	nu11=0.00075)	
2	-9683.996327308821	(t1=0.00112,	nu11=0.00075)	
2	-1102.1231407031883	(t1=0.00012,	nu11=0.00075)	
2	-1101.3156455517747	(t1=0.00012,	nu11=0.00075)	
2	-9683.99570786592	(t1=0.00112,	nu11=0.00075)	
2	-1102.0464315884747	(t1=0.00012,	nu11=0.00075)	
2	-1101.3074887725525	(t1=0.00012,	nu11=0.00075)	
2	-9683.995640992769	(t1=0.00112,	nu11=0.00075)	
2	-1102.0381589294411	(t1=0.00012,	nu11=0.00075)	
2	-1101.3066080611898	(t1=0.00012,	nu11=0.00075)	
2	-9683.99563377141	(t1=0.00112,	nu11=0.00075)	
2	-1102.0372657056432	(t1=0.00012,	nu11=0.00075)	
2	-1101.306512955809	(t1=0.00012,	nu11=0.00075)	
2	-9683.995632991777	(t1=0.00112,	nu11=0.00075)	
2	-1102.0371692490298	(t1=0.00012,	nu11=0.00075)	
2	-1101.3065026859986	(t1=0.00012,	nu11=0.00075)	
2	-9683.995632907026	(t1=0.00112,	nu11=0.00075)	
2	-1102.037158832769	(t1=0.00012,	nu11=0.00075)	
2	-1101.306501576677	(t1=0.00012,	nu11=0.00075)	
2	-9683.995632898179	(t1=0.00112,	nu11=0.00075)	
2	-1102.0371577083133	(t1=0.00012,	nu11=0.00075)	
2	-1101.306501457002	(t1=0.00012,	nu11=0.00075)	
2	-9683.995632896665	(t1=0.00112,	nu11=0.00075)	
2	-1102.0371575867757	(t1=0.00012,	nu11=0.00075)	
2	-1101.3065014443127	(t1=0.00012,	nu11=0.00075)	
2	-9683.995632896898	(t1=0.00112,	nu11=0.00075)	
2	-1102.03715757397	(t1=0.00012,	nu11=0.00075)	
2	-1101.3065014429158	(t1=0.00012,	nu11=0.00075)	
2	-9683.995632897248	(t1=0.00112,	nu11=0.00075)	
2	-1102.0371575722238	(t1=0.00012,	nu11=0.00075)	
2	-1101.3065014423337	(t1=0.00012,	nu11=0.00075)	
2	-9683.995632897131	(t1=0.00112,	nu11=0.00075)	
2	-1102.037157571991	(t1=0.00012,	nu11=0.00075)	
2	-1101.30650144245	(t1=0.00012,	nu11=0.00075)	
2	-9683.995632897131	(t1=0.00112,	nu11=0.00075)	
2	-1102.0371575722238	(t1=0.00012,	nu11=0.00075)	
2	-1101.3065014423337	(t1=0.00012,	nu11=0.00075)	
2	-9683.995632897131	(t1=0.00112,	nu11=0.00075)	
2	-1102.037157571991	(t1=0.00012,	nu11=0.00075)	
2	-1101.3065014423337	(t1=0.00012,	nu11=0.00075)	
2	-9683.995632897131	(t1=0.00112,	nu11=0.00075)	
2	-1102.037157571409	(t1=0.00012,	nu11=0.00075)	
2	-1101.306501442683	(t1=0.00012,	nu11=0.00075)	
2	-9683.995632897015	(t1=0.00112,	nu11=0.00075)	
2	-1102.037157571991	(t1=0.00012,	nu11=0.00075)	
2	-1101.3065014423337	(t1=0.00012,	nu11=0.00075)	
2	-9683.995632897131	(t1=0.00112,	nu11=0.00075)	
2	-1102.037157571409	(t1=0.00012,	nu11=0.00075)	
2	-1453.845063244109	(t1=0.00016,	nu11=0.00075)	
