0	-450.19032410380896	(t1=0.00016,	nu11=0.00075)	
1	-450.19032410380896	(t1=0.00016,	nu11=0.00075)	
2	-7537.530852645403	(t1=0.00116,	nu11=0.00075)	
2	-449.13182269083336	(t1=0.00016,	nu11=0.00075)	
2	-440.2007672472391	(t1=0.00016,	nu11=0.00075)	
2	-7537.665152381174	(t1=0.00116,	nu11=0.00075)	
2	-439.27479105850216	(t1=0.00016,	nu11=0.00075)	
2	-431.44543380790856	(t1=0.00016,	nu11=0.00075)	
2	-7537.796916305437	(t1=0.00116,	nu11=0.00075)	
2	-430.65361882012803	(t1=0.00016,	nu11=0.00075)	
2	-429.45378498069476	(t1=0.00016,	nu11=0.00075)	
2	-7537.8294726257445	(t1=0.00116,	nu11=0.00075)	
2	-428.6957793973852	(t1=0.00016,	nu11=0.00075)	
2	-427.543131637387	(t1=0.00016,	nu11=0.00075)	
2	-7537.861863441649	(t1=0.00116,	nu11=0.00075)	
2	-426.8190315300599	(t1=0.00016,	nu11=0.00075)	
2	-427.078136216267	(t1=0.00016,	nu11=0.00075)	
2	-7537.869936425472	(t1=0.00116,	nu11=0.00075)	
2	-426.3625286947936	(t1=0.00016,	nu11=0.00075)	
2	-426.61827604775317	(t1=0.00016,	nu11=0.00075)	
2	-7537.877998715034	(t1=0.00116,	nu11=0.00075)	
2	-425.91116675850935	(t1=0.00016,	nu11=0.00075)	
2	-426.50410887564067	(t1=0.00016,	nu11=0.00075)	
2	-7537.880012716632	(t1=0.00116,	nu11=0.00075)	
2	-425.7991251323838	(t1=0.00016,	nu11=0.00075)	
2	-426.39026547735557	(t1=0.00016,	nu11=0.00075)	
2	-7537.8820260142675	(t1=0.00116,	nu11=0.00075)	
2	-425.68740759417415	(t1=0.00016,	nu11=0.00075)	
2	-5527.416897907853	(t1=0.00043,	nu11=0.00075)	
2	-426.352777778171	(t1=0.00016,	nu11=0.00075)	
2	-7537.882690078346	(t1=0.00116,	nu11=0.00075)	
2	-425.65062131965533	(t1=0.00016,	nu11=0.00075)	
2	-426.3153259026585	(t1=0.00016,	nu11=0.00075)	
2	-7537.883354056743	(t1=0.00116,	nu11=0.00075)	
2	-425.6138708933722	(t1=0.00016,	nu11=0.00075)	
2	-7410.6943200950045	(t1=0.00079,	nu11=0.00075)	
2	-426.30725774297025	(t1=0.00016,	nu11=0.00075)	
2	-7537.8834971676115	(t1=0.00116,	nu11=0.00075)	
2	-425.6059539357666	(t1=0.00016,	nu11=0.00075)	
2	-426.299191286671	(t1=0.00016,	nu11=0.00075)	
2	-7537.883640274289	(t1=0.00116,	nu11=0.00075)	
2	-425.59803868166637	(t1=0.00016,	nu11=0.00075)	
2	-7527.754258885165	(t1=0.00097,	nu11=0.00075)	
2	-426.29730489233043	(t1=0.00016,	nu11=0.00075)	
2	-7537.883673743694	(t1=0.00116,	nu11=0.00075)	
2	-425.59618765185587	(t1=0.00016,	nu11=0.00075)	
2	-426.29541859577876	(t1=0.00016,	nu11=0.00075)	
2	-7537.883707213798	(t1=0.00116,	nu11=0.00075)	
2	-425.5943367196014	(t1=0.00016,	nu11=0.00075)	
2	-4008.2349162320606	(t1=7e-05,	nu11=0.00075)	
2	-7540.04537844751	(t1=0.00107,	nu11=0.00075)	
2	-4015.637057083193	(t1=7e-05,	nu11=0.00075)	
2	-416.80115084920544	(t1=0.00015,	nu11=0.00075)	
2	-7538.076536333538	(t1=0.00115,	nu11=0.00075)	
2	-416.30883474554867	(t1=0.00015,	nu11=0.00075)	
2	-410.7549287658185	(t1=0.00015,	nu11=0.00075)	
2	-7538.253547892789	(t1=0.00115,	nu11=0.00075)	
2	-410.4636758577544	(t1=0.00015,	nu11=0.00075)	
2	-1021.2849344799761	(t1=0.00011,	nu11=0.00075)	
2	-7540.408692190191	(t1=0.00111,	nu11=0.00075)	
2	-1025.1006334221456	(t1=0.00011,	nu11=0.00075)	
2	-407.5807343462948	(t1=0.00015,	nu11=0.00075)	
2	-7538.4437493005535	(t1=0.00115,	nu11=0.00075)	
2	-407.51665680482984	(t1=0.00015,	nu11=0.00075)	
2	-408.07122948393226	(t1=0.00015,	nu11=0.00075)	
2	-7538.607972266502	(t1=0.00115,	nu11=0.00075)	
2	-408.21359647240024	(t1=0.00015,	nu11=0.00075)	
2	-407.4202860640362	(t1=0.00015,	nu11=0.00075)	
2	-7538.477579106111	(t1=0.00115,	nu11=0.00075)	
2	-407.3979192740517	(t1=0.00015,	nu11=0.00075)	
2	-407.38626549660694	(t1=0.00015,	nu11=0.00075)	
2	-7538.503693387494	(t1=0.00115,	nu11=0.00075)	
2	-407.3963799435878	(t1=0.00015,	nu11=0.00075)	
2	-407.4155929797562	(t1=0.00015,	nu11=0.00075)	
2	-7538.524132420076	(t1=0.00115,	nu11=0.00075)	
2	-407.45130491943564	(t1=0.00015,	nu11=0.00075)	
2	-407.388275532634	(t1=0.00015,	nu11=0.00075)	
2	-7538.507937202463	(t1=0.00115,	nu11=0.00075)	
2	-407.4036921238294	(t1=0.00015,	nu11=0.00075)	
2	-407.3865113829961	(t1=0.00015,	nu11=0.00075)	
2	-7538.504584759474	(t1=0.00115,	nu11=0.00075)	
2	-407.3977389417123	(t1=0.00015,	nu11=0.00075)	
2	-407.38630948448554	(t1=0.00015,	nu11=0.00075)	
2	-7538.503881062381	(t1=0.00115,	nu11=0.00075)	
2	-407.39665826899	(t1=0.00015,	nu11=0.00075)	
2	-407.3862744179787	(t1=0.00015,	nu11=0.00075)	
2	-7538.503732921672	(t1=0.00115,	nu11=0.00075)	
2	-407.3964382270351	(t1=0.00015,	nu11=0.00075)	
2	-407.38626736123115	(t1=0.00015,	nu11=0.00075)	
2	-7538.503701716312	(t1=0.00115,	nu11=0.00075)	
2	-407.3963922067778	(t1=0.00015,	nu11=0.00075)	
2	-407.3862658889266	(t1=0.00015,	nu11=0.00075)	
2	-7538.503695142106	(t1=0.00115,	nu11=0.00075)	
2	-407.39638252649456	(t1=0.00015,	nu11=0.00075)	
2	-407.38626557891257	(t1=0.00015,	nu11=0.00075)	
2	-7538.503693757346	(t1=0.00115,	nu11=0.00075)	
2	-407.39638048782945	(t1=0.00015,	nu11=0.00075)	
2	-407.38626551406924	(t1=0.00015,	nu11=0.00075)	
2	-7538.503693464911	(t1=0.00115,	nu11=0.00075)	
2	-407.3963800581405	(t1=0.00015,	nu11=0.00075)	
2	-407.3862655000994	(t1=0.00015,	nu11=0.00075)	
2	-7538.503693403909	(t1=0.00115,	nu11=0.00075)	
2	-407.3963799675694	(t1=0.00015,	nu11=0.00075)	
2	-407.38626549753826	(t1=0.00015,	nu11=0.00075)	
2	-7538.503693391336	(t1=0.00115,	nu11=0.00075)	
2	-407.3963799488265	(t1=0.00015,	nu11=0.00075)	
2	-407.3862654970726	(t1=0.00015,	nu11=0.00075)	
2	-7538.50369338796	(t1=0.00115,	nu11=0.00075)	
2	-407.39637994475197	(t1=0.00015,	nu11=0.00075)	
2	-407.38626549660694	(t1=0.00015,	nu11=0.00075)	
2	-7538.503693387727	(t1=0.00115,	nu11=0.00075)	
2	-407.39637994382065	(t1=0.00015,	nu11=0.00075)	
2	-407.38626549660694	(t1=0.00015,	nu11=0.00075)	
2	-7538.5036933880765	(t1=0.00115,	nu11=0.00075)	
2	-407.39637994382065	(t1=0.00015,	nu11=0.00075)	
2	-407.3862654964905	(t1=0.00015,	nu11=0.00075)	
2	-7538.503693387727	(t1=0.00115,	nu11=0.00075)	
2	-407.3963799435878	(t1=0.00015,	nu11=0.00075)	
2	-407.3862654963741	(t1=0.00015,	nu11=0.00075)	
2	-7538.50369338796	(t1=0.00115,	nu11=0.00075)	
2	-407.39637994463556	(t1=0.00015,	nu11=0.00075)	
2	-407.3862654970726	(t1=0.00015,	nu11=0.00075)	
2	-7538.5036933880765	(t1=0.00115,	nu11=0.00075)	
2	-407.3963799449848	(t1=0.00015,	nu11=0.00075)	
2	-407.38626549683977	(t1=0.00015,	nu11=0.00075)	
2	-7538.50369338796	(t1=0.00115,	nu11=0.00075)	
2	-407.39637994451914	(t1=0.00015,	nu11=0.00075)	
2	-407.38626549683977	(t1=0.00015,	nu11=0.00075)	
2	-7538.503693388193	(t1=0.00115,	nu11=0.00075)	
2	-407.39637994393706	(t1=0.00015,	nu11=0.00075)	
2	-407.3862654963741	(t1=0.00015,	nu11=0.00075)	
2	-7538.50369338796	(t1=0.00115,	nu11=0.00075)	
2	-407.39637994463556	(t1=0.00015,	nu11=0.00075)	
2	-407.38626549660694	(t1=0.00015,	nu11=0.00075)	
2	-7538.50369338796	(t1=0.00115,	nu11=0.00075)	
2	-407.39637994451914	(t1=0.00015,	nu11=0.00075)	
2	-407.3862654963741	(t1=0.00015,	nu11=0.00075)	
2	-7538.50369338796	(t1=0.00115,	nu11=0.00075)	
2	-407.39637994463556	(t1=0.00015,	nu11=0.00075)	
2	-450.19032410380896	(t1=0.00016,	nu11=0.00075)	
