0	-1400.086487366818	(t1=0.00016,	nu11=0.00075)	
1	-1400.086487366818	(t1=0.00016,	nu11=0.00075)	
2	-7214.352588960435	(t1=0.00116,	nu11=0.00075)	
2	-1400.726414678269	(t1=0.00016,	nu11=0.00075)	
2	-1403.8175638873363	(t1=0.00016,	nu11=0.00075)	
2	-7214.407839168445	(t1=0.00116,	nu11=0.00075)	
2	-1404.5370106302435	(t1=0.00016,	nu11=0.00075)	
2	-1400.47019544465	(t1=0.00016,	nu11=0.00075)	
2	-7214.358639975195	(t1=0.00116,	nu11=0.00075)	
2	-1401.1187565773726	(t1=0.00016,	nu11=0.00075)	
2	-1400.129112425493	(t1=0.00016,	nu11=0.00075)	
2	-7214.353265864775	(t1=0.00116,	nu11=0.00075)	
2	-1400.770004664897	(t1=0.00016,	nu11=0.00075)	
2	-1400.091263072216	(t1=0.00016,	nu11=0.00075)	
2	-7214.352664860082	(t1=0.00116,	nu11=0.00075)	
2	-1400.7312985678436	(t1=0.00016,	nu11=0.00075)	
2	-1400.0870229481952	(t1=0.00016,	nu11=0.00075)	
2	-7214.352597473189	(t1=0.00116,	nu11=0.00075)	
2	-1400.7269623932661	(t1=0.00016,	nu11=0.00075)	
2	-1400.0865474365419	(t1=0.00016,	nu11=0.00075)	
2	-7214.352589914575	(t1=0.00116,	nu11=0.00075)	
2	-1400.7264761092374	(t1=0.00016,	nu11=0.00075)	
2	-1400.0864941041218	(t1=0.00016,	nu11=0.00075)	
2	-7214.352589067072	(t1=0.00116,	nu11=0.00075)	
2	-1400.72642156831	(t1=0.00016,	nu11=0.00075)	
2	-1400.086488122237	(t1=0.00016,	nu11=0.00075)	
2	-7214.352588972892	(t1=0.00116,	nu11=0.00075)	
2	-1400.7264154511504	(t1=0.00016,	nu11=0.00075)	
2	-1400.086487451219	(t1=0.00016,	nu11=0.00075)	
2	-7214.35258896125	(t1=0.00116,	nu11=0.00075)	
2	-1400.726414764882	(t1=0.00016,	nu11=0.00075)	
2	-1400.0864873761311	(t1=0.00016,	nu11=0.00075)	
2	-7214.352588960435	(t1=0.00116,	nu11=0.00075)	
2	-1400.7264146881644	(t1=0.00016,	nu11=0.00075)	
2	-1400.0864873675164	(t1=0.00016,	nu11=0.00075)	
2	-7214.352588960086	(t1=0.00116,	nu11=0.00075)	
2	-1400.7264146795496	(t1=0.00016,	nu11=0.00075)	
2	-1400.086487366003	(t1=0.00016,	nu11=0.00075)	
2	-7214.352588960435	(t1=0.00116,	nu11=0.00075)	
2	-1400.726414678502	(t1=0.00016,	nu11=0.00075)	
2	-1400.086487366818	(t1=0.00016,	nu11=0.00075)	
2	-7214.352588960435	(t1=0.00116,	nu11=0.00075)	
2	-1400.726414678269	(t1=0.00016,	nu11=0.00075)	
2	-1400.0864873667015	(t1=0.00016,	nu11=0.00075)	
2	-7214.352588960435	(t1=0.00116,	nu11=0.00075)	
2	-1400.7264146792004	(t1=0.00016,	nu11=0.00075)	
2	-1400.086487366003	(t1=0.00016,	nu11=0.00075)	
2	-7214.352588960435	(t1=0.00116,	nu11=0.00075)	
2	-1400.726414678502	(t1=0.00016,	nu11=0.00075)	
2	-1400.0864873661194	(t1=0.00016,	nu11=0.00075)	
2	-7214.352588960668	(t1=0.00116,	nu11=0.00075)	
2	-1400.726414678502	(t1=0.00016,	nu11=0.00075)	
2	-1400.086487366003	(t1=0.00016,	nu11=0.00075)	
2	-7214.352588960435	(t1=0.00116,	nu11=0.00075)	
2	-1400.726414678502	(t1=0.00016,	nu11=0.00075)	
2	-1400.0864873669343	(t1=0.00016,	nu11=0.00075)	
2	-7214.352588960668	(t1=0.00116,	nu11=0.00075)	
2	-1400.7264146787347	(t1=0.00016,	nu11=0.00075)	
2	-1400.086487366003	(t1=0.00016,	nu11=0.00075)	
2	-7214.352588960435	(t1=0.00116,	nu11=0.00075)	
2	-1400.726414678502	(t1=0.00016,	nu11=0.00075)	
2	-1400.0864873667015	(t1=0.00016,	nu11=0.00075)	
2	-7214.352588960435	(t1=0.00116,	nu11=0.00075)	
2	-1400.7264146786183	(t1=0.00016,	nu11=0.00075)	
2	-1400.086487366003	(t1=0.00016,	nu11=0.00075)	
2	-7214.352588960435	(t1=0.00116,	nu11=0.00075)	
2	-1400.726414678502	(t1=0.00016,	nu11=0.00075)	
2	-1400.0864873658866	(t1=0.00016,	nu11=0.00075)	
2	-7214.352588960435	(t1=0.00116,	nu11=0.00075)	
2	-1400.726414678502	(t1=0.00016,	nu11=0.00075)	
2	-1400.0864873663522	(t1=0.00016,	nu11=0.00075)	
2	-7214.352588960435	(t1=0.00116,	nu11=0.00075)	
2	-1400.7264146781527	(t1=0.00016,	nu11=0.00075)	
2	-1400.0864873658866	(t1=0.00016,	nu11=0.00075)	
2	-7214.352588960435	(t1=0.00116,	nu11=0.00075)	
2	-1400.726414678502	(t1=0.00016,	nu11=0.00075)	
2	-1400.0864873663522	(t1=0.00016,	nu11=0.00075)	
2	-7214.352588960435	(t1=0.00116,	nu11=0.00075)	
2	-1400.7264146781527	(t1=0.00016,	nu11=0.00075)	
2	-1400.0864873658866	(t1=0.00016,	nu11=0.00075)	
2	-7214.352588960435	(t1=0.00116,	nu11=0.00075)	
2	-1400.726414678502	(t1=0.00016,	nu11=0.00075)	
2	-1400.0864873663522	(t1=0.00016,	nu11=0.00075)	
2	-7214.352588960435	(t1=0.00116,	nu11=0.00075)	
2	-1400.7264146781527	(t1=0.00016,	nu11=0.00075)	
2	-1400.0864873658866	(t1=0.00016,	nu11=0.00075)	
2	-7214.352588960435	(t1=0.00116,	nu11=0.00075)	
2	-1400.726414678502	(t1=0.00016,	nu11=0.00075)	
2	-1400.0864873663522	(t1=0.00016,	nu11=0.00075)	
2	-7214.352588960435	(t1=0.00116,	nu11=0.00075)	
2	-1400.7264146781527	(t1=0.00016,	nu11=0.00075)	
2	-1400.0864873658866	(t1=0.00016,	nu11=0.00075)	
2	-7214.352588960435	(t1=0.00116,	nu11=0.00075)	
2	-1400.726414678502	(t1=0.00016,	nu11=0.00075)	
2	-1400.0864873663522	(t1=0.00016,	nu11=0.00075)	
2	-7214.352588960435	(t1=0.00116,	nu11=0.00075)	
2	-1400.7264146781527	(t1=0.00016,	nu11=0.00075)	
2	-1400.0864873658866	(t1=0.00016,	nu11=0.00075)	
2	-7214.352588960435	(t1=0.00116,	nu11=0.00075)	
2	-1400.726414678502	(t1=0.00016,	nu11=0.00075)	
2	-1400.0864873663522	(t1=0.00016,	nu11=0.00075)	
2	-7214.352588960435	(t1=0.00116,	nu11=0.00075)	
2	-1400.7264146781527	(t1=0.00016,	nu11=0.00075)	
2	-1400.0864873658866	(t1=0.00016,	nu11=0.00075)	
2	-7214.352588960435	(t1=0.00116,	nu11=0.00075)	
2	-1400.726414678502	(t1=0.00016,	nu11=0.00075)	
2	-1400.0864873663522	(t1=0.00016,	nu11=0.00075)	
2	-7214.352588960435	(t1=0.00116,	nu11=0.00075)	
2	-1400.7264146781527	(t1=0.00016,	nu11=0.00075)	
2	-1400.0864873658866	(t1=0.00016,	nu11=0.00075)	
2	-7214.352588960435	(t1=0.00116,	nu11=0.00075)	
2	-1400.726414678502	(t1=0.00016,	nu11=0.00075)	
2	-1400.0864873663522	(t1=0.00016,	nu11=0.00075)	
2	-7214.352588960435	(t1=0.00116,	nu11=0.00075)	
2	-1400.7264146781527	(t1=0.00016,	nu11=0.00075)	
2	-1400.0864873658866	(t1=0.00016,	nu11=0.00075)	
2	-7214.352588960435	(t1=0.00116,	nu11=0.00075)	
2	-1400.726414678502	(t1=0.00016,	nu11=0.00075)	
2	-1400.0864873663522	(t1=0.00016,	nu11=0.00075)	
2	-7214.352588960435	(t1=0.00116,	nu11=0.00075)	
2	-1400.7264146781527	(t1=0.00016,	nu11=0.00075)	
2	-1400.0864873658866	(t1=0.00016,	nu11=0.00075)	
2	-7214.352588960435	(t1=0.00116,	nu11=0.00075)	
2	-1400.726414678502	(t1=0.00016,	nu11=0.00075)	
2	-1400.0864873663522	(t1=0.00016,	nu11=0.00075)	
2	-7214.352588960435	(t1=0.00116,	nu11=0.00075)	
2	-1400.7264146781527	(t1=0.00016,	nu11=0.00075)	
2	-1400.0864873658866	(t1=0.00016,	nu11=0.00075)	
2	-7214.352588960435	(t1=0.00116,	nu11=0.00075)	
2	-1400.726414678502	(t1=0.00016,	nu11=0.00075)	
2	-1400.0864873663522	(t1=0.00016,	nu11=0.00075)	
2	-7214.352588960435	(t1=0.00116,	nu11=0.00075)	
2	-1400.7264146781527	(t1=0.00016,	nu11=0.00075)	
2	-1400.0864873658866	(t1=0.00016,	nu11=0.00075)	
2	-7214.352588960435	(t1=0.00116,	nu11=0.00075)	
2	-1400.726414678502	(t1=0.00016,	nu11=0.00075)	
2	-1400.0864873663522	(t1=0.00016,	nu11=0.00075)	
2	-7214.352588960435	(t1=0.00116,	nu11=0.00075)	
2	-1400.7264146781527	(t1=0.00016,	nu11=0.00075)	
2	-1400.0864873658866	(t1=0.00016,	nu11=0.00075)	
2	-7214.352588960435	(t1=0.00116,	nu11=0.00075)	
2	-1400.726414678502	(t1=0.00016,	nu11=0.00075)	
2	-1400.086487366818	(t1=0.00016,	nu11=0.00075)	
