0	-418.5560085672769	(t1=0.00016,	nu11=0.00075)	
1	-418.5560085672769	(t1=0.00016,	nu11=0.00075)	
2	-4074.600744219788	(t1=0.00116,	nu11=0.00075)	
2	-420.01415697752964	(t1=0.00016,	nu11=0.00075)	
2	-420.61745872488245	(t1=0.00016,	nu11=0.00075)	
2	-4074.612878881453	(t1=0.00116,	nu11=0.00075)	
2	-422.0912239351892	(t1=0.00016,	nu11=0.00075)	
2	-418.6592496498488	(t1=0.00016,	nu11=0.00075)	
2	-4074.6013563066954	(t1=0.00116,	nu11=0.00075)	
2	-420.11818421276985	(t1=0.00016,	nu11=0.00075)	
2	-418.5612297979533	(t1=0.00016,	nu11=0.00075)	
2	-4074.60077518638	(t1=0.00116,	nu11=0.00075)	
2	-420.0194179767859	(t1=0.00016,	nu11=0.00075)	
2	-418.55627275200095	(t1=0.00016,	nu11=0.00075)	
2	-4074.600745787204	(t1=0.00116,	nu11=0.00075)	
2	-420.0144231740269	(t1=0.00016,	nu11=0.00075)	
2	-418.5560219345498	(t1=0.00016,	nu11=0.00075)	
2	-4074.6007442993578	(t1=0.00116,	nu11=0.00075)	
2	-420.01417044724803	(t1=0.00016,	nu11=0.00075)	
2	-418.5560092436499	(t1=0.00016,	nu11=0.00075)	
2	-4074.6007442243863	(t1=0.00116,	nu11=0.00075)	
2	-420.0141576593742	(t1=0.00016,	nu11=0.00075)	
2	-418.5560086017358	(t1=0.00016,	nu11=0.00075)	
2	-4074.6007442203118	(t1=0.00116,	nu11=0.00075)	
2	-420.0141570122214	(t1=0.00016,	nu11=0.00075)	
2	-418.55600856937235	(t1=0.00016,	nu11=0.00075)	
2	-4074.6007442205446	(t1=0.00116,	nu11=0.00075)	
2	-420.0141569795087	(t1=0.00016,	nu11=0.00075)	
2	-418.55600856704405	(t1=0.00016,	nu11=0.00075)	
2	-4074.6007442203118	(t1=0.00116,	nu11=0.00075)	
2	-420.0141569778207	(t1=0.00016,	nu11=0.00075)	
2	-418.5560085676261	(t1=0.00016,	nu11=0.00075)	
2	-4074.6007442199043	(t1=0.00116,	nu11=0.00075)	
2	-420.01415697770426	(t1=0.00016,	nu11=0.00075)	
2	-418.55600856704405	(t1=0.00016,	nu11=0.00075)	
2	-4074.6007442203118	(t1=0.00116,	nu11=0.00075)	
2	-420.0141569778207	(t1=0.00016,	nu11=0.00075)	
2	-418.55600856704405	(t1=0.00016,	nu11=0.00075)	
2	-4074.6007442203118	(t1=0.00116,	nu11=0.00075)	
2	-420.0141569774132	(t1=0.00016,	nu11=0.00075)	
2	-418.55600856716046	(t1=0.00016,	nu11=0.00075)	
2	-4074.600744220137	(t1=0.00116,	nu11=0.00075)	
2	-420.0141569778789	(t1=0.00016,	nu11=0.00075)	
2	-418.55600856710225	(t1=0.00016,	nu11=0.00075)	
2	-4074.6007442202535	(t1=0.00116,	nu11=0.00075)	
2	-420.01415697747143	(t1=0.00016,	nu11=0.00075)	
2	-418.55600856704405	(t1=0.00016,	nu11=0.00075)	
2	-4074.6007442203118	(t1=0.00116,	nu11=0.00075)	
2	-420.0141569774132	(t1=0.00016,	nu11=0.00075)	
2	-418.5560085673351	(t1=0.00016,	nu11=0.00075)	
2	-4074.6007442202535	(t1=0.00116,	nu11=0.00075)	
2	-420.0141569772386	(t1=0.00016,	nu11=0.00075)	
2	-418.55600856704405	(t1=0.00016,	nu11=0.00075)	
2	-4074.6007442203118	(t1=0.00116,	nu11=0.00075)	
2	-420.0141569774132	(t1=0.00016,	nu11=0.00075)	
2	-418.5560085673351	(t1=0.00016,	nu11=0.00075)	
2	-4074.6007442202535	(t1=0.00116,	nu11=0.00075)	
2	-420.0141569772386	(t1=0.00016,	nu11=0.00075)	
2	-418.55600856704405	(t1=0.00016,	nu11=0.00075)	
2	-4074.6007442203118	(t1=0.00116,	nu11=0.00075)	
2	-420.0141569774132	(t1=0.00016,	nu11=0.00075)	
2	-418.5560085673351	(t1=0.00016,	nu11=0.00075)	
2	-4074.6007442202535	(t1=0.00116,	nu11=0.00075)	
2	-420.0141569772386	(t1=0.00016,	nu11=0.00075)	
2	-418.55600856704405	(t1=0.00016,	nu11=0.00075)	
2	-4074.6007442203118	(t1=0.00116,	nu11=0.00075)	
2	-420.0141569774132	(t1=0.00016,	nu11=0.00075)	
2	-418.5560085673351	(t1=0.00016,	nu11=0.00075)	
2	-4074.6007442202535	(t1=0.00116,	nu11=0.00075)	
2	-420.0141569772386	(t1=0.00016,	nu11=0.00075)	
2	-418.55600856704405	(t1=0.00016,	nu11=0.00075)	
2	-4074.6007442203118	(t1=0.00116,	nu11=0.00075)	
2	-420.0141569774132	(t1=0.00016,	nu11=0.00075)	
2	-418.5560085673351	(t1=0.00016,	nu11=0.00075)	
2	-4074.6007442202535	(t1=0.00116,	nu11=0.00075)	
2	-420.0141569772386	(t1=0.00016,	nu11=0.00075)	
2	-418.55600856704405	(t1=0.00016,	nu11=0.00075)	
2	-4074.6007442203118	(t1=0.00116,	nu11=0.00075)	
2	-420.0141569774132	(t1=0.00016,	nu11=0.00075)	
2	-418.5560085673351	(t1=0.00016,	nu11=0.00075)	
2	-4074.6007442202535	(t1=0.00116,	nu11=0.00075)	
2	-420.0141569772386	(t1=0.00016,	nu11=0.00075)	
2	-418.55600856704405	(t1=0.00016,	nu11=0.00075)	
2	-4074.6007442203118	(t1=0.00116,	nu11=0.00075)	
2	-420.0141569774132	(t1=0.00016,	nu11=0.00075)	
2	-418.5560085673351	(t1=0.00016,	nu11=0.00075)	
2	-4074.6007442202535	(t1=0.00116,	nu11=0.00075)	
2	-420.0141569772386	(t1=0.00016,	nu11=0.00075)	
2	-418.55600856704405	(t1=0.00016,	nu11=0.00075)	
2	-4074.6007442203118	(t1=0.00116,	nu11=0.00075)	
2	-420.0141569774132	(t1=0.00016,	nu11=0.00075)	
2	-418.5560085673351	(t1=0.00016,	nu11=0.00075)	
2	-4074.6007442202535	(t1=0.00116,	nu11=0.00075)	
2	-420.0141569772386	(t1=0.00016,	nu11=0.00075)	
2	-418.55600856704405	(t1=0.00016,	nu11=0.00075)	
2	-4074.6007442203118	(t1=0.00116,	nu11=0.00075)	
2	-420.0141569774132	(t1=0.00016,	nu11=0.00075)	
2	-418.5560085673351	(t1=0.00016,	nu11=0.00075)	
2	-4074.6007442202535	(t1=0.00116,	nu11=0.00075)	
2	-420.0141569772386	(t1=0.00016,	nu11=0.00075)	
2	-418.55600856704405	(t1=0.00016,	nu11=0.00075)	
2	-4074.6007442203118	(t1=0.00116,	nu11=0.00075)	
2	-420.0141569774132	(t1=0.00016,	nu11=0.00075)	
2	-418.5560085673351	(t1=0.00016,	nu11=0.00075)	
2	-4074.6007442202535	(t1=0.00116,	nu11=0.00075)	
2	-420.0141569772386	(t1=0.00016,	nu11=0.00075)	
2	-418.55600856704405	(t1=0.00016,	nu11=0.00075)	
2	-4074.6007442203118	(t1=0.00116,	nu11=0.00075)	
2	-420.0141569774132	(t1=0.00016,	nu11=0.00075)	
2	-418.5560085672769	(t1=0.00016,	nu11=0.00075)	
