0	-403.53032494738	(t1=0.00016,	nu11=0.00075)	
1	-403.53032494738	(t1=0.00016,	nu11=0.00075)	
2	-4407.352894079057	(t1=0.00116,	nu11=0.00075)	
2	-404.05811510939384	(t1=0.00016,	nu11=0.00075)	
2	-404.5128282540827	(t1=0.00016,	nu11=0.00075)	
2	-4407.369439405913	(t1=0.00116,	nu11=0.00075)	
2	-405.05879175430164	(t1=0.00016,	nu11=0.00075)	
2	-403.6285248022177	(t1=0.00016,	nu11=0.00075)	
2	-4407.35457770084	(t1=0.00116,	nu11=0.00075)	
2	-404.15815972472774	(t1=0.00016,	nu11=0.00075)	
2	-403.5403672598186	(t1=0.00016,	nu11=0.00075)	
2	-4407.353066569369	(t1=0.00116,	nu11=0.00075)	
2	-404.0683463733294	(t1=0.00016,	nu11=0.00075)	
2	-403.53135431796545	(t1=0.00016,	nu11=0.00075)	
2	-4407.35291176365	(t1=0.00116,	nu11=0.00075)	
2	-404.0591638511978	(t1=0.00016,	nu11=0.00075)	
2	-403.5304304866004	(t1=0.00016,	nu11=0.00075)	
2	-4407.352895892633	(t1=0.00116,	nu11=0.00075)	
2	-404.0582226346596	(t1=0.00016,	nu11=0.00075)	
2	-403.53033576800954	(t1=0.00016,	nu11=0.00075)	
2	-4407.352894264972	(t1=0.00116,	nu11=0.00075)	
2	-404.0581261338666	(t1=0.00016,	nu11=0.00075)	
2	-403.5303260568762	(t1=0.00016,	nu11=0.00075)	
2	-4407.352894098498	(t1=0.00116,	nu11=0.00075)	
2	-404.0581162395538	(t1=0.00016,	nu11=0.00075)	
2	-403.53032506088493	(t1=0.00016,	nu11=0.00075)	
2	-4407.352894081385	(t1=0.00116,	nu11=0.00075)	
2	-404.0581152251689	(t1=0.00016,	nu11=0.00075)	
2	-403.530324959429	(t1=0.00016,	nu11=0.00075)	
2	-4407.352894079464	(t1=0.00116,	nu11=0.00075)	
2	-404.05811512097716	(t1=0.00016,	nu11=0.00075)	
2	-403.5303249481367	(t1=0.00016,	nu11=0.00075)	
2	-4407.352894079406	(t1=0.00116,	nu11=0.00075)	
2	-404.0581151104416	(t1=0.00016,	nu11=0.00075)	
2	-403.5303249472054	(t1=0.00016,	nu11=0.00075)	
2	-4407.352894079406	(t1=0.00116,	nu11=0.00075)	
2	-404.05811510956846	(t1=0.00016,	nu11=0.00075)	
2	-403.5303249476128	(t1=0.00016,	nu11=0.00075)	
2	-4407.352894079289	(t1=0.00116,	nu11=0.00075)	
2	-404.05811510939384	(t1=0.00016,	nu11=0.00075)	
2	-403.5303249474382	(t1=0.00016,	nu11=0.00075)	
2	-4407.352894079464	(t1=0.00116,	nu11=0.00075)	
2	-404.0581151096849	(t1=0.00016,	nu11=0.00075)	
2	-403.5303249472054	(t1=0.00016,	nu11=0.00075)	
2	-4407.352894079406	(t1=0.00116,	nu11=0.00075)	
2	-404.05811510956846	(t1=0.00016,	nu11=0.00075)	
2	-403.53032494767103	(t1=0.00016,	nu11=0.00075)	
2	-4407.352894079406	(t1=0.00116,	nu11=0.00075)	
2	-404.05811510939384	(t1=0.00016,	nu11=0.00075)	
2	-403.5303249472054	(t1=0.00016,	nu11=0.00075)	
2	-4407.352894079406	(t1=0.00116,	nu11=0.00075)	
2	-404.05811510956846	(t1=0.00016,	nu11=0.00075)	
2	-403.5303249474964	(t1=0.00016,	nu11=0.00075)	
2	-4407.352894079406	(t1=0.00116,	nu11=0.00075)	
2	-404.05811510945205	(t1=0.00016,	nu11=0.00075)	
2	-403.5303249472054	(t1=0.00016,	nu11=0.00075)	
2	-4407.352894079406	(t1=0.00116,	nu11=0.00075)	
2	-404.05811510956846	(t1=0.00016,	nu11=0.00075)	
2	-403.5303249474964	(t1=0.00016,	nu11=0.00075)	
2	-4407.352894079057	(t1=0.00116,	nu11=0.00075)	
2	-404.05811510933563	(t1=0.00016,	nu11=0.00075)	
2	-403.5303249472054	(t1=0.00016,	nu11=0.00075)	
2	-4407.352894079406	(t1=0.00116,	nu11=0.00075)	
2	-404.05811510956846	(t1=0.00016,	nu11=0.00075)	
2	-403.53032494784566	(t1=0.00016,	nu11=0.00075)	
2	-4407.352894079057	(t1=0.00116,	nu11=0.00075)	
2	-404.05811510939384	(t1=0.00016,	nu11=0.00075)	
2	-403.5303249472054	(t1=0.00016,	nu11=0.00075)	
2	-4407.352894079406	(t1=0.00116,	nu11=0.00075)	
2	-404.05811510956846	(t1=0.00016,	nu11=0.00075)	
2	-403.5303249474382	(t1=0.00016,	nu11=0.00075)	
2	-4407.352894079406	(t1=0.00116,	nu11=0.00075)	
2	-404.0581151092774	(t1=0.00016,	nu11=0.00075)	
2	-403.5303249472054	(t1=0.00016,	nu11=0.00075)	
2	-4407.352894079406	(t1=0.00116,	nu11=0.00075)	
2	-404.05811510956846	(t1=0.00016,	nu11=0.00075)	
2	-403.5303249474382	(t1=0.00016,	nu11=0.00075)	
2	-4407.352894079406	(t1=0.00116,	nu11=0.00075)	
2	-404.05811510939384	(t1=0.00016,	nu11=0.00075)	
2	-403.5303249472054	(t1=0.00016,	nu11=0.00075)	
2	-4407.352894079406	(t1=0.00116,	nu11=0.00075)	
2	-404.05811510956846	(t1=0.00016,	nu11=0.00075)	
2	-403.5303249474382	(t1=0.00016,	nu11=0.00075)	
2	-4407.352894079406	(t1=0.00116,	nu11=0.00075)	
2	-404.05811510939384	(t1=0.00016,	nu11=0.00075)	
2	-403.5303249472054	(t1=0.00016,	nu11=0.00075)	
2	-4407.352894079406	(t1=0.00116,	nu11=0.00075)	
2	-404.05811510956846	(t1=0.00016,	nu11=0.00075)	
2	-403.5303249474382	(t1=0.00016,	nu11=0.00075)	
2	-4407.352894079406	(t1=0.00116,	nu11=0.00075)	
2	-404.05811510939384	(t1=0.00016,	nu11=0.00075)	
2	-403.5303249472054	(t1=0.00016,	nu11=0.00075)	
2	-4407.352894079406	(t1=0.00116,	nu11=0.00075)	
2	-404.05811510956846	(t1=0.00016,	nu11=0.00075)	
2	-403.5303249474382	(t1=0.00016,	nu11=0.00075)	
2	-4407.352894079406	(t1=0.00116,	nu11=0.00075)	
2	-404.05811510939384	(t1=0.00016,	nu11=0.00075)	
2	-403.5303249472054	(t1=0.00016,	nu11=0.00075)	
2	-4407.352894079406	(t1=0.00116,	nu11=0.00075)	
2	-404.05811510956846	(t1=0.00016,	nu11=0.00075)	
2	-403.5303249474382	(t1=0.00016,	nu11=0.00075)	
2	-4407.352894079406	(t1=0.00116,	nu11=0.00075)	
2	-404.05811510939384	(t1=0.00016,	nu11=0.00075)	
2	-403.5303249472054	(t1=0.00016,	nu11=0.00075)	
2	-4407.352894079406	(t1=0.00116,	nu11=0.00075)	
2	-404.05811510956846	(t1=0.00016,	nu11=0.00075)	
2	-403.5303249474382	(t1=0.00016,	nu11=0.00075)	
2	-4407.352894079406	(t1=0.00116,	nu11=0.00075)	
2	-404.05811510939384	(t1=0.00016,	nu11=0.00075)	
2	-403.5303249472054	(t1=0.00016,	nu11=0.00075)	
2	-4407.352894079406	(t1=0.00116,	nu11=0.00075)	
2	-404.05811510956846	(t1=0.00016,	nu11=0.00075)	
2	-403.5303249474382	(t1=0.00016,	nu11=0.00075)	
2	-4407.352894079406	(t1=0.00116,	nu11=0.00075)	
2	-404.05811510939384	(t1=0.00016,	nu11=0.00075)	
2	-403.5303249472054	(t1=0.00016,	nu11=0.00075)	
2	-4407.352894079406	(t1=0.00116,	nu11=0.00075)	
2	-404.05811510956846	(t1=0.00016,	nu11=0.00075)	
2	-403.5303249474382	(t1=0.00016,	nu11=0.00075)	
2	-4407.352894079406	(t1=0.00116,	nu11=0.00075)	
2	-404.05811510939384	(t1=0.00016,	nu11=0.00075)	
2	-403.5303249472054	(t1=0.00016,	nu11=0.00075)	
2	-4407.352894079406	(t1=0.00116,	nu11=0.00075)	
2	-404.05811510956846	(t1=0.00016,	nu11=0.00075)	
2	-403.5303249474382	(t1=0.00016,	nu11=0.00075)	
2	-4407.352894079406	(t1=0.00116,	nu11=0.00075)	
2	-404.05811510939384	(t1=0.00016,	nu11=0.00075)	
2	-403.5303249472054	(t1=0.00016,	nu11=0.00075)	
2	-4407.352894079406	(t1=0.00116,	nu11=0.00075)	
2	-404.05811510956846	(t1=0.00016,	nu11=0.00075)	
2	-403.5303249474382	(t1=0.00016,	nu11=0.00075)	
2	-4407.352894079406	(t1=0.00116,	nu11=0.00075)	
2	-404.05811510939384	(t1=0.00016,	nu11=0.00075)	
2	-403.5303249472054	(t1=0.00016,	nu11=0.00075)	
2	-4407.352894079406	(t1=0.00116,	nu11=0.00075)	
2	-404.05811510956846	(t1=0.00016,	nu11=0.00075)	
2	-403.5303249474382	(t1=0.00016,	nu11=0.00075)	
2	-4407.352894079406	(t1=0.00116,	nu11=0.00075)	
2	-404.05811510939384	(t1=0.00016,	nu11=0.00075)	
2	-403.5303249472054	(t1=0.00016,	nu11=0.00075)	
2	-4407.352894079406	(t1=0.00116,	nu11=0.00075)	
2	-404.05811510956846	(t1=0.00016,	nu11=0.00075)	
2	-403.53032494738	(t1=0.00016,	nu11=0.00075)	
