0	-388.93738597788615	(t1=0.00016,	nu11=0.00075)	
1	-388.93738597788615	(t1=0.00016,	nu11=0.00075)	
2	-3793.0842862057034	(t1=0.00116,	nu11=0.00075)	
2	-389.4122348931269	(t1=0.00016,	nu11=0.00075)	
2	-389.4799222908332	(t1=0.00016,	nu11=0.00075)	
2	-3793.092685795389	(t1=0.00116,	nu11=0.00075)	
2	-389.96440132835414	(t1=0.00016,	nu11=0.00075)	
2	-388.99060290289344	(t1=0.00016,	nu11=0.00075)	
2	-3793.0851190091926	(t1=0.00116,	nu11=0.00075)	
2	-389.466405143321	(t1=0.00016,	nu11=0.00075)	
2	-388.94267830229364	(t1=0.00016,	nu11=0.00075)	
2	-3793.084369114833	(t1=0.00116,	nu11=0.00075)	
2	-389.4176221107482	(t1=0.00016,	nu11=0.00075)	
2	-388.9379130094894	(t1=0.00016,	nu11=0.00075)	
2	-3793.0842944628093	(t1=0.00116,	nu11=0.00075)	
2	-389.4127713755588	(t1=0.00016,	nu11=0.00075)	
2	-388.9374384690891	(t1=0.00016,	nu11=0.00075)	
2	-3793.0842870281194	(t1=0.00116,	nu11=0.00075)	
2	-389.41228832583874	(t1=0.00016,	nu11=0.00075)	
2	-388.9373912064475	(t1=0.00016,	nu11=0.00075)	
2	-3793.08428628766	(t1=0.00116,	nu11=0.00075)	
2	-389.41224021534435	(t1=0.00016,	nu11=0.00075)	
2	-388.9373864987865	(t1=0.00016,	nu11=0.00075)	
2	-3793.0842862135614	(t1=0.00116,	nu11=0.00075)	
2	-389.4122354234569	(t1=0.00016,	nu11=0.00075)	
2	-388.937386029982	(t1=0.00016,	nu11=0.00075)	
2	-3793.0842862065765	(t1=0.00116,	nu11=0.00075)	
2	-389.41223494621227	(t1=0.00016,	nu11=0.00075)	
2	-388.93738598306663	(t1=0.00016,	nu11=0.00075)	
2	-3793.0842862054706	(t1=0.00116,	nu11=0.00075)	
2	-389.4122348987148	(t1=0.00016,	nu11=0.00075)	
2	-388.9373859782354	(t1=0.00016,	nu11=0.00075)	
2	-3793.08428620582	(t1=0.00116,	nu11=0.00075)	
2	-389.4122348939418	(t1=0.00016,	nu11=0.00075)	
2	-388.937385978119	(t1=0.00016,	nu11=0.00075)	
2	-3793.0842862054706	(t1=0.00116,	nu11=0.00075)	
2	-389.4122348933597	(t1=0.00016,	nu11=0.00075)	
2	-388.9373859782354	(t1=0.00016,	nu11=0.00075)	
2	-3793.0842862057616	(t1=0.00116,	nu11=0.00075)	
2	-389.4122348934179	(t1=0.00016,	nu11=0.00075)	
2	-388.93738597788615	(t1=0.00016,	nu11=0.00075)	
2	-3793.0842862057034	(t1=0.00116,	nu11=0.00075)	
2	-389.4122348931269	(t1=0.00016,	nu11=0.00075)	
2	-388.937385978119	(t1=0.00016,	nu11=0.00075)	
2	-3793.0842862057616	(t1=0.00116,	nu11=0.00075)	
2	-389.4122348931851	(t1=0.00016,	nu11=0.00075)	
2	-388.93738597788615	(t1=0.00016,	nu11=0.00075)	
2	-3793.0842862057034	(t1=0.00116,	nu11=0.00075)	
2	-389.4122348931269	(t1=0.00016,	nu11=0.00075)	
2	-388.9373859780608	(t1=0.00016,	nu11=0.00075)	
2	-3793.0842862057616	(t1=0.00116,	nu11=0.00075)	
2	-389.4122348933597	(t1=0.00016,	nu11=0.00075)	
2	-388.93738597788615	(t1=0.00016,	nu11=0.00075)	
2	-3793.0842862057034	(t1=0.00116,	nu11=0.00075)	
2	-389.4122348931269	(t1=0.00016,	nu11=0.00075)	
2	-388.937385978119	(t1=0.00016,	nu11=0.00075)	
2	-3793.0842862057034	(t1=0.00116,	nu11=0.00075)	
2	-389.4122348933597	(t1=0.00016,	nu11=0.00075)	
2	-388.93738597788615	(t1=0.00016,	nu11=0.00075)	
2	-3793.0842862057034	(t1=0.00116,	nu11=0.00075)	
2	-389.4122348931269	(t1=0.00016,	nu11=0.00075)	
2	-388.93738597800257	(t1=0.00016,	nu11=0.00075)	
2	-3793.0842862057034	(t1=0.00116,	nu11=0.00075)	
2	-389.4122348931269	(t1=0.00016,	nu11=0.00075)	
2	-388.93738597788615	(t1=0.00016,	nu11=0.00075)	
2	-3793.0842862057034	(t1=0.00116,	nu11=0.00075)	
2	-389.4122348931269	(t1=0.00016,	nu11=0.00075)	
2	-388.937385978119	(t1=0.00016,	nu11=0.00075)	
2	-3793.0842862057034	(t1=0.00116,	nu11=0.00075)	
2	-389.4122348931269	(t1=0.00016,	nu11=0.00075)	
2	-388.93738597788615	(t1=0.00016,	nu11=0.00075)	
2	-3793.0842862057034	(t1=0.00116,	nu11=0.00075)	
2	-389.4122348931269	(t1=0.00016,	nu11=0.00075)	
2	-388.937385978119	(t1=0.00016,	nu11=0.00075)	
2	-3793.0842862057034	(t1=0.00116,	nu11=0.00075)	
2	-389.4122348931269	(t1=0.00016,	nu11=0.00075)	
2	-388.93738597788615	(t1=0.00016,	nu11=0.00075)	
2	-3793.0842862057034	(t1=0.00116,	nu11=0.00075)	
2	-389.4122348931269	(t1=0.00016,	nu11=0.00075)	
2	-388.937385978119	(t1=0.00016,	nu11=0.00075)	
2	-3793.0842862057034	(t1=0.00116,	nu11=0.00075)	
2	-389.4122348931269	(t1=0.00016,	nu11=0.00075)	
2	-388.93738597788615	(t1=0.00016,	nu11=0.00075)	
2	-3793.0842862057034	(t1=0.00116,	nu11=0.00075)	
2	-389.4122348931269	(t1=0.00016,	nu11=0.00075)	
2	-388.937385978119	(t1=0.00016,	nu11=0.00075)	
2	-3793.0842862057034	(t1=0.00116,	nu11=0.00075)	
2	-389.4122348931269	(t1=0.00016,	nu11=0.00075)	
2	-388.93738597788615	(t1=0.00016,	nu11=0.00075)	
2	-3793.0842862057034	(t1=0.00116,	nu11=0.00075)	
2	-389.4122348931269	(t1=0.00016,	nu11=0.00075)	
2	-388.937385978119	(t1=0.00016,	nu11=0.00075)	
2	-3793.0842862057034	(t1=0.00116,	nu11=0.00075)	
2	-389.4122348931269	(t1=0.00016,	nu11=0.00075)	
2	-388.93738597788615	(t1=0.00016,	nu11=0.00075)	
2	-3793.0842862057034	(t1=0.00116,	nu11=0.00075)	
2	-389.4122348931269	(t1=0.00016,	nu11=0.00075)	
2	-388.937385978119	(t1=0.00016,	nu11=0.00075)	
2	-3793.0842862057034	(t1=0.00116,	nu11=0.00075)	
2	-389.4122348931269	(t1=0.00016,	nu11=0.00075)	
2	-388.93738597788615	(t1=0.00016,	nu11=0.00075)	
2	-3793.0842862057034	(t1=0.00116,	nu11=0.00075)	
2	-389.4122348931269	(t1=0.00016,	nu11=0.00075)	
2	-388.937385978119	(t1=0.00016,	nu11=0.00075)	
2	-3793.0842862057034	(t1=0.00116,	nu11=0.00075)	
2	-389.4122348931269	(t1=0.00016,	nu11=0.00075)	
2	-388.93738597788615	(t1=0.00016,	nu11=0.00075)	
2	-3793.0842862057034	(t1=0.00116,	nu11=0.00075)	
2	-389.4122348931269	(t1=0.00016,	nu11=0.00075)	
2	-388.937385978119	(t1=0.00016,	nu11=0.00075)	
2	-3793.0842862057034	(t1=0.00116,	nu11=0.00075)	
2	-389.4122348931269	(t1=0.00016,	nu11=0.00075)	
2	-388.93738597788615	(t1=0.00016,	nu11=0.00075)	
2	-3793.0842862057034	(t1=0.00116,	nu11=0.00075)	
2	-389.4122348931269	(t1=0.00016,	nu11=0.00075)	
2	-388.937385978119	(t1=0.00016,	nu11=0.00075)	
2	-3793.0842862057034	(t1=0.00116,	nu11=0.00075)	
2	-389.4122348931269	(t1=0.00016,	nu11=0.00075)	
2	-388.93738597788615	(t1=0.00016,	nu11=0.00075)	
2	-3793.0842862057034	(t1=0.00116,	nu11=0.00075)	
2	-389.4122348931269	(t1=0.00016,	nu11=0.00075)	
2	-388.937385978119	(t1=0.00016,	nu11=0.00075)	
2	-3793.0842862057034	(t1=0.00116,	nu11=0.00075)	
2	-389.4122348931269	(t1=0.00016,	nu11=0.00075)	
2	-388.93738597788615	(t1=0.00016,	nu11=0.00075)	
2	-3793.0842862057034	(t1=0.00116,	nu11=0.00075)	
2	-389.4122348931269	(t1=0.00016,	nu11=0.00075)	
2	-388.937385978119	(t1=0.00016,	nu11=0.00075)	
2	-3793.0842862057034	(t1=0.00116,	nu11=0.00075)	
2	-389.4122348931269	(t1=0.00016,	nu11=0.00075)	
2	-388.93738597788615	(t1=0.00016,	nu11=0.00075)	
2	-3793.0842862057034	(t1=0.00116,	nu11=0.00075)	
2	-389.4122348931269	(t1=0.00016,	nu11=0.00075)	
2	-388.937385978119	(t1=0.00016,	nu11=0.00075)	
2	-3793.0842862057034	(t1=0.00116,	nu11=0.00075)	
2	-389.4122348931269	(t1=0.00016,	nu11=0.00075)	
2	-388.93738597788615	(t1=0.00016,	nu11=0.00075)	
2	-3793.0842862057034	(t1=0.00116,	nu11=0.00075)	
2	-389.4122348931269	(t1=0.00016,	nu11=0.00075)	
2	-388.93738597788615	(t1=0.00016,	nu11=0.00075)	
