0	-587.2656292197062	(t1=0.00016,	nu11=0.00075)	
1	-587.2656292197062	(t1=0.00016,	nu11=0.00075)	
2	-7806.215140730375	(t1=0.00116,	nu11=0.00075)	
2	-585.7936841731425	(t1=0.00016,	nu11=0.00075)	
2	-572.3783764354885	(t1=0.00016,	nu11=0.00075)	
2	-7806.3779706853675	(t1=0.00116,	nu11=0.00075)	
2	-571.0385325175012	(t1=0.00016,	nu11=0.00075)	
2	-558.7246362916194	(t1=0.00016,	nu11=0.00075)	
2	-7806.538051145617	(t1=0.00116,	nu11=0.00075)	
2	-557.5186857652152	(t1=0.00016,	nu11=0.00075)	
2	-555.5076003354043	(t1=0.00016,	nu11=0.00075)	
2	-7806.577665171819	(t1=0.00116,	nu11=0.00075)	
2	-554.3354251276469	(t1=0.00016,	nu11=0.00075)	
2	-552.3722014202503	(t1=0.00016,	nu11=0.00075)	
2	-7806.617098352639	(t1=0.00116,	nu11=0.00075)	
2	-551.2339073473122	(t1=0.00016,	nu11=0.00075)	
2	-551.6010373202153	(t1=0.00016,	nu11=0.00075)	
2	-7806.626930395258	(t1=0.00116,	nu11=0.00075)	
2	-550.4712318087695	(t1=0.00016,	nu11=0.00075)	
2	-550.8350698270369	(t1=0.00016,	nu11=0.00075)	
2	-7806.636750689824	(t1=0.00116,	nu11=0.00075)	
2	-549.713759120903	(t1=0.00016,	nu11=0.00075)	
2	-550.644378630328	(t1=0.00016,	nu11=0.00075)	
2	-7806.639204090345	(t1=0.00116,	nu11=0.00075)	
2	-549.5251927411882	(t1=0.00016,	nu11=0.00075)	
2	-550.4540166379884	(t1=0.00016,	nu11=0.00075)	
2	-7806.64165671065	(t1=0.00116,	nu11=0.00075)	
2	-549.3369559169514	(t1=0.00016,	nu11=0.00075)	
2	-5629.457039981033	(t1=0.00042,	nu11=0.00075)	
2	-550.3909243609523	(t1=0.00016,	nu11=0.00075)	
2	-7806.6424703559605	(t1=0.00116,	nu11=0.00075)	
2	-549.2745688809082	(t1=0.00016,	nu11=0.00075)	
2	-550.3278693495085	(t1=0.00016,	nu11=0.00075)	
2	-7806.643283902784	(t1=0.00116,	nu11=0.00075)	
2	-549.2122191380477	(t1=0.00016,	nu11=0.00075)	
2	-7674.977332226466	(t1=0.00079,	nu11=0.00075)	
2	-550.3143268548883	(t1=0.00016,	nu11=0.00075)	
2	-7806.643458679668	(t1=0.00116,	nu11=0.00075)	
2	-549.198828174849	(t1=0.00016,	nu11=0.00075)	
2	-550.3007861494552	(t1=0.00016,	nu11=0.00075)	
2	-7806.643633451546	(t1=0.00116,	nu11=0.00075)	
2	-549.1854389995569	(t1=0.00016,	nu11=0.00075)	
2	-7797.722659908002	(t1=0.00097,	nu11=0.00075)	
2	-550.297623570892	(t1=0.00016,	nu11=0.00075)	
2	-7806.643674274441	(t1=0.00116,	nu11=0.00075)	
2	-549.1823118157918	(t1=0.00016,	nu11=0.00075)	
2	-550.2944610971026	(t1=0.00016,	nu11=0.00075)	
2	-7806.6437150960555	(t1=0.00116,	nu11=0.00075)	
2	-549.1791847369168	(t1=0.00016,	nu11=0.00075)	
2	-3707.233675713069	(t1=6e-05,	nu11=0.00075)	
2	-7809.803028376191	(t1=0.00106,	nu11=0.00075)	
2	-3713.8292571974453	(t1=6e-05,	nu11=0.00075)	
2	-531.7312909933971	(t1=0.00015,	nu11=0.00075)	
2	-7806.90405386535	(t1=0.00115,	nu11=0.00075)	
2	-530.8477219127817	(t1=0.00015,	nu11=0.00075)	
2	-517.9665070535848	(t1=0.00015,	nu11=0.00075)	
2	-7807.140661551151	(t1=0.00115,	nu11=0.00075)	
2	-517.3045887675835	(t1=0.00015,	nu11=0.00075)	
2	-984.1171928133117	(t1=0.00011,	nu11=0.00075)	
2	-7809.777383374516	(t1=0.00111,	nu11=0.00075)	
2	-987.376194298733	(t1=0.00011,	nu11=0.00075)	
2	-506.54500399145763	(t1=0.00015,	nu11=0.00075)	
2	-7807.410986559698	(t1=0.00115,	nu11=0.00075)	
2	-506.1506431369344	(t1=0.00015,	nu11=0.00075)	
2	-501.1993621852016	(t1=0.00014,	nu11=0.00075)	
2	-7807.636371537694	(t1=0.00114,	nu11=0.00075)	
2	-501.04109572502784	(t1=0.00014,	nu11=0.00075)	
2	-596.082491789246	(t1=0.00013,	nu11=0.00075)	
2	-7808.926844861009	(t1=0.00113,	nu11=0.00075)	
2	-597.6001484713051	(t1=0.00013,	nu11=0.00075)	
2	-500.12409618578386	(t1=0.00014,	nu11=0.00075)	
2	-7807.8001248283545	(t1=0.00114,	nu11=0.00075)	
2	-500.14561777515337	(t1=0.00014,	nu11=0.00075)	
2	-501.246233823942	(t1=0.00014,	nu11=0.00075)	
2	-7807.933075427543	(t1=0.00114,	nu11=0.00075)	
2	-501.4193195035914	(t1=0.00014,	nu11=0.00075)	
2	-500.19298960035667	(t1=0.00014,	nu11=0.00075)	
2	-7807.825492273201	(t1=0.00114,	nu11=0.00075)	
2	-500.24302967300173	(t1=0.00014,	nu11=0.00075)	
2	-500.1327738018008	(t1=0.00014,	nu11=0.00075)	
2	-7807.805294024176	(t1=0.00114,	nu11=0.00075)	
2	-500.1600917222677	(t1=0.00014,	nu11=0.00075)	
2	-500.12566404475365	(t1=0.00014,	nu11=0.00075)	
2	-7807.801191775943	(t1=0.00114,	nu11=0.00075)	
2	-500.1483814008534	(t1=0.00014,	nu11=0.00075)	
2	-500.1244111340493	(t1=0.00014,	nu11=0.00075)	
2	-7807.8003456312	(t1=0.00114,	nu11=0.00075)	
2	-500.14618015871383	(t1=0.00014,	nu11=0.00075)	
2	-500.1241609911667	(t1=0.00014,	nu11=0.00075)	
2	-7807.800170547329	(t1=0.00114,	nu11=0.00075)	
2	-500.14573381317314	(t1=0.00014,	nu11=0.00075)	
2	-500.1241095883306	(t1=0.00014,	nu11=0.00075)	
2	-7807.800134296063	(t1=0.00114,	nu11=0.00075)	
2	-500.14564178709406	(t1=0.00014,	nu11=0.00075)	
2	-500.1240989607759	(t1=0.00014,	nu11=0.00075)	
2	-7807.800126789021	(t1=0.00114,	nu11=0.00075)	
2	-500.14562274632044	(t1=0.00014,	nu11=0.00075)	
2	-500.1240967598278	(t1=0.00014,	nu11=0.00075)	
2	-7807.800125234178	(t1=0.00114,	nu11=0.00075)	
2	-500.14561880438123	(t1=0.00014,	nu11=0.00075)	
2	-500.1240963045275	(t1=0.00014,	nu11=0.00075)	
2	-7807.800124912406	(t1=0.00114,	nu11=0.00075)	
2	-500.14561798784416	(t1=0.00014,	nu11=0.00075)	
2	-500.1240962102311	(t1=0.00014,	nu11=0.00075)	
2	-7807.8001248457	(t1=0.00114,	nu11=0.00075)	
2	-500.14561781892553	(t1=0.00014,	nu11=0.00075)	
2	-500.1240961905569	(t1=0.00014,	nu11=0.00075)	
2	-7807.8001248317305	(t1=0.00114,	nu11=0.00075)	
2	-500.1456177837681	(t1=0.00014,	nu11=0.00075)	
2	-500.1240961867152	(t1=0.00014,	nu11=0.00075)	
2	-7807.800124829169	(t1=0.00114,	nu11=0.00075)	
2	-500.1456177767832	(t1=0.00014,	nu11=0.00075)	
2	-500.12409618578386	(t1=0.00014,	nu11=0.00075)	
2	-7807.800124828587	(t1=0.00114,	nu11=0.00075)	
2	-500.14561777503695	(t1=0.00014,	nu11=0.00075)	
2	-500.12409618578386	(t1=0.00014,	nu11=0.00075)	
2	-7807.800124828587	(t1=0.00114,	nu11=0.00075)	
2	-500.1456177752698	(t1=0.00014,	nu11=0.00075)	
2	-500.1240961860167	(t1=0.00014,	nu11=0.00075)	
2	-7807.8001248283545	(t1=0.00114,	nu11=0.00075)	
2	-500.14561777573545	(t1=0.00014,	nu11=0.00075)	
2	-500.12409618566744	(t1=0.00014,	nu11=0.00075)	
2	-7807.8001248283545	(t1=0.00114,	nu11=0.00075)	
2	-500.14561777503695	(t1=0.00014,	nu11=0.00075)	
2	-500.1240961862495	(t1=0.00014,	nu11=0.00075)	
2	-7807.800124828704	(t1=0.00114,	nu11=0.00075)	
2	-500.14561777585186	(t1=0.00014,	nu11=0.00075)	
2	-500.1240961854346	(t1=0.00014,	nu11=0.00075)	
2	-7807.800124828587	(t1=0.00114,	nu11=0.00075)	
2	-500.14561777492054	(t1=0.00014,	nu11=0.00075)	
2	-500.1240961860167	(t1=0.00014,	nu11=0.00075)	
2	-7807.800124828471	(t1=0.00114,	nu11=0.00075)	
2	-500.14561777573545	(t1=0.00014,	nu11=0.00075)	
2	-500.12409618566744	(t1=0.00014,	nu11=0.00075)	
2	-7807.800124828587	(t1=0.00114,	nu11=0.00075)	
2	-500.14561777561903	(t1=0.00014,	nu11=0.00075)	
2	-500.12409618590027	(t1=0.00014,	nu11=0.00075)	
2	-7807.800124828471	(t1=0.00114,	nu11=0.00075)	
2	-500.1456177755026	(t1=0.00014,	nu11=0.00075)	
2	-500.1240961854346	(t1=0.00014,	nu11=0.00075)	
2	-7807.800124828587	(t1=0.00114,	nu11=0.00075)	
2	-500.14561777492054	(t1=0.00014,	nu11=0.00075)	
2	-587.2656292197062	(t1=0.00016,	nu11=0.00075)	
