0	-1425.7023929922143	(t1=0.0001,	nu11=0.00049)	
1	-1425.7023929922143	(t1=0.0001,	nu11=0.00049)	
2	-7191.091245612712	(t1=0.0011,	nu11=0.00049)	
2	-1426.7877643989632	(t1=0.0001,	nu11=0.00049)	
2	-1435.4056345419958	(t1=0.0001,	nu11=0.00049)	
2	-7191.376943488489	(t1=0.0011,	nu11=0.00049)	
2	-1436.612700372003	(t1=0.0001,	nu11=0.00049)	
2	-1426.2580183132086	(t1=0.0001,	nu11=0.00049)	
2	-7191.1085561562795	(t1=0.0011,	nu11=0.00049)	
2	-1427.3507292494178	(t1=0.0001,	nu11=0.00049)	
2	-1425.7372351259692	(t1=0.0001,	nu11=0.00049)	
2	-7191.092334910529	(t1=0.0011,	nu11=0.00049)	
2	-1426.8230682563735	(t1=0.0001,	nu11=0.00049)	
2	-1425.7045900984667	(t1=0.0001,	nu11=0.00049)	
2	-7191.091314317309	(t1=0.0011,	nu11=0.00049)	
2	-1426.7899906261591	(t1=0.0001,	nu11=0.00049)	
2	-1425.702531588613	(t1=0.0001,	nu11=0.00049)	
2	-7191.091249946854	(t1=0.0011,	nu11=0.00049)	
2	-1426.7879048316972	(t1=0.0001,	nu11=0.00049)	
2	-1425.7024017358199	(t1=0.0001,	nu11=0.00049)	
2	-7191.091245885938	(t1=0.0011,	nu11=0.00049)	
2	-1426.787773257005	(t1=0.0001,	nu11=0.00049)	
2	-1425.702393544023	(t1=0.0001,	nu11=0.00049)	
2	-7191.091245629708	(t1=0.0011,	nu11=0.00049)	
2	-1426.7877649576403	(t1=0.0001,	nu11=0.00049)	
2	-1425.702393027139	(t1=0.0001,	nu11=0.00049)	
2	-7191.091245613876	(t1=0.0011,	nu11=0.00049)	
2	-1426.787764434237	(t1=0.0001,	nu11=0.00049)	
2	-1425.7023929950083	(t1=0.0001,	nu11=0.00049)	
2	-7191.091245612479	(t1=0.0011,	nu11=0.00049)	
2	-1426.7877644012915	(t1=0.0001,	nu11=0.00049)	
2	-1425.7023929930292	(t1=0.0001,	nu11=0.00049)	
2	-7191.091245613061	(t1=0.0011,	nu11=0.00049)	
2	-1426.787764399196	(t1=0.0001,	nu11=0.00049)	
2	-1425.7023929923307	(t1=0.0001,	nu11=0.00049)	
2	-7191.091245612712	(t1=0.0011,	nu11=0.00049)	
2	-1426.7877643988468	(t1=0.0001,	nu11=0.00049)	
2	-1425.7023929922143	(t1=0.0001,	nu11=0.00049)	
2	-7191.091245612712	(t1=0.0011,	nu11=0.00049)	
2	-1426.7877643989632	(t1=0.0001,	nu11=0.00049)	
2	-1425.7023929922143	(t1=0.0001,	nu11=0.00049)	
2	-7191.091245612712	(t1=0.0011,	nu11=0.00049)	
2	-1426.7877643990796	(t1=0.0001,	nu11=0.00049)	
2	-1425.7023929924471	(t1=0.0001,	nu11=0.00049)	
2	-7191.091245612712	(t1=0.0011,	nu11=0.00049)	
2	-1426.7877643994289	(t1=0.0001,	nu11=0.00049)	
2	-1425.7023929922143	(t1=0.0001,	nu11=0.00049)	
2	-7191.091245612712	(t1=0.0011,	nu11=0.00049)	
2	-1426.7877643990796	(t1=0.0001,	nu11=0.00049)	
2	-1425.7023929922143	(t1=0.0001,	nu11=0.00049)	
2	-7191.091245612712	(t1=0.0011,	nu11=0.00049)	
2	-1426.7877643988468	(t1=0.0001,	nu11=0.00049)	
2	-1425.7023929924471	(t1=0.0001,	nu11=0.00049)	
2	-7191.091245612712	(t1=0.0011,	nu11=0.00049)	
2	-1426.7877643994289	(t1=0.0001,	nu11=0.00049)	
2	-1425.7023929922143	(t1=0.0001,	nu11=0.00049)	
2	-7191.091245612712	(t1=0.0011,	nu11=0.00049)	
2	-1426.7877643988468	(t1=0.0001,	nu11=0.00049)	
2	-1425.7023929924471	(t1=0.0001,	nu11=0.00049)	
2	-7191.091245612712	(t1=0.0011,	nu11=0.00049)	
2	-1426.7877643994289	(t1=0.0001,	nu11=0.00049)	
2	-1425.7023929922143	(t1=0.0001,	nu11=0.00049)	
2	-7191.091245612712	(t1=0.0011,	nu11=0.00049)	
2	-1426.7877643988468	(t1=0.0001,	nu11=0.00049)	
2	-1425.7023929924471	(t1=0.0001,	nu11=0.00049)	
2	-7191.091245612712	(t1=0.0011,	nu11=0.00049)	
2	-1426.7877643994289	(t1=0.0001,	nu11=0.00049)	
2	-1425.7023929922143	(t1=0.0001,	nu11=0.00049)	
2	-7191.091245612712	(t1=0.0011,	nu11=0.00049)	
2	-1426.7877643988468	(t1=0.0001,	nu11=0.00049)	
2	-1425.7023929924471	(t1=0.0001,	nu11=0.00049)	
2	-7191.091245612712	(t1=0.0011,	nu11=0.00049)	
2	-1426.7877643994289	(t1=0.0001,	nu11=0.00049)	
2	-1425.7023929922143	(t1=0.0001,	nu11=0.00049)	
2	-7191.091245612712	(t1=0.0011,	nu11=0.00049)	
2	-1426.7877643988468	(t1=0.0001,	nu11=0.00049)	
2	-1425.7023929924471	(t1=0.0001,	nu11=0.00049)	
2	-7191.091245612712	(t1=0.0011,	nu11=0.00049)	
2	-1426.7877643994289	(t1=0.0001,	nu11=0.00049)	
2	-1425.7023929922143	(t1=0.0001,	nu11=0.00049)	
2	-7191.091245612712	(t1=0.0011,	nu11=0.00049)	
2	-1426.7877643988468	(t1=0.0001,	nu11=0.00049)	
2	-1425.7023929924471	(t1=0.0001,	nu11=0.00049)	
2	-7191.091245612712	(t1=0.0011,	nu11=0.00049)	
2	-1426.7877643994289	(t1=0.0001,	nu11=0.00049)	
2	-1425.7023929922143	(t1=0.0001,	nu11=0.00049)	
2	-7191.091245612712	(t1=0.0011,	nu11=0.00049)	
2	-1426.7877643988468	(t1=0.0001,	nu11=0.00049)	
2	-1425.7023929924471	(t1=0.0001,	nu11=0.00049)	
2	-7191.091245612712	(t1=0.0011,	nu11=0.00049)	
2	-1426.7877643994289	(t1=0.0001,	nu11=0.00049)	
2	-1425.7023929922143	(t1=0.0001,	nu11=0.00049)	
2	-7191.091245612712	(t1=0.0011,	nu11=0.00049)	
2	-1426.7877643988468	(t1=0.0001,	nu11=0.00049)	
2	-1425.7023929924471	(t1=0.0001,	nu11=0.00049)	
2	-7191.091245612712	(t1=0.0011,	nu11=0.00049)	
2	-1426.7877643994289	(t1=0.0001,	nu11=0.00049)	
2	-1425.7023929922143	(t1=0.0001,	nu11=0.00049)	
2	-7191.091245612712	(t1=0.0011,	nu11=0.00049)	
2	-1426.7877643988468	(t1=0.0001,	nu11=0.00049)	
2	-1425.7023929922143	(t1=0.0001,	nu11=0.00049)	
