0	-574.6692804047489	(t1=0.0001,	nu11=0.00049)	
1	-574.6692804047489	(t1=0.0001,	nu11=0.00049)	
2	-8590.757076429902	(t1=0.0011,	nu11=0.00049)	
2	-572.4581092054723	(t1=0.0001,	nu11=0.00049)	
2	-527.6410166136338	(t1=0.0001,	nu11=0.00049)	
2	-8591.70804358105	(t1=0.0011,	nu11=0.00049)	
2	-525.7007888445514	(t1=0.0001,	nu11=0.00049)	
2	-485.64240830537165	(t1=0.0001,	nu11=0.00049)	
2	-8592.659648470464	(t1=0.0011,	nu11=0.00049)	
2	-483.98124642443145	(t1=0.0001,	nu11=0.00049)	
2	-475.9700817660196	(t1=0.0001,	nu11=0.00049)	
2	-8592.898053094978	(t1=0.0011,	nu11=0.00049)	
2	-474.3800598385278	(t1=0.0001,	nu11=0.00049)	
2	-466.6558272538823	(t1=0.0001,	nu11=0.00049)	
2	-8593.136408621736	(t1=0.0011,	nu11=0.00049)	
2	-465.1374158381368	(t1=0.0001,	nu11=0.00049)	
2	-464.38305944303283	(t1=0.0001,	nu11=0.00049)	
2	-8593.196018311719	(t1=0.0011,	nu11=0.00049)	
2	-462.88263236993225	(t1=0.0001,	nu11=0.00049)	
2	-462.13345662597567	(t1=0.0001,	nu11=0.00049)	
2	-8593.25562113832	(t1=0.0011,	nu11=0.00049)	
2	-460.6510419085389	(t1=0.0001,	nu11=0.00049)	
2	-461.57461277139373	(t1=0.0001,	nu11=0.00049)	
2	-8593.27052282769	(t1=0.0011,	nu11=0.00049)	
2	-460.0967061353149	(t1=0.0001,	nu11=0.00049)	
2	-461.01723967527505	(t1=0.0001,	nu11=0.00049)	
2	-8593.285423738474	(t1=0.0011,	nu11=0.00049)	
2	-459.5438427598565	(t1=0.0001,	nu11=0.00049)	
2	-6457.69699518464	(t1=0.00028,	nu11=0.00049)	
2	-460.82598767231684	(t1=0.0001,	nu11=0.00049)	
2	-8593.290545612981	(t1=0.0011,	nu11=0.00049)	
2	-459.35414131137077	(t1=0.0001,	nu11=0.00049)	
2	-460.6349137623911	(t1=0.0001,	nu11=0.00049)	
2	-8593.29566728801	(t1=0.0011,	nu11=0.00049)	
2	-459.1646181178512	(t1=0.0001,	nu11=0.00049)	
2	-8671.18887233833	(t1=0.00069,	nu11=0.00049)	
2	-460.59470806247555	(t1=0.0001,	nu11=0.00049)	
2	-8593.296745572356	(t1=0.0011,	nu11=0.00049)	
2	-459.1247389236232	(t1=0.0001,	nu11=0.00049)	
2	-460.5545105104102	(t1=0.0001,	nu11=0.00049)	
2	-8593.297823840461	(t1=0.0011,	nu11=0.00049)	
2	-459.0848678826005	(t1=0.0001,	nu11=0.00049)	
2	-8659.081804278598	(t1=0.00089,	nu11=0.00049)	
2	-460.5451973755262	(t1=0.0001,	nu11=0.00049)	
2	-8593.2980736873	(t1=0.0011,	nu11=0.00049)	
2	-459.0756304056267	(t1=0.0001,	nu11=0.00049)	
2	-460.53588470607065	(t1=0.0001,	nu11=0.00049)	
2	-8593.2983235321	(t1=0.0011,	nu11=0.00049)	
2	-459.0663933933829	(t1=0.0001,	nu11=0.00049)	
2	-8630.766548926418	(t1=0.00099,	nu11=0.00049)	
2	-460.5336387543357	(t1=0.0001,	nu11=0.00049)	
2	-8593.298383789195	(t1=0.0011,	nu11=0.00049)	
2	-459.064165689284	(t1=0.0001,	nu11=0.00049)	
2	-460.5313928332762	(t1=0.0001,	nu11=0.00049)	
2	-8593.298444046522	(t1=0.0011,	nu11=0.00049)	
2	-459.0619380149874	(t1=0.0001,	nu11=0.00049)	
2	-2254.8196357814013	(t1=5e-05,	nu11=0.00049)	
2	-8613.152056331513	(t1=0.00105,	nu11=0.00049)	
2	-2260.0143096960965	(t1=5e-05,	nu11=0.00049)	
2	-436.4373892933945	(t1=9e-05,	nu11=0.00049)	
2	-8593.987218068563	(t1=0.00109,	nu11=0.00049)	
2	-435.17849716614	(t1=9e-05,	nu11=0.00049)	
2	-417.01141598063987	(t1=9e-05,	nu11=0.00049)	
2	-8594.626779401966	(t1=0.00109,	nu11=0.00049)	
2	-415.95154768496286	(t1=9e-05,	nu11=0.00049)	
2	-602.8018623351818	(t1=7e-05,	nu11=0.00049)	
2	-8604.137660267588	(t1=0.00107,	nu11=0.00049)	
2	-605.0098805008456	(t1=7e-05,	nu11=0.00049)	
2	-394.33583878015634	(t1=9e-05,	nu11=0.00049)	
2	-8595.550016396039	(t1=0.00109,	nu11=0.00049)	
2	-393.5690479388577	(t1=9e-05,	nu11=0.00049)	
2	-381.1105443915585	(t1=9e-05,	nu11=0.00049)	
2	-8596.287552783266	(t1=0.00109,	nu11=0.00049)	
2	-380.5826066121226	(t1=9e-05,	nu11=0.00049)	
2	-398.5737020755769	(t1=8e-05,	nu11=0.00049)	
2	-8600.255592984322	(t1=0.00108,	nu11=0.00049)	
2	-399.39382444223156	(t1=8e-05,	nu11=0.00049)	
2	-373.24372275016503	(t1=9e-05,	nu11=0.00049)	
2	-8596.945544261544	(t1=0.00109,	nu11=0.00049)	
2	-372.93226358370157	(t1=9e-05,	nu11=0.00049)	
2	-370.0133432801813	(t1=9e-05,	nu11=0.00049)	
2	-8597.418180649402	(t1=0.00109,	nu11=0.00049)	
2	-369.8592686354532	(t1=9e-05,	nu11=0.00049)	
2	-373.48988153069513	(t1=8e-05,	nu11=0.00049)	
2	-8598.842432878795	(t1=0.00108,	nu11=0.00049)	
2	-373.81895151297795	(t1=8e-05,	nu11=0.00049)	
2	-369.1349648637115	(t1=9e-05,	nu11=0.00049)	
2	-8597.678480242379	(t1=0.00109,	nu11=0.00049)	
2	-369.0682177525596	(t1=9e-05,	nu11=0.00049)	
2	-368.907198477129	(t1=9e-05,	nu11=0.00049)	
2	-8597.876772791089	(t1=0.00109,	nu11=0.00049)	
2	-368.90727760939626	(t1=9e-05,	nu11=0.00049)	
2	-369.99711412528995	(t1=8e-05,	nu11=0.00049)	
2	-8598.360242519877	(t1=0.00108,	nu11=0.00049)	
2	-370.16118670033757	(t1=8e-05,	nu11=0.00049)	
2	-368.9311771833454	(t1=8e-05,	nu11=0.00049)	
2	-8597.965873510053	(t1=0.00108,	nu11=0.00049)	
2	-368.961367431737	(t1=8e-05,	nu11=0.00049)	
2	-368.905692449247	(t1=8e-05,	nu11=0.00049)	
2	-8597.895275023824	(t1=0.00108,	nu11=0.00049)	
2	-368.9120200870675	(t1=8e-05,	nu11=0.00049)	
2	-368.9068953162059	(t1=8e-05,	nu11=0.00049)	
2	-8597.909847507777	(t1=0.00108,	nu11=0.00049)	
2	-368.9181458809762	(t1=8e-05,	nu11=0.00049)	
2	-368.9057704213192	(t1=8e-05,	nu11=0.00049)	
2	-8597.898337843071	(t1=0.00108,	nu11=0.00049)	
2	-368.9131326369243	(t1=8e-05,	nu11=0.00049)	
2	-368.90570115763694	(t1=8e-05,	nu11=0.00049)	
2	-8597.895921184157	(t1=0.00108,	nu11=0.00049)	
2	-368.91224705427885	(t1=8e-05,	nu11=0.00049)	
2	-368.9056939432048	(t1=8e-05,	nu11=0.00049)	
2	-8597.895411451173	(t1=0.00108,	nu11=0.00049)	
2	-368.9120676632738	(t1=8e-05,	nu11=0.00049)	
2	-368.9056927500642	(t1=8e-05,	nu11=0.00049)	
2	-8597.895303833298	(t1=0.00108,	nu11=0.00049)	
2	-368.9120301187504	(t1=8e-05,	nu11=0.00049)	
2	-368.90569251257693	(t1=8e-05,	nu11=0.00049)	
2	-8597.895281107805	(t1=0.00108,	nu11=0.00049)	
2	-368.9120222054189	(t1=8e-05,	nu11=0.00049)	
2	-368.90569246321684	(t1=8e-05,	nu11=0.00049)	
2	-8597.895276308467	(t1=0.00108,	nu11=0.00049)	
2	-368.9120205346844	(t1=8e-05,	nu11=0.00049)	
2	-368.9056924524484	(t1=8e-05,	nu11=0.00049)	
2	-8597.895275295421	(t1=0.00108,	nu11=0.00049)	
2	-368.91202018171316	(t1=8e-05,	nu11=0.00049)	
2	-368.90569245052757	(t1=8e-05,	nu11=0.00049)	
2	-8597.895275080984	(t1=0.00108,	nu11=0.00049)	
2	-368.9120201077312	(t1=8e-05,	nu11=0.00049)	
2	-368.9056924498873	(t1=8e-05,	nu11=0.00049)	
2	-8597.89527503628	(t1=0.00108,	nu11=0.00049)	
2	-368.9120200914331	(t1=8e-05,	nu11=0.00049)	
2	-368.9056924498873	(t1=8e-05,	nu11=0.00049)	
2	-8597.895275026094	(t1=0.00108,	nu11=0.00049)	
2	-368.9120200884645	(t1=8e-05,	nu11=0.00049)	
2	-368.90569244977087	(t1=8e-05,	nu11=0.00049)	
2	-8597.895275024173	(t1=0.00108,	nu11=0.00049)	
2	-368.91202008747496	(t1=8e-05,	nu11=0.00049)	
2	-368.9056924500037	(t1=8e-05,	nu11=0.00049)	
2	-8597.895275024173	(t1=0.00108,	nu11=0.00049)	
2	-368.9120200875914	(t1=8e-05,	nu11=0.00049)	
2	-368.90569244947983	(t1=8e-05,	nu11=0.00049)	
2	-8597.895275023708	(t1=0.00108,	nu11=0.00049)	
2	-368.9120200872421	(t1=8e-05,	nu11=0.00049)	
2	-368.90569244953804	(t1=8e-05,	nu11=0.00049)	
2	-8597.895275023242	(t1=0.00108,	nu11=0.00049)	
2	-368.9120200871839	(t1=8e-05,	nu11=0.00049)	
2	-368.9056924493634	(t1=8e-05,	nu11=0.00049)	
2	-8597.895275023824	(t1=0.00108,	nu11=0.00049)	
2	-368.9120200871839	(t1=8e-05,	nu11=0.00049)	
2	-368.905692449247	(t1=8e-05,	nu11=0.00049)	
2	-8597.895275023824	(t1=0.00108,	nu11=0.00049)	
2	-368.9120200870675	(t1=8e-05,	nu11=0.00049)	
2	-574.6692804047489	(t1=0.0001,	nu11=0.00049)	
