0	-407.45070598629536	(t1=0.0001,	nu11=0.00049)	
1	-407.45070598629536	(t1=0.0001,	nu11=0.00049)	
2	-3777.1954880952835	(t1=0.0011,	nu11=0.00049)	
2	-408.18829155375715	(t1=0.0001,	nu11=0.00049)	
2	-408.73776882275706	(t1=0.0001,	nu11=0.00049)	
2	-3777.2335386410123	(t1=0.0011,	nu11=0.00049)	
2	-409.48997205193155	(t1=0.0001,	nu11=0.00049)	
2	-407.52228305779863	(t1=0.0001,	nu11=0.00049)	
2	-3777.197626242996	(t1=0.0011,	nu11=0.00049)	
2	-408.2606892862823	(t1=0.0001,	nu11=0.00049)	
2	-407.4547546301037	(t1=0.0001,	nu11=0.00049)	
2	-3777.195609107148	(t1=0.0011,	nu11=0.00049)	
2	-408.192386641691	(t1=0.0001,	nu11=0.00049)	
2	-407.45093521045055	(t1=0.0001,	nu11=0.00049)	
2	-3777.1954949469655	(t1=0.0011,	nu11=0.00049)	
2	-408.1885234072688	(t1=0.0001,	nu11=0.00049)	
2	-407.45071896503214	(t1=0.0001,	nu11=0.00049)	
2	-3777.195488483354	(t1=0.0011,	nu11=0.00049)	
2	-408.1883046813309	(t1=0.0001,	nu11=0.00049)	
2	-407.45070672099246	(t1=0.0001,	nu11=0.00049)	
2	-3777.195488117228	(t1=0.0011,	nu11=0.00049)	
2	-408.1882922970108	(t1=0.0001,	nu11=0.00049)	
2	-407.45070602791384	(t1=0.0001,	nu11=0.00049)	
2	-3777.1954880966805	(t1=0.0011,	nu11=0.00049)	
2	-408.18829159566667	(t1=0.0001,	nu11=0.00049)	
2	-407.45070598839084	(t1=0.0001,	nu11=0.00049)	
2	-3777.1954880954	(t1=0.0011,	nu11=0.00049)	
2	-408.1882915562019	(t1=0.0001,	nu11=0.00049)	
2	-407.4507059865864	(t1=0.0001,	nu11=0.00049)	
2	-3777.1954880954	(t1=0.0011,	nu11=0.00049)	
2	-408.18829155375715	(t1=0.0001,	nu11=0.00049)	
2	-407.45070598635357	(t1=0.0001,	nu11=0.00049)	
2	-3777.1954880952835	(t1=0.0011,	nu11=0.00049)	
2	-408.18829155375715	(t1=0.0001,	nu11=0.00049)	
2	-407.45070598629536	(t1=0.0001,	nu11=0.00049)	
2	-3777.1954880952835	(t1=0.0011,	nu11=0.00049)	
2	-408.18829155375715	(t1=0.0001,	nu11=0.00049)	
2	-407.45070598635357	(t1=0.0001,	nu11=0.00049)	
2	-3777.1954880952835	(t1=0.0011,	nu11=0.00049)	
2	-408.18829155375715	(t1=0.0001,	nu11=0.00049)	
2	-407.45070598629536	(t1=0.0001,	nu11=0.00049)	
2	-3777.1954880952835	(t1=0.0011,	nu11=0.00049)	
2	-408.18829155375715	(t1=0.0001,	nu11=0.00049)	
2	-407.45070598635357	(t1=0.0001,	nu11=0.00049)	
2	-3777.1954880952835	(t1=0.0011,	nu11=0.00049)	
2	-408.18829155375715	(t1=0.0001,	nu11=0.00049)	
2	-407.45070598629536	(t1=0.0001,	nu11=0.00049)	
2	-3777.1954880952835	(t1=0.0011,	nu11=0.00049)	
2	-408.18829155375715	(t1=0.0001,	nu11=0.00049)	
2	-407.45070598635357	(t1=0.0001,	nu11=0.00049)	
2	-3777.1954880952835	(t1=0.0011,	nu11=0.00049)	
2	-408.18829155375715	(t1=0.0001,	nu11=0.00049)	
2	-407.45070598629536	(t1=0.0001,	nu11=0.00049)	
2	-3777.1954880952835	(t1=0.0011,	nu11=0.00049)	
2	-408.18829155375715	(t1=0.0001,	nu11=0.00049)	
2	-407.45070598635357	(t1=0.0001,	nu11=0.00049)	
2	-3777.1954880952835	(t1=0.0011,	nu11=0.00049)	
2	-408.18829155375715	(t1=0.0001,	nu11=0.00049)	
2	-407.45070598629536	(t1=0.0001,	nu11=0.00049)	
2	-3777.1954880952835	(t1=0.0011,	nu11=0.00049)	
2	-408.18829155375715	(t1=0.0001,	nu11=0.00049)	
2	-407.45070598635357	(t1=0.0001,	nu11=0.00049)	
2	-3777.1954880952835	(t1=0.0011,	nu11=0.00049)	
2	-408.18829155375715	(t1=0.0001,	nu11=0.00049)	
2	-407.45070598629536	(t1=0.0001,	nu11=0.00049)	
2	-3777.1954880952835	(t1=0.0011,	nu11=0.00049)	
2	-408.18829155375715	(t1=0.0001,	nu11=0.00049)	
2	-407.45070598635357	(t1=0.0001,	nu11=0.00049)	
2	-3777.1954880952835	(t1=0.0011,	nu11=0.00049)	
2	-408.18829155375715	(t1=0.0001,	nu11=0.00049)	
2	-407.45070598629536	(t1=0.0001,	nu11=0.00049)	
2	-3777.1954880952835	(t1=0.0011,	nu11=0.00049)	
2	-408.18829155375715	(t1=0.0001,	nu11=0.00049)	
2	-407.45070598635357	(t1=0.0001,	nu11=0.00049)	
2	-3777.1954880952835	(t1=0.0011,	nu11=0.00049)	
2	-408.18829155375715	(t1=0.0001,	nu11=0.00049)	
2	-407.45070598629536	(t1=0.0001,	nu11=0.00049)	
2	-3777.1954880952835	(t1=0.0011,	nu11=0.00049)	
2	-408.18829155375715	(t1=0.0001,	nu11=0.00049)	
2	-407.45070598635357	(t1=0.0001,	nu11=0.00049)	
2	-3777.1954880952835	(t1=0.0011,	nu11=0.00049)	
2	-408.18829155375715	(t1=0.0001,	nu11=0.00049)	
2	-407.45070598629536	(t1=0.0001,	nu11=0.00049)	
2	-3777.1954880952835	(t1=0.0011,	nu11=0.00049)	
2	-408.18829155375715	(t1=0.0001,	nu11=0.00049)	
2	-407.45070598635357	(t1=0.0001,	nu11=0.00049)	
2	-3777.1954880952835	(t1=0.0011,	nu11=0.00049)	
2	-408.18829155375715	(t1=0.0001,	nu11=0.00049)	
2	-407.45070598629536	(t1=0.0001,	nu11=0.00049)	
2	-3777.1954880952835	(t1=0.0011,	nu11=0.00049)	
2	-408.18829155375715	(t1=0.0001,	nu11=0.00049)	
2	-407.45070598635357	(t1=0.0001,	nu11=0.00049)	
2	-3777.1954880952835	(t1=0.0011,	nu11=0.00049)	
2	-408.18829155375715	(t1=0.0001,	nu11=0.00049)	
2	-407.45070598629536	(t1=0.0001,	nu11=0.00049)	
2	-3777.1954880952835	(t1=0.0011,	nu11=0.00049)	
2	-408.18829155375715	(t1=0.0001,	nu11=0.00049)	
2	-407.45070598629536	(t1=0.0001,	nu11=0.00049)	
