0	-807.2621243399335	(t1=0.00016,	nu11=0.00075)	
1	-807.2621243399335	(t1=0.00016,	nu11=0.00075)	
2	-4595.3061078855535	(t1=0.00116,	nu11=0.00075)	
2	-808.6823674266343	(t1=0.00016,	nu11=0.00075)	
2	-809.49457436183	(t1=0.00016,	nu11=0.00075)	
2	-4595.320564455469	(t1=0.00116,	nu11=0.00075)	
2	-810.932450950495	(t1=0.00016,	nu11=0.00075)	
2	-807.379032641591	(t1=0.00016,	nu11=0.00075)	
2	-4595.3068711083615	(t1=0.00116,	nu11=0.00075)	
2	-808.8002046637121	(t1=0.00016,	nu11=0.00075)	
2	-807.2683151677484	(t1=0.00016,	nu11=0.00075)	
2	-4595.306148318923	(t1=0.00116,	nu11=0.00075)	
2	-808.6886074614013	(t1=0.00016,	nu11=0.00075)	
2	-807.2624523652485	(t1=0.00016,	nu11=0.00075)	
2	-4595.306110027712	(t1=0.00116,	nu11=0.00075)	
2	-808.6826980593614	(t1=0.00016,	nu11=0.00075)	
2	-807.2621417213231	(t1=0.00016,	nu11=0.00075)	
2	-4595.306107999175	(t1=0.00116,	nu11=0.00075)	
2	-808.6823849456268	(t1=0.00016,	nu11=0.00075)	
2	-807.2621252609533	(t1=0.00016,	nu11=0.00075)	
2	-4595.306107891491	(t1=0.00116,	nu11=0.00075)	
2	-808.6823683549883	(t1=0.00016,	nu11=0.00075)	
2	-807.2621243886533	(t1=0.00016,	nu11=0.00075)	
2	-4595.306107885786	(t1=0.00116,	nu11=0.00075)	
2	-808.6823674755287	(t1=0.00016,	nu11=0.00075)	
2	-807.2621243426111	(t1=0.00016,	nu11=0.00075)	
2	-4595.306107885437	(t1=0.00116,	nu11=0.00075)	
2	-808.682367429079	(t1=0.00016,	nu11=0.00075)	
2	-807.2621243402245	(t1=0.00016,	nu11=0.00075)	
2	-4595.306107885321	(t1=0.00116,	nu11=0.00075)	
2	-808.6823674265761	(t1=0.00016,	nu11=0.00075)	
2	-807.2621243401663	(t1=0.00016,	nu11=0.00075)	
2	-4595.306107884913	(t1=0.00116,	nu11=0.00075)	
2	-808.6823674267507	(t1=0.00016,	nu11=0.00075)	
2	-807.2621243399335	(t1=0.00016,	nu11=0.00075)	
2	-4595.3061078855535	(t1=0.00116,	nu11=0.00075)	
2	-808.6823674266343	(t1=0.00016,	nu11=0.00075)	
2	-807.2621243400499	(t1=0.00016,	nu11=0.00075)	
2	-4595.306107884913	(t1=0.00116,	nu11=0.00075)	
2	-808.6823674262268	(t1=0.00016,	nu11=0.00075)	
2	-807.2621243399335	(t1=0.00016,	nu11=0.00075)	
2	-4595.3061078855535	(t1=0.00116,	nu11=0.00075)	
2	-808.6823674266343	(t1=0.00016,	nu11=0.00075)	
2	-807.2621243398753	(t1=0.00016,	nu11=0.00075)	
2	-4595.3061078855535	(t1=0.00116,	nu11=0.00075)	
2	-808.6823674267507	(t1=0.00016,	nu11=0.00075)	
2	-807.2621243398171	(t1=0.00016,	nu11=0.00075)	
2	-4595.3061078855535	(t1=0.00116,	nu11=0.00075)	
2	-808.6823674263433	(t1=0.00016,	nu11=0.00075)	
2	-807.2621243400499	(t1=0.00016,	nu11=0.00075)	
2	-4595.306107884913	(t1=0.00116,	nu11=0.00075)	
2	-808.6823674263433	(t1=0.00016,	nu11=0.00075)	
2	-807.2621243398171	(t1=0.00016,	nu11=0.00075)	
2	-4595.3061078855535	(t1=0.00116,	nu11=0.00075)	
2	-808.6823674263433	(t1=0.00016,	nu11=0.00075)	
2	-807.2621243400499	(t1=0.00016,	nu11=0.00075)	
2	-4595.306107884913	(t1=0.00116,	nu11=0.00075)	
2	-808.6823674263433	(t1=0.00016,	nu11=0.00075)	
2	-807.2621243398171	(t1=0.00016,	nu11=0.00075)	
2	-4595.3061078855535	(t1=0.00116,	nu11=0.00075)	
2	-808.6823674263433	(t1=0.00016,	nu11=0.00075)	
2	-807.2621243400499	(t1=0.00016,	nu11=0.00075)	
2	-4595.306107884913	(t1=0.00116,	nu11=0.00075)	
2	-808.6823674263433	(t1=0.00016,	nu11=0.00075)	
2	-807.2621243398171	(t1=0.00016,	nu11=0.00075)	
2	-4595.3061078855535	(t1=0.00116,	nu11=0.00075)	
2	-808.6823674263433	(t1=0.00016,	nu11=0.00075)	
2	-807.2621243400499	(t1=0.00016,	nu11=0.00075)	
2	-4595.306107884913	(t1=0.00116,	nu11=0.00075)	
2	-808.6823674263433	(t1=0.00016,	nu11=0.00075)	
2	-807.2621243398171	(t1=0.00016,	nu11=0.00075)	
2	-4595.3061078855535	(t1=0.00116,	nu11=0.00075)	
2	-808.6823674263433	(t1=0.00016,	nu11=0.00075)	
2	-807.2621243400499	(t1=0.00016,	nu11=0.00075)	
2	-4595.306107884913	(t1=0.00116,	nu11=0.00075)	
2	-808.6823674263433	(t1=0.00016,	nu11=0.00075)	
2	-807.2621243398171	(t1=0.00016,	nu11=0.00075)	
2	-4595.3061078855535	(t1=0.00116,	nu11=0.00075)	
2	-808.6823674263433	(t1=0.00016,	nu11=0.00075)	
2	-807.2621243400499	(t1=0.00016,	nu11=0.00075)	
2	-4595.306107884913	(t1=0.00116,	nu11=0.00075)	
2	-808.6823674263433	(t1=0.00016,	nu11=0.00075)	
2	-807.2621243398171	(t1=0.00016,	nu11=0.00075)	
2	-4595.3061078855535	(t1=0.00116,	nu11=0.00075)	
2	-808.6823674263433	(t1=0.00016,	nu11=0.00075)	
2	-807.2621243400499	(t1=0.00016,	nu11=0.00075)	
2	-4595.306107884913	(t1=0.00116,	nu11=0.00075)	
2	-808.6823674263433	(t1=0.00016,	nu11=0.00075)	
2	-807.2621243398171	(t1=0.00016,	nu11=0.00075)	
2	-4595.3061078855535	(t1=0.00116,	nu11=0.00075)	
2	-808.6823674263433	(t1=0.00016,	nu11=0.00075)	
2	-807.2621243400499	(t1=0.00016,	nu11=0.00075)	
2	-4595.306107884913	(t1=0.00116,	nu11=0.00075)	
2	-808.6823674263433	(t1=0.00016,	nu11=0.00075)	
2	-807.2621243398171	(t1=0.00016,	nu11=0.00075)	
2	-4595.3061078855535	(t1=0.00116,	nu11=0.00075)	
2	-808.6823674263433	(t1=0.00016,	nu11=0.00075)	
2	-807.2621243400499	(t1=0.00016,	nu11=0.00075)	
2	-4595.306107884913	(t1=0.00116,	nu11=0.00075)	
2	-808.6823674263433	(t1=0.00016,	nu11=0.00075)	
2	-807.2621243398171	(t1=0.00016,	nu11=0.00075)	
2	-4595.3061078855535	(t1=0.00116,	nu11=0.00075)	
2	-808.6823674263433	(t1=0.00016,	nu11=0.00075)	
2	-807.2621243400499	(t1=0.00016,	nu11=0.00075)	
2	-4595.306107884913	(t1=0.00116,	nu11=0.00075)	
2	-808.6823674263433	(t1=0.00016,	nu11=0.00075)	
2	-807.2621243398171	(t1=0.00016,	nu11=0.00075)	
2	-4595.3061078855535	(t1=0.00116,	nu11=0.00075)	
2	-808.6823674263433	(t1=0.00016,	nu11=0.00075)	
2	-807.2621243400499	(t1=0.00016,	nu11=0.00075)	
2	-4595.306107884913	(t1=0.00116,	nu11=0.00075)	
2	-808.6823674263433	(t1=0.00016,	nu11=0.00075)	
2	-807.2621243398171	(t1=0.00016,	nu11=0.00075)	
2	-4595.3061078855535	(t1=0.00116,	nu11=0.00075)	
2	-808.6823674263433	(t1=0.00016,	nu11=0.00075)	
2	-807.2621243400499	(t1=0.00016,	nu11=0.00075)	
2	-4595.306107884913	(t1=0.00116,	nu11=0.00075)	
2	-808.6823674263433	(t1=0.00016,	nu11=0.00075)	
2	-807.2621243398171	(t1=0.00016,	nu11=0.00075)	
2	-4595.3061078855535	(t1=0.00116,	nu11=0.00075)	
2	-808.6823674263433	(t1=0.00016,	nu11=0.00075)	
2	-807.2621243400499	(t1=0.00016,	nu11=0.00075)	
2	-4595.306107884913	(t1=0.00116,	nu11=0.00075)	
2	-808.6823674263433	(t1=0.00016,	nu11=0.00075)	
2	-807.2621243398171	(t1=0.00016,	nu11=0.00075)	
2	-4595.3061078855535	(t1=0.00116,	nu11=0.00075)	
2	-808.6823674263433	(t1=0.00016,	nu11=0.00075)	
2	-807.2621243400499	(t1=0.00016,	nu11=0.00075)	
2	-4595.306107884913	(t1=0.00116,	nu11=0.00075)	
2	-808.6823674263433	(t1=0.00016,	nu11=0.00075)	
2	-807.2621243398171	(t1=0.00016,	nu11=0.00075)	
2	-4595.3061078855535	(t1=0.00116,	nu11=0.00075)	
2	-808.6823674263433	(t1=0.00016,	nu11=0.00075)	
2	-807.2621243399335	(t1=0.00016,	nu11=0.00075)	
