0	-1367.6205334522529	(t1=0.0001,	nu11=0.00049)	
1	-1367.6205334522529	(t1=0.0001,	nu11=0.00049)	
2	-9645.600789262797	(t1=0.0011,	nu11=0.00049)	
2	-1365.034235827974	(t1=0.0001,	nu11=0.00049)	
2	-1306.832563822507	(t1=0.0001,	nu11=0.00049)	
2	-9646.718935091863	(t1=0.0011,	nu11=0.00049)	
2	-1304.5349824576406	(t1=0.0001,	nu11=0.00049)	
2	-1251.5774654126726	(t1=0.0001,	nu11=0.00049)	
2	-9647.838933551917	(t1=0.0011,	nu11=0.00049)	
2	-1249.5782957525225	(t1=0.0001,	nu11=0.00049)	
2	-1238.6742312057177	(t1=0.0001,	nu11=0.00049)	
2	-9648.119839114253	(t1=0.0011,	nu11=0.00049)	
2	-1236.7513271126663	(t1=0.0001,	nu11=0.00049)	
2	-1226.1739434719784	(t1=0.0001,	nu11=0.00049)	
2	-9648.400746304193	(t1=0.0011,	nu11=0.00049)	
2	-1224.3278672298184	(t1=0.0001,	nu11=0.00049)	
2	-1223.1111882448895	(t1=0.0001,	nu11=0.00049)	
2	-9648.471016033203	(t1=0.0011,	nu11=0.00049)	
2	-1221.2844180321554	(t1=0.0001,	nu11=0.00049)	
2	-1220.074666891247	(t1=0.0001,	nu11=0.00049)	
2	-9648.541281026206	(t1=0.0011,	nu11=0.00049)	
2	-1218.267236204818	(t1=0.0001,	nu11=0.00049)	
2	-1219.3195247893455	(t1=0.0001,	nu11=0.00049)	
2	-9648.55884954927	(t1=0.0011,	nu11=0.00049)	
2	-1217.5169350395445	(t1=0.0001,	nu11=0.00049)	
2	-1218.566054213792	(t1=0.0001,	nu11=0.00049)	
2	-9648.576417336357	(t1=0.0011,	nu11=0.00049)	
2	-1216.7683073669905	(t1=0.0001,	nu11=0.00049)	
2	-6848.313857812551	(t1=0.00025,	nu11=0.00049)	
2	-1218.304368000594	(t1=0.0001,	nu11=0.00049)	
2	-9648.582527738763	(t1=0.0011,	nu11=0.00049)	
2	-1216.5083061141195	(t1=0.0001,	nu11=0.00049)	
2	-1218.0428904352011	(t1=0.0001,	nu11=0.00049)	
2	-9648.588637911016	(t1=0.0011,	nu11=0.00049)	
2	-1216.2485137069598	(t1=0.0001,	nu11=0.00049)	
2	-9730.352924789186	(t1=0.00067,	nu11=0.00049)	
2	-1217.988241705345	(t1=0.0001,	nu11=0.00049)	
2	-9648.58991552249	(t1=0.0011,	nu11=0.00049)	
2	-1216.1942173704738	(t1=0.0001,	nu11=0.00049)	
2	-1217.9336024678778	(t1=0.0001,	nu11=0.00049)	
2	-9648.591193115339	(t1=0.0011,	nu11=0.00049)	
2	-1216.139930531499	(t1=0.0001,	nu11=0.00049)	
2	-9720.616421623505	(t1=0.00088,	nu11=0.00049)	
2	-1217.9209768401925	(t1=0.0001,	nu11=0.00049)	
2	-9648.591488361242	(t1=0.0011,	nu11=0.00049)	
2	-1216.1273863431998	(t1=0.0001,	nu11=0.00049)	
2	-1217.9083517594263	(t1=0.0001,	nu11=0.00049)	
2	-9648.591783604817	(t1=0.0011,	nu11=0.00049)	
2	-1216.1148427018197	(t1=0.0001,	nu11=0.00049)	
2	-9689.780017938465	(t1=0.00099,	nu11=0.00049)	
2	-1217.9053105489584	(t1=0.0001,	nu11=0.00049)	
2	-9648.59185472678	(t1=0.0011,	nu11=0.00049)	
2	-1216.111821110011	(t1=0.0001,	nu11=0.00049)	
2	-1217.9022693757433	(t1=0.0001,	nu11=0.00049)	
2	-9648.591925848159	(t1=0.0011,	nu11=0.00049)	
2	-1216.1087995547568	(t1=0.0001,	nu11=0.00049)	
2	-2864.676459700917	(t1=4e-05,	nu11=0.00049)	
2	-9670.45199297031	(t1=0.00104,	nu11=0.00049)	
2	-2869.459761391394	(t1=4e-05,	nu11=0.00049)	
2	-1183.0815806926694	(t1=9e-05,	nu11=0.00049)	
2	-9649.453747800435	(t1=0.00109,	nu11=0.00049)	
2	-1181.5284189686645	(t1=9e-05,	nu11=0.00049)	
2	-1154.9225458330475	(t1=9e-05,	nu11=0.00049)	
2	-9650.24338476453	(t1=0.00109,	nu11=0.00049)	
2	-1153.594009506749	(t1=9e-05,	nu11=0.00049)	
2	-1264.1855235608527	(t1=7e-05,	nu11=0.00049)	
2	-9660.62382215471	(t1=0.00107,	nu11=0.00049)	
2	-1266.1022755291779	(t1=7e-05,	nu11=0.00049)	
2	-1116.3259751157602	(t1=9e-05,	nu11=0.00049)	
2	-9651.5735262573	(t1=0.00109,	nu11=0.00049)	
2	-1115.385025733267	(t1=9e-05,	nu11=0.00049)	
2	-1096.1426875336329	(t1=9e-05,	nu11=0.00049)	
2	-9652.525464853505	(t1=0.00109,	nu11=0.00049)	
2	-1095.4858309705742	(t1=9e-05,	nu11=0.00049)	
2	-1094.2397703917231	(t1=8e-05,	nu11=0.00049)	
2	-9656.617473627091	(t1=0.00108,	nu11=0.00049)	
2	-1094.8576856292784	(t1=8e-05,	nu11=0.00049)	
2	-1098.9398851428414	(t1=8e-05,	nu11=0.00049)	
2	-9656.851362681598	(t1=0.00108,	nu11=0.00049)	
2	-1099.6327616954222	(t1=8e-05,	nu11=0.00049)	
2	-1094.649659230723	(t1=8e-05,	nu11=0.00049)	
2	-9656.639080608496	(t1=0.00108,	nu11=0.00049)	
2	-1095.2744921972044	(t1=8e-05,	nu11=0.00049)	
2	-1094.2786015144084	(t1=8e-05,	nu11=0.00049)	
2	-9656.619531753007	(t1=0.00108,	nu11=0.00049)	
2	-1094.8971756206593	(t1=8e-05,	nu11=0.00049)	
2	-1094.2434778069146	(t1=8e-05,	nu11=0.00049)	
2	-9656.617670229403	(t1=0.00108,	nu11=0.00049)	
2	-1094.8614559833659	(t1=8e-05,	nu11=0.00049)	
2	-1094.2401246210793	(t1=8e-05,	nu11=0.00049)	
2	-9656.617492412333	(t1=0.00108,	nu11=0.00049)	
2	-1094.8580458731158	(t1=8e-05,	nu11=0.00049)	
2	-1094.2398042390123	(t1=8e-05,	nu11=0.00049)	
2	-9656.61747542175	(t1=0.00108,	nu11=0.00049)	
2	-1094.857720051892	(t1=8e-05,	nu11=0.00049)	
2	-1094.239773625508	(t1=8e-05,	nu11=0.00049)	
2	-9656.617473798338	(t1=0.00108,	nu11=0.00049)	
2	-1094.8576889189426	(t1=8e-05,	nu11=0.00049)	
2	-1094.2397707008058	(t1=8e-05,	nu11=0.00049)	
2	-9656.617473643157	(t1=0.00108,	nu11=0.00049)	
2	-1094.8576859440655	(t1=8e-05,	nu11=0.00049)	
2	-1094.239770421409	(t1=8e-05,	nu11=0.00049)	
2	-9656.617473628372	(t1=0.00108,	nu11=0.00049)	
2	-1094.8576856595464	(t1=8e-05,	nu11=0.00049)	
2	-1094.2397703941679	(t1=8e-05,	nu11=0.00049)	
2	-9656.617473626975	(t1=0.00108,	nu11=0.00049)	
2	-1094.857685632538	(t1=8e-05,	nu11=0.00049)	
2	-1094.239770391956	(t1=8e-05,	nu11=0.00049)	
2	-9656.617473627208	(t1=0.00108,	nu11=0.00049)	
2	-1094.8576856296277	(t1=8e-05,	nu11=0.00049)	
2	-1094.2397703917231	(t1=8e-05,	nu11=0.00049)	
2	-9656.617473626742	(t1=0.00108,	nu11=0.00049)	
2	-1094.8576856292784	(t1=8e-05,	nu11=0.00049)	
2	-1094.2397703916067	(t1=8e-05,	nu11=0.00049)	
2	-9656.617473626859	(t1=0.00108,	nu11=0.00049)	
2	-1094.8576856293948	(t1=8e-05,	nu11=0.00049)	
2	-1094.2397703920724	(t1=8e-05,	nu11=0.00049)	
2	-9656.617473626626	(t1=0.00108,	nu11=0.00049)	
2	-1094.8576856300933	(t1=8e-05,	nu11=0.00049)	
2	-1094.2397703916067	(t1=8e-05,	nu11=0.00049)	
2	-9656.617473626859	(t1=0.00108,	nu11=0.00049)	
2	-1094.8576856293948	(t1=8e-05,	nu11=0.00049)	
2	-1367.6205334522529	(t1=0.0001,	nu11=0.00049)	
