0	-463.4084778808756	(t1=0.0001,	nu11=0.00049)	
1	-463.4084778808756	(t1=0.0001,	nu11=0.00049)	
2	-7195.159592529817	(t1=0.0011,	nu11=0.00049)	
2	-462.78288161801174	(t1=0.0001,	nu11=0.00049)	
2	-456.0221253730706	(t1=0.0001,	nu11=0.00049)	
2	-7195.662737533101	(t1=0.0011,	nu11=0.00049)	
2	-455.5667352861492	(t1=0.0001,	nu11=0.00049)	
2	-450.87363870063564	(t1=0.0001,	nu11=0.00049)	
2	-7196.16485820018	(t1=0.0011,	nu11=0.00049)	
2	-450.59088065015385	(t1=0.0001,	nu11=0.00049)	
2	-449.94764481531456	(t1=0.0001,	nu11=0.00049)	
2	-7196.290253099753	(t1=0.0011,	nu11=0.00049)	
2	-449.7084259286057	(t1=0.0001,	nu11=0.00049)	
2	-449.16953959607054	(t1=0.0001,	nu11=0.00049)	
2	-7196.415558872861	(t1=0.0011,	nu11=0.00049)	
2	-448.9739983440377	(t1=0.0001,	nu11=0.00049)	
2	-448.9982850010856	(t1=0.0001,	nu11=0.00049)	
2	-7196.44687399565	(t1=0.0011,	nu11=0.00049)	
2	-448.8136855806224	(t1=0.0001,	nu11=0.00049)	
2	-448.8364001783193	(t1=0.0001,	nu11=0.00049)	
2	-7196.478182295279	(t1=0.0011,	nu11=0.00049)	
2	-448.66275072447024	(t1=0.0001,	nu11=0.00049)	
2	-448.79739438695833	(t1=0.0001,	nu11=0.00049)	
2	-7196.486008564301	(t1=0.0011,	nu11=0.00049)	
2	-448.6264837841154	(t1=0.0001,	nu11=0.00049)	
2	-448.7589766405872	(t1=0.0001,	nu11=0.00049)	
2	-7196.493834280525	(t1=0.0011,	nu11=0.00049)	
2	-448.5908053526073	(t1=0.0001,	nu11=0.00049)	
2	-6724.684792942135	(t1=0.00041,	nu11=0.00049)	
2	-448.74662210518727	(t1=0.0001,	nu11=0.00049)	
2	-7196.496376577939	(t1=0.0011,	nu11=0.00049)	
2	-448.5793408640893	(t1=0.0001,	nu11=0.00049)	
2	-448.7343298436608	(t1=0.0001,	nu11=0.00049)	
2	-7196.498918784084	(t1=0.0011,	nu11=0.00049)	
2	-448.567938687338	(t1=0.0001,	nu11=0.00049)	
2	-7270.856920633989	(t1=0.00075,	nu11=0.00049)	
2	-448.7316652525915	(t1=0.0001,	nu11=0.00049)	
2	-7196.499471549701	(t1=0.0011,	nu11=0.00049)	
2	-448.5654676417471	(t1=0.0001,	nu11=0.00049)	
2	-448.72900361870416	(t1=0.0001,	nu11=0.00049)	
2	-7196.500024309498	(t1=0.0011,	nu11=0.00049)	
2	-448.562999553571	(t1=0.0001,	nu11=0.00049)	
2	-7247.934755529568	(t1=0.00093,	nu11=0.00049)	
2	-448.72837931936374	(t1=0.0001,	nu11=0.00049)	
2	-7196.500154049136	(t1=0.0011,	nu11=0.00049)	
2	-448.56242068251595	(t1=0.0001,	nu11=0.00049)	
2	-448.72775518428534	(t1=0.0001,	nu11=0.00049)	
2	-7196.500283789239	(t1=0.0011,	nu11=0.00049)	
2	-448.5618419761886	(t1=0.0001,	nu11=0.00049)	
2	-12399.587053402269	(t1=1e-05,	nu11=0.00049)	
2	-7225.076316989376	(t1=0.00101,	nu11=0.00049)	
2	-12404.890730283107	(t1=1e-05,	nu11=0.00049)	
2	-447.82073657767614	(t1=0.0001,	nu11=0.00049)	
2	-7196.752831462014	(t1=0.0011,	nu11=0.00049)	
2	-447.7435937631526	(t1=0.0001,	nu11=0.00049)	
2	-447.53899274609284	(t1=0.0001,	nu11=0.00049)	
2	-7197.00101273082	(t1=0.0011,	nu11=0.00049)	
2	-447.5497450304101	(t1=0.0001,	nu11=0.00049)	
2	-2290.023570387042	(t1=5e-05,	nu11=0.00049)	
2	-7211.726561313844	(t1=0.00105,	nu11=0.00049)	
2	-2295.859548559005	(t1=5e-05,	nu11=0.00049)	
2	-448.23025438317563	(t1=0.0001,	nu11=0.00049)	
2	-7197.359741997672	(t1=0.0011,	nu11=0.00049)	
2	-448.36919563490665	(t1=0.0001,	nu11=0.00049)	
2	-447.5681334687397	(t1=0.0001,	nu11=0.00049)	
2	-7197.067588721227	(t1=0.0011,	nu11=0.00049)	
2	-447.6025745018269	(t1=0.0001,	nu11=0.00049)	
2	-447.54132248670794	(t1=0.0001,	nu11=0.00049)	
2	-7197.01464736223	(t1=0.0011,	nu11=0.00049)	
2	-447.5569223903003	(t1=0.0001,	nu11=0.00049)	
2	-447.539324576268	(t1=0.0001,	nu11=0.00049)	
2	-7197.003858505108	(t1=0.0011,	nu11=0.00049)	
2	-447.5510884774267	(t1=0.0001,	nu11=0.00049)	
2	-447.5390555324848	(t1=0.0001,	nu11=0.00049)	
2	-7197.001609017199	(t1=0.0011,	nu11=0.00049)	
2	-447.55001977761276	(t1=0.0001,	nu11=0.00049)	
2	-447.53900561702903	(t1=0.0001,	nu11=0.00049)	
2	-7197.0011377749615	(t1=0.0011,	nu11=0.00049)	
2	-447.5498023495893	(t1=0.0001,	nu11=0.00049)	
2	-447.5389954324928	(t1=0.0001,	nu11=0.00049)	
2	-7197.001038957853	(t1=0.0011,	nu11=0.00049)	
2	-447.54975703940727	(t1=0.0001,	nu11=0.00049)	
2	-447.53899330977583	(t1=0.0001,	nu11=0.00049)	
2	-7197.001018231735	(t1=0.0011,	nu11=0.00049)	
2	-447.54974754864816	(t1=0.0001,	nu11=0.00049)	
2	-447.53899286477827	(t1=0.0001,	nu11=0.00049)	
2	-7197.0010138844955	(t1=0.0011,	nu11=0.00049)	
2	-447.54974555806257	(t1=0.0001,	nu11=0.00049)	
2	-447.5389927715878	(t1=0.0001,	nu11=0.00049)	
2	-7197.001012972614	(t1=0.0011,	nu11=0.00049)	
2	-447.54974514141213	(t1=0.0001,	nu11=0.00049)	
2	-447.5389927516226	(t1=0.0001,	nu11=0.00049)	
2	-7197.001012781111	(t1=0.0011,	nu11=0.00049)	
2	-447.54974505340215	(t1=0.0001,	nu11=0.00049)	
2	-447.5389927474316	(t1=0.0001,	nu11=0.00049)	
2	-7197.001012741472	(t1=0.0011,	nu11=0.00049)	
2	-447.54974503529957	(t1=0.0001,	nu11=0.00049)	
2	-447.5389927465585	(t1=0.0001,	nu11=0.00049)	
2	-7197.001012732508	(t1=0.0011,	nu11=0.00049)	
2	-447.54974503122503	(t1=0.0001,	nu11=0.00049)	
2	-447.5389927463839	(t1=0.0001,	nu11=0.00049)	
2	-7197.001012731576	(t1=0.0011,	nu11=0.00049)	
2	-447.54974503064295	(t1=0.0001,	nu11=0.00049)	
2	-447.53899274679134	(t1=0.0001,	nu11=0.00049)	
2	-7197.001012731111	(t1=0.0011,	nu11=0.00049)	
2	-447.5497450304101	(t1=0.0001,	nu11=0.00049)	
2	-447.5389927463839	(t1=0.0001,	nu11=0.00049)	
2	-7197.001012730878	(t1=0.0011,	nu11=0.00049)	
2	-447.5497450303519	(t1=0.0001,	nu11=0.00049)	
2	-447.5389927466749	(t1=0.0001,	nu11=0.00049)	
2	-7197.001012730587	(t1=0.0011,	nu11=0.00049)	
2	-447.54974503058475	(t1=0.0001,	nu11=0.00049)	
2	-447.53899274609284	(t1=0.0001,	nu11=0.00049)	
2	-7197.00101273082	(t1=0.0011,	nu11=0.00049)	
2	-447.5497450304101	(t1=0.0001,	nu11=0.00049)	
2	-447.53899274609284	(t1=0.0001,	nu11=0.00049)	
2	-7197.00101273082	(t1=0.0011,	nu11=0.00049)	
2	-447.54974503064295	(t1=0.0001,	nu11=0.00049)	
2	-447.53899274673313	(t1=0.0001,	nu11=0.00049)	
2	-7197.001012730878	(t1=0.0011,	nu11=0.00049)	
2	-447.54974503058475	(t1=0.0001,	nu11=0.00049)	
2	-447.53899274609284	(t1=0.0001,	nu11=0.00049)	
2	-7197.00101273082	(t1=0.0011,	nu11=0.00049)	
2	-447.54974503064295	(t1=0.0001,	nu11=0.00049)	
2	-447.53899274690775	(t1=0.0001,	nu11=0.00049)	
2	-7197.0010127310525	(t1=0.0011,	nu11=0.00049)	
2	-447.5497450303519	(t1=0.0001,	nu11=0.00049)	
2	-447.53899274609284	(t1=0.0001,	nu11=0.00049)	
2	-7197.00101273082	(t1=0.0011,	nu11=0.00049)	
2	-447.54974503064295	(t1=0.0001,	nu11=0.00049)	
2	-447.53899274609284	(t1=0.0001,	nu11=0.00049)	
2	-7197.00101273082	(t1=0.0011,	nu11=0.00049)	
2	-447.54974503064295	(t1=0.0001,	nu11=0.00049)	
2	-447.53899274615105	(t1=0.0001,	nu11=0.00049)	
2	-7197.001012730761	(t1=0.0011,	nu11=0.00049)	
2	-447.54974503064295	(t1=0.0001,	nu11=0.00049)	
2	-447.53899274609284	(t1=0.0001,	nu11=0.00049)	
2	-7197.00101273082	(t1=0.0011,	nu11=0.00049)	
2	-447.54974503064295	(t1=0.0001,	nu11=0.00049)	
2	-447.5389927463839	(t1=0.0001,	nu11=0.00049)	
2	-7197.00101273082	(t1=0.0011,	nu11=0.00049)	
2	-447.5497450303519	(t1=0.0001,	nu11=0.00049)	
2	-447.53899274609284	(t1=0.0001,	nu11=0.00049)	
2	-7197.00101273082	(t1=0.0011,	nu11=0.00049)	
2	-447.54974503064295	(t1=0.0001,	nu11=0.00049)	
2	-463.4084778808756	(t1=0.0001,	nu11=0.00049)	
