0	-306.34414031589404	(t1=0.00016,	nu11=0.00075)	
1	-306.34414031589404	(t1=0.00016,	nu11=0.00075)	
2	-6915.238516315818	(t1=0.00116,	nu11=0.00075)	
2	-305.26742116804235	(t1=0.00016,	nu11=0.00075)	
2	-297.9407225934556	(t1=0.00016,	nu11=0.00075)	
2	-6915.355259728967	(t1=0.00116,	nu11=0.00075)	
2	-296.9617334816139	(t1=0.00016,	nu11=0.00075)	
2	-290.26512520515826	(t1=0.00016,	nu11=0.00075)	
2	-6915.470436320524	(t1=0.00116,	nu11=0.00075)	
2	-289.38483605044894	(t1=0.00016,	nu11=0.00075)	
2	-288.461661588517	(t1=0.00016,	nu11=0.00075)	
2	-6915.498996997485	(t1=0.00116,	nu11=0.00075)	
2	-287.606209344347	(t1=0.00016,	nu11=0.00075)	
2	-286.7056132252328	(t1=0.00016,	nu11=0.00075)	
2	-6915.527455447707	(t1=0.00116,	nu11=0.00075)	
2	-285.87505518854596	(t1=0.00016,	nu11=0.00075)	
2	-286.2739877594868	(t1=0.00016,	nu11=0.00075)	
2	-6915.534555065795	(t1=0.00116,	nu11=0.00075)	
2	-285.4496630881913	(t1=0.00016,	nu11=0.00075)	
2	-285.8453665932175	(t1=0.00016,	nu11=0.00075)	
2	-6915.54164804332	(t1=0.00116,	nu11=0.00075)	
2	-285.0272786497371	(t1=0.00016,	nu11=0.00075)	
2	-285.7386763023678	(t1=0.00016,	nu11=0.00075)	
2	-6915.5434203326	(t1=0.00116,	nu11=0.00075)	
2	-284.9221481393324	(t1=0.00016,	nu11=0.00075)	
2	-285.63217579899356	(t1=0.00016,	nu11=0.00075)	
2	-6915.5451921793865	(t1=0.00116,	nu11=0.00075)	
2	-284.81720760220196	(t1=0.00016,	nu11=0.00075)	
2	-5549.561907747178	(t1=0.00048,	nu11=0.00075)	
2	-285.59779822838027	(t1=0.00016,	nu11=0.00075)	
2	-6915.545764699695	(t1=0.00116,	nu11=0.00075)	
2	-284.7833342120284	(t1=0.00016,	nu11=0.00075)	
2	-285.5634409211343	(t1=0.00016,	nu11=0.00075)	
2	-6915.546337166219	(t1=0.00116,	nu11=0.00075)	
2	-284.74948109767865	(t1=0.00016,	nu11=0.00075)	
2	-6825.502042228589	(t1=0.00082,	nu11=0.00075)	
2	-285.55595069844276	(t1=0.00016,	nu11=0.00075)	
2	-6915.5464620067505	(t1=0.00116,	nu11=0.00075)	
2	-284.74210083519574	(t1=0.00016,	nu11=0.00075)	
2	-285.5484614712186	(t1=0.00016,	nu11=0.00075)	
2	-6915.546586844372	(t1=0.00116,	nu11=0.00075)	
2	-284.7347215679474	(t1=0.00016,	nu11=0.00075)	
2	-6910.524228346068	(t1=0.00099,	nu11=0.00075)	
2	-285.5467016355833	(t1=0.00016,	nu11=0.00075)	
2	-6915.546616181266	(t1=0.00116,	nu11=0.00075)	
2	-284.732987572439	(t1=0.00016,	nu11=0.00075)	
2	-285.54494185745716	(t1=0.00016,	nu11=0.00075)	
2	-6915.546645517577	(t1=0.00116,	nu11=0.00075)	
2	-284.731253636186	(t1=0.00016,	nu11=0.00075)	
2	-2772.778740949463	(t1=7e-05,	nu11=0.00075)	
2	-6918.741129118134	(t1=0.00107,	nu11=0.00075)	
2	-2778.917383156717	(t1=7e-05,	nu11=0.00075)	
2	-272.9146675474476	(t1=0.00015,	nu11=0.00075)	
2	-6915.78269737924	(t1=0.00115,	nu11=0.00075)	
2	-272.31417865189724	(t1=0.00015,	nu11=0.00075)	
2	-264.38397187308874	(t1=0.00015,	nu11=0.00075)	
2	-6915.996989798034	(t1=0.00115,	nu11=0.00075)	
2	-263.986741980887	(t1=0.00015,	nu11=0.00075)	
2	-675.6528266218957	(t1=0.00011,	nu11=0.00075)	
2	-6918.365173041355	(t1=0.00111,	nu11=0.00075)	
2	-678.6604990301421	(t1=0.00011,	nu11=0.00075)	
2	-258.94614006602205	(t1=0.00015,	nu11=0.00075)	
2	-6916.222024308052	(t1=0.00115,	nu11=0.00075)	
2	-258.77331916207913	(t1=0.00015,	nu11=0.00075)	
2	-257.6324629087467	(t1=0.00015,	nu11=0.00075)	
2	-6916.41263235244	(t1=0.00115,	nu11=0.00075)	
2	-257.65940234961454	(t1=0.00015,	nu11=0.00075)	
2	-352.4534381054109	(t1=0.00013,	nu11=0.00075)	
2	-6917.5599257010035	(t1=0.00113,	nu11=0.00075)	
2	-353.9389198740246	(t1=0.00013,	nu11=0.00075)	
2	-258.75491315859836	(t1=0.00014,	nu11=0.00075)	
2	-6916.544365388923	(t1=0.00114,	nu11=0.00075)	
2	-258.92559325683396	(t1=0.00014,	nu11=0.00075)	
2	-257.7100659586722	(t1=0.00015,	nu11=0.00075)	
2	-6916.437526838039	(t1=0.00115,	nu11=0.00075)	
2	-257.76379973161966	(t1=0.00015,	nu11=0.00075)	
2	-257.6432557164226	(t1=0.00015,	nu11=0.00075)	
2	-6916.417660446721	(t1=0.00115,	nu11=0.00075)	
2	-257.6755934137618	(t1=0.00015,	nu11=0.00075)	
2	-257.6344712455757	(t1=0.00015,	nu11=0.00075)	
2	-6916.413661050145	(t1=0.00115,	nu11=0.00075)	
2	-257.6625145593425	(t1=0.00015,	nu11=0.00075)	
2	-257.63286650029477	(t1=0.00015,	nu11=0.00075)	
2	-6916.412843363127	(t1=0.00115,	nu11=0.00075)	
2	-257.66003234905656	(t1=0.00015,	nu11=0.00075)	
2	-257.63254538702313	(t1=0.00015,	nu11=0.00075)	
2	-6916.412675658823	(t1=0.00115,	nu11=0.00075)	
2	-257.65953129378613	(t1=0.00015,	nu11=0.00075)	
2	-257.63247982319444	(t1=0.00015,	nu11=0.00075)	
2	-6916.412641241099	(t1=0.00115,	nu11=0.00075)	
2	-257.65942880150396	(t1=0.00015,	nu11=0.00075)	
2	-257.6324663796695	(t1=0.00015,	nu11=0.00075)	
2	-6916.412634176901	(t1=0.00115,	nu11=0.00075)	
2	-257.6594077787595	(t1=0.00015,	nu11=0.00075)	
2	-257.63246362120844	(t1=0.00015,	nu11=0.00075)	
2	-6916.412632726948	(t1=0.00115,	nu11=0.00075)	
2	-257.65940346370917	(t1=0.00015,	nu11=0.00075)	
2	-257.63246305508073	(t1=0.00015,	nu11=0.00075)	
2	-6916.412632429507	(t1=0.00115,	nu11=0.00075)	
2	-257.65940257848706	(t1=0.00015,	nu11=0.00075)	
2	-257.6324629387818	(t1=0.00015,	nu11=0.00075)	
2	-6916.412632368389	(t1=0.00115,	nu11=0.00075)	
2	-257.65940239676274	(t1=0.00015,	nu11=0.00075)	
2	-257.63246291549876	(t1=0.00015,	nu11=0.00075)	
2	-6916.412632355816	(t1=0.00115,	nu11=0.00075)	
2	-257.659402359277	(t1=0.00015,	nu11=0.00075)	
2	-257.6324629097944	(t1=0.00015,	nu11=0.00075)	
2	-6916.412632353138	(t1=0.00115,	nu11=0.00075)	
2	-257.6594023515936	(t1=0.00015,	nu11=0.00075)	
2	-257.63246290921234	(t1=0.00015,	nu11=0.00075)	
2	-6916.4126323526725	(t1=0.00115,	nu11=0.00075)	
2	-257.6594023500802	(t1=0.00015,	nu11=0.00075)	
2	-257.63246290839743	(t1=0.00015,	nu11=0.00075)	
2	-6916.412632352789	(t1=0.00115,	nu11=0.00075)	
2	-257.6594023501966	(t1=0.00015,	nu11=0.00075)	
2	-257.6324629089795	(t1=0.00015,	nu11=0.00075)	
2	-6916.412632352789	(t1=0.00115,	nu11=0.00075)	
2	-257.65940234984737	(t1=0.00015,	nu11=0.00075)	
2	-257.6324629090959	(t1=0.00015,	nu11=0.00075)	
2	-6916.41263235244	(t1=0.00115,	nu11=0.00075)	
2	-257.6594023499638	(t1=0.00015,	nu11=0.00075)	
2	-257.63246290863026	(t1=0.00015,	nu11=0.00075)	
2	-6916.4126323526725	(t1=0.00115,	nu11=0.00075)	
2	-257.65940234973095	(t1=0.00015,	nu11=0.00075)	
2	-257.6324629089795	(t1=0.00015,	nu11=0.00075)	
2	-6916.412632352789	(t1=0.00115,	nu11=0.00075)	
2	-257.6594023501966	(t1=0.00015,	nu11=0.00075)	
2	-257.63246290839743	(t1=0.00015,	nu11=0.00075)	
2	-6916.412632352789	(t1=0.00115,	nu11=0.00075)	
2	-257.6594023501966	(t1=0.00015,	nu11=0.00075)	
2	-306.34414031589404	(t1=0.00016,	nu11=0.00075)	
