0	-446.1961151291616	(t1=0.00016,	nu11=0.00075)	
1	-446.1961151291616	(t1=0.00016,	nu11=0.00075)	
2	-6399.135338361841	(t1=0.00116,	nu11=0.00075)	
2	-446.39668959751725	(t1=0.00016,	nu11=0.00075)	
2	-447.58625064289663	(t1=0.00016,	nu11=0.00075)	
2	-6399.207202611957	(t1=0.00116,	nu11=0.00075)	
2	-447.8672896112548	(t1=0.00016,	nu11=0.00075)	
2	-446.38501801958773	(t1=0.00016,	nu11=0.00075)	
2	-6399.146852965583	(t1=0.00116,	nu11=0.00075)	
2	-446.5983855818631	(t1=0.00016,	nu11=0.00075)	
2	-446.22649239155	(t1=0.00016,	nu11=0.00075)	
2	-6399.137243395555	(t1=0.00116,	nu11=0.00075)	
2	-446.4291808223352	(t1=0.00016,	nu11=0.00075)	
2	-446.2011430093553	(t1=0.00016,	nu11=0.00075)	
2	-6399.135655177757	(t1=0.00116,	nu11=0.00075)	
2	-446.4020689682802	(t1=0.00016,	nu11=0.00075)	
2	-446.19695134426	(t1=0.00016,	nu11=0.00075)	
2	-6399.1353910951875	(t1=0.00116,	nu11=0.00075)	
2	-446.3975843156222	(t1=0.00016,	nu11=0.00075)	
2	-446.1962543167174	(t1=0.00016,	nu11=0.00075)	
2	-6399.135347140371	(t1=0.00116,	nu11=0.00075)	
2	-446.3968385239132	(t1=0.00016,	nu11=0.00075)	
2	-446.19613830023445	(t1=0.00016,	nu11=0.00075)	
2	-6399.135339823435	(t1=0.00116,	nu11=0.00075)	
2	-446.396714389557	(t1=0.00016,	nu11=0.00075)	
2	-446.1961189865833	(t1=0.00016,	nu11=0.00075)	
2	-6399.1353386047995	(t1=0.00116,	nu11=0.00075)	
2	-446.3966937250225	(t1=0.00016,	nu11=0.00075)	
2	-446.19611577130854	(t1=0.00016,	nu11=0.00075)	
2	-6399.135338402353	(t1=0.00116,	nu11=0.00075)	
2	-446.3966902849497	(t1=0.00016,	nu11=0.00075)	
2	-446.1961152360309	(t1=0.00016,	nu11=0.00075)	
2	-6399.135338368709	(t1=0.00116,	nu11=0.00075)	
2	-446.39668971218634	(t1=0.00016,	nu11=0.00075)	
2	-446.19611514674034	(t1=0.00016,	nu11=0.00075)	
2	-6399.135338363121	(t1=0.00116,	nu11=0.00075)	
2	-446.3966896162601	(t1=0.00016,	nu11=0.00075)	
2	-446.1961151321884	(t1=0.00016,	nu11=0.00075)	
2	-6399.1353383620735	(t1=0.00116,	nu11=0.00075)	
2	-446.3966896003112	(t1=0.00016,	nu11=0.00075)	
2	-446.1961151297437	(t1=0.00016,	nu11=0.00075)	
2	-6399.135338361608	(t1=0.00116,	nu11=0.00075)	
2	-446.3966895977501	(t1=0.00016,	nu11=0.00075)	
2	-446.1961151291616	(t1=0.00016,	nu11=0.00075)	
2	-6399.135338361608	(t1=0.00116,	nu11=0.00075)	
2	-446.39668959740084	(t1=0.00016,	nu11=0.00075)	
2	-446.1961151296273	(t1=0.00016,	nu11=0.00075)	
2	-6399.1353383620735	(t1=0.00116,	nu11=0.00075)	
2	-446.396689597168	(t1=0.00016,	nu11=0.00075)	
2	-446.19611512927804	(t1=0.00016,	nu11=0.00075)	
2	-6399.135338361608	(t1=0.00116,	nu11=0.00075)	
2	-446.39668959751725	(t1=0.00016,	nu11=0.00075)	
2	-446.1961151291616	(t1=0.00016,	nu11=0.00075)	
2	-6399.135338361841	(t1=0.00116,	nu11=0.00075)	
2	-446.39668959751725	(t1=0.00016,	nu11=0.00075)	
2	-446.1961151290452	(t1=0.00016,	nu11=0.00075)	
2	-6399.135338361608	(t1=0.00116,	nu11=0.00075)	
2	-446.39668959751725	(t1=0.00016,	nu11=0.00075)	
2	-446.1961151295109	(t1=0.00016,	nu11=0.00075)	
2	-6399.135338361608	(t1=0.00116,	nu11=0.00075)	
2	-446.3966895972844	(t1=0.00016,	nu11=0.00075)	
2	-446.1961151290452	(t1=0.00016,	nu11=0.00075)	
2	-6399.135338361608	(t1=0.00116,	nu11=0.00075)	
2	-446.39668959751725	(t1=0.00016,	nu11=0.00075)	
2	-446.1961151290452	(t1=0.00016,	nu11=0.00075)	
2	-6399.135338361608	(t1=0.00116,	nu11=0.00075)	
2	-446.3966895972844	(t1=0.00016,	nu11=0.00075)	
2	-446.19611512927804	(t1=0.00016,	nu11=0.00075)	
2	-6399.135338361608	(t1=0.00116,	nu11=0.00075)	
2	-446.39668959751725	(t1=0.00016,	nu11=0.00075)	
2	-446.1961151290452	(t1=0.00016,	nu11=0.00075)	
2	-6399.135338361608	(t1=0.00116,	nu11=0.00075)	
2	-446.3966895972844	(t1=0.00016,	nu11=0.00075)	
2	-446.19611512927804	(t1=0.00016,	nu11=0.00075)	
2	-6399.135338361608	(t1=0.00116,	nu11=0.00075)	
2	-446.39668959751725	(t1=0.00016,	nu11=0.00075)	
2	-446.1961151290452	(t1=0.00016,	nu11=0.00075)	
2	-6399.135338361608	(t1=0.00116,	nu11=0.00075)	
2	-446.3966895972844	(t1=0.00016,	nu11=0.00075)	
2	-446.19611512927804	(t1=0.00016,	nu11=0.00075)	
2	-6399.135338361608	(t1=0.00116,	nu11=0.00075)	
2	-446.39668959751725	(t1=0.00016,	nu11=0.00075)	
2	-446.1961151290452	(t1=0.00016,	nu11=0.00075)	
2	-6399.135338361608	(t1=0.00116,	nu11=0.00075)	
2	-446.3966895972844	(t1=0.00016,	nu11=0.00075)	
2	-446.19611512927804	(t1=0.00016,	nu11=0.00075)	
2	-6399.135338361608	(t1=0.00116,	nu11=0.00075)	
2	-446.39668959751725	(t1=0.00016,	nu11=0.00075)	
2	-446.1961151290452	(t1=0.00016,	nu11=0.00075)	
2	-6399.135338361608	(t1=0.00116,	nu11=0.00075)	
2	-446.3966895972844	(t1=0.00016,	nu11=0.00075)	
2	-446.19611512927804	(t1=0.00016,	nu11=0.00075)	
2	-6399.135338361608	(t1=0.00116,	nu11=0.00075)	
2	-446.39668959751725	(t1=0.00016,	nu11=0.00075)	
2	-446.1961151290452	(t1=0.00016,	nu11=0.00075)	
2	-6399.135338361608	(t1=0.00116,	nu11=0.00075)	
2	-446.3966895972844	(t1=0.00016,	nu11=0.00075)	
2	-446.19611512927804	(t1=0.00016,	nu11=0.00075)	
2	-6399.135338361608	(t1=0.00116,	nu11=0.00075)	
2	-446.39668959751725	(t1=0.00016,	nu11=0.00075)	
2	-446.1961151290452	(t1=0.00016,	nu11=0.00075)	
2	-6399.135338361608	(t1=0.00116,	nu11=0.00075)	
2	-446.3966895972844	(t1=0.00016,	nu11=0.00075)	
2	-446.19611512927804	(t1=0.00016,	nu11=0.00075)	
2	-6399.135338361608	(t1=0.00116,	nu11=0.00075)	
2	-446.39668959751725	(t1=0.00016,	nu11=0.00075)	
2	-446.1961151290452	(t1=0.00016,	nu11=0.00075)	
2	-6399.135338361608	(t1=0.00116,	nu11=0.00075)	
2	-446.3966895972844	(t1=0.00016,	nu11=0.00075)	
2	-446.19611512927804	(t1=0.00016,	nu11=0.00075)	
2	-6399.135338361608	(t1=0.00116,	nu11=0.00075)	
2	-446.39668959751725	(t1=0.00016,	nu11=0.00075)	
2	-446.1961151290452	(t1=0.00016,	nu11=0.00075)	
2	-6399.135338361608	(t1=0.00116,	nu11=0.00075)	
2	-446.3966895972844	(t1=0.00016,	nu11=0.00075)	
2	-446.19611512927804	(t1=0.00016,	nu11=0.00075)	
2	-6399.135338361608	(t1=0.00116,	nu11=0.00075)	
2	-446.39668959751725	(t1=0.00016,	nu11=0.00075)	
2	-446.1961151290452	(t1=0.00016,	nu11=0.00075)	
2	-6399.135338361608	(t1=0.00116,	nu11=0.00075)	
2	-446.3966895972844	(t1=0.00016,	nu11=0.00075)	
2	-446.19611512927804	(t1=0.00016,	nu11=0.00075)	
2	-6399.135338361608	(t1=0.00116,	nu11=0.00075)	
2	-446.39668959751725	(t1=0.00016,	nu11=0.00075)	
2	-446.1961151290452	(t1=0.00016,	nu11=0.00075)	
2	-6399.135338361608	(t1=0.00116,	nu11=0.00075)	
2	-446.3966895972844	(t1=0.00016,	nu11=0.00075)	
2	-446.19611512927804	(t1=0.00016,	nu11=0.00075)	
2	-6399.135338361608	(t1=0.00116,	nu11=0.00075)	
2	-446.39668959751725	(t1=0.00016,	nu11=0.00075)	
2	-446.1961151290452	(t1=0.00016,	nu11=0.00075)	
2	-6399.135338361608	(t1=0.00116,	nu11=0.00075)	
2	-446.3966895972844	(t1=0.00016,	nu11=0.00075)	
2	-446.1961151291616	(t1=0.00016,	nu11=0.00075)	
