0	-419.0870531803812	(t1=0.0001,	nu11=0.00049)	
1	-419.0870531803812	(t1=0.0001,	nu11=0.00049)	
2	-8072.482327797508	(t1=0.0011,	nu11=0.00049)	
2	-417.1477132111904	(t1=0.0001,	nu11=0.00049)	
2	-383.0471829610178	(t1=0.0001,	nu11=0.00049)	
2	-8073.291320651304	(t1=0.0011,	nu11=0.00049)	
2	-381.3398558786139	(t1=0.0001,	nu11=0.00049)	
2	-350.85863273142604	(t1=0.0001,	nu11=0.00049)	
2	-8074.10045088199	(t1=0.0011,	nu11=0.00049)	
2	-349.38920561259147	(t1=0.0001,	nu11=0.00049)	
2	-343.44010397035163	(t1=0.0001,	nu11=0.00049)	
2	-8074.303035511344	(t1=0.0011,	nu11=0.00049)	
2	-342.03114379383624	(t1=0.0001,	nu11=0.00049)	
2	-336.290197277267	(t1=0.0001,	nu11=0.00049)	
2	-8074.505566801818	(t1=0.0011,	nu11=0.00049)	
2	-334.9420458939858	(t1=0.0001,	nu11=0.00049)	
2	-334.54459789255634	(t1=0.0001,	nu11=0.00049)	
2	-8074.556211234827	(t1=0.0011,	nu11=0.00049)	
2	-333.21170786221046	(t1=0.0001,	nu11=0.00049)	
2	-332.8162905022036	(t1=0.0001,	nu11=0.00049)	
2	-8074.6068495255895	(t1=0.0011,	nu11=0.00049)	
2	-331.4986821753555	(t1=0.0001,	nu11=0.00049)	
2	-332.38687523978297	(t1=0.0001,	nu11=0.00049)	
2	-8074.619509594515	(t1=0.0011,	nu11=0.00049)	
2	-331.07309095404344	(t1=0.0001,	nu11=0.00049)	
2	-331.95855604473036	(t1=0.0001,	nu11=0.00049)	
2	-8074.632169011165	(t1=0.0011,	nu11=0.00049)	
2	-330.64859698718647	(t1=0.0001,	nu11=0.00049)	
2	-6652.39720861346	(t1=0.00031,	nu11=0.00049)	
2	-331.8139372424339	(t1=0.0001,	nu11=0.00049)	
2	-8074.636450559134	(t1=0.0011,	nu11=0.00049)	
2	-330.50527223100653	(t1=0.0001,	nu11=0.00049)	
2	-331.6694466799381	(t1=0.0001,	nu11=0.00049)	
2	-8074.6407319533755	(t1=0.0011,	nu11=0.00049)	
2	-330.3620758255711	(t1=0.0001,	nu11=0.00049)	
2	-8154.186381516571	(t1=0.00071,	nu11=0.00049)	
2	-331.6387571488158	(t1=0.0001,	nu11=0.00049)	
2	-8074.641641783528	(t1=0.0011,	nu11=0.00049)	
2	-330.33166133391205	(t1=0.0001,	nu11=0.00049)	
2	-331.6080735849682	(t1=0.0001,	nu11=0.00049)	
2	-8074.642551601573	(t1=0.0011,	nu11=0.00049)	
2	-330.30125281290384	(t1=0.0001,	nu11=0.00049)	
2	-8136.834849965409	(t1=0.0009,	nu11=0.00049)	
2	-331.60093855235027	(t1=0.0001,	nu11=0.00049)	
2	-8074.642763190786	(t1=0.0011,	nu11=0.00049)	
2	-330.2941817449173	(t1=0.0001,	nu11=0.00049)	
2	-331.5938038598979	(t1=0.0001,	nu11=0.00049)	
2	-8074.642974778777	(t1=0.0011,	nu11=0.00049)	
2	-330.2871110190172	(t1=0.0001,	nu11=0.00049)	
2	-8109.787114953913	(t1=0.001,	nu11=0.00049)	
2	-331.5920803434565	(t1=0.0001,	nu11=0.00049)	
2	-8074.643025892321	(t1=0.0011,	nu11=0.00049)	
2	-330.2854029542068	(t1=0.0001,	nu11=0.00049)	
2	-331.59035684884293	(t1=0.0001,	nu11=0.00049)	
2	-8074.643077006855	(t1=0.0011,	nu11=0.00049)	
2	-330.28369491297053	(t1=0.0001,	nu11=0.00049)	
2	-1909.128766512149	(t1=5e-05,	nu11=0.00049)	
2	-8093.212396800867	(t1=0.00105,	nu11=0.00049)	
2	-1914.1047263956862	(t1=5e-05,	nu11=0.00049)	
2	-310.7916511291987	(t1=0.0001,	nu11=0.00049)	
2	-8075.3044050066965	(t1=0.0011,	nu11=0.00049)	
2	-309.68679255916504	(t1=0.0001,	nu11=0.00049)	
2	-294.30080582463415	(t1=9e-05,	nu11=0.00049)	
2	-8075.917513683962	(t1=0.00109,	nu11=0.00049)	
2	-293.38633687311085	(t1=9e-05,	nu11=0.00049)	
2	-473.92859511764254	(t1=7e-05,	nu11=0.00049)	
2	-8084.785377263848	(t1=0.00107,	nu11=0.00049)	
2	-476.048719757644	(t1=7e-05,	nu11=0.00049)	
2	-276.53320286161033	(t1=9e-05,	nu11=0.00049)	
2	-8076.748363770777	(t1=0.00109,	nu11=0.00049)	
2	-275.88166504283436	(t1=9e-05,	nu11=0.00049)	
2	-266.2576227718382	(t1=9e-05,	nu11=0.00049)	
2	-8077.422228591458	(t1=0.00109,	nu11=0.00049)	
2	-265.8233603601111	(t1=9e-05,	nu11=0.00049)	
2	-288.01498009456554	(t1=8e-05,	nu11=0.00049)	
2	-8081.14240316092	(t1=0.00108,	nu11=0.00049)	
2	-288.83767374040326	(t1=8e-05,	nu11=0.00049)	
2	-260.63901310105575	(t1=9e-05,	nu11=0.00049)	
2	-8077.9934583794675	(t1=0.00109,	nu11=0.00049)	
2	-260.39164613501634	(t1=9e-05,	nu11=0.00049)	
2	-258.3908703767229	(t1=9e-05,	nu11=0.00049)	
2	-8078.419948850817	(t1=0.00109,	nu11=0.00049)	
2	-258.28460647619795	(t1=9e-05,	nu11=0.00049)	
2	-263.2361221051542	(t1=8e-05,	nu11=0.00049)	
2	-8079.786389061599	(t1=0.00108,	nu11=0.00049)	
2	-263.5903866768931	(t1=8e-05,	nu11=0.00049)	
2	-257.891408668831	(t1=9e-05,	nu11=0.00049)	
2	-8078.654005683551	(t1=0.00109,	nu11=0.00049)	
2	-257.86313247826183	(t1=9e-05,	nu11=0.00049)	
2	-257.8723624420818	(t1=9e-05,	nu11=0.00049)	
2	-8078.836493179493	(t1=0.00109,	nu11=0.00049)	
2	-257.90515561244683	(t1=9e-05,	nu11=0.00049)	
2	-259.38936078967527	(t1=9e-05,	nu11=0.00049)	
2	-8079.312073103443	(t1=0.00109,	nu11=0.00049)	
2	-259.5823670453974	(t1=9e-05,	nu11=0.00049)	
2	-257.9724776975927	(t1=9e-05,	nu11=0.00049)	
2	-8078.9193572313525	(t1=0.00109,	nu11=0.00049)	
2	-258.03307670063805	(t1=9e-05,	nu11=0.00049)	
2	-257.88654895854415	(t1=9e-05,	nu11=0.00049)	
2	-8078.852680633892	(t1=0.00109,	nu11=0.00049)	
2	-257.92477030528244	(t1=9e-05,	nu11=0.00049)	
2	-257.8749842174002	(t1=9e-05,	nu11=0.00049)	
2	-8078.83972173417	(t1=0.00109,	nu11=0.00049)	
2	-257.90885988320224	(t1=9e-05,	nu11=0.00049)	
2	-257.87287920800736	(t1=9e-05,	nu11=0.00049)	
2	-8078.837139744428	(t1=0.00109,	nu11=0.00049)	
2	-257.9058891579043	(t1=9e-05,	nu11=0.00049)	
2	-257.87246568419505	(t1=9e-05,	nu11=0.00049)	
2	-8078.836622769188	(t1=0.00109,	nu11=0.00049)	
2	-257.9053023031447	(t1=9e-05,	nu11=0.00049)	
2	-257.8723831247771	(t1=9e-05,	nu11=0.00049)	
2	-8078.836519157048	(t1=0.00109,	nu11=0.00049)	
2	-257.9051850049873	(t1=9e-05,	nu11=0.00049)	
2	-257.872366587806	(t1=9e-05,	nu11=0.00049)	
2	-8078.836498387158	(t1=0.00109,	nu11=0.00049)	
2	-257.90516150416806	(t1=9e-05,	nu11=0.00049)	
2	-257.872363273229	(t1=9e-05,	nu11=0.00049)	
2	-8078.836494223506	(t1=0.00109,	nu11=0.00049)	
2	-257.90515679394593	(t1=9e-05,	nu11=0.00049)	
2	-257.87236260878853	(t1=9e-05,	nu11=0.00049)	
2	-8078.8364933884	(t1=0.00109,	nu11=0.00049)	
2	-257.9051558491192	(t1=9e-05,	nu11=0.00049)	
2	-257.87236247601686	(t1=9e-05,	nu11=0.00049)	
2	-8078.836493221519	(t1=0.00109,	nu11=0.00049)	
2	-257.9051556600025	(t1=9e-05,	nu11=0.00049)	
2	-257.8723624487757	(t1=9e-05,	nu11=0.00049)	
2	-8078.836493187584	(t1=0.00109,	nu11=0.00049)	
2	-257.9051556221093	(t1=9e-05,	nu11=0.00049)	
2	-257.872362443537	(t1=9e-05,	nu11=0.00049)	
2	-8078.836493181181	(t1=0.00109,	nu11=0.00049)	
2	-257.9051556143677	(t1=9e-05,	nu11=0.00049)	
2	-257.8723624428967	(t1=9e-05,	nu11=0.00049)	
2	-8078.836493179842	(t1=0.00109,	nu11=0.00049)	
2	-257.9051556128543	(t1=9e-05,	nu11=0.00049)	
2	-257.8723624422564	(t1=9e-05,	nu11=0.00049)	
2	-8078.836493179202	(t1=0.00109,	nu11=0.00049)	
2	-257.90515561250504	(t1=9e-05,	nu11=0.00049)	
2	-257.8723624421982	(t1=9e-05,	nu11=0.00049)	
2	-8078.83649317926	(t1=0.00109,	nu11=0.00049)	
2	-257.90515561244683	(t1=9e-05,	nu11=0.00049)	
2	-257.87236244237283	(t1=9e-05,	nu11=0.00049)	
2	-8078.83649317926	(t1=0.00109,	nu11=0.00049)	
2	-257.9051556123886	(t1=9e-05,	nu11=0.00049)	
2	-257.8723624423146	(t1=9e-05,	nu11=0.00049)	
2	-8078.836493179493	(t1=0.00109,	nu11=0.00049)	
2	-257.90515561244683	(t1=9e-05,	nu11=0.00049)	
2	-257.8723624420818	(t1=9e-05,	nu11=0.00049)	
2	-8078.836493179493	(t1=0.00109,	nu11=0.00049)	
2	-257.90515561244683	(t1=9e-05,	nu11=0.00049)	
2	-419.0870531803812	(t1=0.0001,	nu11=0.00049)	
