0	-1676.6927586371312	(t1=0.0001,	nu11=0.00049)	
1	-1676.6927586371312	(t1=0.0001,	nu11=0.00049)	
2	-3357.8901145035634	(t1=0.0011,	nu11=0.00049)	
2	-1680.313584877178	(t1=0.0001,	nu11=0.00049)	
2	-1677.486377856927	(t1=0.0001,	nu11=0.00049)	
2	-3357.894609001116	(t1=0.0011,	nu11=0.00049)	
2	-1681.109550554771	(t1=0.0001,	nu11=0.00049)	
2	-1676.6988224491943	(t1=0.0001,	nu11=0.00049)	
2	-3357.8901488601696	(t1=0.0011,	nu11=0.00049)	
2	-1680.3196666246513	(t1=0.0001,	nu11=0.00049)	
2	-1676.692805007333	(t1=0.0001,	nu11=0.00049)	
2	-3357.890114766429	(t1=0.0011,	nu11=0.00049)	
2	-1680.3136313852156	(t1=0.0001,	nu11=0.00049)	
2	-1676.6927589918487	(t1=0.0001,	nu11=0.00049)	
2	-3357.8901145058917	(t1=0.0011,	nu11=0.00049)	
2	-1680.3135852332925	(t1=0.0001,	nu11=0.00049)	
2	-1676.6927586394595	(t1=0.0001,	nu11=0.00049)	
2	-3357.89011450368	(t1=0.0011,	nu11=0.00049)	
2	-1680.3135848800885	(t1=0.0001,	nu11=0.00049)	
2	-1676.6927586370148	(t1=0.0001,	nu11=0.00049)	
2	-3357.8901145033306	(t1=0.0011,	nu11=0.00049)	
2	-1680.3135848777601	(t1=0.0001,	nu11=0.00049)	
2	-1676.6927586380625	(t1=0.0001,	nu11=0.00049)	
2	-3357.89011450368	(t1=0.0011,	nu11=0.00049)	
2	-1680.3135848786915	(t1=0.0001,	nu11=0.00049)	
2	-1676.6927586370148	(t1=0.0001,	nu11=0.00049)	
2	-3357.89011450368	(t1=0.0011,	nu11=0.00049)	
2	-1680.3135848775273	(t1=0.0001,	nu11=0.00049)	
2	-1676.6927586371312	(t1=0.0001,	nu11=0.00049)	
2	-3357.89011450368	(t1=0.0011,	nu11=0.00049)	
2	-1680.3135848775273	(t1=0.0001,	nu11=0.00049)	
2	-1676.6927586370148	(t1=0.0001,	nu11=0.00049)	
2	-3357.89011450368	(t1=0.0011,	nu11=0.00049)	
2	-1680.3135848775273	(t1=0.0001,	nu11=0.00049)	
2	-1676.6927586371312	(t1=0.0001,	nu11=0.00049)	
2	-3357.89011450368	(t1=0.0011,	nu11=0.00049)	
2	-1680.3135848777601	(t1=0.0001,	nu11=0.00049)	
2	-1676.6927586370148	(t1=0.0001,	nu11=0.00049)	
2	-3357.89011450368	(t1=0.0011,	nu11=0.00049)	
2	-1680.3135848775273	(t1=0.0001,	nu11=0.00049)	
2	-1676.692758636782	(t1=0.0001,	nu11=0.00049)	
2	-3357.89011450368	(t1=0.0011,	nu11=0.00049)	
2	-1680.313584877411	(t1=0.0001,	nu11=0.00049)	
2	-1676.6927586371312	(t1=0.0001,	nu11=0.00049)	
2	-3357.89011450368	(t1=0.0011,	nu11=0.00049)	
2	-1680.3135848776437	(t1=0.0001,	nu11=0.00049)	
2	-1676.692758636782	(t1=0.0001,	nu11=0.00049)	
2	-3357.89011450368	(t1=0.0011,	nu11=0.00049)	
2	-1680.313584877411	(t1=0.0001,	nu11=0.00049)	
2	-1676.6927586370148	(t1=0.0001,	nu11=0.00049)	
2	-3357.89011450368	(t1=0.0011,	nu11=0.00049)	
2	-1680.313584877411	(t1=0.0001,	nu11=0.00049)	
2	-1676.692758636782	(t1=0.0001,	nu11=0.00049)	
2	-3357.89011450368	(t1=0.0011,	nu11=0.00049)	
2	-1680.313584877411	(t1=0.0001,	nu11=0.00049)	
2	-1676.6927586370148	(t1=0.0001,	nu11=0.00049)	
2	-3357.89011450368	(t1=0.0011,	nu11=0.00049)	
2	-1680.313584877411	(t1=0.0001,	nu11=0.00049)	
2	-1676.692758636782	(t1=0.0001,	nu11=0.00049)	
2	-3357.89011450368	(t1=0.0011,	nu11=0.00049)	
2	-1680.313584877411	(t1=0.0001,	nu11=0.00049)	
2	-1676.6927586370148	(t1=0.0001,	nu11=0.00049)	
2	-3357.89011450368	(t1=0.0011,	nu11=0.00049)	
2	-1680.313584877411	(t1=0.0001,	nu11=0.00049)	
2	-1676.692758636782	(t1=0.0001,	nu11=0.00049)	
2	-3357.89011450368	(t1=0.0011,	nu11=0.00049)	
2	-1680.313584877411	(t1=0.0001,	nu11=0.00049)	
2	-1676.6927586370148	(t1=0.0001,	nu11=0.00049)	
2	-3357.89011450368	(t1=0.0011,	nu11=0.00049)	
2	-1680.313584877411	(t1=0.0001,	nu11=0.00049)	
2	-1676.692758636782	(t1=0.0001,	nu11=0.00049)	
2	-3357.89011450368	(t1=0.0011,	nu11=0.00049)	
2	-1680.313584877411	(t1=0.0001,	nu11=0.00049)	
2	-1676.6927586370148	(t1=0.0001,	nu11=0.00049)	
2	-3357.89011450368	(t1=0.0011,	nu11=0.00049)	
2	-1680.313584877411	(t1=0.0001,	nu11=0.00049)	
2	-1676.692758636782	(t1=0.0001,	nu11=0.00049)	
2	-3357.89011450368	(t1=0.0011,	nu11=0.00049)	
2	-1680.313584877411	(t1=0.0001,	nu11=0.00049)	
2	-1676.6927586370148	(t1=0.0001,	nu11=0.00049)	
2	-3357.89011450368	(t1=0.0011,	nu11=0.00049)	
2	-1680.313584877411	(t1=0.0001,	nu11=0.00049)	
2	-1676.692758636782	(t1=0.0001,	nu11=0.00049)	
2	-3357.89011450368	(t1=0.0011,	nu11=0.00049)	
2	-1680.313584877411	(t1=0.0001,	nu11=0.00049)	
2	-1676.6927586370148	(t1=0.0001,	nu11=0.00049)	
2	-3357.89011450368	(t1=0.0011,	nu11=0.00049)	
2	-1680.313584877411	(t1=0.0001,	nu11=0.00049)	
2	-1676.692758636782	(t1=0.0001,	nu11=0.00049)	
2	-3357.89011450368	(t1=0.0011,	nu11=0.00049)	
2	-1680.313584877411	(t1=0.0001,	nu11=0.00049)	
2	-1676.6927586370148	(t1=0.0001,	nu11=0.00049)	
2	-3357.89011450368	(t1=0.0011,	nu11=0.00049)	
2	-1680.313584877411	(t1=0.0001,	nu11=0.00049)	
2	-1676.692758636782	(t1=0.0001,	nu11=0.00049)	
2	-3357.89011450368	(t1=0.0011,	nu11=0.00049)	
2	-1680.313584877411	(t1=0.0001,	nu11=0.00049)	
2	-1676.6927586370148	(t1=0.0001,	nu11=0.00049)	
2	-3357.89011450368	(t1=0.0011,	nu11=0.00049)	
2	-1680.313584877411	(t1=0.0001,	nu11=0.00049)	
2	-1676.692758636782	(t1=0.0001,	nu11=0.00049)	
2	-3357.89011450368	(t1=0.0011,	nu11=0.00049)	
2	-1680.313584877411	(t1=0.0001,	nu11=0.00049)	
2	-1676.6927586370148	(t1=0.0001,	nu11=0.00049)	
2	-3357.89011450368	(t1=0.0011,	nu11=0.00049)	
2	-1680.313584877411	(t1=0.0001,	nu11=0.00049)	
2	-1676.692758636782	(t1=0.0001,	nu11=0.00049)	
2	-3357.89011450368	(t1=0.0011,	nu11=0.00049)	
2	-1680.313584877411	(t1=0.0001,	nu11=0.00049)	
2	-1676.6927586370148	(t1=0.0001,	nu11=0.00049)	
2	-3357.89011450368	(t1=0.0011,	nu11=0.00049)	
2	-1680.313584877411	(t1=0.0001,	nu11=0.00049)	
2	-1676.692758636782	(t1=0.0001,	nu11=0.00049)	
2	-3357.89011450368	(t1=0.0011,	nu11=0.00049)	
2	-1680.313584877411	(t1=0.0001,	nu11=0.00049)	
2	-1676.6927586371312	(t1=0.0001,	nu11=0.00049)	
