0	-459.06414927350124	(t1=0.0001,	nu11=0.00049)	
1	-459.06414927350124	(t1=0.0001,	nu11=0.00049)	
2	-5379.928477644105	(t1=0.0011,	nu11=0.00049)	
2	-459.37945771648083	(t1=0.0001,	nu11=0.00049)	
2	-460.8688895776286	(t1=0.0001,	nu11=0.00049)	
2	-5380.084523391153	(t1=0.0011,	nu11=0.00049)	
2	-461.24178882379783	(t1=0.0001,	nu11=0.00049)	
2	-459.2511440324597	(t1=0.0001,	nu11=0.00049)	
2	-5379.946020637755	(t1=0.0011,	nu11=0.00049)	
2	-459.57290915894555	(t1=0.0001,	nu11=0.00049)	
2	-459.08573538652854	(t1=0.0001,	nu11=0.00049)	
2	-5379.93052208313	(t1=0.0011,	nu11=0.00049)	
2	-459.4017960507772	(t1=0.0001,	nu11=0.00049)	
2	-459.0666723937611	(t1=0.0001,	nu11=0.00049)	
2	-5379.928716876777	(t1=0.0011,	nu11=0.00049)	
2	-459.3820688552223	(t1=0.0001,	nu11=0.00049)	
2	-459.0644446221995	(t1=0.0001,	nu11=0.00049)	
2	-5379.928505652002	(t1=0.0011,	nu11=0.00049)	
2	-459.37976336921565	(t1=0.0001,	nu11=0.00049)	
2	-459.06418385211146	(t1=0.0001,	nu11=0.00049)	
2	-5379.928480922943	(t1=0.0011,	nu11=0.00049)	
2	-459.3794935011538	(t1=0.0001,	nu11=0.00049)	
2	-459.06415332184406	(t1=0.0001,	nu11=0.00049)	
2	-5379.92847802816	(t1=0.0011,	nu11=0.00049)	
2	-459.379461905919	(t1=0.0001,	nu11=0.00049)	
2	-459.0641497472534	(t1=0.0001,	nu11=0.00049)	
2	-5379.9284776891	(t1=0.0011,	nu11=0.00049)	
2	-459.3794582069968	(t1=0.0001,	nu11=0.00049)	
2	-459.0641493292642	(t1=0.0001,	nu11=0.00049)	
2	-5379.928477649868	(t1=0.0011,	nu11=0.00049)	
2	-459.3794577739318	(t1=0.0001,	nu11=0.00049)	
2	-459.0641492800787	(t1=0.0001,	nu11=0.00049)	
2	-5379.928477644804	(t1=0.0011,	nu11=0.00049)	
2	-459.37945772288367	(t1=0.0001,	nu11=0.00049)	
2	-459.0641492746654	(t1=0.0001,	nu11=0.00049)	
2	-5379.9284776443965	(t1=0.0011,	nu11=0.00049)	
2	-459.3794577169465	(t1=0.0001,	nu11=0.00049)	
2	-459.0641492737923	(t1=0.0001,	nu11=0.00049)	
2	-5379.928477644047	(t1=0.0011,	nu11=0.00049)	
2	-459.3794577163062	(t1=0.0001,	nu11=0.00049)	
2	-459.06414927361766	(t1=0.0001,	nu11=0.00049)	
2	-5379.928477643931	(t1=0.0011,	nu11=0.00049)	
2	-459.37945771665545	(t1=0.0001,	nu11=0.00049)	
2	-459.06414927367587	(t1=0.0001,	nu11=0.00049)	
2	-5379.928477644105	(t1=0.0011,	nu11=0.00049)	
2	-459.37945771659724	(t1=0.0001,	nu11=0.00049)	
2	-459.06414927350124	(t1=0.0001,	nu11=0.00049)	
2	-5379.928477644105	(t1=0.0011,	nu11=0.00049)	
2	-459.37945771648083	(t1=0.0001,	nu11=0.00049)	
2	-459.06414927367587	(t1=0.0001,	nu11=0.00049)	
2	-5379.928477644105	(t1=0.0011,	nu11=0.00049)	
2	-459.37945771659724	(t1=0.0001,	nu11=0.00049)	
2	-459.06414927350124	(t1=0.0001,	nu11=0.00049)	
2	-5379.928477644105	(t1=0.0011,	nu11=0.00049)	
2	-459.37945771648083	(t1=0.0001,	nu11=0.00049)	
2	-459.06414927367587	(t1=0.0001,	nu11=0.00049)	
2	-5379.928477644105	(t1=0.0011,	nu11=0.00049)	
2	-459.37945771659724	(t1=0.0001,	nu11=0.00049)	
2	-459.06414927350124	(t1=0.0001,	nu11=0.00049)	
2	-5379.928477644105	(t1=0.0011,	nu11=0.00049)	
2	-459.37945771648083	(t1=0.0001,	nu11=0.00049)	
2	-459.06414927367587	(t1=0.0001,	nu11=0.00049)	
2	-5379.928477644105	(t1=0.0011,	nu11=0.00049)	
2	-459.37945771659724	(t1=0.0001,	nu11=0.00049)	
2	-459.06414927350124	(t1=0.0001,	nu11=0.00049)	
2	-5379.928477644105	(t1=0.0011,	nu11=0.00049)	
2	-459.37945771648083	(t1=0.0001,	nu11=0.00049)	
2	-459.06414927367587	(t1=0.0001,	nu11=0.00049)	
2	-5379.928477644105	(t1=0.0011,	nu11=0.00049)	
2	-459.37945771659724	(t1=0.0001,	nu11=0.00049)	
2	-459.06414927350124	(t1=0.0001,	nu11=0.00049)	
2	-5379.928477644105	(t1=0.0011,	nu11=0.00049)	
2	-459.37945771648083	(t1=0.0001,	nu11=0.00049)	
2	-459.06414927367587	(t1=0.0001,	nu11=0.00049)	
2	-5379.928477644105	(t1=0.0011,	nu11=0.00049)	
2	-459.37945771659724	(t1=0.0001,	nu11=0.00049)	
2	-459.06414927350124	(t1=0.0001,	nu11=0.00049)	
2	-5379.928477644105	(t1=0.0011,	nu11=0.00049)	
2	-459.37945771648083	(t1=0.0001,	nu11=0.00049)	
2	-459.06414927367587	(t1=0.0001,	nu11=0.00049)	
2	-5379.928477644105	(t1=0.0011,	nu11=0.00049)	
2	-459.37945771659724	(t1=0.0001,	nu11=0.00049)	
2	-459.06414927350124	(t1=0.0001,	nu11=0.00049)	
2	-5379.928477644105	(t1=0.0011,	nu11=0.00049)	
2	-459.37945771648083	(t1=0.0001,	nu11=0.00049)	
2	-459.06414927367587	(t1=0.0001,	nu11=0.00049)	
2	-5379.928477644105	(t1=0.0011,	nu11=0.00049)	
2	-459.37945771659724	(t1=0.0001,	nu11=0.00049)	
2	-459.06414927350124	(t1=0.0001,	nu11=0.00049)	
2	-5379.928477644105	(t1=0.0011,	nu11=0.00049)	
2	-459.37945771648083	(t1=0.0001,	nu11=0.00049)	
2	-459.06414927350124	(t1=0.0001,	nu11=0.00049)	
