0	-724.8290971311508	(t1=0.0001,	nu11=0.00049)	
1	-724.8290971311508	(t1=0.0001,	nu11=0.00049)	
2	-6637.870674174395	(t1=0.0011,	nu11=0.00049)	
2	-724.9300208603381	(t1=0.0001,	nu11=0.00049)	
2	-726.21512621484	(t1=0.0001,	nu11=0.00049)	
2	-6638.17711062677	(t1=0.0011,	nu11=0.00049)	
2	-726.4307167792576	(t1=0.0001,	nu11=0.00049)	
2	-724.9778263662593	(t1=0.0001,	nu11=0.00049)	
2	-6637.919284113508	(t1=0.0011,	nu11=0.00049)	
2	-725.0968557693996	(t1=0.0001,	nu11=0.00049)	
2	-724.8528247619979	(t1=0.0001,	nu11=0.00049)	
2	-6637.879047479655	(t1=0.0011,	nu11=0.00049)	
2	-724.9568650220754	(t1=0.0001,	nu11=0.00049)	
2	-724.8331830311799	(t1=0.0001,	nu11=0.00049)	
2	-6637.872136043676	(t1=0.0011,	nu11=0.00049)	
2	-724.9346507979208	(t1=0.0001,	nu11=0.00049)	
2	-724.8298104085843	(t1=0.0001,	nu11=0.00049)	
2	-6637.870929992117	(t1=0.0011,	nu11=0.00049)	
2	-724.9308293383219	(t1=0.0001,	nu11=0.00049)	
2	-724.8292219481664	(t1=0.0001,	nu11=0.00049)	
2	-6637.870718958846	(t1=0.0011,	nu11=0.00049)	
2	-724.9301623429055	(t1=0.0001,	nu11=0.00049)	
2	-724.8291189816664	(t1=0.0001,	nu11=0.00049)	
2	-6637.870682015258	(t1=0.0011,	nu11=0.00049)	
2	-724.9300456284545	(t1=0.0001,	nu11=0.00049)	
2	-724.8291009567329	(t1=0.0001,	nu11=0.00049)	
2	-6637.870675547048	(t1=0.0011,	nu11=0.00049)	
2	-724.930025196285	(t1=0.0001,	nu11=0.00049)	
2	-724.8290978006553	(t1=0.0001,	nu11=0.00049)	
2	-6637.870674414851	(t1=0.0011,	nu11=0.00049)	
2	-724.9300216195406	(t1=0.0001,	nu11=0.00049)	
2	-724.8290972484392	(t1=0.0001,	nu11=0.00049)	
2	-6637.870674216421	(t1=0.0011,	nu11=0.00049)	
2	-724.9300209927023	(t1=0.0001,	nu11=0.00049)	
2	-724.8290971512906	(t1=0.0001,	nu11=0.00049)	
2	-6637.8706741814385	(t1=0.0011,	nu11=0.00049)	
2	-724.9300208833301	(t1=0.0001,	nu11=0.00049)	
2	-724.8290971347014	(t1=0.0001,	nu11=0.00049)	
2	-6637.8706741755595	(t1=0.0011,	nu11=0.00049)	
2	-724.930020864238	(t1=0.0001,	nu11=0.00049)	
2	-724.8290971316746	(t1=0.0001,	nu11=0.00049)	
2	-6637.870674174454	(t1=0.0011,	nu11=0.00049)	
2	-724.9300208605127	(t1=0.0001,	nu11=0.00049)	
2	-724.8290971316746	(t1=0.0001,	nu11=0.00049)	
2	-6637.8706741749775	(t1=0.0011,	nu11=0.00049)	
2	-724.9300208598725	(t1=0.0001,	nu11=0.00049)	
2	-724.8290971310926	(t1=0.0001,	nu11=0.00049)	
2	-6637.870674174395	(t1=0.0011,	nu11=0.00049)	
2	-724.9300208600471	(t1=0.0001,	nu11=0.00049)	
2	-724.829097131209	(t1=0.0001,	nu11=0.00049)	
2	-6637.870674174221	(t1=0.0011,	nu11=0.00049)	
2	-724.9300208595232	(t1=0.0001,	nu11=0.00049)	
2	-724.8290971312672	(t1=0.0001,	nu11=0.00049)	
2	-6637.870674174512	(t1=0.0011,	nu11=0.00049)	
2	-724.9300208599889	(t1=0.0001,	nu11=0.00049)	
2	-724.8290971310926	(t1=0.0001,	nu11=0.00049)	
2	-6637.870674174395	(t1=0.0011,	nu11=0.00049)	
2	-724.9300208600471	(t1=0.0001,	nu11=0.00049)	
2	-724.8290971314418	(t1=0.0001,	nu11=0.00049)	
2	-6637.870674174745	(t1=0.0011,	nu11=0.00049)	
2	-724.9300208599307	(t1=0.0001,	nu11=0.00049)	
2	-724.8290971310926	(t1=0.0001,	nu11=0.00049)	
2	-6637.870674174395	(t1=0.0011,	nu11=0.00049)	
2	-724.9300208600471	(t1=0.0001,	nu11=0.00049)	
2	-724.8290971313254	(t1=0.0001,	nu11=0.00049)	
2	-6637.870674174221	(t1=0.0011,	nu11=0.00049)	
2	-724.9300208600471	(t1=0.0001,	nu11=0.00049)	
2	-724.8290971310926	(t1=0.0001,	nu11=0.00049)	
2	-6637.870674174395	(t1=0.0011,	nu11=0.00049)	
2	-724.9300208600471	(t1=0.0001,	nu11=0.00049)	
2	-724.8290971316164	(t1=0.0001,	nu11=0.00049)	
2	-6637.870674174221	(t1=0.0011,	nu11=0.00049)	
2	-724.9300208598142	(t1=0.0001,	nu11=0.00049)	
2	-724.8290971310926	(t1=0.0001,	nu11=0.00049)	
2	-6637.870674174395	(t1=0.0011,	nu11=0.00049)	
2	-724.9300208600471	(t1=0.0001,	nu11=0.00049)	
2	-724.8290971310926	(t1=0.0001,	nu11=0.00049)	
2	-6637.870674174395	(t1=0.0011,	nu11=0.00049)	
2	-724.9300208598142	(t1=0.0001,	nu11=0.00049)	
2	-724.8290971310926	(t1=0.0001,	nu11=0.00049)	
2	-6637.870674174395	(t1=0.0011,	nu11=0.00049)	
2	-724.9300208602217	(t1=0.0001,	nu11=0.00049)	
2	-724.8290971316164	(t1=0.0001,	nu11=0.00049)	
2	-6637.870674174221	(t1=0.0011,	nu11=0.00049)	
2	-724.9300208598142	(t1=0.0001,	nu11=0.00049)	
2	-724.8290971310926	(t1=0.0001,	nu11=0.00049)	
2	-6637.870674174395	(t1=0.0011,	nu11=0.00049)	
2	-724.9300208602217	(t1=0.0001,	nu11=0.00049)	
2	-724.8290971316164	(t1=0.0001,	nu11=0.00049)	
2	-6637.870674174221	(t1=0.0011,	nu11=0.00049)	
2	-724.9300208598142	(t1=0.0001,	nu11=0.00049)	
2	-724.8290971310926	(t1=0.0001,	nu11=0.00049)	
2	-6637.870674174395	(t1=0.0011,	nu11=0.00049)	
2	-724.9300208602217	(t1=0.0001,	nu11=0.00049)	
2	-724.8290971316164	(t1=0.0001,	nu11=0.00049)	
2	-6637.870674174221	(t1=0.0011,	nu11=0.00049)	
2	-724.9300208598142	(t1=0.0001,	nu11=0.00049)	
2	-724.8290971310926	(t1=0.0001,	nu11=0.00049)	
2	-6637.870674174395	(t1=0.0011,	nu11=0.00049)	
2	-724.9300208602217	(t1=0.0001,	nu11=0.00049)	
2	-724.8290971316164	(t1=0.0001,	nu11=0.00049)	
2	-6637.870674174221	(t1=0.0011,	nu11=0.00049)	
2	-724.9300208598142	(t1=0.0001,	nu11=0.00049)	
2	-724.8290971310926	(t1=0.0001,	nu11=0.00049)	
2	-6637.870674174395	(t1=0.0011,	nu11=0.00049)	
2	-724.9300208602217	(t1=0.0001,	nu11=0.00049)	
2	-724.8290971316164	(t1=0.0001,	nu11=0.00049)	
2	-6637.870674174221	(t1=0.0011,	nu11=0.00049)	
2	-724.9300208598142	(t1=0.0001,	nu11=0.00049)	
2	-724.8290971310926	(t1=0.0001,	nu11=0.00049)	
2	-6637.870674174395	(t1=0.0011,	nu11=0.00049)	
2	-724.9300208602217	(t1=0.0001,	nu11=0.00049)	
2	-724.8290971316164	(t1=0.0001,	nu11=0.00049)	
2	-6637.870674174221	(t1=0.0011,	nu11=0.00049)	
2	-724.9300208598142	(t1=0.0001,	nu11=0.00049)	
2	-724.8290971310926	(t1=0.0001,	nu11=0.00049)	
2	-6637.870674174395	(t1=0.0011,	nu11=0.00049)	
2	-724.9300208602217	(t1=0.0001,	nu11=0.00049)	
2	-724.8290971316164	(t1=0.0001,	nu11=0.00049)	
2	-6637.870674174221	(t1=0.0011,	nu11=0.00049)	
2	-724.9300208598142	(t1=0.0001,	nu11=0.00049)	
2	-724.8290971310926	(t1=0.0001,	nu11=0.00049)	
2	-6637.870674174395	(t1=0.0011,	nu11=0.00049)	
2	-724.9300208602217	(t1=0.0001,	nu11=0.00049)	
2	-724.8290971316164	(t1=0.0001,	nu11=0.00049)	
2	-6637.870674174221	(t1=0.0011,	nu11=0.00049)	
2	-724.9300208598142	(t1=0.0001,	nu11=0.00049)	
2	-724.8290971310926	(t1=0.0001,	nu11=0.00049)	
2	-6637.870674174395	(t1=0.0011,	nu11=0.00049)	
2	-724.9300208602217	(t1=0.0001,	nu11=0.00049)	
2	-724.8290971316164	(t1=0.0001,	nu11=0.00049)	
2	-6637.870674174221	(t1=0.0011,	nu11=0.00049)	
2	-724.9300208598142	(t1=0.0001,	nu11=0.00049)	
2	-724.8290971310926	(t1=0.0001,	nu11=0.00049)	
2	-6637.870674174395	(t1=0.0011,	nu11=0.00049)	
2	-724.9300208602217	(t1=0.0001,	nu11=0.00049)	
2	-724.8290971311508	(t1=0.0001,	nu11=0.00049)	
