0	-471.3239638254745	(t1=0.00016,	nu11=0.00075)	
1	-471.3239638254745	(t1=0.00016,	nu11=0.00075)	
2	-7988.487598276231	(t1=0.00116,	nu11=0.00075)	
2	-469.9520924363751	(t1=0.00016,	nu11=0.00075)	
2	-455.88746256241575	(t1=0.00016,	nu11=0.00075)	
2	-7988.65030095703	(t1=0.00116,	nu11=0.00075)	
2	-454.6769895396428	(t1=0.00016,	nu11=0.00075)	
2	-442.1959926006384	(t1=0.00016,	nu11=0.00075)	
2	-7988.809335055528	(t1=0.00116,	nu11=0.00075)	
2	-441.1494006855646	(t1=0.00016,	nu11=0.00075)	
2	-439.0530201017391	(t1=0.00016,	nu11=0.00075)	
2	-7988.848539463943	(t1=0.00116,	nu11=0.00075)	
2	-438.0478103409987	(t1=0.00016,	nu11=0.00075)	
2	-436.02601135801524	(t1=0.00016,	nu11=0.00075)	
2	-7988.88750310149	(t1=0.00116,	nu11=0.00075)	
2	-435.06232960382476	(t1=0.00016,	nu11=0.00075)	
2	-435.287374203559	(t1=0.00016,	nu11=0.00075)	
2	-7988.897208245238	(t1=0.00116,	nu11=0.00075)	
2	-434.3340992598096	(t1=0.00016,	nu11=0.00075)	
2	-434.5561161179794	(t1=0.00016,	nu11=0.00075)	
2	-7988.906897838577	(t1=0.00116,	nu11=0.00075)	
2	-433.6132565905573	(t1=0.00016,	nu11=0.00075)	
2	-434.3744448845973	(t1=0.00016,	nu11=0.00075)	
2	-7988.909317964106	(t1=0.00116,	nu11=0.00075)	
2	-433.4341907238122	(t1=0.00016,	nu11=0.00075)	
2	-434.193239907152	(t1=0.00016,	nu11=0.00075)	
2	-7988.9117370689055	(t1=0.00116,	nu11=0.00075)	
2	-433.25559159880504	(t1=0.00016,	nu11=0.00075)	
2	-5244.048793842201	(t1=0.00039,	nu11=0.00075)	
2	-434.13242560543586	(t1=0.00016,	nu11=0.00075)	
2	-7988.9125501150265	(t1=0.00116,	nu11=0.00075)	
2	-433.1956534644123	(t1=0.00016,	nu11=0.00075)	
2	-434.07166510552634	(t1=0.00016,	nu11=0.00075)	
2	-7988.913363031577	(t1=0.00116,	nu11=0.00075)	
2	-433.13576917140745	(t1=0.00016,	nu11=0.00075)	
2	-7825.472197171883	(t1=0.00077,	nu11=0.00075)	
2	-434.05871507548727	(t1=0.00016,	nu11=0.00075)	
2	-7988.913536366657	(t1=0.00116,	nu11=0.00075)	
2	-433.12300599494483	(t1=0.00016,	nu11=0.00075)	
2	-434.04576756223105	(t1=0.00016,	nu11=0.00075)	
2	-7988.913709694869	(t1=0.00116,	nu11=0.00075)	
2	-433.11024533607997	(t1=0.00016,	nu11=0.00075)	
2	-7974.900098891347	(t1=0.00096,	nu11=0.00075)	
2	-434.04275267303456	(t1=0.00016,	nu11=0.00075)	
2	-7988.913750059204	(t1=0.00116,	nu11=0.00075)	
2	-433.10727396258153	(t1=0.00016,	nu11=0.00075)	
2	-434.03973792877514	(t1=0.00016,	nu11=0.00075)	
2	-7988.91379042319	(t1=0.00116,	nu11=0.00075)	
2	-433.10430273320526	(t1=0.00016,	nu11=0.00075)	
2	-4629.688837380032	(t1=6e-05,	nu11=0.00075)	
2	-7990.647027640371	(t1=0.00106,	nu11=0.00075)	
2	-4637.379621664411	(t1=6e-05,	nu11=0.00075)	
2	-420.57411313662305	(t1=0.00015,	nu11=0.00075)	
2	-7989.11276499927	(t1=0.00115,	nu11=0.00075)	
2	-419.85874509008136	(t1=0.00015,	nu11=0.00075)	
2	-410.94740229076706	(t1=0.00015,	nu11=0.00075)	
2	-7989.295329478569	(t1=0.00115,	nu11=0.00075)	
2	-410.444415452308	(t1=0.00015,	nu11=0.00075)	
2	-1072.2690145833185	(t1=0.0001,	nu11=0.00075)	
2	-7991.4712529476965	(t1=0.0011,	nu11=0.00075)	
2	-1076.2703002732014	(t1=0.0001,	nu11=0.00075)	
2	-403.7393317222595	(t1=0.00015,	nu11=0.00075)	
2	-7989.503515562625	(t1=0.00115,	nu11=0.00075)	
2	-403.4921894231811	(t1=0.00015,	nu11=0.00075)	
2	-401.35966246493626	(t1=0.00015,	nu11=0.00075)	
2	-7989.68122979789	(t1=0.00115,	nu11=0.00075)	
2	-401.34385736251716	(t1=0.00015,	nu11=0.00075)	
2	-546.0963225510204	(t1=0.00013,	nu11=0.00075)	
2	-7990.838678984204	(t1=0.00113,	nu11=0.00075)	
2	-548.0449687263463	(t1=0.00013,	nu11=0.00075)	
2	-402.22957014804706	(t1=0.00014,	nu11=0.00075)	
2	-7989.812219103449	(t1=0.00114,	nu11=0.00075)	
2	-402.3928411244415	(t1=0.00014,	nu11=0.00075)	
2	-401.34298918175045	(t1=0.00014,	nu11=0.00075)	
2	-7989.707169258734	(t1=0.00114,	nu11=0.00075)	
2	-401.36204110179096	(t1=0.00014,	nu11=0.00075)	
2	-401.3933313061716	(t1=0.00014,	nu11=0.00075)	
2	-7989.727516557905	(t1=0.00114,	nu11=0.00075)	
2	-401.4399303724058	(t1=0.00014,	nu11=0.00075)	
2	-401.34873477811925	(t1=0.00014,	nu11=0.00075)	
2	-7989.71134968393	(t1=0.00114,	nu11=0.00075)	
2	-401.37343155627605	(t1=0.00014,	nu11=0.00075)	
2	-401.34398902370594	(t1=0.00014,	nu11=0.00075)	
2	-7989.708038214827	(t1=0.00114,	nu11=0.00075)	
2	-401.36421367235016	(t1=0.00014,	nu11=0.00075)	
2	-401.34318910713773	(t1=0.00014,	nu11=0.00075)	
2	-7989.707350317272	(t1=0.00114,	nu11=0.00075)	
2	-401.36248535406776	(t1=0.00014,	nu11=0.00075)	
2	-401.34303049440496	(t1=0.00014,	nu11=0.00075)	
2	-7989.707207003958	(t1=0.00114,	nu11=0.00075)	
2	-401.36213334754575	(t1=0.00014,	nu11=0.00075)	
2	-401.34299777878914	(t1=0.00014,	nu11=0.00075)	
2	-7989.707177128177	(t1=0.00114,	nu11=0.00075)	
2	-401.36206031788606	(t1=0.00014,	nu11=0.00075)	
2	-401.34299097326584	(t1=0.00014,	nu11=0.00075)	
2	-7989.707170899608	(t1=0.00114,	nu11=0.00075)	
2	-401.36204510740936	(t1=0.00014,	nu11=0.00075)	
2	-401.34298955474515	(t1=0.00014,	nu11=0.00075)	
2	-7989.707169600762	(t1=0.00114,	nu11=0.00075)	
2	-401.3620419364888	(t1=0.00014,	nu11=0.00075)	
2	-401.3429892597487	(t1=0.00014,	nu11=0.00075)	
2	-7989.707169330213	(t1=0.00114,	nu11=0.00075)	
2	-401.36204127559904	(t1=0.00014,	nu11=0.00075)	
2	-401.34298919781577	(t1=0.00014,	nu11=0.00075)	
2	-7989.7071692734025	(t1=0.00114,	nu11=0.00075)	
2	-401.3620411378797	(t1=0.00014,	nu11=0.00075)	
2	-401.34298918489367	(t1=0.00014,	nu11=0.00075)	
2	-7989.707169261761	(t1=0.00114,	nu11=0.00075)	
2	-401.36204110935796	(t1=0.00014,	nu11=0.00075)	
2	-401.3429891822161	(t1=0.00014,	nu11=0.00075)	
2	-7989.7071692596655	(t1=0.00114,	nu11=0.00075)	
2	-401.3620411035372	(t1=0.00014,	nu11=0.00075)	
2	-401.3429891815176	(t1=0.00014,	nu11=0.00075)	
2	-7989.707169258967	(t1=0.00114,	nu11=0.00075)	
2	-401.3620411019074	(t1=0.00014,	nu11=0.00075)	
2	-401.3429891815176	(t1=0.00014,	nu11=0.00075)	
2	-7989.707169258967	(t1=0.00114,	nu11=0.00075)	
2	-401.3620411021402	(t1=0.00014,	nu11=0.00075)	
2	-401.3429891815176	(t1=0.00014,	nu11=0.00075)	
2	-7989.7071692592	(t1=0.00114,	nu11=0.00075)	
2	-401.3620411022566	(t1=0.00014,	nu11=0.00075)	
2	-401.34298918186687	(t1=0.00014,	nu11=0.00075)	
2	-7989.7071692592	(t1=0.00114,	nu11=0.00075)	
2	-401.36204110248946	(t1=0.00014,	nu11=0.00075)	
2	-401.3429891822161	(t1=0.00014,	nu11=0.00075)	
2	-7989.707169259433	(t1=0.00114,	nu11=0.00075)	
2	-401.3620411027223	(t1=0.00014,	nu11=0.00075)	
2	-401.34298918163404	(t1=0.00014,	nu11=0.00075)	
2	-7989.707169259433	(t1=0.00114,	nu11=0.00075)	
2	-401.3620411021402	(t1=0.00014,	nu11=0.00075)	
2	-401.34298918163404	(t1=0.00014,	nu11=0.00075)	
2	-7989.707169259316	(t1=0.00114,	nu11=0.00075)	
2	-401.36204110179096	(t1=0.00014,	nu11=0.00075)	
2	-401.34298918163404	(t1=0.00014,	nu11=0.00075)	
2	-7989.7071692592	(t1=0.00114,	nu11=0.00075)	
2	-401.3620411026059	(t1=0.00014,	nu11=0.00075)	
2	-401.3429891815176	(t1=0.00014,	nu11=0.00075)	
2	-7989.7071692592	(t1=0.00114,	nu11=0.00075)	
2	-401.3620411022566	(t1=0.00014,	nu11=0.00075)	
2	-471.3239638254745	(t1=0.00016,	nu11=0.00075)	
