0	-422.971517985221	(t1=0.0001,	nu11=0.00049)	
1	-422.971517985221	(t1=0.0001,	nu11=0.00049)	
2	-7508.2971669189865	(t1=0.0011,	nu11=0.00049)	
2	-422.32757061719894	(t1=0.0001,	nu11=0.00049)	
2	-414.3886448882986	(t1=0.0001,	nu11=0.00049)	
2	-7508.920169338235	(t1=0.0011,	nu11=0.00049)	
2	-413.95318746427074	(t1=0.0001,	nu11=0.00049)	
2	-409.0137232457055	(t1=0.0001,	nu11=0.00049)	
2	-7509.541669140104	(t1=0.0011,	nu11=0.00049)	
2	-408.79015790321864	(t1=0.0001,	nu11=0.00049)	
2	-408.1904042882379	(t1=0.0001,	nu11=0.00049)	
2	-7509.696830192697	(t1=0.0011,	nu11=0.00049)	
2	-408.02033959375694	(t1=0.0001,	nu11=0.00049)	
2	-407.58074519317597	(t1=0.0001,	nu11=0.00049)	
2	-7509.851857502479	(t1=0.0011,	nu11=0.00049)	
2	-407.46437236189377	(t1=0.0001,	nu11=0.00049)	
2	-407.4620009037899	(t1=0.0001,	nu11=0.00049)	
2	-7509.890596271609	(t1=0.0011,	nu11=0.00049)	
2	-407.3590816872893	(t1=0.0001,	nu11=0.00049)	
2	-407.356813601451	(t1=0.0001,	nu11=0.00049)	
2	-7509.929324878147	(t1=0.0011,	nu11=0.00049)	
2	-407.267359179561	(t1=0.0001,	nu11=0.00049)	
2	-407.332638710388	(t1=0.0001,	nu11=0.00049)	
2	-7509.939005753375	(t1=0.0011,	nu11=0.00049)	
2	-407.24655233870726	(t1=0.0001,	nu11=0.00049)	
2	-407.3093145447783	(t1=0.0001,	nu11=0.00049)	
2	-7509.948685820098	(t1=0.0011,	nu11=0.00049)	
2	-407.2265968605643	(t1=0.0001,	nu11=0.00049)	
2	-6746.586619544192	(t1=0.00037,	nu11=0.00049)	
2	-407.30180696980096	(t1=0.0001,	nu11=0.00049)	
2	-7509.951878945809	(t1=0.0011,	nu11=0.00049)	
2	-407.2202007013839	(t1=0.0001,	nu11=0.00049)	
2	-407.2943921627011	(t1=0.0001,	nu11=0.00049)	
2	-7509.955071935314	(t1=0.0011,	nu11=0.00049)	
2	-407.2138973645633	(t1=0.0001,	nu11=0.00049)	
2	-7588.708038224257	(t1=0.00073,	nu11=0.00049)	
2	-407.29280595330056	(t1=0.0001,	nu11=0.00049)	
2	-7509.955760210636	(t1=0.0011,	nu11=0.00049)	
2	-407.21255075442605	(t1=0.0001,	nu11=0.00049)	
2	-407.2912240634905	(t1=0.0001,	nu11=0.00049)	
2	-7509.956448476994	(t1=0.0011,	nu11=0.00049)	
2	-407.21120846504346	(t1=0.0001,	nu11=0.00049)	
2	-7566.8225153555395	(t1=0.00092,	nu11=0.00049)	
2	-407.29085469571874	(t1=0.0001,	nu11=0.00049)	
2	-7509.9566094552865	(t1=0.0011,	nu11=0.00049)	
2	-407.2108951382106	(t1=0.0001,	nu11=0.00049)	
2	-407.2904855655506	(t1=0.0001,	nu11=0.00049)	
2	-7509.956770432182	(t1=0.0011,	nu11=0.00049)	
2	-407.21058204828296	(t1=0.0001,	nu11=0.00049)	
2	-15376.900138071389	(t1=7.38e-06,	nu11=0.00049)	
2	-7541.758876973065	(t1=0.00101,	nu11=0.00049)	
2	-15380.750953682233	(t1=7.38e-06,	nu11=0.00049)	
2	-407.00309256638866	(t1=0.0001,	nu11=0.00049)	
2	-7510.207714402699	(t1=0.0011,	nu11=0.00049)	
2	-407.0108570178272	(t1=0.0001,	nu11=0.00049)	
2	-407.29121225501876	(t1=0.0001,	nu11=0.00049)	
2	-7510.454767661984	(t1=0.0011,	nu11=0.00049)	
2	-407.3858817627188	(t1=0.0001,	nu11=0.00049)	
2	-407.01436256815214	(t1=0.0001,	nu11=0.00049)	
2	-7510.255814206204	(t1=0.0011,	nu11=0.00049)	
2	-407.03900071280077	(t1=0.0001,	nu11=0.00049)	
2	-407.0036630644463	(t1=0.0001,	nu11=0.00049)	
2	-7510.217706333846	(t1=0.0011,	nu11=0.00049)	
2	-407.01493089995347	(t1=0.0001,	nu11=0.00049)	
2	-407.00313558918424	(t1=0.0001,	nu11=0.00049)	
2	-7510.209817066207	(t1=0.0011,	nu11=0.00049)	
2	-407.0116371983895	(t1=0.0001,	nu11=0.00049)	
2	-407.0030982273165	(t1=0.0001,	nu11=0.00049)	
2	-7510.208158074529	(t1=0.0011,	nu11=0.00049)	
2	-407.0110182191711	(t1=0.0001,	nu11=0.00049)	
2	-407.00309360958636	(t1=0.0001,	nu11=0.00049)	
2	-7510.207808072912	(t1=0.0011,	nu11=0.00049)	
2	-407.01089089899324	(t1=0.0001,	nu11=0.00049)	
2	-407.00309277919587	(t1=0.0001,	nu11=0.00049)	
2	-7510.207734180498	(t1=0.0011,	nu11=0.00049)	
2	-407.0108641650295	(t1=0.0001,	nu11=0.00049)	
2	-407.00309261109214	(t1=0.0001,	nu11=0.00049)	
2	-7510.207718578749	(t1=0.0011,	nu11=0.00049)	
2	-407.01085852703545	(t1=0.0001,	nu11=0.00049)	
2	-407.0030925757019	(t1=0.0001,	nu11=0.00049)	
2	-7510.207715284778	(t1=0.0011,	nu11=0.00049)	
2	-407.01085733645596	(t1=0.0001,	nu11=0.00049)	
2	-407.0030925681349	(t1=0.0001,	nu11=0.00049)	
2	-7510.207714588847	(t1=0.0011,	nu11=0.00049)	
2	-407.01085708488245	(t1=0.0001,	nu11=0.00049)	
2	-407.0030925668543	(t1=0.0001,	nu11=0.00049)	
2	-7510.207714441582	(t1=0.0011,	nu11=0.00049)	
2	-407.01085703168064	(t1=0.0001,	nu11=0.00049)	
2	-407.0030925665051	(t1=0.0001,	nu11=0.00049)	
2	-7510.2077144101495	(t1=0.0011,	nu11=0.00049)	
2	-407.01085702097043	(t1=0.0001,	nu11=0.00049)	
2	-407.0030925667379	(t1=0.0001,	nu11=0.00049)	
2	-7510.207714404212	(t1=0.0011,	nu11=0.00049)	
2	-407.0108570185257	(t1=0.0001,	nu11=0.00049)	
2	-407.0030925665051	(t1=0.0001,	nu11=0.00049)	
2	-7510.207714402932	(t1=0.0011,	nu11=0.00049)	
2	-407.0108570182929	(t1=0.0001,	nu11=0.00049)	
2	-407.00309256638866	(t1=0.0001,	nu11=0.00049)	
2	-7510.207714402932	(t1=0.0011,	nu11=0.00049)	
2	-407.0108570178272	(t1=0.0001,	nu11=0.00049)	
2	-407.0030925665051	(t1=0.0001,	nu11=0.00049)	
2	-7510.207714402699	(t1=0.0011,	nu11=0.00049)	
2	-407.010857017478	(t1=0.0001,	nu11=0.00049)	
2	-407.0030925667379	(t1=0.0001,	nu11=0.00049)	
2	-7510.207714402233	(t1=0.0011,	nu11=0.00049)	
2	-407.01085701817647	(t1=0.0001,	nu11=0.00049)	
2	-407.0030925665051	(t1=0.0001,	nu11=0.00049)	
2	-7510.207714402466	(t1=0.0011,	nu11=0.00049)	
2	-407.01085701806005	(t1=0.0001,	nu11=0.00049)	
2	-407.0030925666215	(t1=0.0001,	nu11=0.00049)	
2	-7510.207714402932	(t1=0.0011,	nu11=0.00049)	
2	-407.01085701806005	(t1=0.0001,	nu11=0.00049)	
2	-407.00309256638866	(t1=0.0001,	nu11=0.00049)	
2	-7510.207714402932	(t1=0.0011,	nu11=0.00049)	
2	-407.0108570178272	(t1=0.0001,	nu11=0.00049)	
2	-422.971517985221	(t1=0.0001,	nu11=0.00049)	
