0	-643.2924289585208	(t1=0.00016,	nu11=0.00075)	
1	-643.2924289585208	(t1=0.00016,	nu11=0.00075)	
2	-4064.5190328527824	(t1=0.00116,	nu11=0.00075)	
2	-644.5577791514806	(t1=0.00016,	nu11=0.00075)	
2	-644.7599767163047	(t1=0.00016,	nu11=0.00075)	
2	-4064.528064830578	(t1=0.00116,	nu11=0.00075)	
2	-646.03708390455	(t1=0.00016,	nu11=0.00075)	
2	-643.3703118755948	(t1=0.00016,	nu11=0.00075)	
2	-4064.5195151201915	(t1=0.00116,	nu11=0.00075)	
2	-644.6362887945143	(t1=0.00016,	nu11=0.00075)	
2	-643.2965967264608	(t1=0.00016,	nu11=0.00075)	
2	-4064.5190586688695	(t1=0.00116,	nu11=0.00075)	
2	-644.5619804657763	(t1=0.00016,	nu11=0.00075)	
2	-643.2926520877518	(t1=0.00016,	nu11=0.00075)	
2	-4064.5190342352143	(t1=0.00116,	nu11=0.00075)	
2	-644.5580040767672	(t1=0.00016,	nu11=0.00075)	
2	-643.2924409041298	(t1=0.00016,	nu11=0.00075)	
2	-4064.519032926939	(t1=0.00116,	nu11=0.00075)	
2	-644.5577911935397	(t1=0.00016,	nu11=0.00075)	
2	-643.2924295975827	(t1=0.00016,	nu11=0.00075)	
2	-4064.5190328567987	(t1=0.00116,	nu11=0.00075)	
2	-644.5577797958977	(t1=0.00016,	nu11=0.00075)	
2	-643.2924289922812	(t1=0.00016,	nu11=0.00075)	
2	-4064.519032852899	(t1=0.00116,	nu11=0.00075)	
2	-644.5577791855903	(t1=0.00016,	nu11=0.00075)	
2	-643.2924289601506	(t1=0.00016,	nu11=0.00075)	
2	-4064.519032852666	(t1=0.00116,	nu11=0.00075)	
2	-644.5577791529358	(t1=0.00016,	nu11=0.00075)	
2	-643.2924289581715	(t1=0.00016,	nu11=0.00075)	
2	-4064.519032852666	(t1=0.00116,	nu11=0.00075)	
2	-644.5577791515971	(t1=0.00016,	nu11=0.00075)	
2	-643.292428958579	(t1=0.00016,	nu11=0.00075)	
2	-4064.5190328527824	(t1=0.00116,	nu11=0.00075)	
2	-644.557779151306	(t1=0.00016,	nu11=0.00075)	
2	-643.2924289586372	(t1=0.00016,	nu11=0.00075)	
2	-4064.519032852666	(t1=0.00116,	nu11=0.00075)	
2	-644.5577791512478	(t1=0.00016,	nu11=0.00075)	
2	-643.2924289581715	(t1=0.00016,	nu11=0.00075)	
2	-4064.519032852666	(t1=0.00116,	nu11=0.00075)	
2	-644.5577791515971	(t1=0.00016,	nu11=0.00075)	
2	-643.2924289587536	(t1=0.00016,	nu11=0.00075)	
2	-4064.519032852666	(t1=0.00116,	nu11=0.00075)	
2	-644.5577791513642	(t1=0.00016,	nu11=0.00075)	
2	-643.2924289581715	(t1=0.00016,	nu11=0.00075)	
2	-4064.519032852666	(t1=0.00116,	nu11=0.00075)	
2	-644.5577791515971	(t1=0.00016,	nu11=0.00075)	
2	-643.2924289585208	(t1=0.00016,	nu11=0.00075)	
2	-4064.519032852666	(t1=0.00116,	nu11=0.00075)	
2	-644.557779151306	(t1=0.00016,	nu11=0.00075)	
2	-643.2924289581715	(t1=0.00016,	nu11=0.00075)	
2	-4064.519032852666	(t1=0.00116,	nu11=0.00075)	
2	-644.5577791515971	(t1=0.00016,	nu11=0.00075)	
2	-643.2924289585208	(t1=0.00016,	nu11=0.00075)	
2	-4064.519032852666	(t1=0.00116,	nu11=0.00075)	
2	-644.557779151306	(t1=0.00016,	nu11=0.00075)	
2	-643.2924289581715	(t1=0.00016,	nu11=0.00075)	
2	-4064.519032852666	(t1=0.00116,	nu11=0.00075)	
2	-644.5577791515971	(t1=0.00016,	nu11=0.00075)	
2	-643.2924289585208	(t1=0.00016,	nu11=0.00075)	
2	-4064.519032852666	(t1=0.00116,	nu11=0.00075)	
2	-644.557779151306	(t1=0.00016,	nu11=0.00075)	
2	-643.2924289581715	(t1=0.00016,	nu11=0.00075)	
2	-4064.519032852666	(t1=0.00116,	nu11=0.00075)	
2	-644.5577791515971	(t1=0.00016,	nu11=0.00075)	
2	-643.2924289585208	(t1=0.00016,	nu11=0.00075)	
2	-4064.519032852666	(t1=0.00116,	nu11=0.00075)	
2	-644.557779151306	(t1=0.00016,	nu11=0.00075)	
2	-643.2924289581715	(t1=0.00016,	nu11=0.00075)	
2	-4064.519032852666	(t1=0.00116,	nu11=0.00075)	
2	-644.5577791515971	(t1=0.00016,	nu11=0.00075)	
2	-643.2924289585208	(t1=0.00016,	nu11=0.00075)	
2	-4064.519032852666	(t1=0.00116,	nu11=0.00075)	
2	-644.557779151306	(t1=0.00016,	nu11=0.00075)	
2	-643.2924289581715	(t1=0.00016,	nu11=0.00075)	
2	-4064.519032852666	(t1=0.00116,	nu11=0.00075)	
2	-644.5577791515971	(t1=0.00016,	nu11=0.00075)	
2	-643.2924289585208	(t1=0.00016,	nu11=0.00075)	
2	-4064.519032852666	(t1=0.00116,	nu11=0.00075)	
2	-644.557779151306	(t1=0.00016,	nu11=0.00075)	
2	-643.2924289581715	(t1=0.00016,	nu11=0.00075)	
2	-4064.519032852666	(t1=0.00116,	nu11=0.00075)	
2	-644.5577791515971	(t1=0.00016,	nu11=0.00075)	
2	-643.2924289585208	(t1=0.00016,	nu11=0.00075)	
2	-4064.519032852666	(t1=0.00116,	nu11=0.00075)	
2	-644.557779151306	(t1=0.00016,	nu11=0.00075)	
2	-643.2924289581715	(t1=0.00016,	nu11=0.00075)	
2	-4064.519032852666	(t1=0.00116,	nu11=0.00075)	
2	-644.5577791515971	(t1=0.00016,	nu11=0.00075)	
2	-643.2924289585208	(t1=0.00016,	nu11=0.00075)	
2	-4064.519032852666	(t1=0.00116,	nu11=0.00075)	
2	-644.557779151306	(t1=0.00016,	nu11=0.00075)	
2	-643.2924289581715	(t1=0.00016,	nu11=0.00075)	
2	-4064.519032852666	(t1=0.00116,	nu11=0.00075)	
2	-644.5577791515971	(t1=0.00016,	nu11=0.00075)	
2	-643.2924289585208	(t1=0.00016,	nu11=0.00075)	
