0	-570.7161016981117	(t1=0.0001,	nu11=0.00049)	
1	-570.7161016981117	(t1=0.0001,	nu11=0.00049)	
2	-3625.496222192538	(t1=0.0011,	nu11=0.00049)	
2	-572.0251620892086	(t1=0.0001,	nu11=0.00049)	
2	-572.4183148204465	(t1=0.0001,	nu11=0.00049)	
2	-3625.5255647181766	(t1=0.0011,	nu11=0.00049)	
2	-573.7388740063761	(t1=0.0001,	nu11=0.00049)	
2	-570.7724377963459	(t1=0.0001,	nu11=0.00049)	
2	-3625.49719819281	(t1=0.0011,	nu11=0.00049)	
2	-572.0818804201554	(t1=0.0001,	nu11=0.00049)	
2	-570.71798259567	(t1=0.0001,	nu11=0.00049)	
2	-3625.4962547839386	(t1=0.0011,	nu11=0.00049)	
2	-572.0270557500771	(t1=0.0001,	nu11=0.00049)	
2	-570.716164514015	(t1=0.0001,	nu11=0.00049)	
2	-3625.49622328073	(t1=0.0011,	nu11=0.00049)	
2	-572.0252253313083	(t1=0.0001,	nu11=0.00049)	
2	-570.716103795683	(t1=0.0001,	nu11=0.00049)	
2	-3625.4962222288596	(t1=0.0011,	nu11=0.00049)	
2	-572.0251642013318	(t1=0.0001,	nu11=0.00049)	
2	-570.7161017677863	(t1=0.0001,	nu11=0.00049)	
2	-3625.4962221935275	(t1=0.0011,	nu11=0.00049)	
2	-572.0251621595817	(t1=0.0001,	nu11=0.00049)	
2	-570.7161017000326	(t1=0.0001,	nu11=0.00049)	
2	-3625.4962221920723	(t1=0.0011,	nu11=0.00049)	
2	-572.0251620914205	(t1=0.0001,	nu11=0.00049)	
2	-570.7161016978789	(t1=0.0001,	nu11=0.00049)	
2	-3625.496222192305	(t1=0.0011,	nu11=0.00049)	
2	-572.0251620892668	(t1=0.0001,	nu11=0.00049)	
2	-570.7161016982864	(t1=0.0001,	nu11=0.00049)	
2	-3625.4962221921887	(t1=0.0011,	nu11=0.00049)	
2	-572.0251620896743	(t1=0.0001,	nu11=0.00049)	
2	-570.7161016982282	(t1=0.0001,	nu11=0.00049)	
2	-3625.4962221924216	(t1=0.0011,	nu11=0.00049)	
2	-572.0251620892086	(t1=0.0001,	nu11=0.00049)	
2	-570.7161016978789	(t1=0.0001,	nu11=0.00049)	
2	-3625.496222192305	(t1=0.0011,	nu11=0.00049)	
2	-572.0251620892668	(t1=0.0001,	nu11=0.00049)	
2	-570.7161016982282	(t1=0.0001,	nu11=0.00049)	
2	-3625.496222192305	(t1=0.0011,	nu11=0.00049)	
2	-572.025162089325	(t1=0.0001,	nu11=0.00049)	
2	-570.7161016978789	(t1=0.0001,	nu11=0.00049)	
2	-3625.496222192305	(t1=0.0011,	nu11=0.00049)	
2	-572.0251620892668	(t1=0.0001,	nu11=0.00049)	
2	-570.7161016979953	(t1=0.0001,	nu11=0.00049)	
2	-3625.496222192305	(t1=0.0011,	nu11=0.00049)	
2	-572.0251620892668	(t1=0.0001,	nu11=0.00049)	
2	-570.7161016978789	(t1=0.0001,	nu11=0.00049)	
2	-3625.496222192305	(t1=0.0011,	nu11=0.00049)	
2	-572.0251620892668	(t1=0.0001,	nu11=0.00049)	
2	-570.7161016979953	(t1=0.0001,	nu11=0.00049)	
2	-3625.496222192305	(t1=0.0011,	nu11=0.00049)	
2	-572.0251620892668	(t1=0.0001,	nu11=0.00049)	
2	-570.7161016978789	(t1=0.0001,	nu11=0.00049)	
2	-3625.496222192305	(t1=0.0011,	nu11=0.00049)	
2	-572.0251620892668	(t1=0.0001,	nu11=0.00049)	
2	-570.7161016979953	(t1=0.0001,	nu11=0.00049)	
2	-3625.496222192305	(t1=0.0011,	nu11=0.00049)	
2	-572.0251620892668	(t1=0.0001,	nu11=0.00049)	
2	-570.7161016978789	(t1=0.0001,	nu11=0.00049)	
2	-3625.496222192305	(t1=0.0011,	nu11=0.00049)	
2	-572.0251620892668	(t1=0.0001,	nu11=0.00049)	
2	-570.7161016979953	(t1=0.0001,	nu11=0.00049)	
2	-3625.496222192305	(t1=0.0011,	nu11=0.00049)	
2	-572.0251620892668	(t1=0.0001,	nu11=0.00049)	
2	-570.7161016978789	(t1=0.0001,	nu11=0.00049)	
2	-3625.496222192305	(t1=0.0011,	nu11=0.00049)	
2	-572.0251620892668	(t1=0.0001,	nu11=0.00049)	
2	-570.7161016979953	(t1=0.0001,	nu11=0.00049)	
2	-3625.496222192305	(t1=0.0011,	nu11=0.00049)	
2	-572.0251620892668	(t1=0.0001,	nu11=0.00049)	
2	-570.7161016978789	(t1=0.0001,	nu11=0.00049)	
2	-3625.496222192305	(t1=0.0011,	nu11=0.00049)	
2	-572.0251620892668	(t1=0.0001,	nu11=0.00049)	
2	-570.7161016979953	(t1=0.0001,	nu11=0.00049)	
2	-3625.496222192305	(t1=0.0011,	nu11=0.00049)	
2	-572.0251620892668	(t1=0.0001,	nu11=0.00049)	
2	-570.7161016978789	(t1=0.0001,	nu11=0.00049)	
2	-3625.496222192305	(t1=0.0011,	nu11=0.00049)	
2	-572.0251620892668	(t1=0.0001,	nu11=0.00049)	
2	-570.7161016979953	(t1=0.0001,	nu11=0.00049)	
2	-3625.496222192305	(t1=0.0011,	nu11=0.00049)	
2	-572.0251620892668	(t1=0.0001,	nu11=0.00049)	
2	-570.7161016978789	(t1=0.0001,	nu11=0.00049)	
2	-3625.496222192305	(t1=0.0011,	nu11=0.00049)	
2	-572.0251620892668	(t1=0.0001,	nu11=0.00049)	
2	-570.7161016979953	(t1=0.0001,	nu11=0.00049)	
2	-3625.496222192305	(t1=0.0011,	nu11=0.00049)	
2	-572.0251620892668	(t1=0.0001,	nu11=0.00049)	
2	-570.7161016978789	(t1=0.0001,	nu11=0.00049)	
2	-3625.496222192305	(t1=0.0011,	nu11=0.00049)	
2	-572.0251620892668	(t1=0.0001,	nu11=0.00049)	
2	-570.7161016981117	(t1=0.0001,	nu11=0.00049)	
