0	-696.6342319678515	(t1=0.0001,	nu11=0.00049)	
1	-696.6342319678515	(t1=0.0001,	nu11=0.00049)	
2	-6615.114122697385	(t1=0.0011,	nu11=0.00049)	
2	-696.9471747434	(t1=0.0001,	nu11=0.00049)	
2	-699.9970332612284	(t1=0.0001,	nu11=0.00049)	
2	-6615.4324103753315	(t1=0.0011,	nu11=0.00049)	
2	-700.4286499503069	(t1=0.0001,	nu11=0.00049)	
2	-696.9721816686215	(t1=0.0001,	nu11=0.00049)	
2	-6615.151659730473	(t1=0.0011,	nu11=0.00049)	
2	-697.2990537921432	(t1=0.0001,	nu11=0.00049)	
2	-696.6759212145116	(t1=0.0001,	nu11=0.00049)	
2	-6615.118848034181	(t1=0.0011,	nu11=0.00049)	
2	-696.990616501309	(t1=0.0001,	nu11=0.00049)	
2	-696.6395077914931	(t1=0.0001,	nu11=0.00049)	
2	-6615.114722235827	(t1=0.0011,	nu11=0.00049)	
2	-696.952672904823	(t1=0.0001,	nu11=0.00049)	
2	-696.634901795187	(t1=0.0001,	nu11=0.00049)	
2	-6615.1141988405725	(t1=0.0011,	nu11=0.00049)	
2	-696.9478728080867	(t1=0.0001,	nu11=0.00049)	
2	-696.6343170459149	(t1=0.0001,	nu11=0.00049)	
2	-6615.11413236917	(t1=0.0011,	nu11=0.00049)	
2	-696.9472634071717	(t1=0.0001,	nu11=0.00049)	
2	-696.6342427746858	(t1=0.0001,	nu11=0.00049)	
2	-6615.1141239257995	(t1=0.0011,	nu11=0.00049)	
2	-696.9471860051854	(t1=0.0001,	nu11=0.00049)	
2	-696.6342333401553	(t1=0.0001,	nu11=0.00049)	
2	-6615.114122853149	(t1=0.0011,	nu11=0.00049)	
2	-696.9471761739114	(t1=0.0001,	nu11=0.00049)	
2	-696.6342321421253	(t1=0.0001,	nu11=0.00049)	
2	-6615.1141227174085	(t1=0.0011,	nu11=0.00049)	
2	-696.9471749246586	(t1=0.0001,	nu11=0.00049)	
2	-696.634231989854	(t1=0.0001,	nu11=0.00049)	
2	-6615.114122699597	(t1=0.0011,	nu11=0.00049)	
2	-696.9471747665666	(t1=0.0001,	nu11=0.00049)	
2	-696.6342319709947	(t1=0.0001,	nu11=0.00049)	
2	-6615.114122697734	(t1=0.0011,	nu11=0.00049)	
2	-696.9471747465432	(t1=0.0001,	nu11=0.00049)	
2	-696.6342319683172	(t1=0.0001,	nu11=0.00049)	
2	-6615.114122697618	(t1=0.0011,	nu11=0.00049)	
2	-696.947174743982	(t1=0.0001,	nu11=0.00049)	
2	-696.6342319679679	(t1=0.0001,	nu11=0.00049)	
2	-6615.114122697269	(t1=0.0011,	nu11=0.00049)	
2	-696.9471747432835	(t1=0.0001,	nu11=0.00049)	
2	-696.6342319684336	(t1=0.0001,	nu11=0.00049)	
2	-6615.114122697269	(t1=0.0011,	nu11=0.00049)	
2	-696.9471747436328	(t1=0.0001,	nu11=0.00049)	
2	-696.6342319678515	(t1=0.0001,	nu11=0.00049)	
2	-6615.114122697385	(t1=0.0011,	nu11=0.00049)	
2	-696.9471747434	(t1=0.0001,	nu11=0.00049)	
2	-696.6342319677351	(t1=0.0001,	nu11=0.00049)	
2	-6615.114122697385	(t1=0.0011,	nu11=0.00049)	
2	-696.9471747432835	(t1=0.0001,	nu11=0.00049)	
2	-696.6342319678515	(t1=0.0001,	nu11=0.00049)	
2	-6615.114122697152	(t1=0.0011,	nu11=0.00049)	
2	-696.9471747435164	(t1=0.0001,	nu11=0.00049)	
2	-696.6342319677351	(t1=0.0001,	nu11=0.00049)	
2	-6615.114122697385	(t1=0.0011,	nu11=0.00049)	
2	-696.9471747432835	(t1=0.0001,	nu11=0.00049)	
2	-696.6342319678515	(t1=0.0001,	nu11=0.00049)	
2	-6615.114122697385	(t1=0.0011,	nu11=0.00049)	
2	-696.9471747435164	(t1=0.0001,	nu11=0.00049)	
2	-696.6342319677351	(t1=0.0001,	nu11=0.00049)	
2	-6615.114122697385	(t1=0.0011,	nu11=0.00049)	
2	-696.9471747432835	(t1=0.0001,	nu11=0.00049)	
2	-696.6342319682008	(t1=0.0001,	nu11=0.00049)	
2	-6615.114122697385	(t1=0.0011,	nu11=0.00049)	
2	-696.9471747430507	(t1=0.0001,	nu11=0.00049)	
2	-696.6342319677351	(t1=0.0001,	nu11=0.00049)	
2	-6615.114122697385	(t1=0.0011,	nu11=0.00049)	
2	-696.9471747432835	(t1=0.0001,	nu11=0.00049)	
2	-696.6342319676187	(t1=0.0001,	nu11=0.00049)	
2	-6615.114122697385	(t1=0.0011,	nu11=0.00049)	
2	-696.9471747431671	(t1=0.0001,	nu11=0.00049)	
2	-696.6342319679679	(t1=0.0001,	nu11=0.00049)	
2	-6615.114122697385	(t1=0.0011,	nu11=0.00049)	
2	-696.9471747437492	(t1=0.0001,	nu11=0.00049)	
2	-696.6342319676187	(t1=0.0001,	nu11=0.00049)	
2	-6615.114122697385	(t1=0.0011,	nu11=0.00049)	
2	-696.9471747431671	(t1=0.0001,	nu11=0.00049)	
2	-696.6342319679679	(t1=0.0001,	nu11=0.00049)	
2	-6615.114122697385	(t1=0.0011,	nu11=0.00049)	
2	-696.9471747437492	(t1=0.0001,	nu11=0.00049)	
2	-696.6342319676187	(t1=0.0001,	nu11=0.00049)	
2	-6615.114122697385	(t1=0.0011,	nu11=0.00049)	
2	-696.9471747431671	(t1=0.0001,	nu11=0.00049)	
2	-696.6342319679679	(t1=0.0001,	nu11=0.00049)	
2	-6615.114122697385	(t1=0.0011,	nu11=0.00049)	
2	-696.9471747437492	(t1=0.0001,	nu11=0.00049)	
2	-696.6342319676187	(t1=0.0001,	nu11=0.00049)	
2	-6615.114122697385	(t1=0.0011,	nu11=0.00049)	
2	-696.9471747431671	(t1=0.0001,	nu11=0.00049)	
2	-696.6342319679679	(t1=0.0001,	nu11=0.00049)	
2	-6615.114122697385	(t1=0.0011,	nu11=0.00049)	
2	-696.9471747437492	(t1=0.0001,	nu11=0.00049)	
2	-696.6342319676187	(t1=0.0001,	nu11=0.00049)	
2	-6615.114122697385	(t1=0.0011,	nu11=0.00049)	
2	-696.9471747431671	(t1=0.0001,	nu11=0.00049)	
2	-696.6342319679679	(t1=0.0001,	nu11=0.00049)	
2	-6615.114122697385	(t1=0.0011,	nu11=0.00049)	
2	-696.9471747437492	(t1=0.0001,	nu11=0.00049)	
2	-696.6342319676187	(t1=0.0001,	nu11=0.00049)	
2	-6615.114122697385	(t1=0.0011,	nu11=0.00049)	
2	-696.9471747431671	(t1=0.0001,	nu11=0.00049)	
2	-696.6342319679679	(t1=0.0001,	nu11=0.00049)	
2	-6615.114122697385	(t1=0.0011,	nu11=0.00049)	
2	-696.9471747437492	(t1=0.0001,	nu11=0.00049)	
2	-696.6342319676187	(t1=0.0001,	nu11=0.00049)	
2	-6615.114122697385	(t1=0.0011,	nu11=0.00049)	
2	-696.9471747431671	(t1=0.0001,	nu11=0.00049)	
2	-696.6342319679679	(t1=0.0001,	nu11=0.00049)	
2	-6615.114122697385	(t1=0.0011,	nu11=0.00049)	
2	-696.9471747437492	(t1=0.0001,	nu11=0.00049)	
2	-696.6342319676187	(t1=0.0001,	nu11=0.00049)	
2	-6615.114122697385	(t1=0.0011,	nu11=0.00049)	
2	-696.9471747431671	(t1=0.0001,	nu11=0.00049)	
2	-696.6342319679679	(t1=0.0001,	nu11=0.00049)	
2	-6615.114122697385	(t1=0.0011,	nu11=0.00049)	
2	-696.9471747437492	(t1=0.0001,	nu11=0.00049)	
2	-696.6342319676187	(t1=0.0001,	nu11=0.00049)	
2	-6615.114122697385	(t1=0.0011,	nu11=0.00049)	
2	-696.9471747431671	(t1=0.0001,	nu11=0.00049)	
2	-696.6342319679679	(t1=0.0001,	nu11=0.00049)	
2	-6615.114122697385	(t1=0.0011,	nu11=0.00049)	
2	-696.9471747437492	(t1=0.0001,	nu11=0.00049)	
2	-696.6342319676187	(t1=0.0001,	nu11=0.00049)	
2	-6615.114122697385	(t1=0.0011,	nu11=0.00049)	
2	-696.9471747431671	(t1=0.0001,	nu11=0.00049)	
2	-696.6342319679679	(t1=0.0001,	nu11=0.00049)	
2	-6615.114122697385	(t1=0.0011,	nu11=0.00049)	
2	-696.9471747437492	(t1=0.0001,	nu11=0.00049)	
2	-696.6342319676187	(t1=0.0001,	nu11=0.00049)	
2	-6615.114122697385	(t1=0.0011,	nu11=0.00049)	
2	-696.9471747431671	(t1=0.0001,	nu11=0.00049)	
2	-696.6342319678515	(t1=0.0001,	nu11=0.00049)	
