0	-573.4481801245129	(t1=0.0001,	nu11=0.00049)	
1	-573.4481801245129	(t1=0.0001,	nu11=0.00049)	
2	-7703.971951012267	(t1=0.0011,	nu11=0.00049)	
2	-572.7877167556435	(t1=0.0001,	nu11=0.00049)	
2	-564.4724165822845	(t1=0.0001,	nu11=0.00049)	
2	-7704.63670272741	(t1=0.0011,	nu11=0.00049)	
2	-564.0235158319119	(t1=0.0001,	nu11=0.00049)	
2	-558.8096236556303	(t1=0.0001,	nu11=0.00049)	
2	-7705.299846728914	(t1=0.0011,	nu11=0.00049)	
2	-558.5757175014587	(t1=0.0001,	nu11=0.00049)	
2	-557.9316143841716	(t1=0.0001,	nu11=0.00049)	
2	-7705.46540529991	(t1=0.0011,	nu11=0.00049)	
2	-557.7519887094386	(t1=0.0001,	nu11=0.00049)	
2	-557.2744445925346	(t1=0.0001,	nu11=0.00049)	
2	-7705.630819914397	(t1=0.0011,	nu11=0.00049)	
2	-557.1492912442191	(t1=0.0001,	nu11=0.00049)	
2	-557.144956709235	(t1=0.0001,	nu11=0.00049)	
2	-7705.672154225642	(t1=0.0011,	nu11=0.00049)	
2	-557.0334522250341	(t1=0.0001,	nu11=0.00049)	
2	-557.0294841929572	(t1=0.0001,	nu11=0.00049)	
2	-7705.713477583136	(t1=0.0011,	nu11=0.00049)	
2	-556.9316397620132	(t1=0.0001,	nu11=0.00049)	
2	-557.0028097168542	(t1=0.0001,	nu11=0.00049)	
2	-7705.723807052826	(t1=0.0011,	nu11=0.00049)	
2	-556.9083821558161	(t1=0.0001,	nu11=0.00049)	
2	-556.977014802047	(t1=0.0001,	nu11=0.00049)	
2	-7705.734135650797	(t1=0.0011,	nu11=0.00049)	
2	-556.8860047467751	(t1=0.0001,	nu11=0.00049)	
2	-6897.924825367751	(t1=0.00037,	nu11=0.00049)	
2	-556.9686822072836	(t1=0.0001,	nu11=0.00049)	
2	-7705.737549413694	(t1=0.0011,	nu11=0.00049)	
2	-556.8788018937921	(t1=0.0001,	nu11=0.00049)	
2	-556.9604459149996	(t1=0.0001,	nu11=0.00049)	
2	-7705.740963028977	(t1=0.0011,	nu11=0.00049)	
2	-556.8716953950934	(t1=0.0001,	nu11=0.00049)	
2	-7788.850948842592	(t1=0.00073,	nu11=0.00049)	
2	-556.9586850565393	(t1=0.0001,	nu11=0.00049)	
2	-7705.74169803923	(t1=0.0011,	nu11=0.00049)	
2	-556.8701778134564	(t1=0.0001,	nu11=0.00049)	
2	-556.9569286723854	(t1=0.0001,	nu11=0.00049)	
2	-7705.742433038191	(t1=0.0011,	nu11=0.00049)	
2	-556.8686647081049	(t1=0.0001,	nu11=0.00049)	
2	-7765.644194688182	(t1=0.00092,	nu11=0.00049)	
2	-556.9565186990658	(t1=0.0001,	nu11=0.00049)	
2	-7705.742604869301	(t1=0.0011,	nu11=0.00049)	
2	-556.8683116103057	(t1=0.0001,	nu11=0.00049)	
2	-556.9561089717317	(t1=0.0001,	nu11=0.00049)	
2	-7705.74277669983	(t1=0.0011,	nu11=0.00049)	
2	-556.8679587575607	(t1=0.0001,	nu11=0.00049)	
2	-15581.050197716337	(t1=6.74e-06,	nu11=0.00049)	
2	-7739.2419436563505	(t1=0.00101,	nu11=0.00049)	
2	-15584.557455567177	(t1=6.74e-06,	nu11=0.00049)	
2	-556.615579286823	(t1=0.0001,	nu11=0.00049)	
2	-7706.0095213799505	(t1=0.0011,	nu11=0.00049)	
2	-556.6160274443682	(t1=0.0001,	nu11=0.00049)	
2	-556.8662121404195	(t1=0.0001,	nu11=0.00049)	
2	-7706.272094154381	(t1=0.0011,	nu11=0.00049)	
2	-556.9544677584199	(t1=0.0001,	nu11=0.00049)	
2	-556.6185564609477	(t1=0.0001,	nu11=0.00049)	
2	-7706.061247611302	(t1=0.0011,	nu11=0.00049)	
2	-556.6362560091075	(t1=0.0001,	nu11=0.00049)	
2	-556.614328446216	(t1=0.0001,	nu11=0.00049)	
2	-7706.020405130461	(t1=0.0011,	nu11=0.00049)	
2	-556.6184045795817	(t1=0.0001,	nu11=0.00049)	
2	-556.6140469152015	(t1=0.0001,	nu11=0.00049)	
2	-7706.028968354454	(t1=0.0011,	nu11=0.00049)	
2	-556.6209782141959	(t1=0.0001,	nu11=0.00049)	
2	-556.6142613796983	(t1=0.0001,	nu11=0.00049)	
2	-7706.03571734624	(t1=0.0011,	nu11=0.00049)	
2	-556.6234433832578	(t1=0.0001,	nu11=0.00049)	
2	-556.6140601190273	(t1=0.0001,	nu11=0.00049)	
2	-7706.030391106498	(t1=0.0011,	nu11=0.00049)	
2	-556.6214658567915	(t1=0.0001,	nu11=0.00049)	
2	-556.6140482788906	(t1=0.0001,	nu11=0.00049)	
2	-7706.029268803075	(t1=0.0011,	nu11=0.00049)	
2	-556.6210797667736	(t1=0.0001,	nu11=0.00049)	
2	-556.6140471389517	(t1=0.0001,	nu11=0.00049)	
2	-7706.029031824786	(t1=0.0011,	nu11=0.00049)	
2	-556.6209996035323	(t1=0.0001,	nu11=0.00049)	
2	-556.6140469589736	(t1=0.0001,	nu11=0.00049)	
2	-7706.028981763637	(t1=0.0011,	nu11=0.00049)	
2	-556.6209827302955	(t1=0.0001,	nu11=0.00049)	
2	-556.6140469235834	(t1=0.0001,	nu11=0.00049)	
2	-7706.028971187654	(t1=0.0011,	nu11=0.00049)	
2	-556.6209791683359	(t1=0.0001,	nu11=0.00049)	
2	-556.6140469165985	(t1=0.0001,	nu11=0.00049)	
2	-7706.028968953295	(t1=0.0011,	nu11=0.00049)	
2	-556.6209784152452	(t1=0.0001,	nu11=0.00049)	
2	-556.6140469147358	(t1=0.0001,	nu11=0.00049)	
2	-7706.028968480881	(t1=0.0011,	nu11=0.00049)	
2	-556.6209782569204	(t1=0.0001,	nu11=0.00049)	
2	-556.6140469152015	(t1=0.0001,	nu11=0.00049)	
2	-7706.028968580766	(t1=0.0011,	nu11=0.00049)	
2	-556.62097829103	(t1=0.0001,	nu11=0.00049)	
2	-556.6140469148522	(t1=0.0001,	nu11=0.00049)	
2	-7706.028968501487	(t1=0.0011,	nu11=0.00049)	
2	-556.6209782640217	(t1=0.0001,	nu11=0.00049)	
2	-556.6140469149686	(t1=0.0001,	nu11=0.00049)	
2	-7706.028968485072	(t1=0.0011,	nu11=0.00049)	
2	-556.6209782585502	(t1=0.0001,	nu11=0.00049)	
2	-556.6140469148522	(t1=0.0001,	nu11=0.00049)	
2	-7706.02896848158	(t1=0.0011,	nu11=0.00049)	
2	-556.6209782571532	(t1=0.0001,	nu11=0.00049)	
2	-556.6140469146194	(t1=0.0001,	nu11=0.00049)	
2	-7706.028968481114	(t1=0.0011,	nu11=0.00049)	
2	-556.6209782572696	(t1=0.0001,	nu11=0.00049)	
2	-556.6140469148522	(t1=0.0001,	nu11=0.00049)	
2	-7706.0289684806485	(t1=0.0011,	nu11=0.00049)	
2	-556.6209782571532	(t1=0.0001,	nu11=0.00049)	
2	-556.6140469143866	(t1=0.0001,	nu11=0.00049)	
2	-7706.028968480881	(t1=0.0011,	nu11=0.00049)	
2	-556.6209782569204	(t1=0.0001,	nu11=0.00049)	
2	-556.614046915085	(t1=0.0001,	nu11=0.00049)	
2	-7706.028968480765	(t1=0.0011,	nu11=0.00049)	
2	-556.6209782566875	(t1=0.0001,	nu11=0.00049)	
2	-556.6140469146194	(t1=0.0001,	nu11=0.00049)	
2	-7706.028968480765	(t1=0.0011,	nu11=0.00049)	
2	-556.6209782568039	(t1=0.0001,	nu11=0.00049)	
2	-556.614046914503	(t1=0.0001,	nu11=0.00049)	
2	-7706.028968480881	(t1=0.0011,	nu11=0.00049)	
2	-556.6209782572696	(t1=0.0001,	nu11=0.00049)	
2	-556.6140469143866	(t1=0.0001,	nu11=0.00049)	
2	-7706.028968480881	(t1=0.0011,	nu11=0.00049)	
2	-556.6209782569204	(t1=0.0001,	nu11=0.00049)	
2	-573.4481801245129	(t1=0.0001,	nu11=0.00049)	
