0	-547.3596201859182	(t1=0.0001,	nu11=0.00049)	
1	-547.3596201859182	(t1=0.0001,	nu11=0.00049)	
2	-7774.1259899041615	(t1=0.0011,	nu11=0.00049)	
2	-546.2791055409471	(t1=0.0001,	nu11=0.00049)	
2	-531.0245528965024	(t1=0.0001,	nu11=0.00049)	
2	-7774.827166132745	(t1=0.0011,	nu11=0.00049)	
2	-530.152695091092	(t1=0.0001,	nu11=0.00049)	
2	-517.9466952205403	(t1=0.0001,	nu11=0.00049)	
2	-7775.5272477774415	(t1=0.0011,	nu11=0.00049)	
2	-517.2872865321115	(t1=0.0001,	nu11=0.00049)	
2	-515.2070445400896	(t1=0.0001,	nu11=0.00049)	
2	-7775.7021898931125	(t1=0.0011,	nu11=0.00049)	
2	-514.6013576050755	(t1=0.0001,	nu11=0.00049)	
2	-512.6868579926668	(t1=0.0001,	nu11=0.00049)	
2	-7775.877017595572	(t1=0.0011,	nu11=0.00049)	
2	-512.135107869748	(t1=0.0001,	nu11=0.00049)	
2	-512.0913452940295	(t1=0.0001,	nu11=0.00049)	
2	-7775.920714237262	(t1=0.0011,	nu11=0.00049)	
2	-511.5531150979223	(t1=0.0001,	nu11=0.00049)	
2	-511.50981230521575	(t1=0.0001,	nu11=0.00049)	
2	-7775.964401614852	(t1=0.0011,	nu11=0.00049)	
2	-510.98511467454955	(t1=0.0001,	nu11=0.00049)	
2	-511.3666103275027	(t1=0.0001,	nu11=0.00049)	
2	-7775.975322644808	(t1=0.0011,	nu11=0.00049)	
2	-510.8452980048023	(t1=0.0001,	nu11=0.00049)	
2	-511.2242883173749	(t1=0.0001,	nu11=0.00049)	
2	-7775.986242891289	(t1=0.0011,	nu11=0.00049)	
2	-510.70636202709284	(t1=0.0001,	nu11=0.00049)	
2	-6889.080017950153	(t1=0.00036,	nu11=0.00049)	
2	-511.177242472535	(t1=0.0001,	nu11=0.00049)	
2	-7775.989867439144	(t1=0.0011,	nu11=0.00049)	
2	-510.6604402558878	(t1=0.0001,	nu11=0.00049)	
2	-511.13029441796243	(t1=0.0001,	nu11=0.00049)	
2	-7775.993491843576	(t1=0.0011,	nu11=0.00049)	
2	-510.6146163379308	(t1=0.0001,	nu11=0.00049)	
2	-7860.560678558191	(t1=0.00073,	nu11=0.00049)	
2	-511.1202223286964	(t1=0.0001,	nu11=0.00049)	
2	-7775.994270377909	(t1=0.0011,	nu11=0.00049)	
2	-510.6047857309459	(t1=0.0001,	nu11=0.00049)	
2	-511.1101548046572	(t1=0.0001,	nu11=0.00049)	
2	-7775.9950489019975	(t1=0.0011,	nu11=0.00049)	
2	-510.5949596904684	(t1=0.0001,	nu11=0.00049)	
2	-7837.375060381368	(t1=0.00091,	nu11=0.00049)	
2	-511.1078040736029	(t1=0.0001,	nu11=0.00049)	
2	-7775.9952307341155	(t1=0.0011,	nu11=0.00049)	
2	-510.59266536158975	(t1=0.0001,	nu11=0.00049)	
2	-511.1054535979638	(t1=0.0001,	nu11=0.00049)	
2	-7775.995412564836	(t1=0.0011,	nu11=0.00049)	
2	-510.5903712873114	(t1=0.0001,	nu11=0.00049)	
2	-14537.921056373394	(t1=5.38e-06,	nu11=0.00049)	
2	-7810.362524319906	(t1=0.00101,	nu11=0.00049)	
2	-14540.554663879913	(t1=5.38e-06,	nu11=0.00049)	
2	-507.54792856937274	(t1=0.0001,	nu11=0.00049)	
2	-7776.296474810108	(t1=0.0011,	nu11=0.00049)	
2	-507.1265978629235	(t1=0.0001,	nu11=0.00049)	
2	-504.71340567071456	(t1=0.0001,	nu11=0.00049)	
2	-7776.592426555813	(t1=0.0011,	nu11=0.00049)	
2	-504.3849428499816	(t1=0.0001,	nu11=0.00049)	
2	-2486.6525820038514	(t1=5e-05,	nu11=0.00049)	
2	-7794.36191528081	(t1=0.00105,	nu11=0.00049)	
2	-2492.4212533276295	(t1=5e-05,	nu11=0.00049)	
2	-501.6415289940778	(t1=0.0001,	nu11=0.00049)	
2	-7777.05472076789	(t1=0.0011,	nu11=0.00049)	
2	-501.45951544633135	(t1=0.0001,	nu11=0.00049)	
2	-500.30846689327154	(t1=9e-05,	nu11=0.00049)	
2	-7777.494122048956	(t1=0.00109,	nu11=0.00049)	
2	-500.2671873905929	(t1=9e-05,	nu11=0.00049)	
2	-891.9170025985222	(t1=7e-05,	nu11=0.00049)	
2	-7786.130777879385	(t1=0.00107,	nu11=0.00049)	
2	-894.8760014269501	(t1=7e-05,	nu11=0.00049)	
2	-500.602994189132	(t1=9e-05,	nu11=0.00049)	
2	-7777.941474857274	(t1=0.00109,	nu11=0.00049)	
2	-500.7065007374622	(t1=9e-05,	nu11=0.00049)	
2	-500.2317124714609	(t1=9e-05,	nu11=0.00049)	
2	-7777.58423066535	(t1=0.00109,	nu11=0.00049)	
2	-500.21947566140443	(t1=9e-05,	nu11=0.00049)	
2	-500.2190764178522	(t1=9e-05,	nu11=0.00049)	
2	-7777.654256386682	(t1=0.00109,	nu11=0.00049)	
2	-500.2294518073322	(t1=9e-05,	nu11=0.00049)	
2	-500.23824496369343	(t1=9e-05,	nu11=0.00049)	
2	-7777.70940379973	(t1=0.00109,	nu11=0.00049)	
2	-500.2664541436825	(t1=9e-05,	nu11=0.00049)	
2	-500.2209205167601	(t1=9e-05,	nu11=0.00049)	
2	-7777.665610573138	(t1=0.00109,	nu11=0.00049)	
2	-500.2349657989107	(t1=9e-05,	nu11=0.00049)	
2	-500.21937145630363	(t1=9e-05,	nu11=0.00049)	
2	-7777.656626448035	(t1=0.00109,	nu11=0.00049)	
2	-500.2305128154112	(t1=9e-05,	nu11=0.00049)	
2	-500.2191342554288	(t1=9e-05,	nu11=0.00049)	
2	-7777.654752520961	(t1=0.00109,	nu11=0.00049)	
2	-500.22966998512857	(t1=9e-05,	nu11=0.00049)	
2	-500.219088360318	(t1=9e-05,	nu11=0.00049)	
2	-7777.654360306333	(t1=0.00109,	nu11=0.00049)	
2	-500.2294973343378	(t1=9e-05,	nu11=0.00049)	
2	-500.2190789122833	(t1=9e-05,	nu11=0.00049)	
2	-7777.654278156231	(t1=0.00109,	nu11=0.00049)	
2	-500.2294613367412	(t1=9e-05,	nu11=0.00049)	
2	-500.2190769400913	(t1=9e-05,	nu11=0.00049)	
2	-7777.654260947136	(t1=0.00109,	nu11=0.00049)	
2	-500.2294538032729	(t1=9e-05,	nu11=0.00049)	
2	-500.21907652763184	(t1=9e-05,	nu11=0.00049)	
2	-7777.654257342336	(t1=0.00109,	nu11=0.00049)	
2	-500.22945222549606	(t1=9e-05,	nu11=0.00049)	
2	-500.21907644113526	(t1=9e-05,	nu11=0.00049)	
2	-7777.654256586917	(t1=0.00109,	nu11=0.00049)	
2	-500.22945189487655	(t1=9e-05,	nu11=0.00049)	
2	-500.21907642285805	(t1=9e-05,	nu11=0.00049)	
2	-7777.654256428825	(t1=0.00109,	nu11=0.00049)	
2	-500.2294518259587	(t1=9e-05,	nu11=0.00049)	
2	-500.2190764187835	(t1=9e-05,	nu11=0.00049)	
2	-7777.6542563954135	(t1=0.00109,	nu11=0.00049)	
2	-500.2294518110575	(t1=9e-05,	nu11=0.00049)	
2	-500.2190764179686	(t1=9e-05,	nu11=0.00049)	
2	-7777.654256388894	(t1=0.00109,	nu11=0.00049)	
2	-500.2294518079143	(t1=9e-05,	nu11=0.00049)	
2	-500.2190764177358	(t1=9e-05,	nu11=0.00049)	
2	-7777.654256387497	(t1=0.00109,	nu11=0.00049)	
2	-500.22945180768147	(t1=9e-05,	nu11=0.00049)	
2	-500.21907641820144	(t1=9e-05,	nu11=0.00049)	
2	-7777.6542563872645	(t1=0.00109,	nu11=0.00049)	
2	-500.2294518079143	(t1=9e-05,	nu11=0.00049)	
2	-500.219076418085	(t1=9e-05,	nu11=0.00049)	
2	-7777.654256387148	(t1=0.00109,	nu11=0.00049)	
2	-500.2294518077979	(t1=9e-05,	nu11=0.00049)	
2	-500.21907641831785	(t1=9e-05,	nu11=0.00049)	
2	-7777.654256387381	(t1=0.00109,	nu11=0.00049)	
2	-500.22945180756506	(t1=9e-05,	nu11=0.00049)	
2	-500.219076418085	(t1=9e-05,	nu11=0.00049)	
2	-7777.654256387381	(t1=0.00109,	nu11=0.00049)	
2	-500.22945180744864	(t1=9e-05,	nu11=0.00049)	
2	-500.2190764177358	(t1=9e-05,	nu11=0.00049)	
2	-7777.654256387497	(t1=0.00109,	nu11=0.00049)	
2	-500.22945180768147	(t1=9e-05,	nu11=0.00049)	
2	-500.2190764179686	(t1=9e-05,	nu11=0.00049)	
2	-7777.654256387381	(t1=0.00109,	nu11=0.00049)	
2	-500.22945180744864	(t1=9e-05,	nu11=0.00049)	
2	-500.2190764177358	(t1=9e-05,	nu11=0.00049)	
2	-7777.654256387497	(t1=0.00109,	nu11=0.00049)	
2	-500.22945180768147	(t1=9e-05,	nu11=0.00049)	
2	-547.3596201859182	(t1=0.0001,	nu11=0.00049)	
