0	-715.9433906367049	(t1=0.0001,	nu11=0.00049)	
1	-715.9433906367049	(t1=0.0001,	nu11=0.00049)	
2	-7807.713406613038	(t1=0.0011,	nu11=0.00049)	
2	-714.741761600133	(t1=0.0001,	nu11=0.00049)	
2	-698.4420411150786	(t1=0.0001,	nu11=0.00049)	
2	-7808.317993512086	(t1=0.0011,	nu11=0.00049)	
2	-697.4319159737788	(t1=0.0001,	nu11=0.00049)	
2	-683.7157939687022	(t1=0.0001,	nu11=0.00049)	
2	-7808.921869562124	(t1=0.0011,	nu11=0.00049)	
2	-682.9006943331333	(t1=0.0001,	nu11=0.00049)	
2	-680.4844917320297	(t1=0.0001,	nu11=0.00049)	
2	-7809.072826713207	(t1=0.0011,	nu11=0.00049)	
2	-679.7187230857089	(t1=0.0001,	nu11=0.00049)	
2	-677.440198709548	(t1=0.0001,	nu11=0.00049)	
2	-7809.223703719268	(t1=0.0011,	nu11=0.00049)	
2	-676.7239640815533	(t1=0.0001,	nu11=0.00049)	
2	-676.708489632525	(t1=0.0001,	nu11=0.00049)	
2	-7809.261418107781	(t1=0.0011,	nu11=0.00049)	
2	-676.0046725888969	(t1=0.0001,	nu11=0.00049)	
2	-675.9887007247889	(t1=0.0001,	nu11=0.00049)	
2	-7809.299125769758	(t1=0.0011,	nu11=0.00049)	
2	-675.2973132843035	(t1=0.0001,	nu11=0.00049)	
2	-675.8106089421781	(t1=0.0001,	nu11=0.00049)	
2	-7809.308552244154	(t1=0.0011,	nu11=0.00049)	
2	-675.122330978862	(t1=0.0001,	nu11=0.00049)	
2	-675.6332683951478	(t1=0.0001,	nu11=0.00049)	
2	-7809.317978128383	(t1=0.0011,	nu11=0.00049)	
2	-674.9481006014394	(t1=0.0001,	nu11=0.00049)	
2	-7070.1240818928345	(t1=0.00037,	nu11=0.00049)	
2	-675.5749146004673	(t1=0.0001,	nu11=0.00049)	
2	-7809.321088347235	(t1=0.0011,	nu11=0.00049)	
2	-674.8907732506632	(t1=0.0001,	nu11=0.00049)	
2	-675.5166435646825	(t1=0.0001,	nu11=0.00049)	
2	-7809.3241984549095	(t1=0.0011,	nu11=0.00049)	
2	-674.8335287195514	(t1=0.0001,	nu11=0.00049)	
2	-7885.654961271619	(t1=0.00073,	nu11=0.00049)	
2	-675.5040952433483	(t1=0.0001,	nu11=0.00049)	
2	-7809.324868761294	(t1=0.0011,	nu11=0.00049)	
2	-674.8212016490288	(t1=0.0001,	nu11=0.00049)	
2	-675.4915508282138	(t1=0.0001,	nu11=0.00049)	
2	-7809.325539060519	(t1=0.0011,	nu11=0.00049)	
2	-674.808878484997	(t1=0.0001,	nu11=0.00049)	
2	-7864.406227548432	(t1=0.00092,	nu11=0.00049)	
2	-675.4886175429565	(t1=0.0001,	nu11=0.00049)	
2	-7809.3256958270795	(t1=0.0011,	nu11=0.00049)	
2	-674.8059969463502	(t1=0.0001,	nu11=0.00049)	
2	-675.4856844798196	(t1=0.0001,	nu11=0.00049)	
2	-7809.325852591952	(t1=0.0011,	nu11=0.00049)	
2	-674.8031156281941	(t1=0.0001,	nu11=0.00049)	
2	-13500.826297657564	(t1=7.29e-06,	nu11=0.00049)	
2	-7840.129335753503	(t1=0.00101,	nu11=0.00049)	
2	-13504.199528365163	(t1=7.29e-06,	nu11=0.00049)	
2	-670.521106576256	(t1=0.0001,	nu11=0.00049)	
2	-7809.6092890611035	(t1=0.0011,	nu11=0.00049)	
2	-669.9324961749953	(t1=0.0001,	nu11=0.00049)	
2	-666.3156477997545	(t1=0.0001,	nu11=0.00049)	
2	-7809.887694103469	(t1=0.0011,	nu11=0.00049)	
2	-665.8201016814564	(t1=0.0001,	nu11=0.00049)	
2	-2406.628842800448	(t1=5e-05,	nu11=0.00049)	
2	-7825.79017351364	(t1=0.00105,	nu11=0.00049)	
2	-2412.068461589981	(t1=5e-05,	nu11=0.00049)	
2	-660.988395166758	(t1=0.0001,	nu11=0.00049)	
2	-7810.33598902385	(t1=0.0011,	nu11=0.00049)	
2	-660.6442950435448	(t1=0.0001,	nu11=0.00049)	
2	-657.6524962010444	(t1=9e-05,	nu11=0.00049)	
2	-7810.759977948619	(t1=0.00109,	nu11=0.00049)	
2	-657.4534094140399	(t1=9e-05,	nu11=0.00049)	
2	-980.4342994532781	(t1=7e-05,	nu11=0.00049)	
2	-7818.45252974052	(t1=0.00107,	nu11=0.00049)	
2	-983.1073761414154	(t1=7e-05,	nu11=0.00049)	
2	-656.0079527929192	(t1=9e-05,	nu11=0.00049)	
2	-7811.205673053686	(t1=0.00109,	nu11=0.00049)	
2	-655.9631301391055	(t1=9e-05,	nu11=0.00049)	
2	-656.2260501203127	(t1=9e-05,	nu11=0.00049)	
2	-7811.606092055794	(t1=0.00109,	nu11=0.00049)	
2	-656.3213828270673	(t1=9e-05,	nu11=0.00049)	
2	-655.9200108169462	(t1=9e-05,	nu11=0.00049)	
2	-7811.287240094796	(t1=0.00109,	nu11=0.00049)	
2	-655.9036196394009	(t1=9e-05,	nu11=0.00049)	
2	-655.8980567466933	(t1=9e-05,	nu11=0.00049)	
2	-7811.35041221272	(t1=0.00109,	nu11=0.00049)	
2	-655.9037271617563	(t1=9e-05,	nu11=0.00049)	
2	-655.9092326980899	(t1=9e-05,	nu11=0.00049)	
2	-7811.400015175983	(t1=0.00109,	nu11=0.00049)	
2	-655.9322515270323	(t1=9e-05,	nu11=0.00049)	
2	-655.8983178107883	(t1=9e-05,	nu11=0.00049)	
2	-7811.360731583729	(t1=0.00109,	nu11=0.00049)	
2	-655.907595529221	(t1=9e-05,	nu11=0.00049)	
2	-655.8980217089411	(t1=9e-05,	nu11=0.00049)	
2	-7811.35258910869	(t1=0.00109,	nu11=0.00049)	
2	-655.9044530128012	(t1=9e-05,	nu11=0.00049)	
2	-655.8980280461838	(t1=9e-05,	nu11=0.00049)	
2	-7811.3543054353795	(t1=0.00109,	nu11=0.00049)	
2	-655.9050592862768	(t1=9e-05,	nu11=0.00049)	
2	-655.8980205526459	(t1=9e-05,	nu11=0.00049)	
2	-7811.352951717447	(t1=0.00109,	nu11=0.00049)	
2	-655.9045786028146	(t1=9e-05,	nu11=0.00049)	
2	-655.8980205829721	(t1=9e-05,	nu11=0.00049)	
2	-7811.353237681324	(t1=0.00109,	nu11=0.00049)	
2	-655.9046785903047	(t1=9e-05,	nu11=0.00049)	
2	-655.898020489607	(t1=9e-05,	nu11=0.00049)	
2	-7811.353012148873	(t1=0.00109,	nu11=0.00049)	
2	-655.9045996635687	(t1=9e-05,	nu11=0.00049)	
2	-655.8980204665568	(t1=9e-05,	nu11=0.00049)	
2	-7811.353059808607	(t1=0.00109,	nu11=0.00049)	
2	-655.9046162994928	(t1=9e-05,	nu11=0.00049)	
2	-655.8980204642285	(t1=9e-05,	nu11=0.00049)	
2	-7811.353097395331	(t1=0.00109,	nu11=0.00049)	
2	-655.9046294356231	(t1=9e-05,	nu11=0.00049)	
2	-655.8980204726104	(t1=9e-05,	nu11=0.00049)	
2	-7811.3531270395615	(t1=0.00109,	nu11=0.00049)	
2	-655.9046398060746	(t1=9e-05,	nu11=0.00049)	
2	-655.8980204658583	(t1=9e-05,	nu11=0.00049)	
2	-7811.353103659698	(t1=0.00109,	nu11=0.00049)	
2	-655.9046316260356	(t1=9e-05,	nu11=0.00049)	
2	-655.898020464927	(t1=9e-05,	nu11=0.00049)	
2	-7811.353098719381	(t1=0.00109,	nu11=0.00049)	
2	-655.9046298983158	(t1=9e-05,	nu11=0.00049)	
2	-655.8980204640538	(t1=9e-05,	nu11=0.00049)	
2	-7811.353097675077	(t1=0.00109,	nu11=0.00049)	
2	-655.9046295331209	(t1=9e-05,	nu11=0.00049)	
2	-655.8980204645195	(t1=9e-05,	nu11=0.00049)	
2	-7811.353097895859	(t1=0.00109,	nu11=0.00049)	
2	-655.904629610246	(t1=9e-05,	nu11=0.00049)	
2	-655.8980204643449	(t1=9e-05,	nu11=0.00049)	
2	-7811.35309772176	(t1=0.00109,	nu11=0.00049)	
2	-655.9046295500011	(t1=9e-05,	nu11=0.00049)	
2	-655.898020464112	(t1=9e-05,	nu11=0.00049)	
2	-7811.353097684856	(t1=0.00109,	nu11=0.00049)	
2	-655.9046295363805	(t1=9e-05,	nu11=0.00049)	
2	-655.8980204645777	(t1=9e-05,	nu11=0.00049)	
2	-7811.353097677114	(t1=0.00109,	nu11=0.00049)	
2	-655.9046295339358	(t1=9e-05,	nu11=0.00049)	
2	-655.8980204645195	(t1=9e-05,	nu11=0.00049)	
2	-7811.353097675368	(t1=0.00109,	nu11=0.00049)	
2	-655.9046295332373	(t1=9e-05,	nu11=0.00049)	
2	-655.8980204645777	(t1=9e-05,	nu11=0.00049)	
2	-7811.353097675194	(t1=0.00109,	nu11=0.00049)	
2	-655.904629533703	(t1=9e-05,	nu11=0.00049)	
2	-655.8980204641703	(t1=9e-05,	nu11=0.00049)	
2	-7811.353097675135	(t1=0.00109,	nu11=0.00049)	
2	-655.9046295332955	(t1=9e-05,	nu11=0.00049)	
2	-655.8980204642867	(t1=9e-05,	nu11=0.00049)	
2	-7811.353097675135	(t1=0.00109,	nu11=0.00049)	
2	-655.9046295331791	(t1=9e-05,	nu11=0.00049)	
2	-655.8980204641703	(t1=9e-05,	nu11=0.00049)	
2	-7811.353097675077	(t1=0.00109,	nu11=0.00049)	
2	-655.9046295336448	(t1=9e-05,	nu11=0.00049)	
2	-655.8980204640538	(t1=9e-05,	nu11=0.00049)	
2	-7811.353097675077	(t1=0.00109,	nu11=0.00049)	
2	-655.9046295331209	(t1=9e-05,	nu11=0.00049)	
2	-715.9433906367049	(t1=0.0001,	nu11=0.00049)	
