0	-931.0181234978372	(t1=0.0001,	nu11=0.00049)	
1	-931.0181234978372	(t1=0.0001,	nu11=0.00049)	
2	-4478.200755171827	(t1=0.0011,	nu11=0.00049)	
2	-933.4048484162195	(t1=0.0001,	nu11=0.00049)	
2	-935.862697472563	(t1=0.0001,	nu11=0.00049)	
2	-4478.257751339581	(t1=0.0011,	nu11=0.00049)	
2	-938.2738142715534	(t1=0.0001,	nu11=0.00049)	
2	-931.1264252577676	(t1=0.0001,	nu11=0.00049)	
2	-4478.2020372672705	(t1=0.0011,	nu11=0.00049)	
2	-933.5136983285192	(t1=0.0001,	nu11=0.00049)	
2	-931.0205716714263	(t1=0.0001,	nu11=0.00049)	
2	-4478.200784157496	(t1=0.0011,	nu11=0.00049)	
2	-933.4073089825688	(t1=0.0001,	nu11=0.00049)	
2	-931.0181788527407	(t1=0.0001,	nu11=0.00049)	
2	-4478.2007558270125	(t1=0.0011,	nu11=0.00049)	
2	-933.4049040513346	(t1=0.0001,	nu11=0.00049)	
2	-931.0181247495348	(t1=0.0001,	nu11=0.00049)	
2	-4478.20075518603	(t1=0.0011,	nu11=0.00049)	
2	-933.4048496736214	(t1=0.0001,	nu11=0.00049)	
2	-931.0181235258933	(t1=0.0001,	nu11=0.00049)	
2	-4478.2007551719435	(t1=0.0011,	nu11=0.00049)	
2	-933.4048484452069	(t1=0.0001,	nu11=0.00049)	
2	-931.0181234986521	(t1=0.0001,	nu11=0.00049)	
2	-4478.200755171129	(t1=0.0011,	nu11=0.00049)	
2	-933.4048484171508	(t1=0.0001,	nu11=0.00049)	
2	-931.0181234978372	(t1=0.0001,	nu11=0.00049)	
2	-4478.200755171594	(t1=0.0011,	nu11=0.00049)	
2	-933.4048484158702	(t1=0.0001,	nu11=0.00049)	
2	-931.0181234985357	(t1=0.0001,	nu11=0.00049)	
2	-4478.200755171594	(t1=0.0011,	nu11=0.00049)	
2	-933.4048484163359	(t1=0.0001,	nu11=0.00049)	
2	-931.0181234978372	(t1=0.0001,	nu11=0.00049)	
2	-4478.200755171594	(t1=0.0011,	nu11=0.00049)	
2	-933.4048484162195	(t1=0.0001,	nu11=0.00049)	
2	-931.0181234976044	(t1=0.0001,	nu11=0.00049)	
2	-4478.200755171594	(t1=0.0011,	nu11=0.00049)	
2	-933.4048484162195	(t1=0.0001,	nu11=0.00049)	
2	-931.0181234976044	(t1=0.0001,	nu11=0.00049)	
2	-4478.200755171711	(t1=0.0011,	nu11=0.00049)	
2	-933.4048484163359	(t1=0.0001,	nu11=0.00049)	
2	-931.0181234978372	(t1=0.0001,	nu11=0.00049)	
2	-4478.200755171711	(t1=0.0011,	nu11=0.00049)	
2	-933.4048484164523	(t1=0.0001,	nu11=0.00049)	
2	-931.0181234976044	(t1=0.0001,	nu11=0.00049)	
2	-4478.200755171711	(t1=0.0011,	nu11=0.00049)	
2	-933.4048484163359	(t1=0.0001,	nu11=0.00049)	
2	-931.01812349807	(t1=0.0001,	nu11=0.00049)	
2	-4478.200755171711	(t1=0.0011,	nu11=0.00049)	
2	-933.4048484159866	(t1=0.0001,	nu11=0.00049)	
2	-931.0181234976044	(t1=0.0001,	nu11=0.00049)	
2	-4478.200755171711	(t1=0.0011,	nu11=0.00049)	
2	-933.4048484163359	(t1=0.0001,	nu11=0.00049)	
2	-931.01812349807	(t1=0.0001,	nu11=0.00049)	
2	-4478.200755171711	(t1=0.0011,	nu11=0.00049)	
2	-933.4048484162195	(t1=0.0001,	nu11=0.00049)	
2	-931.0181234976044	(t1=0.0001,	nu11=0.00049)	
2	-4478.200755171711	(t1=0.0011,	nu11=0.00049)	
2	-933.4048484163359	(t1=0.0001,	nu11=0.00049)	
2	-931.01812349807	(t1=0.0001,	nu11=0.00049)	
2	-4478.200755171711	(t1=0.0011,	nu11=0.00049)	
2	-933.4048484162195	(t1=0.0001,	nu11=0.00049)	
2	-931.0181234976044	(t1=0.0001,	nu11=0.00049)	
2	-4478.200755171711	(t1=0.0011,	nu11=0.00049)	
2	-933.4048484163359	(t1=0.0001,	nu11=0.00049)	
2	-931.01812349807	(t1=0.0001,	nu11=0.00049)	
2	-4478.200755171711	(t1=0.0011,	nu11=0.00049)	
2	-933.4048484162195	(t1=0.0001,	nu11=0.00049)	
2	-931.0181234976044	(t1=0.0001,	nu11=0.00049)	
2	-4478.200755171711	(t1=0.0011,	nu11=0.00049)	
2	-933.4048484163359	(t1=0.0001,	nu11=0.00049)	
2	-931.01812349807	(t1=0.0001,	nu11=0.00049)	
2	-4478.200755171711	(t1=0.0011,	nu11=0.00049)	
2	-933.4048484162195	(t1=0.0001,	nu11=0.00049)	
2	-931.0181234976044	(t1=0.0001,	nu11=0.00049)	
2	-4478.200755171711	(t1=0.0011,	nu11=0.00049)	
2	-933.4048484163359	(t1=0.0001,	nu11=0.00049)	
2	-931.01812349807	(t1=0.0001,	nu11=0.00049)	
2	-4478.200755171711	(t1=0.0011,	nu11=0.00049)	
2	-933.4048484162195	(t1=0.0001,	nu11=0.00049)	
2	-931.0181234976044	(t1=0.0001,	nu11=0.00049)	
2	-4478.200755171711	(t1=0.0011,	nu11=0.00049)	
2	-933.4048484163359	(t1=0.0001,	nu11=0.00049)	
2	-931.01812349807	(t1=0.0001,	nu11=0.00049)	
2	-4478.200755171711	(t1=0.0011,	nu11=0.00049)	
2	-933.4048484162195	(t1=0.0001,	nu11=0.00049)	
2	-931.0181234976044	(t1=0.0001,	nu11=0.00049)	
2	-4478.200755171711	(t1=0.0011,	nu11=0.00049)	
2	-933.4048484163359	(t1=0.0001,	nu11=0.00049)	
2	-931.01812349807	(t1=0.0001,	nu11=0.00049)	
2	-4478.200755171711	(t1=0.0011,	nu11=0.00049)	
2	-933.4048484162195	(t1=0.0001,	nu11=0.00049)	
2	-931.0181234976044	(t1=0.0001,	nu11=0.00049)	
2	-4478.200755171711	(t1=0.0011,	nu11=0.00049)	
2	-933.4048484163359	(t1=0.0001,	nu11=0.00049)	
2	-931.01812349807	(t1=0.0001,	nu11=0.00049)	
2	-4478.200755171711	(t1=0.0011,	nu11=0.00049)	
2	-933.4048484162195	(t1=0.0001,	nu11=0.00049)	
2	-931.0181234976044	(t1=0.0001,	nu11=0.00049)	
2	-4478.200755171711	(t1=0.0011,	nu11=0.00049)	
2	-933.4048484163359	(t1=0.0001,	nu11=0.00049)	
2	-931.0181234978372	(t1=0.0001,	nu11=0.00049)	
