0	-304.43215565150604	(t1=0.0001,	nu11=0.00049)	
1	-304.43215565150604	(t1=0.0001,	nu11=0.00049)	
2	-4192.327728058677	(t1=0.0011,	nu11=0.00049)	
2	-305.22246185148833	(t1=0.0001,	nu11=0.00049)	
2	-306.5533361498965	(t1=0.0001,	nu11=0.00049)	
2	-4192.397498356469	(t1=0.0011,	nu11=0.00049)	
2	-307.3689223609399	(t1=0.0001,	nu11=0.00049)	
2	-304.55521834804676	(t1=0.0001,	nu11=0.00049)	
2	-4192.33184340084	(t1=0.0011,	nu11=0.00049)	
2	-305.3470136629767	(t1=0.0001,	nu11=0.00049)	
2	-304.43948925100267	(t1=0.0001,	nu11=0.00049)	
2	-4192.327973542095	(t1=0.0011,	nu11=0.00049)	
2	-305.2298842712189	(t1=0.0001,	nu11=0.00049)	
2	-304.4325933721266	(t1=0.0001,	nu11=0.00049)	
2	-4192.3277427115245	(t1=0.0011,	nu11=0.00049)	
2	-305.22290487395367	(t1=0.0001,	nu11=0.00049)	
2	-304.43218178034294	(t1=0.0001,	nu11=0.00049)	
2	-4192.327728933189	(t1=0.0011,	nu11=0.00049)	
2	-305.22248829650925	(t1=0.0001,	nu11=0.00049)	
2	-304.4321572111803	(t1=0.0001,	nu11=0.00049)	
2	-4192.327728111064	(t1=0.0011,	nu11=0.00049)	
2	-305.2224634301383	(t1=0.0001,	nu11=0.00049)	
2	-304.43215574446367	(t1=0.0001,	nu11=0.00049)	
2	-4192.327728061704	(t1=0.0011,	nu11=0.00049)	
2	-305.22246194572654	(t1=0.0001,	nu11=0.00049)	
2	-304.4321556571522	(t1=0.0001,	nu11=0.00049)	
2	-4192.327728058852	(t1=0.0011,	nu11=0.00049)	
2	-305.22246185678523	(t1=0.0001,	nu11=0.00049)	
2	-304.4321556518553	(t1=0.0001,	nu11=0.00049)	
2	-4192.327728058328	(t1=0.0011,	nu11=0.00049)	
2	-305.22246185160475	(t1=0.0001,	nu11=0.00049)	
2	-304.43215565144783	(t1=0.0001,	nu11=0.00049)	
2	-4192.327728058444	(t1=0.0011,	nu11=0.00049)	
2	-305.22246185160475	(t1=0.0001,	nu11=0.00049)	
2	-304.43215565150604	(t1=0.0001,	nu11=0.00049)	
2	-4192.327728058444	(t1=0.0011,	nu11=0.00049)	
2	-305.22246185148833	(t1=0.0001,	nu11=0.00049)	
2	-304.43215565144783	(t1=0.0001,	nu11=0.00049)	
2	-4192.327728058444	(t1=0.0011,	nu11=0.00049)	
2	-305.22246185160475	(t1=0.0001,	nu11=0.00049)	
2	-304.43215565144783	(t1=0.0001,	nu11=0.00049)	
2	-4192.327728058444	(t1=0.0011,	nu11=0.00049)	
2	-305.2224618513719	(t1=0.0001,	nu11=0.00049)	
2	-304.43215565150604	(t1=0.0001,	nu11=0.00049)	
2	-4192.327728058444	(t1=0.0011,	nu11=0.00049)	
2	-305.2224618512555	(t1=0.0001,	nu11=0.00049)	
2	-304.43215565144783	(t1=0.0001,	nu11=0.00049)	
2	-4192.327728058444	(t1=0.0011,	nu11=0.00049)	
2	-305.2224618513719	(t1=0.0001,	nu11=0.00049)	
2	-304.43215565150604	(t1=0.0001,	nu11=0.00049)	
2	-4192.327728058444	(t1=0.0011,	nu11=0.00049)	
2	-305.2224618512555	(t1=0.0001,	nu11=0.00049)	
2	-304.43215565144783	(t1=0.0001,	nu11=0.00049)	
2	-4192.327728058444	(t1=0.0011,	nu11=0.00049)	
2	-305.2224618513719	(t1=0.0001,	nu11=0.00049)	
2	-304.43215565150604	(t1=0.0001,	nu11=0.00049)	
2	-4192.327728058444	(t1=0.0011,	nu11=0.00049)	
2	-305.2224618512555	(t1=0.0001,	nu11=0.00049)	
2	-304.43215565144783	(t1=0.0001,	nu11=0.00049)	
2	-4192.327728058444	(t1=0.0011,	nu11=0.00049)	
2	-305.2224618513719	(t1=0.0001,	nu11=0.00049)	
2	-304.43215565150604	(t1=0.0001,	nu11=0.00049)	
2	-4192.327728058444	(t1=0.0011,	nu11=0.00049)	
2	-305.2224618512555	(t1=0.0001,	nu11=0.00049)	
2	-304.43215565144783	(t1=0.0001,	nu11=0.00049)	
2	-4192.327728058444	(t1=0.0011,	nu11=0.00049)	
2	-305.2224618513719	(t1=0.0001,	nu11=0.00049)	
2	-304.43215565150604	(t1=0.0001,	nu11=0.00049)	
2	-4192.327728058444	(t1=0.0011,	nu11=0.00049)	
2	-305.2224618512555	(t1=0.0001,	nu11=0.00049)	
2	-304.43215565144783	(t1=0.0001,	nu11=0.00049)	
2	-4192.327728058444	(t1=0.0011,	nu11=0.00049)	
2	-305.2224618513719	(t1=0.0001,	nu11=0.00049)	
2	-304.43215565150604	(t1=0.0001,	nu11=0.00049)	
2	-4192.327728058444	(t1=0.0011,	nu11=0.00049)	
2	-305.2224618512555	(t1=0.0001,	nu11=0.00049)	
2	-304.43215565144783	(t1=0.0001,	nu11=0.00049)	
2	-4192.327728058444	(t1=0.0011,	nu11=0.00049)	
2	-305.2224618513719	(t1=0.0001,	nu11=0.00049)	
2	-304.43215565150604	(t1=0.0001,	nu11=0.00049)	
2	-4192.327728058444	(t1=0.0011,	nu11=0.00049)	
2	-305.2224618512555	(t1=0.0001,	nu11=0.00049)	
2	-304.43215565144783	(t1=0.0001,	nu11=0.00049)	
2	-4192.327728058444	(t1=0.0011,	nu11=0.00049)	
2	-305.2224618513719	(t1=0.0001,	nu11=0.00049)	
2	-304.43215565150604	(t1=0.0001,	nu11=0.00049)	
2	-4192.327728058444	(t1=0.0011,	nu11=0.00049)	
2	-305.2224618512555	(t1=0.0001,	nu11=0.00049)	
2	-304.43215565144783	(t1=0.0001,	nu11=0.00049)	
2	-4192.327728058444	(t1=0.0011,	nu11=0.00049)	
2	-305.2224618513719	(t1=0.0001,	nu11=0.00049)	
2	-304.43215565150604	(t1=0.0001,	nu11=0.00049)	
2	-4192.327728058444	(t1=0.0011,	nu11=0.00049)	
2	-305.2224618512555	(t1=0.0001,	nu11=0.00049)	
2	-304.43215565144783	(t1=0.0001,	nu11=0.00049)	
2	-4192.327728058444	(t1=0.0011,	nu11=0.00049)	
2	-305.2224618513719	(t1=0.0001,	nu11=0.00049)	
2	-304.43215565150604	(t1=0.0001,	nu11=0.00049)	
