0	-725.877449417545	(t1=0.00016,	nu11=0.00075)	
1	-725.877449417545	(t1=0.00016,	nu11=0.00075)	
2	-4316.149225242902	(t1=0.00116,	nu11=0.00075)	
2	-726.3418140534777	(t1=0.00016,	nu11=0.00075)	
2	-726.4998922551167	(t1=0.00016,	nu11=0.00075)	
2	-4316.159522824222	(t1=0.00116,	nu11=0.00075)	
2	-726.9760388938594	(t1=0.00016,	nu11=0.00075)	
2	-725.9407091240282	(t1=0.00016,	nu11=0.00075)	
2	-4316.150285759068	(t1=0.00116,	nu11=0.00075)	
2	-726.4062849488691	(t1=0.00016,	nu11=0.00075)	
2	-725.8839875753038	(t1=0.00016,	nu11=0.00075)	
2	-4316.149335002003	(t1=0.00116,	nu11=0.00075)	
2	-726.3484775404213	(t1=0.00016,	nu11=0.00075)	
2	-725.8781263376004	(t1=0.00016,	nu11=0.00075)	
2	-4316.149236607773	(t1=0.00116,	nu11=0.00075)	
2	-726.342503950349	(t1=0.00016,	nu11=0.00075)	
2	-725.8775195147027	(t1=0.00016,	nu11=0.00075)	
2	-4316.149226419919	(t1=0.00116,	nu11=0.00075)	
2	-726.3418854940683	(t1=0.00016,	nu11=0.00075)	
2	-725.877456676797	(t1=0.00016,	nu11=0.00075)	
2	-4316.149225364497	(t1=0.00116,	nu11=0.00075)	
2	-726.3418214511476	(t1=0.00016,	nu11=0.00075)	
2	-725.8774501695298	(t1=0.00016,	nu11=0.00075)	
2	-4316.149225255358	(t1=0.00116,	nu11=0.00075)	
2	-726.3418148195487	(t1=0.00016,	nu11=0.00075)	
2	-725.877449495485	(t1=0.00016,	nu11=0.00075)	
2	-4316.149225244182	(t1=0.00116,	nu11=0.00075)	
2	-726.3418141326401	(t1=0.00016,	nu11=0.00075)	
2	-725.8774494255194	(t1=0.00016,	nu11=0.00075)	
2	-4316.149225242611	(t1=0.00116,	nu11=0.00075)	
2	-726.3418140615104	(t1=0.00016,	nu11=0.00075)	
2	-725.8774494184181	(t1=0.00016,	nu11=0.00075)	
2	-4316.149225242902	(t1=0.00116,	nu11=0.00075)	
2	-726.3418140542926	(t1=0.00016,	nu11=0.00075)	
2	-725.8774494180107	(t1=0.00016,	nu11=0.00075)	
2	-4316.149225243018	(t1=0.00116,	nu11=0.00075)	
2	-726.3418140537106	(t1=0.00016,	nu11=0.00075)	
2	-725.8774494174868	(t1=0.00016,	nu11=0.00075)	
2	-4316.149225242552	(t1=0.00116,	nu11=0.00075)	
2	-726.3418140531285	(t1=0.00016,	nu11=0.00075)	
2	-725.8774494177778	(t1=0.00016,	nu11=0.00075)	
2	-4316.149225242552	(t1=0.00116,	nu11=0.00075)	
2	-726.3418140531867	(t1=0.00016,	nu11=0.00075)	
2	-725.8774494174868	(t1=0.00016,	nu11=0.00075)	
2	-4316.149225242552	(t1=0.00116,	nu11=0.00075)	
2	-726.3418140531285	(t1=0.00016,	nu11=0.00075)	
2	-725.8774494177778	(t1=0.00016,	nu11=0.00075)	
2	-4316.149225242552	(t1=0.00116,	nu11=0.00075)	
2	-726.3418140531867	(t1=0.00016,	nu11=0.00075)	
2	-725.8774494174868	(t1=0.00016,	nu11=0.00075)	
2	-4316.149225242552	(t1=0.00116,	nu11=0.00075)	
2	-726.3418140531285	(t1=0.00016,	nu11=0.00075)	
2	-725.8774494177778	(t1=0.00016,	nu11=0.00075)	
2	-4316.149225242552	(t1=0.00116,	nu11=0.00075)	
2	-726.3418140531867	(t1=0.00016,	nu11=0.00075)	
2	-725.8774494174868	(t1=0.00016,	nu11=0.00075)	
2	-4316.149225242552	(t1=0.00116,	nu11=0.00075)	
2	-726.3418140531285	(t1=0.00016,	nu11=0.00075)	
2	-725.8774494177778	(t1=0.00016,	nu11=0.00075)	
2	-4316.149225242552	(t1=0.00116,	nu11=0.00075)	
2	-726.3418140531867	(t1=0.00016,	nu11=0.00075)	
2	-725.8774494174868	(t1=0.00016,	nu11=0.00075)	
2	-4316.149225242552	(t1=0.00116,	nu11=0.00075)	
2	-726.3418140531285	(t1=0.00016,	nu11=0.00075)	
2	-725.8774494177778	(t1=0.00016,	nu11=0.00075)	
2	-4316.149225242552	(t1=0.00116,	nu11=0.00075)	
2	-726.3418140531867	(t1=0.00016,	nu11=0.00075)	
2	-725.8774494174868	(t1=0.00016,	nu11=0.00075)	
2	-4316.149225242552	(t1=0.00116,	nu11=0.00075)	
2	-726.3418140531285	(t1=0.00016,	nu11=0.00075)	
2	-725.8774494177778	(t1=0.00016,	nu11=0.00075)	
2	-4316.149225242552	(t1=0.00116,	nu11=0.00075)	
2	-726.3418140531867	(t1=0.00016,	nu11=0.00075)	
2	-725.8774494174868	(t1=0.00016,	nu11=0.00075)	
2	-4316.149225242552	(t1=0.00116,	nu11=0.00075)	
2	-726.3418140531285	(t1=0.00016,	nu11=0.00075)	
2	-725.8774494177778	(t1=0.00016,	nu11=0.00075)	
2	-4316.149225242552	(t1=0.00116,	nu11=0.00075)	
2	-726.3418140531867	(t1=0.00016,	nu11=0.00075)	
2	-725.8774494174868	(t1=0.00016,	nu11=0.00075)	
2	-4316.149225242552	(t1=0.00116,	nu11=0.00075)	
2	-726.3418140531285	(t1=0.00016,	nu11=0.00075)	
2	-725.8774494177778	(t1=0.00016,	nu11=0.00075)	
2	-4316.149225242552	(t1=0.00116,	nu11=0.00075)	
2	-726.3418140531867	(t1=0.00016,	nu11=0.00075)	
2	-725.8774494174868	(t1=0.00016,	nu11=0.00075)	
2	-4316.149225242552	(t1=0.00116,	nu11=0.00075)	
2	-726.3418140531285	(t1=0.00016,	nu11=0.00075)	
2	-725.8774494177778	(t1=0.00016,	nu11=0.00075)	
2	-4316.149225242552	(t1=0.00116,	nu11=0.00075)	
2	-726.3418140531867	(t1=0.00016,	nu11=0.00075)	
2	-725.8774494174868	(t1=0.00016,	nu11=0.00075)	
2	-4316.149225242552	(t1=0.00116,	nu11=0.00075)	
2	-726.3418140531285	(t1=0.00016,	nu11=0.00075)	
2	-725.8774494177778	(t1=0.00016,	nu11=0.00075)	
2	-4316.149225242552	(t1=0.00116,	nu11=0.00075)	
2	-726.3418140531867	(t1=0.00016,	nu11=0.00075)	
2	-725.8774494174868	(t1=0.00016,	nu11=0.00075)	
2	-4316.149225242552	(t1=0.00116,	nu11=0.00075)	
2	-726.3418140531285	(t1=0.00016,	nu11=0.00075)	
2	-725.877449417545	(t1=0.00016,	nu11=0.00075)	
