0	-485.97053097956814	(t1=0.00016,	nu11=0.00075)	
1	-485.97053097956814	(t1=0.00016,	nu11=0.00075)	
2	-4254.578388675116	(t1=0.00116,	nu11=0.00075)	
2	-486.4186586619471	(t1=0.00016,	nu11=0.00075)	
2	-486.66519896220416	(t1=0.00016,	nu11=0.00075)	
2	-4254.590181680396	(t1=0.00116,	nu11=0.00075)	
2	-487.1275632661418	(t1=0.00016,	nu11=0.00075)	
2	-486.0438501784811	(t1=0.00016,	nu11=0.00075)	
2	-4254.579653949186	(t1=0.00116,	nu11=0.00075)	
2	-486.49350200768095	(t1=0.00016,	nu11=0.00075)	
2	-485.97842976119136	(t1=0.00016,	nu11=0.00075)	
2	-4254.578525225923	(t1=0.00116,	nu11=0.00075)	
2	-486.42672189412406	(t1=0.00016,	nu11=0.00075)	
2	-485.9713838053867	(t1=0.00016,	nu11=0.00075)	
2	-4254.578403421037	(t1=0.00116,	nu11=0.00075)	
2	-486.41952924634097	(t1=0.00016,	nu11=0.00075)	
2	-485.9706230807933	(t1=0.00016,	nu11=0.00075)	
2	-4254.578390267619	(t1=0.00116,	nu11=0.00075)	
2	-486.4187526804744	(t1=0.00016,	nu11=0.00075)	
2	-485.9705409265007	(t1=0.00016,	nu11=0.00075)	
2	-4254.57838884712	(t1=0.00116,	nu11=0.00075)	
2	-486.41866881540045	(t1=0.00016,	nu11=0.00075)	
2	-485.9705320536741	(t1=0.00016,	nu11=0.00075)	
2	-4254.578388693393	(t1=0.00116,	nu11=0.00075)	
2	-486.4186597583466	(t1=0.00016,	nu11=0.00075)	
2	-485.97053109586705	(t1=0.00016,	nu11=0.00075)	
2	-4254.578388676862	(t1=0.00116,	nu11=0.00075)	
2	-486.41865877987584	(t1=0.00016,	nu11=0.00075)	
2	-485.9705309920246	(t1=0.00016,	nu11=0.00075)	
2	-4254.578388675232	(t1=0.00116,	nu11=0.00075)	
2	-486.41865867452	(t1=0.00016,	nu11=0.00075)	
2	-485.9705309806741	(t1=0.00016,	nu11=0.00075)	
2	-4254.578388675174	(t1=0.00116,	nu11=0.00075)	
2	-486.41865866293665	(t1=0.00016,	nu11=0.00075)	
2	-485.97053097968455	(t1=0.00016,	nu11=0.00075)	
2	-4254.578388674883	(t1=0.00116,	nu11=0.00075)	
2	-486.4186586619471	(t1=0.00016,	nu11=0.00075)	
2	-485.97053097950993	(t1=0.00016,	nu11=0.00075)	
2	-4254.578388675	(t1=0.00116,	nu11=0.00075)	
2	-486.4186586618889	(t1=0.00016,	nu11=0.00075)	
2	-485.97053097962635	(t1=0.00016,	nu11=0.00075)	
2	-4254.578388675116	(t1=0.00116,	nu11=0.00075)	
2	-486.4186586618889	(t1=0.00016,	nu11=0.00075)	
2	-485.97053097950993	(t1=0.00016,	nu11=0.00075)	
2	-4254.578388675	(t1=0.00116,	nu11=0.00075)	
2	-486.4186586618889	(t1=0.00016,	nu11=0.00075)	
2	-485.9705309792771	(t1=0.00016,	nu11=0.00075)	
2	-4254.578388675	(t1=0.00116,	nu11=0.00075)	
2	-486.4186586619471	(t1=0.00016,	nu11=0.00075)	
2	-485.97053097962635	(t1=0.00016,	nu11=0.00075)	
2	-4254.578388674883	(t1=0.00116,	nu11=0.00075)	
2	-486.4186586617143	(t1=0.00016,	nu11=0.00075)	
2	-485.9705309792771	(t1=0.00016,	nu11=0.00075)	
2	-4254.578388675	(t1=0.00116,	nu11=0.00075)	
2	-486.4186586619471	(t1=0.00016,	nu11=0.00075)	
2	-485.97053097962635	(t1=0.00016,	nu11=0.00075)	
2	-4254.578388674883	(t1=0.00116,	nu11=0.00075)	
2	-486.4186586618889	(t1=0.00016,	nu11=0.00075)	
2	-485.9705309792771	(t1=0.00016,	nu11=0.00075)	
2	-4254.578388675	(t1=0.00116,	nu11=0.00075)	
2	-486.4186586619471	(t1=0.00016,	nu11=0.00075)	
2	-485.9705309793935	(t1=0.00016,	nu11=0.00075)	
2	-4254.578388674883	(t1=0.00116,	nu11=0.00075)	
2	-486.4186586616561	(t1=0.00016,	nu11=0.00075)	
2	-485.9705309792771	(t1=0.00016,	nu11=0.00075)	
2	-4254.578388675	(t1=0.00116,	nu11=0.00075)	
2	-486.4186586619471	(t1=0.00016,	nu11=0.00075)	
2	-485.9705309793935	(t1=0.00016,	nu11=0.00075)	
2	-4254.578388675	(t1=0.00116,	nu11=0.00075)	
2	-486.4186586616561	(t1=0.00016,	nu11=0.00075)	
2	-485.9705309792771	(t1=0.00016,	nu11=0.00075)	
2	-4254.578388675	(t1=0.00116,	nu11=0.00075)	
2	-486.4186586619471	(t1=0.00016,	nu11=0.00075)	
2	-485.9705309792771	(t1=0.00016,	nu11=0.00075)	
2	-4254.578388675	(t1=0.00116,	nu11=0.00075)	
2	-486.4186586615979	(t1=0.00016,	nu11=0.00075)	
2	-485.9705309793935	(t1=0.00016,	nu11=0.00075)	
2	-4254.578388675	(t1=0.00116,	nu11=0.00075)	
2	-486.4186586616561	(t1=0.00016,	nu11=0.00075)	
2	-485.9705309792771	(t1=0.00016,	nu11=0.00075)	
2	-4254.578388675	(t1=0.00116,	nu11=0.00075)	
2	-486.4186586615979	(t1=0.00016,	nu11=0.00075)	
2	-485.9705309793935	(t1=0.00016,	nu11=0.00075)	
2	-4254.578388675	(t1=0.00116,	nu11=0.00075)	
2	-486.4186586616561	(t1=0.00016,	nu11=0.00075)	
2	-485.9705309792771	(t1=0.00016,	nu11=0.00075)	
2	-4254.578388675	(t1=0.00116,	nu11=0.00075)	
2	-486.4186586615979	(t1=0.00016,	nu11=0.00075)	
2	-485.9705309793935	(t1=0.00016,	nu11=0.00075)	
2	-4254.578388675	(t1=0.00116,	nu11=0.00075)	
2	-486.4186586616561	(t1=0.00016,	nu11=0.00075)	
2	-485.9705309792771	(t1=0.00016,	nu11=0.00075)	
2	-4254.578388675	(t1=0.00116,	nu11=0.00075)	
2	-486.4186586615979	(t1=0.00016,	nu11=0.00075)	
2	-485.9705309793935	(t1=0.00016,	nu11=0.00075)	
2	-4254.578388675	(t1=0.00116,	nu11=0.00075)	
2	-486.4186586616561	(t1=0.00016,	nu11=0.00075)	
2	-485.9705309792771	(t1=0.00016,	nu11=0.00075)	
2	-4254.578388675	(t1=0.00116,	nu11=0.00075)	
2	-486.4186586615979	(t1=0.00016,	nu11=0.00075)	
2	-485.9705309793935	(t1=0.00016,	nu11=0.00075)	
2	-4254.578388675	(t1=0.00116,	nu11=0.00075)	
2	-486.4186586616561	(t1=0.00016,	nu11=0.00075)	
2	-485.9705309792771	(t1=0.00016,	nu11=0.00075)	
2	-4254.578388675	(t1=0.00116,	nu11=0.00075)	
2	-486.4186586615979	(t1=0.00016,	nu11=0.00075)	
2	-485.9705309793935	(t1=0.00016,	nu11=0.00075)	
2	-4254.578388675	(t1=0.00116,	nu11=0.00075)	
2	-486.4186586616561	(t1=0.00016,	nu11=0.00075)	
2	-485.9705309792771	(t1=0.00016,	nu11=0.00075)	
2	-4254.578388675	(t1=0.00116,	nu11=0.00075)	
2	-486.4186586615979	(t1=0.00016,	nu11=0.00075)	
2	-485.9705309793935	(t1=0.00016,	nu11=0.00075)	
2	-4254.578388675	(t1=0.00116,	nu11=0.00075)	
2	-486.4186586616561	(t1=0.00016,	nu11=0.00075)	
2	-485.9705309792771	(t1=0.00016,	nu11=0.00075)	
2	-4254.578388675	(t1=0.00116,	nu11=0.00075)	
2	-486.4186586615979	(t1=0.00016,	nu11=0.00075)	
2	-485.9705309793935	(t1=0.00016,	nu11=0.00075)	
2	-4254.578388675	(t1=0.00116,	nu11=0.00075)	
2	-486.4186586616561	(t1=0.00016,	nu11=0.00075)	
2	-485.9705309792771	(t1=0.00016,	nu11=0.00075)	
2	-4254.578388675	(t1=0.00116,	nu11=0.00075)	
2	-486.4186586615979	(t1=0.00016,	nu11=0.00075)	
2	-485.97053097956814	(t1=0.00016,	nu11=0.00075)	
