0	-424.4006013974431	(t1=0.0001,	nu11=0.00049)	
1	-424.4006013974431	(t1=0.0001,	nu11=0.00049)	
2	-4388.231357786339	(t1=0.0011,	nu11=0.00049)	
2	-425.23483846290037	(t1=0.0001,	nu11=0.00049)	
2	-426.7727885323693	(t1=0.0001,	nu11=0.00049)	
2	-4388.304789704678	(t1=0.0011,	nu11=0.00049)	
2	-427.6346221722779	(t1=0.0001,	nu11=0.00049)	
2	-424.53472158662044	(t1=0.0001,	nu11=0.00049)	
2	-4388.235581454297	(t1=0.0011,	nu11=0.00049)	
2	-425.37054366001394	(t1=0.0001,	nu11=0.00049)	
2	-424.4083993395325	(t1=0.0001,	nu11=0.00049)	
2	-4388.2316036008415	(t1=0.0011,	nu11=0.00049)	
2	-425.24272864329396	(t1=0.0001,	nu11=0.00049)	
2	-424.40105551393935	(t1=0.0001,	nu11=0.00049)	
2	-4388.231372102804	(t1=0.0011,	nu11=0.00049)	
2	-425.2352979507996	(t1=0.0001,	nu11=0.00049)	
2	-424.40062784578186	(t1=0.0001,	nu11=0.00049)	
2	-4388.231358620396	(t1=0.0011,	nu11=0.00049)	
2	-425.23486522369785	(t1=0.0001,	nu11=0.00049)	
2	-424.40060293796705	(t1=0.0001,	nu11=0.00049)	
2	-4388.231357835117	(t1=0.0011,	nu11=0.00049)	
2	-425.23484002123587	(t1=0.0001,	nu11=0.00049)	
2	-424.40060148673365	(t1=0.0001,	nu11=0.00049)	
2	-4388.231357789307	(t1=0.0011,	nu11=0.00049)	
2	-425.2348385534715	(t1=0.0001,	nu11=0.00049)	
2	-424.40060140274	(t1=0.0001,	nu11=0.00049)	
2	-4388.231357786688	(t1=0.0011,	nu11=0.00049)	
2	-425.2348384682555	(t1=0.0001,	nu11=0.00049)	
2	-424.40060139779234	(t1=0.0001,	nu11=0.00049)	
2	-4388.231357786339	(t1=0.0011,	nu11=0.00049)	
2	-425.2348384632496	(t1=0.0001,	nu11=0.00049)	
2	-424.4006013975013	(t1=0.0001,	nu11=0.00049)	
2	-4388.231357786222	(t1=0.0011,	nu11=0.00049)	
2	-425.2348384629586	(t1=0.0001,	nu11=0.00049)	
2	-424.40060139773414	(t1=0.0001,	nu11=0.00049)	
2	-4388.231357786339	(t1=0.0011,	nu11=0.00049)	
2	-425.2348384630168	(t1=0.0001,	nu11=0.00049)	
2	-424.4006013974431	(t1=0.0001,	nu11=0.00049)	
2	-4388.231357786339	(t1=0.0011,	nu11=0.00049)	
2	-425.23483846290037	(t1=0.0001,	nu11=0.00049)	
2	-424.40060139715206	(t1=0.0001,	nu11=0.00049)	
2	-4388.231357786339	(t1=0.0011,	nu11=0.00049)	
2	-425.234838463075	(t1=0.0001,	nu11=0.00049)	
2	-424.4006013972685	(t1=0.0001,	nu11=0.00049)	
2	-4388.231357786339	(t1=0.0011,	nu11=0.00049)	
2	-425.2348384630168	(t1=0.0001,	nu11=0.00049)	
2	-424.40060139715206	(t1=0.0001,	nu11=0.00049)	
2	-4388.231357786339	(t1=0.0011,	nu11=0.00049)	
2	-425.234838463075	(t1=0.0001,	nu11=0.00049)	
2	-424.4006013972685	(t1=0.0001,	nu11=0.00049)	
2	-4388.231357786339	(t1=0.0011,	nu11=0.00049)	
2	-425.2348384630168	(t1=0.0001,	nu11=0.00049)	
2	-424.40060139715206	(t1=0.0001,	nu11=0.00049)	
2	-4388.231357786339	(t1=0.0011,	nu11=0.00049)	
2	-425.234838463075	(t1=0.0001,	nu11=0.00049)	
2	-424.4006013972685	(t1=0.0001,	nu11=0.00049)	
2	-4388.231357786339	(t1=0.0011,	nu11=0.00049)	
2	-425.2348384630168	(t1=0.0001,	nu11=0.00049)	
2	-424.40060139715206	(t1=0.0001,	nu11=0.00049)	
2	-4388.231357786339	(t1=0.0011,	nu11=0.00049)	
2	-425.234838463075	(t1=0.0001,	nu11=0.00049)	
2	-424.4006013972685	(t1=0.0001,	nu11=0.00049)	
2	-4388.231357786339	(t1=0.0011,	nu11=0.00049)	
2	-425.2348384630168	(t1=0.0001,	nu11=0.00049)	
2	-424.40060139715206	(t1=0.0001,	nu11=0.00049)	
2	-4388.231357786339	(t1=0.0011,	nu11=0.00049)	
2	-425.234838463075	(t1=0.0001,	nu11=0.00049)	
2	-424.4006013972685	(t1=0.0001,	nu11=0.00049)	
2	-4388.231357786339	(t1=0.0011,	nu11=0.00049)	
2	-425.2348384630168	(t1=0.0001,	nu11=0.00049)	
2	-424.40060139715206	(t1=0.0001,	nu11=0.00049)	
2	-4388.231357786339	(t1=0.0011,	nu11=0.00049)	
2	-425.234838463075	(t1=0.0001,	nu11=0.00049)	
2	-424.4006013972685	(t1=0.0001,	nu11=0.00049)	
2	-4388.231357786339	(t1=0.0011,	nu11=0.00049)	
2	-425.2348384630168	(t1=0.0001,	nu11=0.00049)	
2	-424.40060139715206	(t1=0.0001,	nu11=0.00049)	
2	-4388.231357786339	(t1=0.0011,	nu11=0.00049)	
2	-425.234838463075	(t1=0.0001,	nu11=0.00049)	
2	-424.4006013972685	(t1=0.0001,	nu11=0.00049)	
2	-4388.231357786339	(t1=0.0011,	nu11=0.00049)	
2	-425.2348384630168	(t1=0.0001,	nu11=0.00049)	
2	-424.40060139715206	(t1=0.0001,	nu11=0.00049)	
2	-4388.231357786339	(t1=0.0011,	nu11=0.00049)	
2	-425.234838463075	(t1=0.0001,	nu11=0.00049)	
2	-424.4006013972685	(t1=0.0001,	nu11=0.00049)	
2	-4388.231357786339	(t1=0.0011,	nu11=0.00049)	
2	-425.2348384630168	(t1=0.0001,	nu11=0.00049)	
2	-424.40060139715206	(t1=0.0001,	nu11=0.00049)	
2	-4388.231357786339	(t1=0.0011,	nu11=0.00049)	
2	-425.234838463075	(t1=0.0001,	nu11=0.00049)	
2	-424.4006013972685	(t1=0.0001,	nu11=0.00049)	
2	-4388.231357786339	(t1=0.0011,	nu11=0.00049)	
2	-425.2348384630168	(t1=0.0001,	nu11=0.00049)	
2	-424.40060139715206	(t1=0.0001,	nu11=0.00049)	
2	-4388.231357786339	(t1=0.0011,	nu11=0.00049)	
2	-425.234838463075	(t1=0.0001,	nu11=0.00049)	
2	-424.4006013972685	(t1=0.0001,	nu11=0.00049)	
2	-4388.231357786339	(t1=0.0011,	nu11=0.00049)	
2	-425.2348384630168	(t1=0.0001,	nu11=0.00049)	
2	-424.40060139715206	(t1=0.0001,	nu11=0.00049)	
2	-4388.231357786339	(t1=0.0011,	nu11=0.00049)	
2	-425.234838463075	(t1=0.0001,	nu11=0.00049)	
2	-424.4006013972685	(t1=0.0001,	nu11=0.00049)	
2	-4388.231357786339	(t1=0.0011,	nu11=0.00049)	
2	-425.2348384630168	(t1=0.0001,	nu11=0.00049)	
2	-424.40060139715206	(t1=0.0001,	nu11=0.00049)	
2	-4388.231357786339	(t1=0.0011,	nu11=0.00049)	
2	-425.234838463075	(t1=0.0001,	nu11=0.00049)	
2	-424.4006013974431	(t1=0.0001,	nu11=0.00049)	
