0	-271.18162579857744	(t1=0.0001,	nu11=0.00049)	
1	-271.18162579857744	(t1=0.0001,	nu11=0.00049)	
2	-6736.10022384068	(t1=0.0011,	nu11=0.00049)	
2	-270.6213936700369	(t1=0.0001,	nu11=0.00049)	
2	-265.2685254277894	(t1=0.0001,	nu11=0.00049)	
2	-6736.53660711908	(t1=0.0011,	nu11=0.00049)	
2	-264.8541283142986	(t1=0.0001,	nu11=0.00049)	
2	-261.0582485538325	(t1=0.0001,	nu11=0.00049)	
2	-6736.97217343864	(t1=0.0011,	nu11=0.00049)	
2	-260.7915126597509	(t1=0.0001,	nu11=0.00049)	
2	-260.27938877919223	(t1=0.0001,	nu11=0.00049)	
2	-6737.08095794695	(t1=0.0011,	nu11=0.00049)	
2	-260.04985611938173	(t1=0.0001,	nu11=0.00049)	
2	-259.61232692573685	(t1=0.0001,	nu11=0.00049)	
2	-6737.189673285116	(t1=0.0011,	nu11=0.00049)	
2	-259.42010241985554	(t1=0.0001,	nu11=0.00049)	
2	-259.46313756890595	(t1=0.0001,	nu11=0.00049)	
2	-6737.21684340958	(t1=0.0011,	nu11=0.00049)	
2	-259.280257133767	(t1=0.0001,	nu11=0.00049)	
2	-259.3210210511461	(t1=0.0001,	nu11=0.00049)	
2	-6737.2440082409885	(t1=0.0011,	nu11=0.00049)	
2	-259.14749085577205	(t1=0.0001,	nu11=0.00049)	
2	-259.28659778722795	(t1=0.0001,	nu11=0.00049)	
2	-6737.250798830297	(t1=0.0011,	nu11=0.00049)	
2	-259.1154061863781	(t1=0.0001,	nu11=0.00049)	
2	-259.2526182922302	(t1=0.0001,	nu11=0.00049)	
2	-6737.257588987937	(t1=0.0011,	nu11=0.00049)	
2	-259.08376563567435	(t1=0.0001,	nu11=0.00049)	
2	-6419.644831811602	(t1=0.00043,	nu11=0.00049)	
2	-259.2417986022774	(t1=0.0001,	nu11=0.00049)	
2	-6737.259769829223	(t1=0.0011,	nu11=0.00049)	
2	-259.07369726506295	(t1=0.0001,	nu11=0.00049)	
2	-259.2310248488793	(t1=0.0001,	nu11=0.00049)	
2	-6737.261950600077	(t1=0.0011,	nu11=0.00049)	
2	-259.06367486028466	(t1=0.0001,	nu11=0.00049)	
2	-6810.033846903592	(t1=0.00077,	nu11=0.00049)	
2	-259.22867319884244	(t1=0.0001,	nu11=0.00049)	
2	-6737.262427840498	(t1=0.0011,	nu11=0.00049)	
2	-259.061487641593	(t1=0.0001,	nu11=0.00049)	
2	-259.22632375825197	(t1=0.0001,	nu11=0.00049)	
2	-6737.262905076204	(t1=0.0011,	nu11=0.00049)	
2	-259.0593026338611	(t1=0.0001,	nu11=0.00049)	
2	-6786.053140909469	(t1=0.00093,	nu11=0.00049)	
2	-259.22577117121546	(t1=0.0001,	nu11=0.00049)	
2	-6737.263017385732	(t1=0.0011,	nu11=0.00049)	
2	-259.05878874345217	(t1=0.0001,	nu11=0.00049)	
2	-259.2252187070553	(t1=0.0001,	nu11=0.00049)	
2	-6737.2631296958425	(t1=0.0011,	nu11=0.00049)	
2	-259.05827497667633	(t1=0.0001,	nu11=0.00049)	
2	-10348.86906173022	(t1=2e-05,	nu11=0.00049)	
2	-6764.2275056336075	(t1=0.00102,	nu11=0.00049)	
2	-10354.797811571683	(t1=2e-05,	nu11=0.00049)	
2	-258.2774487200659	(t1=0.0001,	nu11=0.00049)	
2	-6737.521422871971	(t1=0.0011,	nu11=0.00049)	
2	-258.1998612799216	(t1=0.0001,	nu11=0.00049)	
2	-257.98563605203526	(t1=0.0001,	nu11=0.00049)	
2	-6737.774882516183	(t1=0.0011,	nu11=0.00049)	
2	-257.9964271368226	(t1=0.0001,	nu11=0.00049)	
2	-1856.4848389919498	(t1=6e-05,	nu11=0.00049)	
2	-6751.620163120388	(t1=0.00106,	nu11=0.00049)	
2	-1861.9042449480621	(t1=6e-05,	nu11=0.00049)	
2	-258.67092655203305	(t1=0.0001,	nu11=0.00049)	
2	-6738.129849019926	(t1=0.0011,	nu11=0.00049)	
2	-258.80663345748326	(t1=0.0001,	nu11=0.00049)	
2	-258.0151978742215	(t1=0.0001,	nu11=0.00049)	
2	-6737.84060322732	(t1=0.0011,	nu11=0.00049)	
2	-258.0490164926159	(t1=0.0001,	nu11=0.00049)	
2	-257.988125295029	(t1=0.0001,	nu11=0.00049)	
2	-6737.788322868524	(t1=0.0011,	nu11=0.00049)	
2	-258.0036219540634	(t1=0.0001,	nu11=0.00049)	
2	-257.9860043984372	(t1=0.0001,	nu11=0.00049)	
2	-6737.777684166096	(t1=0.0011,	nu11=0.00049)	
2	-257.9977762050694	(t1=0.0001,	nu11=0.00049)	
2	-257.9857065793476	(t1=0.0001,	nu11=0.00049)	
2	-6737.7754688235	(t1=0.0011,	nu11=0.00049)	
2	-257.99670289544156	(t1=0.0001,	nu11=0.00049)	
2	-257.985650536255	(t1=0.0001,	nu11=0.00049)	
2	-6737.775005314674	(t1=0.0011,	nu11=0.00049)	
2	-257.996484604897	(t1=0.0001,	nu11=0.00049)	
2	-257.9856390734203	(t1=0.0001,	nu11=0.00049)	
2	-6737.774908240011	(t1=0.0011,	nu11=0.00049)	
2	-257.99643916240893	(t1=0.0001,	nu11=0.00049)	
2	-257.98563668405404	(t1=0.0001,	nu11=0.00049)	
2	-6737.774887904932	(t1=0.0011,	nu11=0.00049)	
2	-257.99642965517705	(t1=0.0001,	nu11=0.00049)	
2	-257.9856361844577	(t1=0.0001,	nu11=0.00049)	
2	-6737.774883644655	(t1=0.0011,	nu11=0.00049)	
2	-257.99642766447505	(t1=0.0001,	nu11=0.00049)	
2	-257.98563607927645	(t1=0.0001,	nu11=0.00049)	
2	-6737.774882751983	(t1=0.0011,	nu11=0.00049)	
2	-257.99642724730074	(t1=0.0001,	nu11=0.00049)	
2	-257.98563605727395	(t1=0.0001,	nu11=0.00049)	
2	-6737.7748825655435	(t1=0.0011,	nu11=0.00049)	
2	-257.99642716004746	(t1=0.0001,	nu11=0.00049)	
2	-257.9856360529084	(t1=0.0001,	nu11=0.00049)	
2	-6737.7748825260205	(t1=0.0011,	nu11=0.00049)	
2	-257.99642714188667	(t1=0.0001,	nu11=0.00049)	
2	-257.9856360516278	(t1=0.0001,	nu11=0.00049)	
2	-6737.774882518337	(t1=0.0011,	nu11=0.00049)	
2	-257.99642713787034	(t1=0.0001,	nu11=0.00049)	
2	-257.9856360522099	(t1=0.0001,	nu11=0.00049)	
2	-6737.774882519734	(t1=0.0011,	nu11=0.00049)	
2	-257.9964271389181	(t1=0.0001,	nu11=0.00049)	
2	-257.98563605197705	(t1=0.0001,	nu11=0.00049)	
2	-6737.774882518337	(t1=0.0011,	nu11=0.00049)	
2	-257.9964271377539	(t1=0.0001,	nu11=0.00049)	
2	-257.98563605197705	(t1=0.0001,	nu11=0.00049)	
2	-6737.774882518104	(t1=0.0011,	nu11=0.00049)	
2	-257.9964271376957	(t1=0.0001,	nu11=0.00049)	
2	-257.98563605133677	(t1=0.0001,	nu11=0.00049)	
2	-6737.774882518337	(t1=0.0011,	nu11=0.00049)	
2	-257.9964271376375	(t1=0.0001,	nu11=0.00049)	
2	-257.98563605191885	(t1=0.0001,	nu11=0.00049)	
2	-6737.774882518337	(t1=0.0011,	nu11=0.00049)	
2	-257.99642713787034	(t1=0.0001,	nu11=0.00049)	
2	-257.9856360517442	(t1=0.0001,	nu11=0.00049)	
2	-6737.774882518337	(t1=0.0011,	nu11=0.00049)	
2	-257.99642713781213	(t1=0.0001,	nu11=0.00049)	
2	-257.98563605133677	(t1=0.0001,	nu11=0.00049)	
2	-6737.774882518337	(t1=0.0011,	nu11=0.00049)	
2	-257.9964271376375	(t1=0.0001,	nu11=0.00049)	
2	-257.98563605122035	(t1=0.0001,	nu11=0.00049)	
2	-6737.774882518395	(t1=0.0011,	nu11=0.00049)	
2	-257.9964271376957	(t1=0.0001,	nu11=0.00049)	
2	-271.18162579857744	(t1=0.0001,	nu11=0.00049)	
