0	-1340.2265682427678	(t1=0.0001,	nu11=0.00049)	
1	-1340.2265682427678	(t1=0.0001,	nu11=0.00049)	
2	-9019.798462006613	(t1=0.0011,	nu11=0.00049)	
2	-1338.8938011440914	(t1=0.0001,	nu11=0.00049)	
2	-1316.1379253907362	(t1=0.0001,	nu11=0.00049)	
2	-9020.704596759635	(t1=0.0011,	nu11=0.00049)	
2	-1315.0612678629113	(t1=0.0001,	nu11=0.00049)	
2	-1296.759863769752	(t1=0.0001,	nu11=0.00049)	
2	-9021.60945742135	(t1=0.0011,	nu11=0.00049)	
2	-1295.9449216217035	(t1=0.0001,	nu11=0.00049)	
2	-1292.6881837723777	(t1=0.0001,	nu11=0.00049)	
2	-9021.835633951938	(t1=0.0011,	nu11=0.00049)	
2	-1291.939573147567	(t1=0.0001,	nu11=0.00049)	
2	-1288.9393795522628	(t1=0.0001,	nu11=0.00049)	
2	-9022.061653037206	(t1=0.0011,	nu11=0.00049)	
2	-1288.2574141556397	(t1=0.0001,	nu11=0.00049)	
2	-1288.0530463746982	(t1=0.0001,	nu11=0.00049)	
2	-9022.118146022898	(t1=0.0011,	nu11=0.00049)	
2	-1287.3877946790308	(t1=0.0001,	nu11=0.00049)	
2	-1287.187364619691	(t1=0.0001,	nu11=0.00049)	
2	-9022.174625898246	(t1=0.0011,	nu11=0.00049)	
2	-1286.5388449914753	(t1=0.0001,	nu11=0.00049)	
2	-1286.9741647286573	(t1=0.0001,	nu11=0.00049)	
2	-9022.188744854531	(t1=0.0011,	nu11=0.00049)	
2	-1286.3298312881961	(t1=0.0001,	nu11=0.00049)	
2	-1286.762266495265	(t1=0.0001,	nu11=0.00049)	
2	-9022.202862690436	(t1=0.0011,	nu11=0.00049)	
2	-1286.122120295302	(t1=0.0001,	nu11=0.00049)	
2	-7491.423963255598	(t1=0.00031,	nu11=0.00049)	
2	-1286.690810137079	(t1=0.0001,	nu11=0.00049)	
2	-9022.207642923691	(t1=0.0011,	nu11=0.00049)	
2	-1286.0520820318488	(t1=0.0001,	nu11=0.00049)	
2	-1286.6195045348722	(t1=0.0001,	nu11=0.00049)	
2	-9022.212422939832	(t1=0.0011,	nu11=0.00049)	
2	-1285.9821946178563	(t1=0.0001,	nu11=0.00049)	
2	-9111.751344506978	(t1=0.0007,	nu11=0.00049)	
2	-1286.6043808191316	(t1=0.0001,	nu11=0.00049)	
2	-9022.21343804046	(t1=0.0011,	nu11=0.00049)	
2	-1285.9673720938154	(t1=0.0001,	nu11=0.00049)	
2	-1286.5892639899394	(t1=0.0001,	nu11=0.00049)	
2	-9022.214453125838	(t1=0.0011,	nu11=0.00049)	
2	-1285.9525564592332	(t1=0.0001,	nu11=0.00049)	
2	-9091.490445881733	(t1=0.0009,	nu11=0.00049)	
2	-1286.5857502811123	(t1=0.0001,	nu11=0.00049)	
2	-9022.21468913334	(t1=0.0011,	nu11=0.00049)	
2	-1285.94911277981	(t1=0.0001,	nu11=0.00049)	
2	-1286.5822369537782	(t1=0.0001,	nu11=0.00049)	
2	-9022.214925139677	(t1=0.0011,	nu11=0.00049)	
2	-1285.9456694809487	(t1=0.0001,	nu11=0.00049)	
2	-9061.325243612286	(t1=0.001,	nu11=0.00049)	
2	-1286.5813883780502	(t1=0.0001,	nu11=0.00049)	
2	-9022.214982145582	(t1=0.0011,	nu11=0.00049)	
2	-1285.9448378204834	(t1=0.0001,	nu11=0.00049)	
2	-1286.5805398254888	(t1=0.0001,	nu11=0.00049)	
2	-9022.215039151371	(t1=0.0011,	nu11=0.00049)	
2	-1285.9440061829519	(t1=0.0001,	nu11=0.00049)	
2	-3517.7848819975043	(t1=5e-05,	nu11=0.00049)	
2	-9042.875964499428	(t1=0.00105,	nu11=0.00049)	
2	-3523.780293751741	(t1=5e-05,	nu11=0.00049)	
2	-1279.4029419090366	(t1=0.0001,	nu11=0.00049)	
2	-9022.76348191395	(t1=0.0011,	nu11=0.00049)	
2	-1278.9301831844496	(t1=0.0001,	nu11=0.00049)	
2	-1274.470485227066	(t1=9e-05,	nu11=0.00049)	
2	-9023.2837239129	(t1=0.00109,	nu11=0.00049)	
2	-1274.1549707059748	(t1=9e-05,	nu11=0.00049)	
2	-1668.0601524756057	(t1=7e-05,	nu11=0.00049)	
2	-9033.333154299995	(t1=0.00107,	nu11=0.00049)	
2	-1671.0532276389422	(t1=7e-05,	nu11=0.00049)	
2	-1271.2410447337897	(t1=9e-05,	nu11=0.00049)	
2	-9023.858381274971	(t1=0.00109,	nu11=0.00049)	
2	-1271.1013094433583	(t1=9e-05,	nu11=0.00049)	
2	-1270.413071302697	(t1=9e-05,	nu11=0.00049)	
2	-9024.374129847856	(t1=0.00109,	nu11=0.00049)	
2	-1270.4329123547068	(t1=9e-05,	nu11=0.00049)	
2	-1361.095002458198	(t1=8e-05,	nu11=0.00049)	
2	-9028.904694853583	(t1=0.00108,	nu11=0.00049)	
2	-1362.581353290123	(t1=8e-05,	nu11=0.00049)	
2	-1271.153545190813	(t1=9e-05,	nu11=0.00049)	
2	-9024.76824418793	(t1=0.00109,	nu11=0.00049)	
2	-1271.296454514726	(t1=9e-05,	nu11=0.00049)	
2	-1270.4589541126043	(t1=9e-05,	nu11=0.00049)	
2	-9024.447016019374	(t1=0.00109,	nu11=0.00049)	
2	-1270.5014823082602	(t1=9e-05,	nu11=0.00049)	
2	-1270.419028212782	(t1=9e-05,	nu11=0.00049)	
2	-9024.388821954839	(t1=0.00109,	nu11=0.00049)	
2	-1270.4434397742152	(t1=9e-05,	nu11=0.00049)	
2	-1270.4141568182968	(t1=9e-05,	nu11=0.00049)	
2	-9024.377140518161	(t1=0.00109,	nu11=0.00049)	
2	-1270.434934337507	(t1=9e-05,	nu11=0.00049)	
2	-1270.4132887996966	(t1=9e-05,	nu11=0.00049)	
2	-9024.374748846982	(t1=0.00109,	nu11=0.00049)	
2	-1270.4333223858848	(t1=9e-05,	nu11=0.00049)	
2	-1270.413115811185	(t1=9e-05,	nu11=0.00049)	
2	-9024.374257202144	(t1=0.00109,	nu11=0.00049)	
2	-1270.4329964744393	(t1=9e-05,	nu11=0.00049)	
2	-1270.4130804511951	(t1=9e-05,	nu11=0.00049)	
2	-9024.374156053527	(t1=0.00109,	nu11=0.00049)	
2	-1270.4329296537908	(t1=9e-05,	nu11=0.00049)	
2	-1270.4130731847836	(t1=9e-05,	nu11=0.00049)	
2	-9024.374135240214	(t1=0.00109,	nu11=0.00049)	
2	-1270.4329159136396	(t1=9e-05,	nu11=0.00049)	
2	-1270.413071689778	(t1=9e-05,	nu11=0.00049)	
2	-9024.374130957061	(t1=0.00109,	nu11=0.00049)	
2	-1270.4329130869592	(t1=9e-05,	nu11=0.00049)	
2	-1270.4130713827908	(t1=9e-05,	nu11=0.00049)	
2	-9024.374130075681	(t1=0.00109,	nu11=0.00049)	
2	-1270.4329125051154	(t1=9e-05,	nu11=0.00049)	
2	-1270.4130713194609	(t1=9e-05,	nu11=0.00049)	
2	-9024.374129894772	(t1=0.00109,	nu11=0.00049)	
2	-1270.4329123856733	(t1=9e-05,	nu11=0.00049)	
2	-1270.4130713061895	(t1=9e-05,	nu11=0.00049)	
2	-9024.374129857402	(t1=0.00109,	nu11=0.00049)	
2	-1270.4329123609932	(t1=9e-05,	nu11=0.00049)	
2	-1270.4130713037448	(t1=9e-05,	nu11=0.00049)	
2	-9024.374129849835	(t1=0.00109,	nu11=0.00049)	
2	-1270.4329123561038	(t1=9e-05,	nu11=0.00049)	
2	-1270.4130713025806	(t1=9e-05,	nu11=0.00049)	
2	-9024.374129848438	(t1=0.00109,	nu11=0.00049)	
2	-1270.4329123547068	(t1=9e-05,	nu11=0.00049)	
2	-1270.413071303512	(t1=9e-05,	nu11=0.00049)	
2	-9024.374129848322	(t1=0.00109,	nu11=0.00049)	
2	-1270.4329123552889	(t1=9e-05,	nu11=0.00049)	
2	-1270.4130713032791	(t1=9e-05,	nu11=0.00049)	
2	-9024.374129848438	(t1=0.00109,	nu11=0.00049)	
2	-1270.4329123552889	(t1=9e-05,	nu11=0.00049)	
2	-1270.4130713030463	(t1=9e-05,	nu11=0.00049)	
2	-9024.374129848322	(t1=0.00109,	nu11=0.00049)	
2	-1270.4329123549396	(t1=9e-05,	nu11=0.00049)	
2	-1270.4130713032791	(t1=9e-05,	nu11=0.00049)	
2	-9024.374129848322	(t1=0.00109,	nu11=0.00049)	
2	-1270.4329123554053	(t1=9e-05,	nu11=0.00049)	
2	-1270.4130713025806	(t1=9e-05,	nu11=0.00049)	
2	-9024.374129848438	(t1=0.00109,	nu11=0.00049)	
2	-1270.4329123547068	(t1=9e-05,	nu11=0.00049)	
2	-1340.2265682427678	(t1=0.0001,	nu11=0.00049)	
