0	-499.9670586156426	(t1=0.0001,	nu11=0.00049)	
1	-499.9670586156426	(t1=0.0001,	nu11=0.00049)	
2	-7311.502614848723	(t1=0.0011,	nu11=0.00049)	
2	-498.4256379729486	(t1=0.0001,	nu11=0.00049)	
2	-479.42046965449117	(t1=0.0001,	nu11=0.00049)	
2	-7312.016171756259	(t1=0.0011,	nu11=0.00049)	
2	-478.03057364508277	(t1=0.0001,	nu11=0.00049)	
2	-460.6938614475657	(t1=0.0001,	nu11=0.00049)	
2	-7312.529610263766	(t1=0.0011,	nu11=0.00049)	
2	-459.45815172989387	(t1=0.0001,	nu11=0.00049)	
2	-456.3042501480086	(t1=0.0001,	nu11=0.00049)	
2	-7312.6580761342775	(t1=0.0011,	nu11=0.00049)	
2	-455.1075367901358	(t1=0.0001,	nu11=0.00049)	
2	-452.0373929507914	(t1=0.0001,	nu11=0.00049)	
2	-7312.78651128168	(t1=0.0011,	nu11=0.00049)	
2	-450.87983269483084	(t1=0.0001,	nu11=0.00049)	
2	-450.9897571839974	(t1=0.0001,	nu11=0.00049)	
2	-7312.818624144595	(t1=0.0011,	nu11=0.00049)	
2	-449.84201232437044	(t1=0.0001,	nu11=0.00049)	
2	-449.949963769468	(t1=0.0001,	nu11=0.00049)	
2	-7312.850733811618	(t1=0.0011,	nu11=0.00049)	
2	-448.8120436621248	(t1=0.0001,	nu11=0.00049)	
2	-449.69122247729683	(t1=0.0001,	nu11=0.00049)	
2	-7312.858761385956	(t1=0.0011,	nu11=0.00049)	
2	-448.55576021876186	(t1=0.0001,	nu11=0.00049)	
2	-449.43297756189713	(t1=0.0001,	nu11=0.00049)	
2	-7312.866788627871	(t1=0.0011,	nu11=0.00049)	
2	-448.29997369548073	(t1=0.0001,	nu11=0.00049)	
2	-6823.132090650208	(t1=0.0004,	nu11=0.00049)	
2	-449.34889688831754	(t1=0.0001,	nu11=0.00049)	
2	-7312.869405442616	(t1=0.0011,	nu11=0.00049)	
2	-448.21669457649114	(t1=0.0001,	nu11=0.00049)	
2	-449.2648701632861	(t1=0.0001,	nu11=0.00049)	
2	-7312.872022186173	(t1=0.0011,	nu11=0.00049)	
2	-448.1334694539546	(t1=0.0001,	nu11=0.00049)	
2	-7386.754319117463	(t1=0.00075,	nu11=0.00049)	
2	-449.24664184858557	(t1=0.0001,	nu11=0.00049)	
2	-7312.872590061626	(t1=0.0011,	nu11=0.00049)	
2	-448.11541510839015	(t1=0.0001,	nu11=0.00049)	
2	-449.22841615614016	(t1=0.0001,	nu11=0.00049)	
2	-7312.873157931084	(t1=0.0011,	nu11=0.00049)	
2	-448.0973633865942	(t1=0.0001,	nu11=0.00049)	
2	-7364.081032104499	(t1=0.00092,	nu11=0.00049)	
2	-449.2241420595092	(t1=0.0001,	nu11=0.00049)	
2	-7312.873291112366	(t1=0.0011,	nu11=0.00049)	
2	-448.0931300923694	(t1=0.0001,	nu11=0.00049)	
2	-449.2198681171867	(t1=0.0001,	nu11=0.00049)	
2	-7312.873424293706	(t1=0.0011,	nu11=0.00049)	
2	-448.0888969510561	(t1=0.0001,	nu11=0.00049)	
2	-9607.166893386282	(t1=1e-05,	nu11=0.00049)	
2	-7341.34249976516	(t1=0.00101,	nu11=0.00049)	
2	-9611.11233828275	(t1=1e-05,	nu11=0.00049)	
2	-438.94239547726465	(t1=0.0001,	nu11=0.00049)	
2	-7313.206925542443	(t1=0.0011,	nu11=0.00049)	
2	-437.9141510843183	(t1=0.0001,	nu11=0.00049)	
2	-429.7365652807639	(t1=0.0001,	nu11=0.00049)	
2	-7313.532932196686	(t1=0.0011,	nu11=0.00049)	
2	-428.80980326840654	(t1=0.0001,	nu11=0.00049)	
2	-1533.2689891566406	(t1=5e-05,	nu11=0.00049)	
2	-7328.121386490704	(t1=0.00105,	nu11=0.00049)	
2	-1537.4803670397378	(t1=5e-05,	nu11=0.00049)	
2	-415.8940566194942	(t1=0.0001,	nu11=0.00049)	
2	-7314.095381272957	(t1=0.0011,	nu11=0.00049)	
2	-415.1448164776084	(t1=0.0001,	nu11=0.00049)	
2	-405.5302255093702	(t1=9e-05,	nu11=0.00049)	
2	-7314.614255088556	(t1=0.00109,	nu11=0.00049)	
2	-404.94743880449096	(t1=9e-05,	nu11=0.00049)	
2	-560.1087076584809	(t1=7e-05,	nu11=0.00049)	
2	-7321.5170486328425	(t1=0.00107,	nu11=0.00049)	
2	-561.9409118047333	(t1=7e-05,	nu11=0.00049)	
2	-396.52627154259244	(t1=9e-05,	nu11=0.00049)	
2	-7315.220224072516	(t1=0.00109,	nu11=0.00049)	
2	-396.1410543267848	(t1=9e-05,	nu11=0.00049)	
2	-391.7157784261508	(t1=9e-05,	nu11=0.00049)	
2	-7315.7259546330315	(t1=0.00109,	nu11=0.00049)	
2	-391.49799119803356	(t1=9e-05,	nu11=0.00049)	
2	-419.30368824646575	(t1=8e-05,	nu11=0.00049)	
2	-7318.648122022452	(t1=0.00108,	nu11=0.00049)	
2	-420.0942187947803	(t1=8e-05,	nu11=0.00049)	
2	-389.797060541634	(t1=9e-05,	nu11=0.00049)	
2	-7316.108401321399	(t1=0.00109,	nu11=0.00049)	
2	-389.7073760724161	(t1=9e-05,	nu11=0.00049)	
2	-389.37198860244825	(t1=9e-05,	nu11=0.00049)	
2	-7316.4140349473455	(t1=0.00109,	nu11=0.00049)	
2	-389.385572864383	(t1=9e-05,	nu11=0.00049)	
2	-396.7740225777379	(t1=9e-05,	nu11=0.00049)	
2	-7317.5349964270135	(t1=0.00109,	nu11=0.00049)	
2	-397.1728274971829	(t1=9e-05,	nu11=0.00049)	
2	-389.5630454290076	(t1=9e-05,	nu11=0.00049)	
2	-7316.578717926459	(t1=0.00109,	nu11=0.00049)	
2	-389.63259567139903	(t1=9e-05,	nu11=0.00049)	
2	-389.3859713356942	(t1=9e-05,	nu11=0.00049)	
2	-7316.446281239449	(t1=0.00109,	nu11=0.00049)	
2	-389.41049660084536	(t1=9e-05,	nu11=0.00049)	
2	-389.3739324884373	(t1=9e-05,	nu11=0.00049)	
2	-7316.42065191787	(t1=0.00109,	nu11=0.00049)	
2	-389.38976115279365	(t1=9e-05,	nu11=0.00049)	
2	-389.3723520349595	(t1=9e-05,	nu11=0.00049)	
2	-7316.415405488282	(t1=0.00109,	nu11=0.00049)	
2	-389.3864011391415	(t1=9e-05,	nu11=0.00049)	
2	-389.372062339331	(t1=9e-05,	nu11=0.00049)	
2	-7316.414319366915	(t1=0.00109,	nu11=0.00049)	
2	-389.3857430658536	(t1=9e-05,	nu11=0.00049)	
2	-389.37200383807067	(t1=9e-05,	nu11=0.00049)	
2	-7316.414093994594	(t1=0.00109,	nu11=0.00049)	
2	-389.38560812646756	(t1=9e-05,	nu11=0.00049)	
2	-389.37199176230934	(t1=9e-05,	nu11=0.00049)	
2	-7316.414047206868	(t1=0.00109,	nu11=0.00049)	
2	-389.38558018236654	(t1=9e-05,	nu11=0.00049)	
2	-389.37198925827397	(t1=9e-05,	nu11=0.00049)	
2	-7316.414037492708	(t1=0.00109,	nu11=0.00049)	
2	-389.38557438366115	(t1=9e-05,	nu11=0.00049)	
2	-389.37198873830494	(t1=9e-05,	nu11=0.00049)	
2	-7316.414035476046	(t1=0.00109,	nu11=0.00049)	
2	-389.38557317951927	(t1=9e-05,	nu11=0.00049)	
2	-389.3719886307372	(t1=9e-05,	nu11=0.00049)	
2	-7316.4140350573	(t1=0.00109,	nu11=0.00049)	
2	-389.3855729299248	(t1=9e-05,	nu11=0.00049)	
2	-389.37198860844364	(t1=9e-05,	nu11=0.00049)	
2	-7316.4140349700465	(t1=0.00109,	nu11=0.00049)	
2	-389.3855728779454	(t1=9e-05,	nu11=0.00049)	
2	-389.3719886034378	(t1=9e-05,	nu11=0.00049)	
2	-7316.414034952351	(t1=0.00109,	nu11=0.00049)	
2	-389.3855728665367	(t1=9e-05,	nu11=0.00049)	
2	-389.3719886027393	(t1=9e-05,	nu11=0.00049)	
2	-7316.414034948044	(t1=0.00109,	nu11=0.00049)	
2	-389.3855728650233	(t1=9e-05,	nu11=0.00049)	
2	-389.37198860233184	(t1=9e-05,	nu11=0.00049)	
2	-7316.414034947462	(t1=0.00109,	nu11=0.00049)	
2	-389.3855728644412	(t1=9e-05,	nu11=0.00049)	
2	-389.3719886027393	(t1=9e-05,	nu11=0.00049)	
2	-7316.414034947578	(t1=0.00109,	nu11=0.00049)	
2	-389.385572864383	(t1=9e-05,	nu11=0.00049)	
2	-389.37198860239005	(t1=9e-05,	nu11=0.00049)	
2	-7316.4140349476365	(t1=0.00109,	nu11=0.00049)	
2	-389.385572864383	(t1=9e-05,	nu11=0.00049)	
2	-389.37198860250646	(t1=9e-05,	nu11=0.00049)	
2	-7316.41403494752	(t1=0.00109,	nu11=0.00049)	
2	-389.3855728642666	(t1=9e-05,	nu11=0.00049)	
2	-389.37198860244825	(t1=9e-05,	nu11=0.00049)	
2	-7316.414034948102	(t1=0.00109,	nu11=0.00049)	
2	-389.3855728638591	(t1=9e-05,	nu11=0.00049)	
2	-389.3719886022154	(t1=9e-05,	nu11=0.00049)	
2	-7316.414034947462	(t1=0.00109,	nu11=0.00049)	
2	-389.38557286397554	(t1=9e-05,	nu11=0.00049)	
2	-389.37198860244825	(t1=9e-05,	nu11=0.00049)	
2	-7316.414034947462	(t1=0.00109,	nu11=0.00049)	
2	-389.38557286397554	(t1=9e-05,	nu11=0.00049)	
2	-389.3719886022154	(t1=9e-05,	nu11=0.00049)	
2	-7316.414034947462	(t1=0.00109,	nu11=0.00049)	
2	-389.38557286397554	(t1=9e-05,	nu11=0.00049)	
2	-499.9670586156426	(t1=0.0001,	nu11=0.00049)	
