0	-675.4691151234438	(t1=0.0001,	nu11=0.00049)	
1	-675.4691151234438	(t1=0.0001,	nu11=0.00049)	
2	-9714.212977767573	(t1=0.0011,	nu11=0.00049)	
2	-672.1484280709992	(t1=0.0001,	nu11=0.00049)	
2	-574.4373530660523	(t1=0.0001,	nu11=0.00049)	
2	-9715.676524371433	(t1=0.0011,	nu11=0.00049)	
2	-571.4977183487499	(t1=0.0001,	nu11=0.00049)	
2	-482.0138203148963	(t1=0.0001,	nu11=0.00049)	
2	-9717.145617624861	(t1=0.0011,	nu11=0.00049)	
2	-479.4733908199123	(t1=0.0001,	nu11=0.00049)	
2	-460.35202738578664	(t1=0.0001,	nu11=0.00049)	
2	-9717.514973754995	(t1=0.0011,	nu11=0.00049)	
2	-457.91454856679775	(t1=0.0001,	nu11=0.00049)	
2	-439.3611129105557	(t1=9e-05,	nu11=0.00049)	
2	-9717.884462062444	(t1=0.00109,	nu11=0.00049)	
2	-437.02764308231417	(t1=9e-05,	nu11=0.00049)	
2	-434.2164822667837	(t1=9e-05,	nu11=0.00049)	
2	-9717.976937769505	(t1=0.00109,	nu11=0.00049)	
2	-431.9092025507125	(t1=9e-05,	nu11=0.00049)	
2	-429.11624687945005	(t1=9e-05,	nu11=0.00049)	
2	-9718.069413383433	(t1=0.00109,	nu11=0.00049)	
2	-426.83522045915015	(t1=9e-05,	nu11=0.00049)	
2	-427.84785429690965	(t1=9e-05,	nu11=0.00049)	
2	-9718.09253802785	(t1=0.00109,	nu11=0.00049)	
2	-425.5734026898863	(t1=9e-05,	nu11=0.00049)	
2	-426.5823064384167	(t1=9e-05,	nu11=0.00049)	
2	-9718.115661959047	(t1=0.00109,	nu11=0.00049)	
2	-424.31443338119425	(t1=9e-05,	nu11=0.00049)	
2	-3937.9070258199936	(t1=0.00018,	nu11=0.00049)	
2	-426.1271529215737	(t1=9e-05,	nu11=0.00049)	
2	-9718.123991044937	(t1=0.00109,	nu11=0.00049)	
2	-423.86165037867613	(t1=9e-05,	nu11=0.00049)	
2	-425.67238301516045	(t1=9e-05,	nu11=0.00049)	
2	-9718.132319791883	(t1=0.00109,	nu11=0.00049)	
2	-423.40925140026957	(t1=9e-05,	nu11=0.00049)	
2	-9782.282509071694	(t1=0.00063,	nu11=0.00049)	
2	-425.57926429150393	(t1=9e-05,	nu11=0.00049)	
2	-9718.134026012674	(t1=0.00109,	nu11=0.00049)	
2	-423.31661844602786	(t1=9e-05,	nu11=0.00049)	
2	-425.48616243107244	(t1=9e-05,	nu11=0.00049)	
2	-9718.135732204362	(t1=0.00109,	nu11=0.00049)	
2	-423.22400236909743	(t1=9e-05,	nu11=0.00049)	
2	-9794.774763184832	(t1=0.00086,	nu11=0.00049)	
2	-425.4648163304664	(t1=9e-05,	nu11=0.00049)	
2	-9718.136123434757	(t1=0.00109,	nu11=0.00049)	
2	-423.202767661307	(t1=9e-05,	nu11=0.00049)	
2	-425.44347119762097	(t1=9e-05,	nu11=0.00049)	
2	-9718.136514661717	(t1=0.00109,	nu11=0.00049)	
2	-423.1815339222667	(t1=9e-05,	nu11=0.00049)	
2	-9762.822087173583	(t1=0.00098,	nu11=0.00049)	
2	-425.43834717781283	(t1=9e-05,	nu11=0.00049)	
2	-9718.136608579953	(t1=0.00109,	nu11=0.00049)	
2	-423.17643664358184	(t1=9e-05,	nu11=0.00049)	
2	-425.43322322313907	(t1=9e-05,	nu11=0.00049)	
2	-9718.136702498305	(t1=0.00109,	nu11=0.00049)	
2	-423.17133942979854	(t1=9e-05,	nu11=0.00049)	
2	-2472.015147927741	(t1=4e-05,	nu11=0.00049)	
2	-9742.003995078732	(t1=0.00104,	nu11=0.00049)	
2	-2476.986404166848	(t1=4e-05,	nu11=0.00049)	
2	-377.54274520196486	(t1=9e-05,	nu11=0.00049)	
2	-9719.056534689444	(t1=0.00109,	nu11=0.00049)	
2	-375.5458487564465	(t1=9e-05,	nu11=0.00049)	
2	-337.8983933708514	(t1=9e-05,	nu11=0.00049)	
2	-9719.899668485858	(t1=0.00109,	nu11=0.00049)	
2	-336.1496945997933	(t1=9e-05,	nu11=0.00049)	
2	-403.627789199003	(t1=6e-05,	nu11=0.00049)	
2	-9731.284847386705	(t1=0.00106,	nu11=0.00049)	
2	-405.5832041494432	(t1=6e-05,	nu11=0.00049)	
2	-267.47554131707875	(t1=9e-05,	nu11=0.00049)	
2	-9721.72900715447	(t1=0.00109,	nu11=0.00049)	
2	-266.2819273727946	(t1=9e-05,	nu11=0.00049)	
2	-236.0358469572384	(t1=8e-05,	nu11=0.00049)	
2	-9722.853593694977	(t1=0.00108,	nu11=0.00049)	
2	-235.19395437615458	(t1=8e-05,	nu11=0.00049)	
2	-218.0170820154599	(t1=7e-05,	nu11=0.00049)	
2	-9727.11588890152	(t1=0.00107,	nu11=0.00049)	
2	-218.56645711680176	(t1=7e-05,	nu11=0.00049)	
2	-222.8335908758454	(t1=7e-05,	nu11=0.00049)	
2	-9727.368676265294	(t1=0.00107,	nu11=0.00049)	
2	-223.46764678927138	(t1=7e-05,	nu11=0.00049)	
2	-218.46681684424402	(t1=7e-05,	nu11=0.00049)	
2	-9727.141244171711	(t1=0.00107,	nu11=0.00049)	
2	-219.02467805560445	(t1=7e-05,	nu11=0.00049)	
2	-218.0634742686525	(t1=7e-05,	nu11=0.00049)	
2	-9727.118523815123	(t1=0.00107,	nu11=0.00049)	
2	-218.61373116337927	(t1=7e-05,	nu11=0.00049)	
2	-218.02191670733737	(t1=7e-05,	nu11=0.00049)	
2	-9727.116163706232	(t1=0.00107,	nu11=0.00049)	
2	-218.57138377299998	(t1=7e-05,	nu11=0.00049)	
2	-218.0175863908371	(t1=7e-05,	nu11=0.00049)	
2	-9727.115917572402	(t1=0.00107,	nu11=0.00049)	
2	-218.5669710871298	(t1=7e-05,	nu11=0.00049)	
2	-218.01713463972555	(t1=7e-05,	nu11=0.00049)	
2	-9727.115891892987	(t1=0.00107,	nu11=0.00049)	
2	-218.56651074183173	(t1=7e-05,	nu11=0.00049)	
2	-218.01708750618855	(t1=7e-05,	nu11=0.00049)	
2	-9727.11588921328	(t1=0.00107,	nu11=0.00049)	
2	-218.5664627115475	(t1=7e-05,	nu11=0.00049)	
2	-218.0170825885143	(t1=7e-05,	nu11=0.00049)	
2	-9727.115888934117	(t1=0.00107,	nu11=0.00049)	
2	-218.5664576999843	(t1=7e-05,	nu11=0.00049)	
2	-218.0170820748317	(t1=7e-05,	nu11=0.00049)	
2	-9727.115888904198	(t1=0.00107,	nu11=0.00049)	
2	-218.5664571770467	(t1=7e-05,	nu11=0.00049)	
2	-218.01708202174632	(t1=7e-05,	nu11=0.00049)	
2	-9727.11588890152	(t1=0.00107,	nu11=0.00049)	
2	-218.56645712262252	(t1=7e-05,	nu11=0.00049)	
2	-218.01708201592555	(t1=7e-05,	nu11=0.00049)	
2	-9727.115888901753	(t1=0.00107,	nu11=0.00049)	
2	-218.56645711656893	(t1=7e-05,	nu11=0.00049)	
2	-218.01708201516885	(t1=7e-05,	nu11=0.00049)	
2	-9727.11588890152	(t1=0.00107,	nu11=0.00049)	
2	-218.56645711610327	(t1=7e-05,	nu11=0.00049)	
2	-218.0170820155181	(t1=7e-05,	nu11=0.00049)	
2	-9727.11588890152	(t1=0.00107,	nu11=0.00049)	
2	-218.56645711621968	(t1=7e-05,	nu11=0.00049)	
2	-218.01708201540168	(t1=7e-05,	nu11=0.00049)	
2	-9727.11588890152	(t1=0.00107,	nu11=0.00049)	
2	-218.56645711616147	(t1=7e-05,	nu11=0.00049)	
2	-218.01708201516885	(t1=7e-05,	nu11=0.00049)	
2	-9727.11588890152	(t1=0.00107,	nu11=0.00049)	
2	-218.56645711610327	(t1=7e-05,	nu11=0.00049)	
2	-675.4691151234438	(t1=0.0001,	nu11=0.00049)	
