0	-238.18060758744832	(t1=0.0001,	nu11=0.00049)	
1	-238.18060758744832	(t1=0.0001,	nu11=0.00049)	
2	-6799.863587656582	(t1=0.0011,	nu11=0.00049)	
2	-237.26906430191593	(t1=0.0001,	nu11=0.00049)	
2	-227.61367825226625	(t1=0.0001,	nu11=0.00049)	
2	-6800.31886920525	(t1=0.0011,	nu11=0.00049)	
2	-226.84788526175544	(t1=0.0001,	nu11=0.00049)	
2	-218.7586615124019	(t1=0.0001,	nu11=0.00049)	
2	-6800.773558522516	(t1=0.0011,	nu11=0.00049)	
2	-218.14066755294334	(t1=0.0001,	nu11=0.00049)	
2	-216.82032661448466	(t1=0.0001,	nu11=0.00049)	
2	-6800.887189672969	(t1=0.0011,	nu11=0.00049)	
2	-216.2396151688299	(t1=0.0001,	nu11=0.00049)	
2	-214.99529598845402	(t1=0.0001,	nu11=0.00049)	
2	-6801.000764558965	(t1=0.0011,	nu11=0.00049)	
2	-214.4519859739812	(t1=0.0001,	nu11=0.00049)	
2	-214.55681520112557	(t1=0.0001,	nu11=0.00049)	
2	-6801.029153574724	(t1=0.0011,	nu11=0.00049)	
2	-214.02287539216923	(t1=0.0001,	nu11=0.00049)	
2	-214.1255243262858	(t1=0.0001,	nu11=0.00049)	
2	-6801.057538030727	(t1=0.0011,	nu11=0.00049)	
2	-213.60096175869694	(t1=0.0001,	nu11=0.00049)	
2	-214.01882199791726	(t1=0.0001,	nu11=0.00049)	
2	-6801.064633770962	(t1=0.0011,	nu11=0.00049)	
2	-213.49660495092394	(t1=0.0001,	nu11=0.00049)	
2	-213.9125720639131	(t1=0.0001,	nu11=0.00049)	
2	-6801.071729117655	(t1=0.0011,	nu11=0.00049)	
2	-213.39270094037056	(t1=0.0001,	nu11=0.00049)	
2	-6443.397105591546	(t1=0.00042,	nu11=0.00049)	
2	-213.87840078846784	(t1=0.0001,	nu11=0.00049)	
2	-6801.074017429899	(t1=0.0011,	nu11=0.00049)	
2	-213.3592863586382	(t1=0.0001,	nu11=0.00049)	
2	-213.84427702677203	(t1=0.0001,	nu11=0.00049)	
2	-6801.076305673167	(t1=0.0011,	nu11=0.00049)	
2	-213.3259193241829	(t1=0.0001,	nu11=0.00049)	
2	-6873.954137582274	(t1=0.00076,	nu11=0.00049)	
2	-213.83683287008898	(t1=0.0001,	nu11=0.00049)	
2	-6801.0768052712665	(t1=0.0011,	nu11=0.00049)	
2	-213.31864039349603	(t1=0.0001,	nu11=0.00049)	
2	-213.82939100905787	(t1=0.0001,	nu11=0.00049)	
2	-6801.077304864593	(t1=0.0011,	nu11=0.00049)	
2	-213.31136375968345	(t1=0.0001,	nu11=0.00049)	
2	-6850.355747121444	(t1=0.00093,	nu11=0.00049)	
2	-213.82764167623827	(t1=0.0001,	nu11=0.00049)	
2	-6801.077422323928	(t1=0.0011,	nu11=0.00049)	
2	-213.30965327320155	(t1=0.0001,	nu11=0.00049)	
2	-213.8258924735128	(t1=0.0001,	nu11=0.00049)	
2	-6801.077539783437	(t1=0.0011,	nu11=0.00049)	
2	-213.30794291733764	(t1=0.0001,	nu11=0.00049)	
2	-9827.641016958922	(t1=1e-05,	nu11=0.00049)	
2	-6828.355592867476	(t1=0.00101,	nu11=0.00049)	
2	-9832.903496866988	(t1=1e-05,	nu11=0.00049)	
2	-209.97889280790696	(t1=0.0001,	nu11=0.00049)	
2	-6801.359874218178	(t1=0.0011,	nu11=0.00049)	
2	-209.55473942536628	(t1=0.0001,	nu11=0.00049)	
2	-206.91594527155394	(t1=0.0001,	nu11=0.00049)	
2	-6801.636544728128	(t1=0.0011,	nu11=0.00049)	
2	-206.5845167603693	(t1=0.0001,	nu11=0.00049)	
2	-1612.8042274851468	(t1=6e-05,	nu11=0.00049)	
2	-6815.629809988488	(t1=0.00106,	nu11=0.00049)	
2	-1617.7470159388613	(t1=6e-05,	nu11=0.00049)	
2	-203.69446690980112	(t1=0.0001,	nu11=0.00049)	
2	-6802.048708384624	(t1=0.0011,	nu11=0.00049)	
2	-203.5026424137759	(t1=0.0001,	nu11=0.00049)	
2	-202.1814111872227	(t1=0.0001,	nu11=0.00049)	
2	-6802.43782813556	(t1=0.0011,	nu11=0.00049)	
2	-202.12297457567183	(t1=0.0001,	nu11=0.00049)	
2	-482.66101507435087	(t1=8e-05,	nu11=0.00049)	
2	-6809.176979060227	(t1=0.00108,	nu11=0.00049)	
2	-485.11494975938695	(t1=8e-05,	nu11=0.00049)	
2	-202.2031982546323	(t1=9e-05,	nu11=0.00049)	
2	-6802.821910920495	(t1=0.00109,	nu11=0.00049)	
2	-202.2779083501082	(t1=9e-05,	nu11=0.00049)	
2	-202.05885595170548	(t1=9e-05,	nu11=0.00049)	
2	-6802.518734523386	(t1=0.00109,	nu11=0.00049)	
2	-202.02834474440897	(t1=9e-05,	nu11=0.00049)	
2	-202.01050418644445	(t1=9e-05,	nu11=0.00049)	
2	-6802.580710112583	(t1=0.00109,	nu11=0.00049)	
2	-202.00142841489287	(t1=9e-05,	nu11=0.00049)	
2	-202.00037969840923	(t1=9e-05,	nu11=0.00049)	
2	-6802.628924480639	(t1=0.00109,	nu11=0.00049)	
2	-202.00800617114874	(t1=9e-05,	nu11=0.00049)	
2	-202.0094039675896	(t1=9e-05,	nu11=0.00049)	
2	-6802.666847332963	(t1=0.00109,	nu11=0.00049)	
2	-202.03018371906364	(t1=9e-05,	nu11=0.00049)	
2	-202.00102120562224	(t1=9e-05,	nu11=0.00049)	
2	-6802.636803036381	(t1=0.00109,	nu11=0.00049)	
2	-202.0113791298936	(t1=9e-05,	nu11=0.00049)	
2	-202.00046086445218	(t1=9e-05,	nu11=0.00049)	
2	-6802.630579643126	(t1=0.00109,	nu11=0.00049)	
2	-202.00866112293443	(t1=9e-05,	nu11=0.00049)	
2	-202.00039442069829	(t1=9e-05,	nu11=0.00049)	
2	-6802.629273015424	(t1=0.00109,	nu11=0.00049)	
2	-202.00814171577804	(t1=9e-05,	nu11=0.00049)	
2	-202.0003826948232	(t1=9e-05,	nu11=0.00049)	
2	-6802.628997908556	(t1=0.00109,	nu11=0.00049)	
2	-202.0080346224713	(t1=9e-05,	nu11=0.00049)	
2	-202.0003803250729	(t1=9e-05,	nu11=0.00049)	
2	-6802.628939951712	(t1=0.00109,	nu11=0.00049)	
2	-202.00801216135733	(t1=9e-05,	nu11=0.00049)	
2	-202.00037983054062	(t1=9e-05,	nu11=0.00049)	
2	-6802.628927740152	(t1=0.00109,	nu11=0.00049)	
2	-202.00800743338186	(t1=9e-05,	nu11=0.00049)	
2	-202.00037972599966	(t1=9e-05,	nu11=0.00049)	
2	-6802.628925167373	(t1=0.00109,	nu11=0.00049)	
2	-202.00800643739058	(t1=9e-05,	nu11=0.00049)	
2	-202.0003797042882	(t1=9e-05,	nu11=0.00049)	
2	-6802.628924625111	(t1=0.00109,	nu11=0.00049)	
2	-202.0080062277848	(t1=9e-05,	nu11=0.00049)	
2	-202.00037969904952	(t1=9e-05,	nu11=0.00049)	
2	-6802.628924511315	(t1=0.00109,	nu11=0.00049)	
2	-202.00800618348876	(t1=9e-05,	nu11=0.00049)	
2	-202.0003796988167	(t1=9e-05,	nu11=0.00049)	
2	-6802.628924486984	(t1=0.00109,	nu11=0.00049)	
2	-202.00800617417553	(t1=9e-05,	nu11=0.00049)	
2	-202.00037969852565	(t1=9e-05,	nu11=0.00049)	
2	-6802.628924481862	(t1=0.00109,	nu11=0.00049)	
2	-202.0080061716144	(t1=9e-05,	nu11=0.00049)	
2	-202.00037969840923	(t1=9e-05,	nu11=0.00049)	
2	-6802.628924480698	(t1=0.00109,	nu11=0.00049)	
2	-202.00800617149798	(t1=9e-05,	nu11=0.00049)	
2	-202.00037969835103	(t1=9e-05,	nu11=0.00049)	
2	-6802.628924480989	(t1=0.00109,	nu11=0.00049)	
2	-202.0080061717308	(t1=9e-05,	nu11=0.00049)	
2	-202.00037969875848	(t1=9e-05,	nu11=0.00049)	
2	-6802.628924481105	(t1=0.00109,	nu11=0.00049)	
2	-202.0080061715562	(t1=9e-05,	nu11=0.00049)	
2	-202.00037969852565	(t1=9e-05,	nu11=0.00049)	
2	-6802.628924481105	(t1=0.00109,	nu11=0.00049)	
2	-202.00800617184723	(t1=9e-05,	nu11=0.00049)	
2	-202.0003796988749	(t1=9e-05,	nu11=0.00049)	
2	-6802.628924480814	(t1=0.00109,	nu11=0.00049)	
2	-202.00800617196364	(t1=9e-05,	nu11=0.00049)	
2	-202.0003796988167	(t1=9e-05,	nu11=0.00049)	
2	-6802.628924480581	(t1=0.00109,	nu11=0.00049)	
2	-202.00800617178902	(t1=9e-05,	nu11=0.00049)	
2	-202.00037969835103	(t1=9e-05,	nu11=0.00049)	
2	-6802.628924480989	(t1=0.00109,	nu11=0.00049)	
2	-202.0080061717308	(t1=9e-05,	nu11=0.00049)	
2	-238.18060758744832	(t1=0.0001,	nu11=0.00049)	
