0	-453.266439422674	(t1=0.0001,	nu11=0.00049)	
1	-453.266439422674	(t1=0.0001,	nu11=0.00049)	
2	-7976.630545721913	(t1=0.0011,	nu11=0.00049)	
2	-451.78951220819727	(t1=0.0001,	nu11=0.00049)	
2	-427.6737088120426	(t1=0.0001,	nu11=0.00049)	
2	-7977.386498959735	(t1=0.0011,	nu11=0.00049)	
2	-426.43127603421453	(t1=0.0001,	nu11=0.00049)	
2	-406.0489965568413	(t1=0.0001,	nu11=0.00049)	
2	-7978.141758275684	(t1=0.0011,	nu11=0.00049)	
2	-405.04636069282424	(t1=0.0001,	nu11=0.00049)	
2	-401.29187754163286	(t1=0.0001,	nu11=0.00049)	
2	-7978.330630989221	(t1=0.0011,	nu11=0.00049)	
2	-400.3500598478131	(t1=0.0001,	nu11=0.00049)	
2	-396.80697623017477	(t1=0.0001,	nu11=0.00049)	
2	-7978.519402467122	(t1=0.0011,	nu11=0.00049)	
2	-395.92628064303426	(t1=0.0001,	nu11=0.00049)	
2	-395.72852019936545	(t1=0.0001,	nu11=0.00049)	
2	-7978.566592088726	(t1=0.0011,	nu11=0.00049)	
2	-394.86315643123817	(t1=0.0001,	nu11=0.00049)	
2	-394.66749184718356	(t1=0.0001,	nu11=0.00049)	
2	-7978.613772833429	(t1=0.0011,	nu11=0.00049)	
2	-393.8174778831308	(t1=0.0001,	nu11=0.00049)	
2	-394.4049441310344	(t1=0.0001,	nu11=0.00049)	
2	-7978.625567604264	(t1=0.0011,	nu11=0.00049)	
2	-393.5587707402883	(t1=0.0001,	nu11=0.00049)	
2	-394.143496432167	(t1=0.0001,	nu11=0.00049)	
2	-7978.637361580855	(t1=0.0011,	nu11=0.00049)	
2	-393.30116465711035	(t1=0.0001,	nu11=0.00049)	
2	-6725.711871187552	(t1=0.00033,	nu11=0.00049)	
2	-394.0558240932878	(t1=0.0001,	nu11=0.00049)	
2	-7978.641327481833	(t1=0.0011,	nu11=0.00049)	
2	-393.2147844111896	(t1=0.0001,	nu11=0.00049)	
2	-393.9682778462302	(t1=0.0001,	nu11=0.00049)	
2	-7978.645293223497	(t1=0.0011,	nu11=0.00049)	
2	-393.12853035196895	(t1=0.0001,	nu11=0.00049)	
2	-8056.955778481613	(t1=0.00071,	nu11=0.00049)	
2	-393.94962799252244	(t1=0.0001,	nu11=0.00049)	
2	-7978.6461387577	(t1=0.0011,	nu11=0.00049)	
2	-393.11015602515545	(t1=0.0001,	nu11=0.00049)	
2	-393.9309839742491	(t1=0.0001,	nu11=0.00049)	
2	-7978.646984280844	(t1=0.0011,	nu11=0.00049)	
2	-393.09178753505694	(t1=0.0001,	nu11=0.00049)	
2	-8038.987367322086	(t1=0.0009,	nu11=0.00049)	
2	-393.92664321209304	(t1=0.0001,	nu11=0.00049)	
2	-7978.647181174078	(t1=0.0011,	nu11=0.00049)	
2	-393.0875109358458	(t1=0.0001,	nu11=0.00049)	
2	-393.9223027777625	(t1=0.0001,	nu11=0.00049)	
2	-7978.647378066264	(t1=0.0011,	nu11=0.00049)	
2	-393.08323466347065	(t1=0.0001,	nu11=0.00049)	
2	-16318.186720145051	(t1=1.15e-06,	nu11=0.00049)	
2	-8012.680829557416	(t1=0.001,	nu11=0.00049)	
2	-16318.833765023446	(t1=1.15e-06,	nu11=0.00049)	
2	-387.9146178441588	(t1=0.0001,	nu11=0.00049)	
2	-7978.9346367337275	(t1=0.0011,	nu11=0.00049)	
2	-387.1695449454128	(t1=0.0001,	nu11=0.00049)	
2	-382.6492724866257	(t1=0.0001,	nu11=0.00049)	
2	-7979.217244790343	(t1=0.0011,	nu11=0.00049)	
2	-381.99741879076464	(t1=0.0001,	nu11=0.00049)	
2	-2420.3111932208994	(t1=5e-05,	nu11=0.00049)	
2	-7996.8715996424435	(t1=0.00105,	nu11=0.00049)	
2	-2426.085119800002	(t1=5e-05,	nu11=0.00049)	
2	-375.1763574788347	(t1=9e-05,	nu11=0.00049)	
2	-7979.700623145211	(t1=0.00109,	nu11=0.00049)	
2	-374.6856402873527	(t1=9e-05,	nu11=0.00049)	
2	-369.95363534381613	(t1=9e-05,	nu11=0.00049)	
2	-7980.158302668307	(t1=0.00109,	nu11=0.00049)	
2	-369.6174243022688	(t1=9e-05,	nu11=0.00049)	
2	-724.411591826356	(t1=7e-05,	nu11=0.00049)	
2	-7988.7250728345825	(t1=0.00107,	nu11=0.00049)	
2	-727.2379978891113	(t1=7e-05,	nu11=0.00049)	
2	-366.3669979229453	(t1=9e-05,	nu11=0.00049)	
2	-7980.665736924275	(t1=0.00109,	nu11=0.00049)	
2	-366.20424341474427	(t1=9e-05,	nu11=0.00049)	
2	-365.2105454590055	(t1=9e-05,	nu11=0.00049)	
2	-7981.1191188059165	(t1=0.00109,	nu11=0.00049)	
2	-365.20464036788326	(t1=9e-05,	nu11=0.00049)	
2	-445.6896435011877	(t1=8e-05,	nu11=0.00049)	
2	-7984.964050352224	(t1=0.00108,	nu11=0.00049)	
2	-447.07707465882413	(t1=8e-05,	nu11=0.00049)	
2	-365.6822921082494	(t1=9e-05,	nu11=0.00049)	
2	-7981.465329956729	(t1=0.00109,	nu11=0.00049)	
2	-365.7973187530879	(t1=9e-05,	nu11=0.00049)	
2	-365.2087985580438	(t1=9e-05,	nu11=0.00049)	
2	-7981.1860459964955	(t1=0.00109,	nu11=0.00049)	
2	-365.22619378514355	(t1=9e-05,	nu11=0.00049)	
2	-365.23870386136696	(t1=9e-05,	nu11=0.00049)	
2	-7981.238928146369	(t1=0.00109,	nu11=0.00049)	
2	-365.2745360630215	(t1=9e-05,	nu11=0.00049)	
2	-365.2126379276742	(t1=9e-05,	nu11=0.00049)	
2	-7981.196800787293	(t1=0.00109,	nu11=0.00049)	
2	-365.2337808518205	(t1=9e-05,	nu11=0.00049)	
2	-365.2094967304729	(t1=9e-05,	nu11=0.00049)	
2	-7981.188263813907	(t1=0.00109,	nu11=0.00049)	
2	-365.2276647161343	(t1=9e-05,	nu11=0.00049)	
2	-365.2089389556204	(t1=9e-05,	nu11=0.00049)	
2	-7981.186504648242	(t1=0.00109,	nu11=0.00049)	
2	-365.22649398836074	(t1=9e-05,	nu11=0.00049)	
2	-365.2088274388225	(t1=9e-05,	nu11=0.00049)	
2	-7981.186140902515	(t1=0.00109,	nu11=0.00049)	
2	-365.2262557328213	(t1=9e-05,	nu11=0.00049)	
2	-365.2088045270648	(t1=9e-05,	nu11=0.00049)	
2	-7981.186065637739	(t1=0.00109,	nu11=0.00049)	
2	-365.2262065974646	(t1=9e-05,	nu11=0.00049)	
2	-365.2087997927447	(t1=9e-05,	nu11=0.00049)	
2	-7981.186050062068	(t1=0.00109,	nu11=0.00049)	
2	-365.2261964358622	(t1=9e-05,	nu11=0.00049)	
2	-365.20879881322617	(t1=9e-05,	nu11=0.00049)	
2	-7981.186046838819	(t1=0.00109,	nu11=0.00049)	
2	-365.2261943333433	(t1=9e-05,	nu11=0.00049)	
2	-365.20879861089634	(t1=9e-05,	nu11=0.00049)	
2	-7981.186046171235	(t1=0.00109,	nu11=0.00049)	
2	-365.2261938980664	(t1=9e-05,	nu11=0.00049)	
2	-365.2087985689286	(t1=9e-05,	nu11=0.00049)	
2	-7981.186046033283	(t1=0.00109,	nu11=0.00049)	
2	-365.2261938083102	(t1=9e-05,	nu11=0.00049)	
2	-365.20879856013926	(t1=9e-05,	nu11=0.00049)	
2	-7981.18604600447	(t1=0.00109,	nu11=0.00049)	
2	-365.22619378968375	(t1=9e-05,	nu11=0.00049)	
2	-365.2087985582766	(t1=9e-05,	nu11=0.00049)	
2	-7981.1860459992895	(t1=0.00109,	nu11=0.00049)	
2	-365.2261937856092	(t1=9e-05,	nu11=0.00049)	
2	-365.20879855781095	(t1=9e-05,	nu11=0.00049)	
2	-7981.186045997776	(t1=0.00109,	nu11=0.00049)	
2	-365.2261937849107	(t1=9e-05,	nu11=0.00049)	
2	-365.2087985582184	(t1=9e-05,	nu11=0.00049)	
2	-7981.186045997776	(t1=0.00109,	nu11=0.00049)	
2	-365.22619378520176	(t1=9e-05,	nu11=0.00049)	
2	-365.20879855775274	(t1=9e-05,	nu11=0.00049)	
2	-7981.186045997543	(t1=0.00109,	nu11=0.00049)	
2	-365.22619378525997	(t1=9e-05,	nu11=0.00049)	
2	-365.2087985581602	(t1=9e-05,	nu11=0.00049)	
2	-7981.186045997776	(t1=0.00109,	nu11=0.00049)	
2	-365.22619378502714	(t1=9e-05,	nu11=0.00049)	
2	-365.20879855781095	(t1=9e-05,	nu11=0.00049)	
2	-7981.186045997543	(t1=0.00109,	nu11=0.00049)	
2	-365.22619378508534	(t1=9e-05,	nu11=0.00049)	
2	-365.2087985582184	(t1=9e-05,	nu11=0.00049)	
2	-7981.186045997776	(t1=0.00109,	nu11=0.00049)	
2	-365.2261937853182	(t1=9e-05,	nu11=0.00049)	
2	-365.2087985579856	(t1=9e-05,	nu11=0.00049)	
2	-7981.186045997951	(t1=0.00109,	nu11=0.00049)	
2	-365.2261937849107	(t1=9e-05,	nu11=0.00049)	
2	-365.20879855775274	(t1=9e-05,	nu11=0.00049)	
2	-7981.186045997543	(t1=0.00109,	nu11=0.00049)	
2	-365.22619378525997	(t1=9e-05,	nu11=0.00049)	
2	-453.266439422674	(t1=0.0001,	nu11=0.00049)	
