0	-461.8633345292765	(t1=0.0001,	nu11=0.00049)	
1	-461.8633345292765	(t1=0.0001,	nu11=0.00049)	
2	-6324.846068851242	(t1=0.0011,	nu11=0.00049)	
2	-461.57702612446155	(t1=0.0001,	nu11=0.00049)	
2	-459.69994318892714	(t1=0.0001,	nu11=0.00049)	
2	-6325.1395772329415	(t1=0.0011,	nu11=0.00049)	
2	-459.51720468344865	(t1=0.0001,	nu11=0.00049)	
2	-458.4580904194154	(t1=0.0001,	nu11=0.00049)	
2	-6325.43257449806	(t1=0.0011,	nu11=0.00049)	
2	-458.3798616240383	(t1=0.0001,	nu11=0.00049)	
2	-458.29462275421247	(t1=0.0001,	nu11=0.00049)	
2	-6325.505749147502	(t1=0.0011,	nu11=0.00049)	
2	-458.2426682334626	(t1=0.0001,	nu11=0.00049)	
2	-458.1907888224232	(t1=0.0001,	nu11=0.00049)	
2	-6325.578883691516	(t1=0.0011,	nu11=0.00049)	
2	-458.1651631213608	(t1=0.0001,	nu11=0.00049)	
2	-458.1741933322628	(t1=0.0001,	nu11=0.00049)	
2	-6325.597161801241	(t1=0.0011,	nu11=0.00049)	
2	-458.15515859250445	(t1=0.0001,	nu11=0.00049)	
2	-458.1613561431295	(t1=0.0001,	nu11=0.00049)	
2	-6325.615436898021	(t1=0.0011,	nu11=0.00049)	
2	-458.14891556842485	(t1=0.0001,	nu11=0.00049)	
2	-458.1587347150198	(t1=0.0001,	nu11=0.00049)	
2	-6325.620005289442	(t1=0.0011,	nu11=0.00049)	
2	-458.1479432134074	(t1=0.0001,	nu11=0.00049)	
2	-458.15634867263725	(t1=0.0001,	nu11=0.00049)	
2	-6325.624573436915	(t1=0.0011,	nu11=0.00049)	
2	-458.1472064240952	(t1=0.0001,	nu11=0.00049)	
2	-6214.157126753998	(t1=0.0005,	nu11=0.00049)	
2	-458.15564993058797	(t1=0.0001,	nu11=0.00049)	
2	-6325.626003825397	(t1=0.0011,	nu11=0.00049)	
2	-458.1470241548959	(t1=0.0001,	nu11=0.00049)	
2	-458.1549742858042	(t1=0.0001,	nu11=0.00049)	
2	-6325.62743417552	(t1=0.0011,	nu11=0.00049)	
2	-458.14686499506934	(t1=0.0001,	nu11=0.00049)	
2	-6389.325581967481	(t1=0.0008,	nu11=0.00049)	
2	-458.15482744196197	(t1=0.0001,	nu11=0.00049)	
2	-6325.6277516729315	(t1=0.0011,	nu11=0.00049)	
2	-458.1468327997136	(t1=0.0001,	nu11=0.00049)	
2	-458.15468173724366	(t1=0.0001,	nu11=0.00049)	
2	-6325.628069167084	(t1=0.0011,	nu11=0.00049)	
2	-458.14680174394744	(t1=0.0001,	nu11=0.00049)	
2	-6366.221220538777	(t1=0.00095,	nu11=0.00049)	
2	-458.15464741090545	(t1=0.0001,	nu11=0.00049)	
2	-6325.628144327318	(t1=0.0011,	nu11=0.00049)	
2	-458.14679455873556	(t1=0.0001,	nu11=0.00049)	
2	-458.15461314847926	(t1=0.0001,	nu11=0.00049)	
2	-6325.628219487786	(t1=0.0011,	nu11=0.00049)	
2	-458.14678743702825	(t1=0.0001,	nu11=0.00049)	
2	-7769.925426950853	(t1=2e-05,	nu11=0.00049)	
2	-6347.831782717665	(t1=0.00102,	nu11=0.00049)	
2	-7776.7590983049595	(t1=2e-05,	nu11=0.00049)	
2	-458.36813522403827	(t1=0.0001,	nu11=0.00049)	
2	-6325.865999458008	(t1=0.0011,	nu11=0.00049)	
2	-458.4465357756126	(t1=0.0001,	nu11=0.00049)	
2	-458.14570382772945	(t1=0.0001,	nu11=0.00049)	
2	-6325.675375300576	(t1=0.0011,	nu11=0.00049)	
2	-458.1549207784119	(t1=0.0001,	nu11=0.00049)	
2	-458.1564229117939	(t1=0.0001,	nu11=0.00049)	
2	-6325.7124892457505	(t1=0.0011,	nu11=0.00049)	
2	-458.17907331016613	(t1=0.0001,	nu11=0.00049)	
2	-458.1466376655735	(t1=0.0001,	nu11=0.00049)	
2	-6325.683054763998	(t1=0.0011,	nu11=0.00049)	
2	-458.15863276226446	(t1=0.0001,	nu11=0.00049)	
2	-458.14584401174216	(t1=0.0001,	nu11=0.00049)	
2	-6325.676983679121	(t1=0.0011,	nu11=0.00049)	
2	-458.1556427514297	(t1=0.0001,	nu11=0.00049)	
2	-458.1457308278186	(t1=0.0001,	nu11=0.00049)	
2	-6325.6757130071055	(t1=0.0011,	nu11=0.00049)	
2	-458.1550699325744	(t1=0.0001,	nu11=0.00049)	
2	-458.14570939244004	(t1=0.0001,	nu11=0.00049)	
2	-6325.675446245004	(t1=0.0011,	nu11=0.00049)	
2	-458.1549520046683	(t1=0.0001,	nu11=0.00049)	
2	-458.1457049922901	(t1=0.0001,	nu11=0.00049)	
2	-6325.675390206568	(t1=0.0011,	nu11=0.00049)	
2	-458.15492733416613	(t1=0.0001,	nu11=0.00049)	
2	-458.14570407255087	(t1=0.0001,	nu11=0.00049)	
2	-6325.675378432206	(t1=0.0011,	nu11=0.00049)	
2	-458.1549221552559	(t1=0.0001,	nu11=0.00049)	
2	-458.14570387924323	(t1=0.0001,	nu11=0.00049)	
2	-6325.675375958672	(t1=0.0011,	nu11=0.00049)	
2	-458.154921067704	(t1=0.0001,	nu11=0.00049)	
2	-458.1457038387307	(t1=0.0001,	nu11=0.00049)	
2	-6325.675375438994	(t1=0.0011,	nu11=0.00049)	
2	-458.15492083941353	(t1=0.0001,	nu11=0.00049)	
2	-458.14570383005776	(t1=0.0001,	nu11=0.00049)	
2	-6325.67537532968	(t1=0.0011,	nu11=0.00049)	
2	-458.15492079162505	(t1=0.0001,	nu11=0.00049)	
2	-458.14570382848615	(t1=0.0001,	nu11=0.00049)	
2	-6325.675375306688	(t1=0.0011,	nu11=0.00049)	
2	-458.15492078114767	(t1=0.0001,	nu11=0.00049)	
2	-458.1457038281369	(t1=0.0001,	nu11=0.00049)	
2	-6325.67537530174	(t1=0.0011,	nu11=0.00049)	
2	-458.15492077887757	(t1=0.0001,	nu11=0.00049)	
2	-458.1457038283115	(t1=0.0001,	nu11=0.00049)	
2	-6325.675375300751	(t1=0.0011,	nu11=0.00049)	
2	-458.1549207785283	(t1=0.0001,	nu11=0.00049)	
2	-458.1457038273802	(t1=0.0001,	nu11=0.00049)	
2	-6325.675375300634	(t1=0.0011,	nu11=0.00049)	
2	-458.15492077788804	(t1=0.0001,	nu11=0.00049)	
2	-458.14570382778766	(t1=0.0001,	nu11=0.00049)	
2	-6325.675375300925	(t1=0.0011,	nu11=0.00049)	
2	-458.1549207785283	(t1=0.0001,	nu11=0.00049)	
2	-458.14570382778766	(t1=0.0001,	nu11=0.00049)	
2	-6325.675375300692	(t1=0.0011,	nu11=0.00049)	
2	-458.15492077800445	(t1=0.0001,	nu11=0.00049)	
2	-458.14570382778766	(t1=0.0001,	nu11=0.00049)	
2	-6325.675375300576	(t1=0.0011,	nu11=0.00049)	
2	-458.1549207784701	(t1=0.0001,	nu11=0.00049)	
2	-458.1457038273802	(t1=0.0001,	nu11=0.00049)	
2	-6325.675375300634	(t1=0.0011,	nu11=0.00049)	
2	-458.15492077788804	(t1=0.0001,	nu11=0.00049)	
2	-458.14570382772945	(t1=0.0001,	nu11=0.00049)	
2	-6325.675375300401	(t1=0.0011,	nu11=0.00049)	
2	-458.15492077806266	(t1=0.0001,	nu11=0.00049)	
2	-458.1457038273802	(t1=0.0001,	nu11=0.00049)	
2	-6325.675375300634	(t1=0.0011,	nu11=0.00049)	
2	-458.15492077788804	(t1=0.0001,	nu11=0.00049)	
2	-461.8633345292765	(t1=0.0001,	nu11=0.00049)	
