0	-419.67419051215984	(t1=0.0001,	nu11=0.00049)	
1	-419.67419051215984	(t1=0.0001,	nu11=0.00049)	
2	-7574.37405259849	(t1=0.0011,	nu11=0.00049)	
2	-417.67110015591606	(t1=0.0001,	nu11=0.00049)	
2	-388.63097868370824	(t1=0.0001,	nu11=0.00049)	
2	-7574.97830950364	(t1=0.0011,	nu11=0.00049)	
2	-386.7999384038849	(t1=0.0001,	nu11=0.00049)	
2	-359.8121108558844	(t1=0.0001,	nu11=0.00049)	
2	-7575.582923079492	(t1=0.0011,	nu11=0.00049)	
2	-358.156894645188	(t1=0.0001,	nu11=0.00049)	
2	-352.96376204292756	(t1=0.0001,	nu11=0.00049)	
2	-7575.734347494377	(t1=0.0011,	nu11=0.00049)	
2	-351.353150572686	(t1=0.0001,	nu11=0.00049)	
2	-346.2687433139654	(t1=0.0001,	nu11=0.00049)	
2	-7575.885762084217	(t1=0.0011,	nu11=0.00049)	
2	-344.70296034030616	(t1=0.0001,	nu11=0.00049)	
2	-344.6185930177453	(t1=0.0001,	nu11=0.00049)	
2	-7575.923629105324	(t1=0.0011,	nu11=0.00049)	
2	-343.06405645387713	(t1=0.0001,	nu11=0.00049)	
2	-342.9783036339213	(t1=0.0001,	nu11=0.00049)	
2	-7575.961493816692	(t1=0.0011,	nu11=0.00049)	
2	-341.43502689828165	(t1=0.0001,	nu11=0.00049)	
2	-342.56973059719894	(t1=0.0001,	nu11=0.00049)	
2	-7575.9709606997785	(t1=0.0011,	nu11=0.00049)	
2	-341.02927123056725	(t1=0.0001,	nu11=0.00049)	
2	-342.16178446786944	(t1=0.0001,	nu11=0.00049)	
2	-7575.980427265342	(t1=0.0011,	nu11=0.00049)	
2	-340.62414325680584	(t1=0.0001,	nu11=0.00049)	
2	-6820.939554786019	(t1=0.00036,	nu11=0.00049)	
2	-342.0269381485996	(t1=0.0001,	nu11=0.00049)	
2	-7575.983559568063	(t1=0.0011,	nu11=0.00049)	
2	-340.4902296036598	(t1=0.0001,	nu11=0.00049)	
2	-341.8921626439551	(t1=0.0001,	nu11=0.00049)	
2	-7575.986691787315	(t1=0.0011,	nu11=0.00049)	
2	-340.35638683772413	(t1=0.0001,	nu11=0.00049)	
2	-7650.582208446343	(t1=0.00073,	nu11=0.00049)	
2	-341.8631688488531	(t1=0.0001,	nu11=0.00049)	
2	-7575.987365814915	(t1=0.0011,	nu11=0.00049)	
2	-340.32759377232287	(t1=0.0001,	nu11=0.00049)	
2	-341.8341784768854	(t1=0.0001,	nu11=0.00049)	
2	-7575.988039835938	(t1=0.0011,	nu11=0.00049)	
2	-340.29880413308274	(t1=0.0001,	nu11=0.00049)	
2	-7630.0020777813625	(t1=0.00091,	nu11=0.00049)	
2	-341.82740304397885	(t1=0.0001,	nu11=0.00049)	
2	-7575.9881973735755	(t1=0.0011,	nu11=0.00049)	
2	-340.2920756174135	(t1=0.0001,	nu11=0.00049)	
2	-341.82062781392597	(t1=0.0001,	nu11=0.00049)	
2	-7575.988354911271	(t1=0.0011,	nu11=0.00049)	
2	-340.28534730523825	(t1=0.0001,	nu11=0.00049)	
2	-10383.425225073239	(t1=6.39e-06,	nu11=0.00049)	
2	-7606.216642127372	(t1=0.00101,	nu11=0.00049)	
2	-10385.895934061497	(t1=6.39e-06,	nu11=0.00049)	
2	-326.8281597336754	(t1=0.0001,	nu11=0.00049)	
2	-7576.347371052718	(t1=0.0011,	nu11=0.00049)	
2	-325.4004321672255	(t1=0.0001,	nu11=0.00049)	
2	-313.0619980902411	(t1=0.0001,	nu11=0.00049)	
2	-7576.698276310053	(t1=0.0011,	nu11=0.00049)	
2	-311.7406041605864	(t1=0.0001,	nu11=0.00049)	
2	-1342.8999120700755	(t1=5e-05,	nu11=0.00049)	
2	-7592.222467879881	(t1=0.00105,	nu11=0.00049)	
2	-1346.9175197923323	(t1=5e-05,	nu11=0.00049)	
2	-288.74637361679925	(t1=9e-05,	nu11=0.00049)	
2	-7577.386364257371	(t1=0.00109,	nu11=0.00049)	
2	-287.6369091766537	(t1=9e-05,	nu11=0.00049)	
2	-269.9519695941126	(t1=9e-05,	nu11=0.00049)	
2	-7578.010275671491	(t1=0.00109,	nu11=0.00049)	
2	-269.0385014365311	(t1=9e-05,	nu11=0.00049)	
2	-362.07794032327365	(t1=7e-05,	nu11=0.00049)	
2	-7585.27978840674	(t1=0.00107,	nu11=0.00049)	
2	-363.66484420595225	(t1=7e-05,	nu11=0.00049)	
2	-249.30206626892323	(t1=9e-05,	nu11=0.00049)	
2	-7578.881250610924	(t1=0.00109,	nu11=0.00049)	
2	-248.6680999477976	(t1=9e-05,	nu11=0.00049)	
2	-238.38366893853527	(t1=9e-05,	nu11=0.00049)	
2	-7579.536970139481	(t1=0.00109,	nu11=0.00049)	
2	-237.9644762488897	(t1=9e-05,	nu11=0.00049)	
2	-245.60616343963193	(t1=8e-05,	nu11=0.00049)	
2	-7582.434281664668	(t1=0.00108,	nu11=0.00049)	
2	-246.17561887099873	(t1=8e-05,	nu11=0.00049)	
2	-232.66884201439098	(t1=9e-05,	nu11=0.00049)	
2	-7580.0678085002	(t1=0.00109,	nu11=0.00049)	
2	-232.42612906650174	(t1=9e-05,	nu11=0.00049)	
2	-230.41778728115605	(t1=9e-05,	nu11=0.00049)	
2	-7580.440437841404	(t1=0.00109,	nu11=0.00049)	
2	-230.30029345472576	(t1=9e-05,	nu11=0.00049)	
2	-232.03301224834286	(t1=8e-05,	nu11=0.00049)	
2	-7581.4404512133915	(t1=0.00108,	nu11=0.00049)	
2	-232.2566874830518	(t1=8e-05,	nu11=0.00049)	
2	-229.84680823230883	(t1=9e-05,	nu11=0.00049)	
2	-7580.632104957011	(t1=0.00109,	nu11=0.00049)	
2	-229.79413777944865	(t1=9e-05,	nu11=0.00049)	
2	-229.68595085048582	(t1=8e-05,	nu11=0.00049)	
2	-7580.7777388258255	(t1=0.00108,	nu11=0.00049)	
2	-229.6827190538752	(t1=8e-05,	nu11=0.00049)	
2	-230.21947952301707	(t1=8e-05,	nu11=0.00049)	
2	-7581.109435441904	(t1=0.00108,	nu11=0.00049)	
2	-230.3294286688906	(t1=8e-05,	nu11=0.00049)	
2	-229.69061076454818	(t1=8e-05,	nu11=0.00049)	
2	-7580.841231831291	(t1=0.00108,	nu11=0.00049)	
2	-229.70898213790497	(t1=8e-05,	nu11=0.00049)	
2	-229.6831392913591	(t1=8e-05,	nu11=0.00049)	
2	-7580.791093975597	(t1=0.00108,	nu11=0.00049)	
2	-229.68444905627985	(t1=8e-05,	nu11=0.00049)	
2	-229.68234540510457	(t1=8e-05,	nu11=0.00049)	
2	-7580.801587714232	(t1=0.00108,	nu11=0.00049)	
2	-229.68722459906712	(t1=8e-05,	nu11=0.00049)	
2	-229.6825978733832	(t1=8e-05,	nu11=0.00049)	
2	-7580.809852942242	(t1=0.00108,	nu11=0.00049)	
2	-229.69028904184233	(t1=8e-05,	nu11=0.00049)	
2	-229.682334262121	(t1=8e-05,	nu11=0.00049)	
2	-7580.803330889612	(t1=0.00108,	nu11=0.00049)	
2	-229.6878064731136	(t1=8e-05,	nu11=0.00049)	
2	-229.68234974425286	(t1=8e-05,	nu11=0.00049)	
2	-7580.80470552406	(t1=0.00108,	nu11=0.00049)	
2	-229.68828961235704	(t1=8e-05,	nu11=0.00049)	
2	-229.68233574886108	(t1=8e-05,	nu11=0.00049)	
2	-7580.8036211694125	(t1=0.00108,	nu11=0.00049)	
2	-229.68790671322495	(t1=8e-05,	nu11=0.00049)	
2	-229.6823344969307	(t1=8e-05,	nu11=0.00049)	
2	-7580.803392212605	(t1=0.00108,	nu11=0.00049)	
2	-229.68782756949076	(t1=8e-05,	nu11=0.00049)	
2	-229.68233430816326	(t1=8e-05,	nu11=0.00049)	
2	-7580.803343845764	(t1=0.00108,	nu11=0.00049)	
2	-229.6878109264071	(t1=8e-05,	nu11=0.00049)	
2	-229.6823342719581	(t1=8e-05,	nu11=0.00049)	
2	-7580.803333626944	(t1=0.00108,	nu11=0.00049)	
2	-229.68780741345836	(t1=8e-05,	nu11=0.00049)	
2	-229.6823342643329	(t1=8e-05,	nu11=0.00049)	
2	-7580.803331468138	(t1=0.00108,	nu11=0.00049)	
2	-229.6878066715435	(t1=8e-05,	nu11=0.00049)	
2	-229.6823342628777	(t1=8e-05,	nu11=0.00049)	
2	-7580.80333101179	(t1=0.00108,	nu11=0.00049)	
2	-229.68780651444104	(t1=8e-05,	nu11=0.00049)	
2	-229.68233426194638	(t1=8e-05,	nu11=0.00049)	
2	-7580.803330915631	(t1=0.00108,	nu11=0.00049)	
2	-229.68780648172833	(t1=8e-05,	nu11=0.00049)	
2	-229.6823342621792	(t1=8e-05,	nu11=0.00049)	
2	-7580.80333093612	(t1=0.00108,	nu11=0.00049)	
2	-229.68780648888787	(t1=8e-05,	nu11=0.00049)	
2	-229.68233426194638	(t1=8e-05,	nu11=0.00049)	
2	-7580.803330920055	(t1=0.00108,	nu11=0.00049)	
2	-229.68780648318352	(t1=8e-05,	nu11=0.00049)	
2	-229.6823342620046	(t1=8e-05,	nu11=0.00049)	
2	-7580.803330923198	(t1=0.00108,	nu11=0.00049)	
2	-229.6878064844641	(t1=8e-05,	nu11=0.00049)	
2	-229.68233426235383	(t1=8e-05,	nu11=0.00049)	
2	-7580.803330920637	(t1=0.00108,	nu11=0.00049)	
2	-229.68780648318352	(t1=8e-05,	nu11=0.00049)	
2	-229.682334262121	(t1=8e-05,	nu11=0.00049)	
2	-7580.803330920404	(t1=0.00108,	nu11=0.00049)	
2	-229.68780648353277	(t1=8e-05,	nu11=0.00049)	
2	-229.68233426258666	(t1=8e-05,	nu11=0.00049)	
2	-7580.803330920055	(t1=0.00108,	nu11=0.00049)	
2	-229.68780648329994	(t1=8e-05,	nu11=0.00049)	
2	-229.68233426223742	(t1=8e-05,	nu11=0.00049)	
2	-7580.803330919938	(t1=0.00108,	nu11=0.00049)	
2	-229.68780648324173	(t1=8e-05,	nu11=0.00049)	
2	-229.68233426229563	(t1=8e-05,	nu11=0.00049)	
2	-7580.803330919938	(t1=0.00108,	nu11=0.00049)	
2	-229.6878064829507	(t1=8e-05,	nu11=0.00049)	
2	-229.68233426194638	(t1=8e-05,	nu11=0.00049)	
2	-7580.803330920055	(t1=0.00108,	nu11=0.00049)	
2	-229.68780648318352	(t1=8e-05,	nu11=0.00049)	
2	-419.67419051215984	(t1=0.0001,	nu11=0.00049)	
