0	-653.7706017232267	(t1=0.0001,	nu11=0.00049)	
1	-653.7706017232267	(t1=0.0001,	nu11=0.00049)	
2	-7338.653773262864	(t1=0.0011,	nu11=0.00049)	
2	-652.7902692658827	(t1=0.0001,	nu11=0.00049)	
2	-641.7595990337431	(t1=0.0001,	nu11=0.00049)	
2	-7339.158618550864	(t1=0.0011,	nu11=0.00049)	
2	-640.9335360219702	(t1=0.0001,	nu11=0.00049)	
2	-631.6516459611012	(t1=0.0001,	nu11=0.00049)	
2	-7339.662824711297	(t1=0.0011,	nu11=0.00049)	
2	-630.9821154434467	(t1=0.0001,	nu11=0.00049)	
2	-629.4312783567002	(t1=0.0001,	nu11=0.00049)	
2	-7339.788839704124	(t1=0.0011,	nu11=0.00049)	
2	-628.8012493117712	(t1=0.0001,	nu11=0.00049)	
2	-627.3373152659042	(t1=0.0001,	nu11=0.00049)	
2	-7339.914791807532	(t1=0.0011,	nu11=0.00049)	
2	-626.746918532881	(t1=0.0001,	nu11=0.00049)	
2	-626.8336563153425	(t1=0.0001,	nu11=0.00049)	
2	-7339.946274985676	(t1=0.0011,	nu11=0.00049)	
2	-626.253189575742	(t1=0.0001,	nu11=0.00049)	
2	-626.3380261122948	(t1=0.0001,	nu11=0.00049)	
2	-7339.977753019775	(t1=0.0011,	nu11=0.00049)	
2	-625.7674970977241	(t1=0.0001,	nu11=0.00049)	
2	-626.2153691373533	(t1=0.0001,	nu11=0.00049)	
2	-7339.985622131382	(t1=0.0011,	nu11=0.00049)	
2	-625.6473258888582	(t1=0.0001,	nu11=0.00049)	
2	-626.0932175564812	(t1=0.0001,	nu11=0.00049)	
2	-7339.993490797002	(t1=0.0011,	nu11=0.00049)	
2	-625.5276605162071	(t1=0.0001,	nu11=0.00049)	
2	-6914.586049405974	(t1=0.00041,	nu11=0.00049)	
2	-626.0537211638875	(t1=0.0001,	nu11=0.00049)	
2	-7339.9960419414565	(t1=0.0011,	nu11=0.00049)	
2	-625.4889703167137	(t1=0.0001,	nu11=0.00049)	
2	-626.0142784533091	(t1=0.0001,	nu11=0.00049)	
2	-7339.998593005817	(t1=0.0011,	nu11=0.00049)	
2	-625.4503338350914	(t1=0.0001,	nu11=0.00049)	
2	-7416.993725040811	(t1=0.00076,	nu11=0.00049)	
2	-626.0056993608596	(t1=0.0001,	nu11=0.00049)	
2	-7339.99914833135	(t1=0.0011,	nu11=0.00049)	
2	-625.4419302537572	(t1=0.0001,	nu11=0.00049)	
2	-625.9971228492213	(t1=0.0001,	nu11=0.00049)	
2	-7339.999703651061	(t1=0.0011,	nu11=0.00049)	
2	-625.4335292539326	(t1=0.0001,	nu11=0.00049)	
2	-7392.496880601277	(t1=0.00093,	nu11=0.00049)	
2	-625.9951092454139	(t1=0.0001,	nu11=0.00049)	
2	-7339.999834052753	(t1=0.0011,	nu11=0.00049)	
2	-625.4315568652237	(t1=0.0001,	nu11=0.00049)	
2	-625.9930957875913	(t1=0.0001,	nu11=0.00049)	
2	-7339.999964454328	(t1=0.0011,	nu11=0.00049)	
2	-625.4295846228488	(t1=0.0001,	nu11=0.00049)	
2	-10696.086158869788	(t1=1e-05,	nu11=0.00049)	
2	-7369.107818600838	(t1=0.00101,	nu11=0.00049)	
2	-10700.907371065347	(t1=1e-05,	nu11=0.00049)	
2	-621.7379105419386	(t1=0.0001,	nu11=0.00049)	
2	-7340.2991588242585	(t1=0.0011,	nu11=0.00049)	
2	-621.2693833453814	(t1=0.0001,	nu11=0.00049)	
2	-618.2883062346373	(t1=0.0001,	nu11=0.00049)	
2	-7340.592399057932	(t1=0.0011,	nu11=0.00049)	
2	-617.9136824033922	(t1=0.0001,	nu11=0.00049)	
2	-2069.6852949562017	(t1=6e-05,	nu11=0.00049)	
2	-7355.537439441425	(t1=0.00106,	nu11=0.00049)	
2	-2074.652739096433	(t1=6e-05,	nu11=0.00049)	
2	-614.4788516553817	(t1=0.0001,	nu11=0.00049)	
2	-7341.0350667966995	(t1=0.0011,	nu11=0.00049)	
2	-614.2474795035087	(t1=0.0001,	nu11=0.00049)	
2	-612.485007348354	(t1=9e-05,	nu11=0.00049)	
2	-7341.452767719631	(t1=0.00109,	nu11=0.00049)	
2	-612.3904319722205	(t1=9e-05,	nu11=0.00049)	
2	-897.2114419911522	(t1=8e-05,	nu11=0.00049)	
2	-7348.6503855870105	(t1=0.00108,	nu11=0.00049)	
2	-899.6749653046718	(t1=8e-05,	nu11=0.00049)	
2	-612.1097693449119	(t1=9e-05,	nu11=0.00049)	
2	-7341.869772239705	(t1=0.00109,	nu11=0.00049)	
2	-612.1533038617345	(t1=9e-05,	nu11=0.00049)	
2	-613.2079631263623	(t1=9e-05,	nu11=0.00049)	
2	-7342.24542237632	(t1=0.00109,	nu11=0.00049)	
2	-613.3772008769447	(t1=9e-05,	nu11=0.00049)	
2	-612.201591263758	(t1=9e-05,	nu11=0.00049)	
2	-7341.935174113722	(t1=0.00109,	nu11=0.00049)	
2	-612.2669240400428	(t1=9e-05,	nu11=0.00049)	
2	-612.1241416718112	(t1=9e-05,	nu11=0.00049)	
2	-7341.882292231428	(t1=0.00109,	nu11=0.00049)	
2	-612.1718462052522	(t1=9e-05,	nu11=0.00049)	
2	-612.1124493203824	(t1=9e-05,	nu11=0.00049)	
2	-7341.8722102682805	(t1=0.00109,	nu11=0.00049)	
2	-612.1567957617808	(t1=9e-05,	nu11=0.00049)	
2	-612.1102884267457	(t1=9e-05,	nu11=0.00049)	
2	-7341.870248564286	(t1=0.00109,	nu11=0.00049)	
2	-612.153981566662	(t1=9e-05,	nu11=0.00049)	
2	-612.1098706526682	(t1=9e-05,	nu11=0.00049)	
2	-7341.869865361019	(t1=0.00109,	nu11=0.00049)	
2	-612.1534361797385	(t1=9e-05,	nu11=0.00049)	
2	-612.109789145994	(t1=9e-05,	nu11=0.00049)	
2	-7341.869790447177	(t1=0.00109,	nu11=0.00049)	
2	-612.1533297263086	(t1=9e-05,	nu11=0.00049)	
2	-612.1097732166527	(t1=9e-05,	nu11=0.00049)	
2	-7341.869775799918	(t1=0.00109,	nu11=0.00049)	
2	-612.153308918816	(t1=9e-05,	nu11=0.00049)	
2	-612.1097701021936	(t1=9e-05,	nu11=0.00049)	
2	-7341.8697729362175	(t1=0.00109,	nu11=0.00049)	
2	-612.1533048503334	(t1=9e-05,	nu11=0.00049)	
2	-612.1097694927594	(t1=9e-05,	nu11=0.00049)	
2	-7341.86977237626	(t1=0.00109,	nu11=0.00049)	
2	-612.1533040549839	(t1=9e-05,	nu11=0.00049)	
2	-612.1097693738993	(t1=9e-05,	nu11=0.00049)	
2	-7341.869772266597	(t1=0.00109,	nu11=0.00049)	
2	-612.1533038993366	(t1=9e-05,	nu11=0.00049)	
2	-612.1097693504998	(t1=9e-05,	nu11=0.00049)	
2	-7341.86977224506	(t1=0.00109,	nu11=0.00049)	
2	-612.1533038693015	(t1=9e-05,	nu11=0.00049)	
2	-612.1097693456104	(t1=9e-05,	nu11=0.00049)	
2	-7341.869772240869	(t1=0.00109,	nu11=0.00049)	
2	-612.1533038631314	(t1=9e-05,	nu11=0.00049)	
2	-612.1097693450283	(t1=9e-05,	nu11=0.00049)	
2	-7341.869772240287	(t1=0.00109,	nu11=0.00049)	
2	-612.1533038619673	(t1=9e-05,	nu11=0.00049)	
2	-612.1097693451447	(t1=9e-05,	nu11=0.00049)	
2	-7341.869772239705	(t1=0.00109,	nu11=0.00049)	
2	-612.1533038612688	(t1=9e-05,	nu11=0.00049)	
2	-612.1097693446791	(t1=9e-05,	nu11=0.00049)	
2	-7341.869772239705	(t1=0.00109,	nu11=0.00049)	
2	-612.153303861618	(t1=9e-05,	nu11=0.00049)	
2	-612.1097693449119	(t1=9e-05,	nu11=0.00049)	
2	-7341.869772240403	(t1=0.00109,	nu11=0.00049)	
2	-612.153303861618	(t1=9e-05,	nu11=0.00049)	
2	-612.1097693453776	(t1=9e-05,	nu11=0.00049)	
2	-7341.86977224017	(t1=0.00109,	nu11=0.00049)	
2	-612.153303861618	(t1=9e-05,	nu11=0.00049)	
2	-612.1097693446791	(t1=9e-05,	nu11=0.00049)	
2	-7341.869772239705	(t1=0.00109,	nu11=0.00049)	
2	-612.153303861618	(t1=9e-05,	nu11=0.00049)	
2	-653.7706017232267	(t1=0.0001,	nu11=0.00049)	
