0	-844.967663298361	(t1=0.00016,	nu11=0.00075)	
1	-844.967663298361	(t1=0.00016,	nu11=0.00075)	
2	-7064.8679916004185	(t1=0.00116,	nu11=0.00075)	
2	-844.2337035704404	(t1=0.00016,	nu11=0.00075)	
2	-840.2128845230909	(t1=0.00016,	nu11=0.00075)	
2	-7064.961369366385	(t1=0.00116,	nu11=0.00075)	
2	-839.5597782598343	(t1=0.00016,	nu11=0.00075)	
2	-835.9786740067648	(t1=0.00016,	nu11=0.00075)	
2	-7065.053663889994	(t1=0.00116,	nu11=0.00075)	
2	-835.407053320203	(t1=0.00016,	nu11=0.00075)	
2	-835.0026056846837	(t1=0.00016,	nu11=0.00075)	
2	-7065.076573946746	(t1=0.00116,	nu11=0.00075)	
2	-834.4514603337739	(t1=0.00016,	nu11=0.00075)	
2	-834.0601252662018	(t1=0.00016,	nu11=0.00075)	
2	-7065.099413664779	(t1=0.00116,	nu11=0.00075)	
2	-833.5294924945338	(t1=0.00016,	nu11=0.00075)	
2	-833.8297531792196	(t1=0.00016,	nu11=0.00075)	
2	-7065.105113130645	(t1=0.00116,	nu11=0.00075)	
2	-833.3042548440862	(t1=0.00016,	nu11=0.00075)	
2	-833.6015016986057	(t1=0.00016,	nu11=0.00075)	
2	-7065.110808027559	(t1=0.00116,	nu11=0.00075)	
2	-833.081139972317	(t1=0.00016,	nu11=0.00075)	
2	-833.5447685748804	(t1=0.00016,	nu11=0.00075)	
2	-7065.112231085543	(t1=0.00116,	nu11=0.00075)	
2	-833.025691382587	(t1=0.00016,	nu11=0.00075)	
2	-833.4881689697504	(t1=0.00016,	nu11=0.00075)	
2	-7065.113653839217	(t1=0.00116,	nu11=0.00075)	
2	-832.970376430545	(t1=0.00016,	nu11=0.00075)	
2	-6057.530651028035	(t1=0.00052,	nu11=0.00075)	
2	-833.47020569921	(t1=0.00016,	nu11=0.00075)	
2	-7065.114106024383	(t1=0.00116,	nu11=0.00075)	
2	-832.9528215352912	(t1=0.00016,	nu11=0.00075)	
2	-833.4522561168997	(t1=0.00016,	nu11=0.00075)	
2	-7065.114558173693	(t1=0.00116,	nu11=0.00075)	
2	-832.9352803367656	(t1=0.00016,	nu11=0.00075)	
2	-6995.053507987293	(t1=0.00084,	nu11=0.00075)	
2	-833.448306812672	(t1=0.00016,	nu11=0.00075)	
2	-7065.114657697966	(t1=0.00116,	nu11=0.00075)	
2	-832.9314209292643	(t1=0.00016,	nu11=0.00075)	
2	-833.4443581867963	(t1=0.00016,	nu11=0.00075)	
2	-7065.114757220144	(t1=0.00116,	nu11=0.00075)	
2	-832.9275621989509	(t1=0.00016,	nu11=0.00075)	
2	-7061.948831308167	(t1=0.001,	nu11=0.00075)	
2	-833.4434267857578	(t1=0.00016,	nu11=0.00075)	
2	-7065.114780697972	(t1=0.00116,	nu11=0.00075)	
2	-832.9266520049423	(t1=0.00016,	nu11=0.00075)	
2	-833.4424954245333	(t1=0.00016,	nu11=0.00075)	
2	-7065.114804175217	(t1=0.00116,	nu11=0.00075)	
2	-832.9257418505149	(t1=0.00016,	nu11=0.00075)	
2	-3083.0914263270097	(t1=8e-05,	nu11=0.00075)	
2	-7068.260775096598	(t1=0.00108,	nu11=0.00075)	
2	-3089.099617288797	(t1=8e-05,	nu11=0.00075)	
2	-826.4947429253953	(t1=0.00016,	nu11=0.00075)	
2	-7065.325024613994	(t1=0.00116,	nu11=0.00075)	
2	-826.1723043564707	(t1=0.00016,	nu11=0.00075)	
2	-822.8215180953266	(t1=0.00015,	nu11=0.00075)	
2	-7065.516748038819	(t1=0.00115,	nu11=0.00075)	
2	-822.6844605552033	(t1=0.00015,	nu11=0.00075)	
2	-1239.2138402005658	(t1=0.00012,	nu11=0.00075)	
2	-7067.728880700539	(t1=0.00112,	nu11=0.00075)	
2	-1242.2261994237779	(t1=0.00012,	nu11=0.00075)	
2	-822.0557963741012	(t1=0.00015,	nu11=0.00075)	
2	-7065.704767526244	(t1=0.00115,	nu11=0.00075)	
2	-822.1087884369772	(t1=0.00015,	nu11=0.00075)	
2	-823.9846601930913	(t1=0.00015,	nu11=0.00075)	
2	-7065.867428060388	(t1=0.00115,	nu11=0.00075)	
2	-824.2092480985448	(t1=0.00015,	nu11=0.00075)	
2	-822.215073493775	(t1=0.00015,	nu11=0.00075)	
2	-7065.733951546485	(t1=0.00115,	nu11=0.00075)	
2	-822.2983449457679	(t1=0.00015,	nu11=0.00075)	
2	-822.0806010224624	(t1=0.00015,	nu11=0.00075)	
2	-7065.710436961264	(t1=0.00115,	nu11=0.00075)	
2	-822.1394583851798	(t1=0.00015,	nu11=0.00075)	
2	-822.0604535894236	(t1=0.00015,	nu11=0.00075)	
2	-7065.70588514267	(t1=0.00115,	nu11=0.00075)	
2	-822.1146012363024	(t1=0.00015,	nu11=0.00075)	
2	-822.0567080359906	(t1=0.00015,	nu11=0.00075)	
2	-7065.704988472513	(t1=0.00115,	nu11=0.00075)	
2	-822.1099285254022	(t1=0.00015,	nu11=0.00075)	
2	-822.0559763526544	(t1=0.00015,	nu11=0.00075)	
2	-7065.704811230302	(t1=0.00115,	nu11=0.00075)	
2	-822.1090135982959	(t1=0.00015,	nu11=0.00075)	
2	-822.0558319648262	(t1=0.00015,	nu11=0.00075)	
2	-7065.70477617241	(t1=0.00115,	nu11=0.00075)	
2	-822.1088329659542	(t1=0.00015,	nu11=0.00075)	
2	-822.0558034150163	(t1=0.00015,	nu11=0.00075)	
2	-7065.704769237083	(t1=0.00115,	nu11=0.00075)	
2	-822.1087972453097	(t1=0.00015,	nu11=0.00075)	
2	-822.0557977672433	(t1=0.00015,	nu11=0.00075)	
2	-7065.704767865012	(t1=0.00115,	nu11=0.00075)	
2	-822.1087901788997	(t1=0.00015,	nu11=0.00075)	
2	-822.0557966498891	(t1=0.00015,	nu11=0.00075)	
2	-7065.704767593532	(t1=0.00115,	nu11=0.00075)	
2	-822.1087887814501	(t1=0.00015,	nu11=0.00075)	
2	-822.0557964287	(t1=0.00015,	nu11=0.00075)	
2	-7065.704767539632	(t1=0.00115,	nu11=0.00075)	
2	-822.1087885048473	(t1=0.00015,	nu11=0.00075)	
2	-822.0557963849278	(t1=0.00015,	nu11=0.00075)	
2	-7065.704767528921	(t1=0.00115,	nu11=0.00075)	
2	-822.1087884500157	(t1=0.00015,	nu11=0.00075)	
2	-822.0557963760803	(t1=0.00015,	nu11=0.00075)	
2	-7065.704767526593	(t1=0.00115,	nu11=0.00075)	
2	-822.1087884394219	(t1=0.00015,	nu11=0.00075)	
2	-822.0557963745669	(t1=0.00015,	nu11=0.00075)	
2	-7065.704767526127	(t1=0.00115,	nu11=0.00075)	
2	-822.1087884368608	(t1=0.00015,	nu11=0.00075)	
2	-822.0557963742176	(t1=0.00015,	nu11=0.00075)	
2	-7065.7047675267095	(t1=0.00115,	nu11=0.00075)	
2	-822.1087884370936	(t1=0.00015,	nu11=0.00075)	
2	-822.0557963744504	(t1=0.00015,	nu11=0.00075)	
2	-7065.70476752636	(t1=0.00115,	nu11=0.00075)	
2	-822.1087884369772	(t1=0.00015,	nu11=0.00075)	
2	-822.055796374334	(t1=0.00015,	nu11=0.00075)	
2	-7065.704767526593	(t1=0.00115,	nu11=0.00075)	
2	-822.108788436628	(t1=0.00015,	nu11=0.00075)	
2	-822.0557963744504	(t1=0.00015,	nu11=0.00075)	
2	-7065.704767526244	(t1=0.00115,	nu11=0.00075)	
2	-822.1087884369772	(t1=0.00015,	nu11=0.00075)	
2	-822.0557963741012	(t1=0.00015,	nu11=0.00075)	
2	-7065.704767526244	(t1=0.00115,	nu11=0.00075)	
2	-822.1087884369772	(t1=0.00015,	nu11=0.00075)	
2	-844.967663298361	(t1=0.00016,	nu11=0.00075)	
