0	-465.1394095411524	(t1=0.00016,	nu11=0.00075)	
1	-465.1394095411524	(t1=0.00016,	nu11=0.00075)	
2	-7357.851389714342	(t1=0.00116,	nu11=0.00075)	
2	-463.55294025089825	(t1=0.00016,	nu11=0.00075)	
2	-450.9717403141549	(t1=0.00016,	nu11=0.00075)	
2	-7357.965581566794	(t1=0.00116,	nu11=0.00075)	
2	-449.4932673103758	(t1=0.00016,	nu11=0.00075)	
2	-437.65733394335257	(t1=0.00016,	nu11=0.00075)	
2	-7358.0778520391905	(t1=0.00116,	nu11=0.00075)	
2	-436.2882288118708	(t1=0.00016,	nu11=0.00075)	
2	-434.4634696856374	(t1=0.00016,	nu11=0.00075)	
2	-7358.105637063272	(t1=0.00116,	nu11=0.00075)	
2	-433.1219404275762	(t1=0.00016,	nu11=0.00075)	
2	-431.3259198636515	(t1=0.00016,	nu11=0.00075)	
2	-7358.133296528074	(t1=0.00116,	nu11=0.00075)	
2	-430.0120483810315	(t1=0.00016,	nu11=0.00075)	
2	-430.55022361601004	(t1=0.00016,	nu11=0.00075)	
2	-7358.140193214815	(t1=0.00116,	nu11=0.00075)	
2	-429.24328084359877	(t1=0.00016,	nu11=0.00075)	
2	-429.77811544324504	(t1=0.00016,	nu11=0.00075)	
2	-7358.147081773961	(t1=0.00116,	nu11=0.00075)	
2	-428.4781062376569	(t1=0.00016,	nu11=0.00075)	
2	-429.58563715289347	(t1=0.00016,	nu11=0.00075)	
2	-7358.14880275738	(t1=0.00116,	nu11=0.00075)	
2	-428.28736221283907	(t1=0.00016,	nu11=0.00075)	
2	-429.39338691259036	(t1=0.00016,	nu11=0.00075)	
2	-7358.1505232036	(t1=0.00116,	nu11=0.00075)	
2	-428.09684651193675	(t1=0.00016,	nu11=0.00075)	
2	-5699.489912212361	(t1=0.00045,	nu11=0.00075)	
2	-429.33054277545307	(t1=0.00016,	nu11=0.00075)	
2	-7358.1510859222035	(t1=0.00116,	nu11=0.00075)	
2	-428.03456987958634	(t1=0.00016,	nu11=0.00075)	
2	-429.2677239391487	(t1=0.00016,	nu11=0.00075)	
2	-7358.151648575207	(t1=0.00116,	nu11=0.00075)	
2	-427.9723185701878	(t1=0.00016,	nu11=0.00075)	
2	-7250.362098738668	(t1=0.0008,	nu11=0.00075)	
2	-429.254121442209	(t1=0.00016,	nu11=0.00075)	
2	-7358.1517704313155	(t1=0.00116,	nu11=0.00075)	
2	-427.9588389961282	(t1=0.00016,	nu11=0.00075)	
2	-429.2405201944057	(t1=0.00016,	nu11=0.00075)	
2	-7358.151892282534	(t1=0.00116,	nu11=0.00075)	
2	-427.94536067085573	(t1=0.00016,	nu11=0.00075)	
2	-7349.7517952711205	(t1=0.00098,	nu11=0.00075)	
2	-429.237333044759	(t1=0.00016,	nu11=0.00075)	
2	-7358.151920837176	(t1=0.00116,	nu11=0.00075)	
2	-427.9422023273655	(t1=0.00016,	nu11=0.00075)	
2	-429.23414597066585	(t1=0.00016,	nu11=0.00075)	
2	-7358.1519493914675	(t1=0.00116,	nu11=0.00075)	
2	-427.93904405931244	(t1=0.00016,	nu11=0.00075)	
2	-2845.0519700765726	(t1=7e-05,	nu11=0.00075)	
2	-7360.223877252662	(t1=0.00107,	nu11=0.00075)	
2	-2850.9860776724527	(t1=7e-05,	nu11=0.00075)	
2	-405.12986985302996	(t1=0.00015,	nu11=0.00075)	
2	-7358.382443614071	(t1=0.00115,	nu11=0.00075)	
2	-404.07494416390546	(t1=0.00015,	nu11=0.00075)	
2	-386.79353283997625	(t1=0.00015,	nu11=0.00075)	
2	-7358.587733132357	(t1=0.00115,	nu11=0.00075)	
2	-385.96652727073524	(t1=0.00015,	nu11=0.00075)	
2	-700.2339504496776	(t1=0.00011,	nu11=0.00075)	
2	-7360.472610520548	(t1=0.00111,	nu11=0.00075)	
2	-702.9275503406534	(t1=0.00011,	nu11=0.00075)	
2	-369.9964239959372	(t1=0.00015,	nu11=0.00075)	
2	-7358.8280605526525	(t1=0.00115,	nu11=0.00075)	
2	-369.4555214814609	(t1=0.00015,	nu11=0.00075)	
2	-361.12598166352836	(t1=0.00014,	nu11=0.00075)	
2	-7359.019047431648	(t1=0.00114,	nu11=0.00075)	
2	-360.8296150529641	(t1=0.00014,	nu11=0.00075)	
2	-416.45940822619013	(t1=0.00013,	nu11=0.00075)	
2	-7359.916642667376	(t1=0.00113,	nu11=0.00075)	
2	-417.6229635232012	(t1=0.00013,	nu11=0.00075)	
2	-357.77841095399344	(t1=0.00014,	nu11=0.00075)	
2	-7359.155928548018	(t1=0.00114,	nu11=0.00075)	
2	-357.668115968816	(t1=0.00014,	nu11=0.00075)	
2	-357.2375009643147	(t1=0.00014,	nu11=0.00075)	
2	-7359.261801477871	(t1=0.00114,	nu11=0.00075)	
2	-357.2781244170037	(t1=0.00014,	nu11=0.00075)	
2	-372.249939720321	(t1=0.00013,	nu11=0.00075)	
2	-7359.6132133776555	(t1=0.00113,	nu11=0.00075)	
2	-372.8448465312831	(t1=0.00013,	nu11=0.00075)	
2	-357.75302452303004	(t1=0.00014,	nu11=0.00075)	
2	-7359.316593692463	(t1=0.00114,	nu11=0.00075)	
2	-357.8743782329839	(t1=0.00014,	nu11=0.00075)	
2	-357.2925845955033	(t1=0.00014,	nu11=0.00075)	
2	-7359.272380070761	(t1=0.00114,	nu11=0.00075)	
2	-357.3486496609403	(t1=0.00014,	nu11=0.00075)	
2	-357.2468614978716	(t1=0.00014,	nu11=0.00075)	
2	-7359.263918403827	(t1=0.00114,	nu11=0.00075)	
2	-357.2905695865047	(t1=0.00014,	nu11=0.00075)	
2	-357.23932069179136	(t1=0.00014,	nu11=0.00075)	
2	-7359.262228084612	(t1=0.00114,	nu11=0.00075)	
2	-357.280565547233	(t1=0.00014,	nu11=0.00075)	
2	-357.2378654885688	(t1=0.00014,	nu11=0.00075)	
2	-7359.261887569621	(t1=0.00114,	nu11=0.00075)	
2	-357.2786143355188	(t1=0.00014,	nu11=0.00075)	
2	-357.2375744380406	(t1=0.00014,	nu11=0.00075)	
2	-7359.261818856408	(t1=0.00114,	nu11=0.00075)	
2	-357.278223202331	(t1=0.00014,	nu11=0.00075)	
2	-357.237515792076	(t1=0.00014,	nu11=0.00075)	
2	-7359.261804986629	(t1=0.00114,	nu11=0.00075)	
2	-357.2781443541753	(t1=0.00014,	nu11=0.00075)	
2	-357.237503957178	(t1=0.00014,	nu11=0.00075)	
2	-7359.261802185909	(t1=0.00114,	nu11=0.00075)	
2	-357.2781284417142	(t1=0.00014,	nu11=0.00075)	
2	-357.23750156816095	(t1=0.00014,	nu11=0.00075)	
2	-7359.261801620887	(t1=0.00114,	nu11=0.00075)	
2	-357.278125229117	(t1=0.00014,	nu11=0.00075)	
2	-357.2375010859687	(t1=0.00014,	nu11=0.00075)	
2	-7359.261801506742	(t1=0.00114,	nu11=0.00075)	
2	-357.27812458074186	(t1=0.00014,	nu11=0.00075)	
2	-357.23750098841265	(t1=0.00014,	nu11=0.00075)	
2	-7359.26180148375	(t1=0.00114,	nu11=0.00075)	
2	-357.27812444936717	(t1=0.00014,	nu11=0.00075)	
2	-357.2375009689131	(t1=0.00014,	nu11=0.00075)	
2	-7359.261801479268	(t1=0.00114,	nu11=0.00075)	
2	-357.2781244228827	(t1=0.00014,	nu11=0.00075)	
2	-357.2375009651296	(t1=0.00014,	nu11=0.00075)	
2	-7359.261801478104	(t1=0.00114,	nu11=0.00075)	
2	-357.27812441810966	(t1=0.00014,	nu11=0.00075)	
2	-357.23750096408185	(t1=0.00014,	nu11=0.00075)	
2	-7359.261801477638	(t1=0.00114,	nu11=0.00075)	
2	-357.27812441729475	(t1=0.00014,	nu11=0.00075)	
2	-357.23750096495496	(t1=0.00014,	nu11=0.00075)	
2	-7359.261801477522	(t1=0.00114,	nu11=0.00075)	
2	-357.2781244169455	(t1=0.00014,	nu11=0.00075)	
2	-357.2375009643729	(t1=0.00014,	nu11=0.00075)	
2	-7359.261801477929	(t1=0.00114,	nu11=0.00075)	
2	-357.2781244170037	(t1=0.00014,	nu11=0.00075)	
2	-357.2375009644311	(t1=0.00014,	nu11=0.00075)	
2	-7359.261801477813	(t1=0.00114,	nu11=0.00075)	
2	-357.2781244169455	(t1=0.00014,	nu11=0.00075)	
2	-357.2375009644311	(t1=0.00014,	nu11=0.00075)	
2	-7359.261801477696	(t1=0.00114,	nu11=0.00075)	
2	-357.27812441741116	(t1=0.00014,	nu11=0.00075)	
2	-357.23750096408185	(t1=0.00014,	nu11=0.00075)	
2	-7359.261801477638	(t1=0.00114,	nu11=0.00075)	
2	-357.27812441729475	(t1=0.00014,	nu11=0.00075)	
2	-357.2375009643147	(t1=0.00014,	nu11=0.00075)	
2	-7359.261801477871	(t1=0.00114,	nu11=0.00075)	
2	-357.2781244168291	(t1=0.00014,	nu11=0.00075)	
2	-357.23750096408185	(t1=0.00014,	nu11=0.00075)	
2	-7359.261801477638	(t1=0.00114,	nu11=0.00075)	
2	-357.27812441729475	(t1=0.00014,	nu11=0.00075)	
2	-465.1394095411524	(t1=0.00016,	nu11=0.00075)	
