0	-693.3476761180209	(t1=0.0001,	nu11=0.00049)	
1	-693.3476761180209	(t1=0.0001,	nu11=0.00049)	
2	-5873.860281876638	(t1=0.0011,	nu11=0.00049)	
2	-694.1176832269412	(t1=0.0001,	nu11=0.00049)	
2	-698.3324027373455	(t1=0.0001,	nu11=0.00049)	
2	-5874.075644324999	(t1=0.0011,	nu11=0.00049)	
2	-699.1775236658286	(t1=0.0001,	nu11=0.00049)	
2	-693.6872635846958	(t1=0.0001,	nu11=0.00049)	
2	-5873.875675415155	(t1=0.0011,	nu11=0.00049)	
2	-694.4626228868729	(t1=0.0001,	nu11=0.00049)	
2	-693.3726000036113	(t1=0.0001,	nu11=0.00049)	
2	-5873.861415629275	(t1=0.0011,	nu11=0.00049)	
2	-694.143001219607	(t1=0.0001,	nu11=0.00049)	
2	-693.349515285925	(t1=0.0001,	nu11=0.00049)	
2	-5873.86036555958	(t1=0.0011,	nu11=0.00049)	
2	-694.1195514834253	(t1=0.0001,	nu11=0.00049)	
2	-693.3478118864587	(t1=0.0001,	nu11=0.00049)	
2	-5873.860288054217	(t1=0.0011,	nu11=0.00049)	
2	-694.1178211428924	(t1=0.0001,	nu11=0.00049)	
2	-693.3476861410309	(t1=0.0001,	nu11=0.00049)	
2	-5873.860282332986	(t1=0.0011,	nu11=0.00049)	
2	-694.1176934083924	(t1=0.0001,	nu11=0.00049)	
2	-693.3476768580731	(t1=0.0001,	nu11=0.00049)	
2	-5873.860281910747	(t1=0.0011,	nu11=0.00049)	
2	-694.117683978402	(t1=0.0001,	nu11=0.00049)	
2	-693.3476761725033	(t1=0.0001,	nu11=0.00049)	
2	-5873.860281879199	(t1=0.0011,	nu11=0.00049)	
2	-694.1176832824713	(t1=0.0001,	nu11=0.00049)	
2	-693.347676121979	(t1=0.0001,	nu11=0.00049)	
2	-5873.860281876987	(t1=0.0011,	nu11=0.00049)	
2	-694.1176832307829	(t1=0.0001,	nu11=0.00049)	
2	-693.3476761182537	(t1=0.0001,	nu11=0.00049)	
2	-5873.860281876405	(t1=0.0011,	nu11=0.00049)	
2	-694.1176832269412	(t1=0.0001,	nu11=0.00049)	
2	-693.3476761177881	(t1=0.0001,	nu11=0.00049)	
2	-5873.860281876405	(t1=0.0011,	nu11=0.00049)	
2	-694.1176832272904	(t1=0.0001,	nu11=0.00049)	
2	-693.3476761179045	(t1=0.0001,	nu11=0.00049)	
2	-5873.860281876521	(t1=0.0011,	nu11=0.00049)	
2	-694.1176832272904	(t1=0.0001,	nu11=0.00049)	
2	-693.3476761179045	(t1=0.0001,	nu11=0.00049)	
2	-5873.860281876405	(t1=0.0011,	nu11=0.00049)	
2	-694.1176832268247	(t1=0.0001,	nu11=0.00049)	
2	-693.3476761177881	(t1=0.0001,	nu11=0.00049)	
2	-5873.860281876405	(t1=0.0011,	nu11=0.00049)	
2	-694.1176832272904	(t1=0.0001,	nu11=0.00049)	
2	-693.3476761179045	(t1=0.0001,	nu11=0.00049)	
2	-5873.860281876405	(t1=0.0011,	nu11=0.00049)	
2	-694.1176832269412	(t1=0.0001,	nu11=0.00049)	
2	-693.3476761177881	(t1=0.0001,	nu11=0.00049)	
2	-5873.860281876405	(t1=0.0011,	nu11=0.00049)	
2	-694.1176832272904	(t1=0.0001,	nu11=0.00049)	
2	-693.3476761179045	(t1=0.0001,	nu11=0.00049)	
2	-5873.860281876405	(t1=0.0011,	nu11=0.00049)	
2	-694.1176832269412	(t1=0.0001,	nu11=0.00049)	
2	-693.3476761177881	(t1=0.0001,	nu11=0.00049)	
2	-5873.860281876405	(t1=0.0011,	nu11=0.00049)	
2	-694.1176832272904	(t1=0.0001,	nu11=0.00049)	
2	-693.3476761179045	(t1=0.0001,	nu11=0.00049)	
2	-5873.860281876405	(t1=0.0011,	nu11=0.00049)	
2	-694.1176832269412	(t1=0.0001,	nu11=0.00049)	
2	-693.3476761177881	(t1=0.0001,	nu11=0.00049)	
2	-5873.860281876405	(t1=0.0011,	nu11=0.00049)	
2	-694.1176832272904	(t1=0.0001,	nu11=0.00049)	
2	-693.3476761179045	(t1=0.0001,	nu11=0.00049)	
2	-5873.860281876405	(t1=0.0011,	nu11=0.00049)	
2	-694.1176832269412	(t1=0.0001,	nu11=0.00049)	
2	-693.3476761177881	(t1=0.0001,	nu11=0.00049)	
2	-5873.860281876405	(t1=0.0011,	nu11=0.00049)	
2	-694.1176832272904	(t1=0.0001,	nu11=0.00049)	
2	-693.3476761179045	(t1=0.0001,	nu11=0.00049)	
2	-5873.860281876405	(t1=0.0011,	nu11=0.00049)	
2	-694.1176832269412	(t1=0.0001,	nu11=0.00049)	
2	-693.3476761177881	(t1=0.0001,	nu11=0.00049)	
2	-5873.860281876405	(t1=0.0011,	nu11=0.00049)	
2	-694.1176832272904	(t1=0.0001,	nu11=0.00049)	
2	-693.3476761179045	(t1=0.0001,	nu11=0.00049)	
2	-5873.860281876405	(t1=0.0011,	nu11=0.00049)	
2	-694.1176832269412	(t1=0.0001,	nu11=0.00049)	
2	-693.3476761177881	(t1=0.0001,	nu11=0.00049)	
2	-5873.860281876405	(t1=0.0011,	nu11=0.00049)	
2	-694.1176832272904	(t1=0.0001,	nu11=0.00049)	
2	-693.3476761179045	(t1=0.0001,	nu11=0.00049)	
2	-5873.860281876405	(t1=0.0011,	nu11=0.00049)	
2	-694.1176832269412	(t1=0.0001,	nu11=0.00049)	
2	-693.3476761177881	(t1=0.0001,	nu11=0.00049)	
2	-5873.860281876405	(t1=0.0011,	nu11=0.00049)	
2	-694.1176832272904	(t1=0.0001,	nu11=0.00049)	
2	-693.3476761179045	(t1=0.0001,	nu11=0.00049)	
2	-5873.860281876405	(t1=0.0011,	nu11=0.00049)	
2	-694.1176832269412	(t1=0.0001,	nu11=0.00049)	
2	-693.3476761177881	(t1=0.0001,	nu11=0.00049)	
2	-5873.860281876405	(t1=0.0011,	nu11=0.00049)	
2	-694.1176832272904	(t1=0.0001,	nu11=0.00049)	
2	-693.3476761179045	(t1=0.0001,	nu11=0.00049)	
2	-5873.860281876405	(t1=0.0011,	nu11=0.00049)	
2	-694.1176832269412	(t1=0.0001,	nu11=0.00049)	
2	-693.3476761177881	(t1=0.0001,	nu11=0.00049)	
2	-5873.860281876405	(t1=0.0011,	nu11=0.00049)	
2	-694.1176832272904	(t1=0.0001,	nu11=0.00049)	
2	-693.3476761180209	(t1=0.0001,	nu11=0.00049)	
