0	-857.0617811987177	(t1=0.0001,	nu11=0.00049)	
1	-857.0617811987177	(t1=0.0001,	nu11=0.00049)	
2	-11579.033775966149	(t1=0.0011,	nu11=0.00049)	
2	-852.721830267983	(t1=0.0001,	nu11=0.00049)	
2	-643.6559454427916	(t1=0.0001,	nu11=0.00049)	
2	-11581.81643530511	(t1=0.0011,	nu11=0.00049)	
2	-640.0257025222527	(t1=0.0001,	nu11=0.00049)	
2	-456.2149759667809	(t1=9e-05,	nu11=0.00049)	
2	-11584.620554416731	(t1=0.00109,	nu11=0.00049)	
2	-453.35154971532756	(t1=9e-05,	nu11=0.00049)	
2	-414.12611379654845	(t1=9e-05,	nu11=0.00049)	
2	-11585.32839282538	(t1=0.00109,	nu11=0.00049)	
2	-411.46413233096246	(t1=9e-05,	nu11=0.00049)	
2	-374.3797646035091	(t1=9e-05,	nu11=0.00049)	
2	-11586.036584089394	(t1=0.00109,	nu11=0.00049)	
2	-371.9223865987151	(t1=9e-05,	nu11=0.00049)	
2	-364.81314569321694	(t1=9e-05,	nu11=0.00049)	
2	-11586.213922501716	(t1=0.00109,	nu11=0.00049)	
2	-362.4074728503474	(t1=9e-05,	nu11=0.00049)	
2	-355.4061772557325	(t1=9e-05,	nu11=0.00049)	
2	-11586.391251495457	(t1=0.00109,	nu11=0.00049)	
2	-353.052392732352	(t1=9e-05,	nu11=0.00049)	
2	-353.07878153579077	(t1=9e-05,	nu11=0.00049)	
2	-11586.435598715616	(t1=0.00109,	nu11=0.00049)	
2	-350.7380023819278	(t1=9e-05,	nu11=0.00049)	
2	-350.76165495970054	(t1=9e-05,	nu11=0.00049)	
2	-11586.47994327161	(t1=0.00109,	nu11=0.00049)	
2	-348.4338919178117	(t1=9e-05,	nu11=0.00049)	
2	-9349.91297920735	(t1=8.50e-06,	nu11=0.00049)	
2	-349.85954076744383	(t1=9e-05,	nu11=0.00049)	
2	-11586.497260473669	(t1=0.00109,	nu11=0.00049)	
2	-347.5368638326181	(t1=9e-05,	nu11=0.00049)	
2	-348.9590449501993	(t1=9e-05,	nu11=0.00049)	
2	-11586.514576403948	(t1=0.00109,	nu11=0.00049)	
2	-346.64145550184185	(t1=9e-05,	nu11=0.00049)	
2	-11557.678970098204	(t1=0.00055,	nu11=0.00049)	
2	-348.7834810776985	(t1=9e-05,	nu11=0.00049)	
2	-11586.517955862917	(t1=0.00109,	nu11=0.00049)	
2	-346.46688473271206	(t1=9e-05,	nu11=0.00049)	
2	-348.6079809736111	(t1=9e-05,	nu11=0.00049)	
2	-11586.521335235564	(t1=0.00109,	nu11=0.00049)	
2	-346.2923777717515	(t1=9e-05,	nu11=0.00049)	
2	-11682.27538150025	(t1=0.00082,	nu11=0.00049)	
2	-348.5684503313969	(t1=9e-05,	nu11=0.00049)	
2	-11586.522096582165	(t1=0.00109,	nu11=0.00049)	
2	-346.25307088601403	(t1=9e-05,	nu11=0.00049)	
2	-348.52892314386554	(t1=9e-05,	nu11=0.00049)	
2	-11586.522857919452	(t1=0.00109,	nu11=0.00049)	
2	-346.2137674560654	(t1=9e-05,	nu11=0.00049)	
2	-11645.209403330344	(t1=0.00095,	nu11=0.00049)	
2	-348.5195071179187	(t1=9e-05,	nu11=0.00049)	
2	-11586.523039290681	(t1=0.00109,	nu11=0.00049)	
2	-346.20440473634517	(t1=9e-05,	nu11=0.00049)	
2	-348.51009131385945	(t1=9e-05,	nu11=0.00049)	
2	-11586.523220661678	(t1=0.00109,	nu11=0.00049)	
2	-346.19504223775584	(t1=9e-05,	nu11=0.00049)	
2	-5437.65513381362	(t1=2e-05,	nu11=0.00049)	
2	-11618.315359743487	(t1=0.00102,	nu11=0.00049)	
2	-5443.037240299163	(t1=2e-05,	nu11=0.00049)	
2	-310.04710880469065	(t1=9e-05,	nu11=0.00049)	
2	-11587.294444064493	(t1=0.00109,	nu11=0.00049)	
2	-307.9604436994996	(t1=9e-05,	nu11=0.00049)	
2	-276.5126070653787	(t1=8e-05,	nu11=0.00049)	
2	-11588.027782101068	(t1=0.00108,	nu11=0.00049)	
2	-274.6462204858544	(t1=8e-05,	nu11=0.00049)	
2	-697.628094195039	(t1=5e-05,	nu11=0.00049)	
2	-11603.732858326635	(t1=0.00105,	nu11=0.00049)	
2	-700.8368092766032	(t1=5e-05,	nu11=0.00049)	
2	-222.10228476778138	(t1=8e-05,	nu11=0.00049)	
2	-11589.406809924403	(t1=0.00108,	nu11=0.00049)	
2	-220.65793880750425	(t1=8e-05,	nu11=0.00049)	
2	-187.32405681966338	(t1=8e-05,	nu11=0.00049)	
2	-11590.513045180298	(t1=0.00108,	nu11=0.00049)	
2	-186.2251410720637	(t1=8e-05,	nu11=0.00049)	
2	-190.90171666746028	(t1=7e-05,	nu11=0.00049)	
2	-11597.224274770939	(t1=0.00107,	nu11=0.00049)	
2	-191.9917127356748	(t1=7e-05,	nu11=0.00049)	
2	-155.94236707803793	(t1=8e-05,	nu11=0.00049)	
2	-11591.904702510568	(t1=0.00108,	nu11=0.00049)	
2	-155.28581714560278	(t1=8e-05,	nu11=0.00049)	
2	-144.39475950622	(t1=8e-05,	nu11=0.00049)	
2	-11592.73098556418	(t1=0.00108,	nu11=0.00049)	
2	-144.00451382715255	(t1=8e-05,	nu11=0.00049)	
2	-142.92366027564276	(t1=7e-05,	nu11=0.00049)	
2	-11594.9891369369	(t1=0.00107,	nu11=0.00049)	
2	-143.27226605650503	(t1=7e-05,	nu11=0.00049)	
2	-145.29340547294123	(t1=7e-05,	nu11=0.00049)	
2	-11595.20587870432	(t1=0.00107,	nu11=0.00049)	
2	-145.7135962935281	(t1=7e-05,	nu11=0.00049)	
2	-143.2071302268887	(t1=7e-05,	nu11=0.00049)	
2	-11595.017478274298	(t1=0.00107,	nu11=0.00049)	
2	-143.56509125541197	(t1=7e-05,	nu11=0.00049)	
2	-142.9614671418094	(t1=7e-05,	nu11=0.00049)	
2	-11594.992962996825	(t1=0.00107,	nu11=0.00049)	
2	-143.31133577949367	(t1=7e-05,	nu11=0.00049)	
2	-142.9287772940006	(t1=7e-05,	nu11=0.00049)	
2	-11594.989655633923	(t1=0.00107,	nu11=0.00049)	
2	-143.27755427767988	(t1=7e-05,	nu11=0.00049)	
2	-142.92435422621202	(t1=7e-05,	nu11=0.00049)	
2	-11594.989207296749	(t1=0.00107,	nu11=0.00049)	
2	-143.27298322983552	(t1=7e-05,	nu11=0.00049)	
2	-142.9237544114003	(t1=7e-05,	nu11=0.00049)	
2	-11594.989146482025	(t1=0.00107,	nu11=0.00049)	
2	-143.27236334246118	(t1=7e-05,	nu11=0.00049)	
2	-142.92367304547224	(t1=7e-05,	nu11=0.00049)	
2	-11594.98913823202	(t1=0.00107,	nu11=0.00049)	
2	-143.27227925352054	(t1=7e-05,	nu11=0.00049)	
2	-142.92366200790275	(t1=7e-05,	nu11=0.00049)	
2	-11594.989137112745	(t1=0.00107,	nu11=0.00049)	
2	-143.27226784650702	(t1=7e-05,	nu11=0.00049)	
2	-142.92366051027784	(t1=7e-05,	nu11=0.00049)	
2	-11594.989136961114	(t1=0.00107,	nu11=0.00049)	
2	-143.27226629905635	(t1=7e-05,	nu11=0.00049)	
2	-142.92366030660924	(t1=7e-05,	nu11=0.00049)	
2	-11594.989136940334	(t1=0.00107,	nu11=0.00049)	
2	-143.27226608904311	(t1=7e-05,	nu11=0.00049)	
2	-142.92366027948447	(t1=7e-05,	nu11=0.00049)	
2	-11594.989136937656	(t1=0.00107,	nu11=0.00049)	
2	-143.27226606057957	(t1=7e-05,	nu11=0.00049)	
2	-142.9236602759338	(t1=7e-05,	nu11=0.00049)	
2	-11594.989136937133	(t1=0.00107,	nu11=0.00049)	
2	-143.27226605650503	(t1=7e-05,	nu11=0.00049)	
2	-142.92366027558455	(t1=7e-05,	nu11=0.00049)	
2	-11594.989136937307	(t1=0.00107,	nu11=0.00049)	
2	-143.2722660562722	(t1=7e-05,	nu11=0.00049)	
2	-142.9236602751771	(t1=7e-05,	nu11=0.00049)	
2	-11594.989136937365	(t1=0.00107,	nu11=0.00049)	
2	-143.27226605638862	(t1=7e-05,	nu11=0.00049)	
2	-142.92366027540993	(t1=7e-05,	nu11=0.00049)	
2	-11594.989136937424	(t1=0.00107,	nu11=0.00049)	
2	-143.27226605603937	(t1=7e-05,	nu11=0.00049)	
2	-142.9236602752353	(t1=7e-05,	nu11=0.00049)	
2	-11594.989136937424	(t1=0.00107,	nu11=0.00049)	
2	-143.27226605603937	(t1=7e-05,	nu11=0.00049)	
2	-142.92366027535172	(t1=7e-05,	nu11=0.00049)	
2	-11594.989136937074	(t1=0.00107,	nu11=0.00049)	
2	-143.27226605592296	(t1=7e-05,	nu11=0.00049)	
2	-142.9236602751771	(t1=7e-05,	nu11=0.00049)	
2	-11594.989136937365	(t1=0.00107,	nu11=0.00049)	
2	-143.27226605638862	(t1=7e-05,	nu11=0.00049)	
2	-142.92366027564276	(t1=7e-05,	nu11=0.00049)	
2	-11594.989136937598	(t1=0.00107,	nu11=0.00049)	
2	-143.27226605603937	(t1=7e-05,	nu11=0.00049)	
2	-142.9236602751771	(t1=7e-05,	nu11=0.00049)	
2	-11594.989136937365	(t1=0.00107,	nu11=0.00049)	
2	-143.27226605638862	(t1=7e-05,	nu11=0.00049)	
2	-857.0617811987177	(t1=0.0001,	nu11=0.00049)	
