0	-1385.9819289573934	(t1=0.00016,	nu11=0.00075)	
1	-1385.9819289573934	(t1=0.00016,	nu11=0.00075)	
2	-3591.022911642678	(t1=0.00116,	nu11=0.00075)	
2	-1388.6976701901294	(t1=0.00016,	nu11=0.00075)	
2	-1386.8343019065214	(t1=0.00016,	nu11=0.00075)	
2	-3591.0254809828475	(t1=0.00116,	nu11=0.00075)	
2	-1389.5533098811284	(t1=0.00016,	nu11=0.00075)	
2	-1385.9986663312884	(t1=0.00016,	nu11=0.00075)	
2	-3591.022962146206	(t1=0.00116,	nu11=0.00075)	
2	-1388.7144717510091	(t1=0.00016,	nu11=0.00075)	
2	-1385.9822580729378	(t1=0.00016,	nu11=0.00075)	
2	-3591.022912635701	(t1=0.00116,	nu11=0.00075)	
2	-1388.6980005673831	(t1=0.00016,	nu11=0.00075)	
2	-1385.9819354293868	(t1=0.00016,	nu11=0.00075)	
2	-3591.0229116623523	(t1=0.00116,	nu11=0.00075)	
2	-1388.6976766866865	(t1=0.00016,	nu11=0.00075)	
2	-1385.9819290848682	(t1=0.00016,	nu11=0.00075)	
2	-3591.0229116430273	(t1=0.00116,	nu11=0.00075)	
2	-1388.6976703180699	(t1=0.00016,	nu11=0.00075)	
2	-1385.9819289601874	(t1=0.00016,	nu11=0.00075)	
2	-3591.022911642678	(t1=0.00116,	nu11=0.00075)	
2	-1388.6976701923413	(t1=0.00016,	nu11=0.00075)	
2	-1385.981928957277	(t1=0.00016,	nu11=0.00075)	
2	-3591.0229116425617	(t1=0.00116,	nu11=0.00075)	
2	-1388.697670190013	(t1=0.00016,	nu11=0.00075)	
2	-1385.9819289575098	(t1=0.00016,	nu11=0.00075)	
2	-3591.022911642678	(t1=0.00116,	nu11=0.00075)	
2	-1388.6976701901294	(t1=0.00016,	nu11=0.00075)	
2	-1385.981928957277	(t1=0.00016,	nu11=0.00075)	
2	-3591.0229116425617	(t1=0.00116,	nu11=0.00075)	
2	-1388.697670190013	(t1=0.00016,	nu11=0.00075)	
2	-1385.9819289577426	(t1=0.00016,	nu11=0.00075)	
2	-3591.0229116425617	(t1=0.00116,	nu11=0.00075)	
2	-1388.697670190595	(t1=0.00016,	nu11=0.00075)	
2	-1385.981928957277	(t1=0.00016,	nu11=0.00075)	
2	-3591.0229116425617	(t1=0.00116,	nu11=0.00075)	
2	-1388.697670190013	(t1=0.00016,	nu11=0.00075)	
2	-1385.9819289577426	(t1=0.00016,	nu11=0.00075)	
2	-3591.0229116425617	(t1=0.00116,	nu11=0.00075)	
2	-1388.697670190595	(t1=0.00016,	nu11=0.00075)	
2	-1385.981928957277	(t1=0.00016,	nu11=0.00075)	
2	-3591.0229116425617	(t1=0.00116,	nu11=0.00075)	
2	-1388.697670190013	(t1=0.00016,	nu11=0.00075)	
2	-1385.9819289577426	(t1=0.00016,	nu11=0.00075)	
2	-3591.0229116425617	(t1=0.00116,	nu11=0.00075)	
2	-1388.697670190595	(t1=0.00016,	nu11=0.00075)	
2	-1385.981928957277	(t1=0.00016,	nu11=0.00075)	
2	-3591.0229116425617	(t1=0.00116,	nu11=0.00075)	
2	-1388.697670190013	(t1=0.00016,	nu11=0.00075)	
2	-1385.9819289577426	(t1=0.00016,	nu11=0.00075)	
2	-3591.0229116425617	(t1=0.00116,	nu11=0.00075)	
2	-1388.697670190595	(t1=0.00016,	nu11=0.00075)	
2	-1385.981928957277	(t1=0.00016,	nu11=0.00075)	
2	-3591.0229116425617	(t1=0.00116,	nu11=0.00075)	
2	-1388.697670190013	(t1=0.00016,	nu11=0.00075)	
2	-1385.9819289577426	(t1=0.00016,	nu11=0.00075)	
2	-3591.0229116425617	(t1=0.00116,	nu11=0.00075)	
2	-1388.697670190595	(t1=0.00016,	nu11=0.00075)	
2	-1385.981928957277	(t1=0.00016,	nu11=0.00075)	
2	-3591.0229116425617	(t1=0.00116,	nu11=0.00075)	
2	-1388.697670190013	(t1=0.00016,	nu11=0.00075)	
2	-1385.9819289577426	(t1=0.00016,	nu11=0.00075)	
2	-3591.0229116425617	(t1=0.00116,	nu11=0.00075)	
2	-1388.697670190595	(t1=0.00016,	nu11=0.00075)	
2	-1385.981928957277	(t1=0.00016,	nu11=0.00075)	
2	-3591.0229116425617	(t1=0.00116,	nu11=0.00075)	
2	-1388.697670190013	(t1=0.00016,	nu11=0.00075)	
2	-1385.9819289577426	(t1=0.00016,	nu11=0.00075)	
2	-3591.0229116425617	(t1=0.00116,	nu11=0.00075)	
2	-1388.697670190595	(t1=0.00016,	nu11=0.00075)	
2	-1385.981928957277	(t1=0.00016,	nu11=0.00075)	
2	-3591.0229116425617	(t1=0.00116,	nu11=0.00075)	
2	-1388.697670190013	(t1=0.00016,	nu11=0.00075)	
2	-1385.9819289577426	(t1=0.00016,	nu11=0.00075)	
2	-3591.0229116425617	(t1=0.00116,	nu11=0.00075)	
2	-1388.697670190595	(t1=0.00016,	nu11=0.00075)	
2	-1385.981928957277	(t1=0.00016,	nu11=0.00075)	
2	-3591.0229116425617	(t1=0.00116,	nu11=0.00075)	
2	-1388.697670190013	(t1=0.00016,	nu11=0.00075)	
2	-1385.9819289577426	(t1=0.00016,	nu11=0.00075)	
2	-3591.0229116425617	(t1=0.00116,	nu11=0.00075)	
2	-1388.697670190595	(t1=0.00016,	nu11=0.00075)	
2	-1385.981928957277	(t1=0.00016,	nu11=0.00075)	
2	-3591.0229116425617	(t1=0.00116,	nu11=0.00075)	
2	-1388.697670190013	(t1=0.00016,	nu11=0.00075)	
2	-1385.9819289577426	(t1=0.00016,	nu11=0.00075)	
2	-3591.0229116425617	(t1=0.00116,	nu11=0.00075)	
2	-1388.697670190595	(t1=0.00016,	nu11=0.00075)	
2	-1385.981928957277	(t1=0.00016,	nu11=0.00075)	
2	-3591.0229116425617	(t1=0.00116,	nu11=0.00075)	
2	-1388.697670190013	(t1=0.00016,	nu11=0.00075)	
2	-1385.9819289573934	(t1=0.00016,	nu11=0.00075)	
