0	-1511.9610955531243	(t1=0.00016,	nu11=0.00075)	
1	-1511.9610955531243	(t1=0.00016,	nu11=0.00075)	
2	-9315.541161137982	(t1=0.00116,	nu11=0.00075)	
2	-1509.1341890383628	(t1=0.00016,	nu11=0.00075)	
2	-1475.3685590052628	(t1=0.00016,	nu11=0.00075)	
2	-9315.757013584662	(t1=0.00116,	nu11=0.00075)	
2	-1472.6857420697343	(t1=0.00016,	nu11=0.00075)	
2	-1440.0839135320857	(t1=0.00016,	nu11=0.00075)	
2	-9315.96897256741	(t1=0.00116,	nu11=0.00075)	
2	-1437.5481614983873	(t1=0.00016,	nu11=0.00075)	
2	-1431.4631586518954	(t1=0.00016,	nu11=0.00075)	
2	-9316.021430345252	(t1=0.00116,	nu11=0.00075)	
2	-1428.9647001056583	(t1=0.00016,	nu11=0.00075)	
2	-1422.932990368281	(t1=0.00016,	nu11=0.00075)	
2	-9316.073627104692	(t1=0.00116,	nu11=0.00075)	
2	-1420.4720049633179	(t1=0.00016,	nu11=0.00075)	
2	-1420.8137931210804	(t1=0.00016,	nu11=0.00075)	
2	-9316.086641341506	(t1=0.00116,	nu11=0.00075)	
2	-1418.3622083867667	(t1=0.00016,	nu11=0.00075)	
2	-1418.7004759620177	(t1=0.00015,	nu11=0.00075)	
2	-9316.099638513406	(t1=0.00115,	nu11=0.00075)	
2	-1416.2583026678767	(t1=0.00015,	nu11=0.00075)	
2	-1418.1729984668782	(t1=0.00015,	nu11=0.00075)	
2	-9316.102885565138	(t1=0.00115,	nu11=0.00075)	
2	-1415.733180025185	(t1=0.00015,	nu11=0.00075)	
2	-1417.6459015375003	(t1=0.00015,	nu11=0.00075)	
2	-9316.106131479843	(t1=0.00115,	nu11=0.00075)	
2	-1415.2084385713097	(t1=0.00015,	nu11=0.00075)	
2	-6181.453578475572	(t1=0.00036,	nu11=0.00075)	
2	-1417.4665162445744	(t1=0.00015,	nu11=0.00075)	
2	-9316.107236427022	(t1=0.00115,	nu11=0.00075)	
2	-1415.0298554407782	(t1=0.00015,	nu11=0.00075)	
2	-1417.287178619532	(t1=0.00015,	nu11=0.00075)	
2	-9316.108341220883	(t1=0.00115,	nu11=0.00075)	
2	-1414.8513200340094	(t1=0.00015,	nu11=0.00075)	
2	-9144.258861162292	(t1=0.00076,	nu11=0.00075)	
2	-1417.2492196476087	(t1=0.00015,	nu11=0.00075)	
2	-9316.108575082326	(t1=0.00115,	nu11=0.00075)	
2	-1414.81353089615	(t1=0.00015,	nu11=0.00075)	
2	-1417.2112630358315	(t1=0.00015,	nu11=0.00075)	
2	-9316.108808934863	(t1=0.00115,	nu11=0.00075)	
2	-1414.7757441200665	(t1=0.00015,	nu11=0.00075)	
2	-9304.008402929816	(t1=0.00096,	nu11=0.00075)	
2	-1417.2024494080688	(t1=0.00015,	nu11=0.00075)	
2	-9316.10886323714	(t1=0.00115,	nu11=0.00075)	
2	-1414.7669699297403	(t1=0.00015,	nu11=0.00075)	
2	-1417.1936359319952	(t1=0.00015,	nu11=0.00075)	
2	-9316.108917539066	(t1=0.00115,	nu11=0.00075)	
2	-1414.758195891627	(t1=0.00015,	nu11=0.00075)	
2	-3567.2537625847035	(t1=6e-05,	nu11=0.00075)	
2	-9319.362513669592	(t1=0.00106,	nu11=0.00075)	
2	-3572.129345299618	(t1=6e-05,	nu11=0.00075)	
2	-1346.0280570593895	(t1=0.00015,	nu11=0.00075)	
2	-9316.560576107411	(t1=0.00115,	nu11=0.00075)	
2	-1343.9354516338208	(t1=0.00015,	nu11=0.00075)	
2	-1289.6842779900762	(t1=0.00015,	nu11=0.00075)	
2	-9316.944804571394	(t1=0.00115,	nu11=0.00075)	
2	-1287.9091836566804	(t1=0.00015,	nu11=0.00075)	
2	-1342.4551805081428	(t1=0.0001,	nu11=0.00075)	
2	-9319.620929545257	(t1=0.0011,	nu11=0.00075)	
2	-1344.357766273606	(t1=0.0001,	nu11=0.00075)	
2	-1206.4500218959874	(t1=0.00014,	nu11=0.00075)	
2	-9317.604192308325	(t1=0.00114,	nu11=0.00075)	
2	-1205.2881308715441	(t1=0.00014,	nu11=0.00075)	
2	-1170.9340981350397	(t1=0.00013,	nu11=0.00075)	
2	-9317.9738663811	(t1=0.00113,	nu11=0.00075)	
2	-1170.1636560588959	(t1=0.00013,	nu11=0.00075)	
2	-1157.5204898220254	(t1=0.00012,	nu11=0.00075)	
2	-9318.968343809654	(t1=0.00112,	nu11=0.00075)	
2	-1158.073842718557	(t1=0.00012,	nu11=0.00075)	
2	-1163.797106850776	(t1=0.00012,	nu11=0.00075)	
2	-9319.029674331192	(t1=0.00112,	nu11=0.00075)	
2	-1164.451982439903	(t1=0.00012,	nu11=0.00075)	
2	-1158.1873494182364	(t1=0.00012,	nu11=0.00075)	
2	-9318.97551979567	(t1=0.00112,	nu11=0.00075)	
2	-1158.7524097919813	(t1=0.00012,	nu11=0.00075)	
2	-1157.5994667070336	(t1=0.00012,	nu11=0.00075)	
2	-9318.969203449262	(t1=0.00112,	nu11=0.00075)	
2	-1158.1542197664385	(t1=0.00012,	nu11=0.00075)	
2	-1157.529964146961	(t1=0.00012,	nu11=0.00075)	
2	-9318.968447076215	(t1=0.00112,	nu11=0.00075)	
2	-1158.0834852087428	(t1=0.00012,	nu11=0.00075)	
2	-1157.521628147224	(t1=0.00012,	nu11=0.00075)	
2	-9318.96835621912	(t1=0.00112,	nu11=0.00075)	
2	-1158.0750012515928	(t1=0.00012,	nu11=0.00075)	
2	-1157.5206266153837	(t1=0.00012,	nu11=0.00075)	
2	-9318.968345300818	(t1=0.00112,	nu11=0.00075)	
2	-1158.0739819401642	(t1=0.00012,	nu11=0.00075)	
2	-1157.5205062606838	(t1=0.00012,	nu11=0.00075)	
2	-9318.968343988468	(t1=0.00112,	nu11=0.00075)	
2	-1158.0738594491268	(t1=0.00012,	nu11=0.00075)	
2	-1157.520491797477	(t1=0.00012,	nu11=0.00075)	
2	-9318.968343831133	(t1=0.00112,	nu11=0.00075)	
2	-1158.0738447291078	(t1=0.00012,	nu11=0.00075)	
2	-1157.520490059629	(t1=0.00012,	nu11=0.00075)	
2	-9318.968343811925	(t1=0.00112,	nu11=0.00075)	
2	-1158.0738429599442	(t1=0.00012,	nu11=0.00075)	
2	-1157.5204898503725	(t1=0.00012,	nu11=0.00075)	
2	-9318.96834380948	(t1=0.00112,	nu11=0.00075)	
2	-1158.0738427478937	(t1=0.00012,	nu11=0.00075)	
2	-1157.5204898252268	(t1=0.00012,	nu11=0.00075)	
2	-9318.96834380948	(t1=0.00112,	nu11=0.00075)	
2	-1158.073842721933	(t1=0.00012,	nu11=0.00075)	
2	-1157.520489822782	(t1=0.00012,	nu11=0.00075)	
2	-9318.968343809654	(t1=0.00112,	nu11=0.00075)	
2	-1158.0738427189062	(t1=0.00012,	nu11=0.00075)	
2	-1157.5204898222	(t1=0.00012,	nu11=0.00075)	
2	-9318.968343809538	(t1=0.00112,	nu11=0.00075)	
2	-1158.0738427187898	(t1=0.00012,	nu11=0.00075)	
2	-1157.5204898223164	(t1=0.00012,	nu11=0.00075)	
2	-9318.968343809422	(t1=0.00112,	nu11=0.00075)	
2	-1158.0738427182077	(t1=0.00012,	nu11=0.00075)	
2	-1157.5204898220254	(t1=0.00012,	nu11=0.00075)	
2	-9318.968343809654	(t1=0.00112,	nu11=0.00075)	
2	-1158.073842718557	(t1=0.00012,	nu11=0.00075)	
2	-1511.9610955531243	(t1=0.00016,	nu11=0.00075)	
