0	-841.639284595265	(t1=0.0001,	nu11=0.00049)	
1	-841.639284595265	(t1=0.0001,	nu11=0.00049)	
2	-3801.088223501807	(t1=0.0011,	nu11=0.00049)	
2	-843.8137358169188	(t1=0.0001,	nu11=0.00049)	
2	-844.2107183370972	(t1=0.0001,	nu11=0.00049)	
2	-3801.1157591553056	(t1=0.0011,	nu11=0.00049)	
2	-846.3975464971154	(t1=0.0001,	nu11=0.00049)	
2	-841.6926916502998	(t1=0.0001,	nu11=0.00049)	
2	-3801.088797403965	(t1=0.0011,	nu11=0.00049)	
2	-843.8674006870133	(t1=0.0001,	nu11=0.00049)	
2	-841.6404008219251	(t1=0.0001,	nu11=0.00049)	
2	-3801.088235497242	(t1=0.0011,	nu11=0.00049)	
2	-843.8148574328516	(t1=0.0001,	nu11=0.00049)	
2	-841.6393079275149	(t1=0.0001,	nu11=0.00049)	
2	-3801.0882237522746	(t1=0.0011,	nu11=0.00049)	
2	-843.8137592622079	(t1=0.0001,	nu11=0.00049)	
2	-841.6392850831035	(t1=0.0001,	nu11=0.00049)	
2	-3801.088223506871	(t1=0.0011,	nu11=0.00049)	
2	-843.8137363067362	(t1=0.0001,	nu11=0.00049)	
2	-841.6392846049857	(t1=0.0001,	nu11=0.00049)	
2	-3801.0882235016325	(t1=0.0011,	nu11=0.00049)	
2	-843.8137358270469	(t1=0.0001,	nu11=0.00049)	
2	-841.639284595265	(t1=0.0001,	nu11=0.00049)	
2	-3801.0882235013996	(t1=0.0011,	nu11=0.00049)	
2	-843.8137358170934	(t1=0.0001,	nu11=0.00049)	
2	-841.6392846017843	(t1=0.0001,	nu11=0.00049)	
2	-3801.0882235016325	(t1=0.0011,	nu11=0.00049)	
2	-843.8137358235545	(t1=0.0001,	nu11=0.00049)	
2	-841.6392845954397	(t1=0.0001,	nu11=0.00049)	
2	-3801.0882235019235	(t1=0.0011,	nu11=0.00049)	
2	-843.813735816977	(t1=0.0001,	nu11=0.00049)	
2	-841.6392845954979	(t1=0.0001,	nu11=0.00049)	
2	-3801.0882235015742	(t1=0.0011,	nu11=0.00049)	
2	-843.8137358170352	(t1=0.0001,	nu11=0.00049)	
2	-841.639284595265	(t1=0.0001,	nu11=0.00049)	
2	-3801.0882235013996	(t1=0.0011,	nu11=0.00049)	
2	-843.8137358170934	(t1=0.0001,	nu11=0.00049)	
2	-841.6392845953815	(t1=0.0001,	nu11=0.00049)	
2	-3801.0882235015742	(t1=0.0011,	nu11=0.00049)	
2	-843.8137358166277	(t1=0.0001,	nu11=0.00049)	
2	-841.639284595265	(t1=0.0001,	nu11=0.00049)	
2	-3801.0882235013996	(t1=0.0011,	nu11=0.00049)	
2	-843.8137358170934	(t1=0.0001,	nu11=0.00049)	
2	-841.6392845950904	(t1=0.0001,	nu11=0.00049)	
2	-3801.0882235013996	(t1=0.0011,	nu11=0.00049)	
2	-843.8137358170934	(t1=0.0001,	nu11=0.00049)	
2	-841.6392845951486	(t1=0.0001,	nu11=0.00049)	
2	-3801.0882235013996	(t1=0.0011,	nu11=0.00049)	
2	-843.8137358166277	(t1=0.0001,	nu11=0.00049)	
2	-841.6392845950904	(t1=0.0001,	nu11=0.00049)	
2	-3801.0882235013996	(t1=0.0011,	nu11=0.00049)	
2	-843.8137358170934	(t1=0.0001,	nu11=0.00049)	
2	-841.6392845951486	(t1=0.0001,	nu11=0.00049)	
2	-3801.0882235013996	(t1=0.0011,	nu11=0.00049)	
2	-843.8137358166277	(t1=0.0001,	nu11=0.00049)	
2	-841.6392845950904	(t1=0.0001,	nu11=0.00049)	
2	-3801.0882235013996	(t1=0.0011,	nu11=0.00049)	
2	-843.8137358170934	(t1=0.0001,	nu11=0.00049)	
2	-841.6392845951486	(t1=0.0001,	nu11=0.00049)	
2	-3801.0882235013996	(t1=0.0011,	nu11=0.00049)	
2	-843.8137358166277	(t1=0.0001,	nu11=0.00049)	
2	-841.6392845950904	(t1=0.0001,	nu11=0.00049)	
2	-3801.0882235013996	(t1=0.0011,	nu11=0.00049)	
2	-843.8137358170934	(t1=0.0001,	nu11=0.00049)	
2	-841.6392845951486	(t1=0.0001,	nu11=0.00049)	
2	-3801.0882235013996	(t1=0.0011,	nu11=0.00049)	
2	-843.8137358166277	(t1=0.0001,	nu11=0.00049)	
2	-841.6392845950904	(t1=0.0001,	nu11=0.00049)	
2	-3801.0882235013996	(t1=0.0011,	nu11=0.00049)	
2	-843.8137358170934	(t1=0.0001,	nu11=0.00049)	
2	-841.6392845951486	(t1=0.0001,	nu11=0.00049)	
2	-3801.0882235013996	(t1=0.0011,	nu11=0.00049)	
2	-843.8137358166277	(t1=0.0001,	nu11=0.00049)	
2	-841.6392845950904	(t1=0.0001,	nu11=0.00049)	
2	-3801.0882235013996	(t1=0.0011,	nu11=0.00049)	
2	-843.8137358170934	(t1=0.0001,	nu11=0.00049)	
2	-841.6392845951486	(t1=0.0001,	nu11=0.00049)	
2	-3801.0882235013996	(t1=0.0011,	nu11=0.00049)	
2	-843.8137358166277	(t1=0.0001,	nu11=0.00049)	
2	-841.6392845950904	(t1=0.0001,	nu11=0.00049)	
2	-3801.0882235013996	(t1=0.0011,	nu11=0.00049)	
2	-843.8137358170934	(t1=0.0001,	nu11=0.00049)	
2	-841.6392845951486	(t1=0.0001,	nu11=0.00049)	
2	-3801.0882235013996	(t1=0.0011,	nu11=0.00049)	
2	-843.8137358166277	(t1=0.0001,	nu11=0.00049)	
2	-841.6392845950904	(t1=0.0001,	nu11=0.00049)	
2	-3801.0882235013996	(t1=0.0011,	nu11=0.00049)	
2	-843.8137358170934	(t1=0.0001,	nu11=0.00049)	
2	-841.6392845951486	(t1=0.0001,	nu11=0.00049)	
2	-3801.0882235013996	(t1=0.0011,	nu11=0.00049)	
2	-843.8137358166277	(t1=0.0001,	nu11=0.00049)	
2	-841.6392845950904	(t1=0.0001,	nu11=0.00049)	
2	-3801.0882235013996	(t1=0.0011,	nu11=0.00049)	
2	-843.8137358170934	(t1=0.0001,	nu11=0.00049)	
2	-841.6392845951486	(t1=0.0001,	nu11=0.00049)	
2	-3801.0882235013996	(t1=0.0011,	nu11=0.00049)	
2	-843.8137358166277	(t1=0.0001,	nu11=0.00049)	
2	-841.6392845950904	(t1=0.0001,	nu11=0.00049)	
2	-3801.0882235013996	(t1=0.0011,	nu11=0.00049)	
2	-843.8137358170934	(t1=0.0001,	nu11=0.00049)	
2	-841.639284595265	(t1=0.0001,	nu11=0.00049)	
