0	-799.5753505232278	(t1=0.0001,	nu11=0.00049)	
1	-799.5753505232278	(t1=0.0001,	nu11=0.00049)	
2	-3294.7683391924365	(t1=0.0011,	nu11=0.00049)	
2	-801.8273169538588	(t1=0.0001,	nu11=0.00049)	
2	-801.1767927239998	(t1=0.0001,	nu11=0.00049)	
2	-3294.7828806001926	(t1=0.0011,	nu11=0.00049)	
2	-803.4356409417232	(t1=0.0001,	nu11=0.00049)	
2	-799.6030341368169	(t1=0.0001,	nu11=0.00049)	
2	-3294.7685910508735	(t1=0.0011,	nu11=0.00049)	
2	-801.8551197212073	(t1=0.0001,	nu11=0.00049)	
2	-799.5758307566284	(t1=0.0001,	nu11=0.00049)	
2	-3294.7683435615036	(t1=0.0011,	nu11=0.00049)	
2	-801.8277992550284	(t1=0.0001,	nu11=0.00049)	
2	-799.5753588540829	(t1=0.0001,	nu11=0.00049)	
2	-3294.768339268281	(t1=0.0011,	nu11=0.00049)	
2	-801.8273253209773	(t1=0.0001,	nu11=0.00049)	
2	-799.57535066735	(t1=0.0001,	nu11=0.00049)	
2	-3294.7683391938917	(t1=0.0011,	nu11=0.00049)	
2	-801.8273170990287	(t1=0.0001,	nu11=0.00049)	
2	-799.575350525789	(t1=0.0001,	nu11=0.00049)	
2	-3294.76833919232	(t1=0.0011,	nu11=0.00049)	
2	-801.8273169561871	(t1=0.0001,	nu11=0.00049)	
2	-799.5753505229368	(t1=0.0001,	nu11=0.00049)	
2	-3294.7683391923783	(t1=0.0011,	nu11=0.00049)	
2	-801.827316953917	(t1=0.0001,	nu11=0.00049)	
2	-799.5753505231696	(t1=0.0001,	nu11=0.00049)	
2	-3294.768339192262	(t1=0.0011,	nu11=0.00049)	
2	-801.8273169538588	(t1=0.0001,	nu11=0.00049)	
2	-799.575350522995	(t1=0.0001,	nu11=0.00049)	
2	-3294.7683391923783	(t1=0.0011,	nu11=0.00049)	
2	-801.827316953917	(t1=0.0001,	nu11=0.00049)	
2	-799.5753505229368	(t1=0.0001,	nu11=0.00049)	
2	-3294.7683391923783	(t1=0.0011,	nu11=0.00049)	
2	-801.827316953917	(t1=0.0001,	nu11=0.00049)	
2	-799.575350522995	(t1=0.0001,	nu11=0.00049)	
2	-3294.7683391923783	(t1=0.0011,	nu11=0.00049)	
2	-801.827316953917	(t1=0.0001,	nu11=0.00049)	
2	-799.5753505229368	(t1=0.0001,	nu11=0.00049)	
2	-3294.7683391923783	(t1=0.0011,	nu11=0.00049)	
2	-801.827316953917	(t1=0.0001,	nu11=0.00049)	
2	-799.575350522995	(t1=0.0001,	nu11=0.00049)	
2	-3294.7683391923783	(t1=0.0011,	nu11=0.00049)	
2	-801.827316953917	(t1=0.0001,	nu11=0.00049)	
2	-799.5753505229368	(t1=0.0001,	nu11=0.00049)	
2	-3294.7683391923783	(t1=0.0011,	nu11=0.00049)	
2	-801.827316953917	(t1=0.0001,	nu11=0.00049)	
2	-799.575350522995	(t1=0.0001,	nu11=0.00049)	
2	-3294.7683391923783	(t1=0.0011,	nu11=0.00049)	
2	-801.827316953917	(t1=0.0001,	nu11=0.00049)	
2	-799.5753505229368	(t1=0.0001,	nu11=0.00049)	
2	-3294.7683391923783	(t1=0.0011,	nu11=0.00049)	
2	-801.827316953917	(t1=0.0001,	nu11=0.00049)	
2	-799.575350522995	(t1=0.0001,	nu11=0.00049)	
2	-3294.7683391923783	(t1=0.0011,	nu11=0.00049)	
2	-801.827316953917	(t1=0.0001,	nu11=0.00049)	
2	-799.5753505229368	(t1=0.0001,	nu11=0.00049)	
2	-3294.7683391923783	(t1=0.0011,	nu11=0.00049)	
2	-801.827316953917	(t1=0.0001,	nu11=0.00049)	
2	-799.575350522995	(t1=0.0001,	nu11=0.00049)	
2	-3294.7683391923783	(t1=0.0011,	nu11=0.00049)	
2	-801.827316953917	(t1=0.0001,	nu11=0.00049)	
2	-799.5753505229368	(t1=0.0001,	nu11=0.00049)	
2	-3294.7683391923783	(t1=0.0011,	nu11=0.00049)	
2	-801.827316953917	(t1=0.0001,	nu11=0.00049)	
2	-799.575350522995	(t1=0.0001,	nu11=0.00049)	
2	-3294.7683391923783	(t1=0.0011,	nu11=0.00049)	
2	-801.827316953917	(t1=0.0001,	nu11=0.00049)	
2	-799.5753505229368	(t1=0.0001,	nu11=0.00049)	
2	-3294.7683391923783	(t1=0.0011,	nu11=0.00049)	
2	-801.827316953917	(t1=0.0001,	nu11=0.00049)	
2	-799.575350522995	(t1=0.0001,	nu11=0.00049)	
2	-3294.7683391923783	(t1=0.0011,	nu11=0.00049)	
2	-801.827316953917	(t1=0.0001,	nu11=0.00049)	
2	-799.5753505229368	(t1=0.0001,	nu11=0.00049)	
2	-3294.7683391923783	(t1=0.0011,	nu11=0.00049)	
2	-801.827316953917	(t1=0.0001,	nu11=0.00049)	
2	-799.575350522995	(t1=0.0001,	nu11=0.00049)	
2	-3294.7683391923783	(t1=0.0011,	nu11=0.00049)	
2	-801.827316953917	(t1=0.0001,	nu11=0.00049)	
2	-799.5753505229368	(t1=0.0001,	nu11=0.00049)	
2	-3294.7683391923783	(t1=0.0011,	nu11=0.00049)	
2	-801.827316953917	(t1=0.0001,	nu11=0.00049)	
2	-799.575350522995	(t1=0.0001,	nu11=0.00049)	
2	-3294.7683391923783	(t1=0.0011,	nu11=0.00049)	
2	-801.827316953917	(t1=0.0001,	nu11=0.00049)	
2	-799.5753505229368	(t1=0.0001,	nu11=0.00049)	
2	-3294.7683391923783	(t1=0.0011,	nu11=0.00049)	
2	-801.827316953917	(t1=0.0001,	nu11=0.00049)	
2	-799.575350522995	(t1=0.0001,	nu11=0.00049)	
2	-3294.7683391923783	(t1=0.0011,	nu11=0.00049)	
2	-801.827316953917	(t1=0.0001,	nu11=0.00049)	
2	-799.5753505229368	(t1=0.0001,	nu11=0.00049)	
2	-3294.7683391923783	(t1=0.0011,	nu11=0.00049)	
2	-801.827316953917	(t1=0.0001,	nu11=0.00049)	
2	-799.575350522995	(t1=0.0001,	nu11=0.00049)	
2	-3294.7683391923783	(t1=0.0011,	nu11=0.00049)	
2	-801.827316953917	(t1=0.0001,	nu11=0.00049)	
2	-799.5753505229368	(t1=0.0001,	nu11=0.00049)	
2	-3294.7683391923783	(t1=0.0011,	nu11=0.00049)	
2	-801.827316953917	(t1=0.0001,	nu11=0.00049)	
2	-799.5753505232278	(t1=0.0001,	nu11=0.00049)	
