0	-1704.385587308032	(t1=0.00016,	nu11=0.00075)	
1	-1704.385587308032	(t1=0.00016,	nu11=0.00075)	
2	-11338.767854586418	(t1=0.00116,	nu11=0.00075)	
2	-1699.352589573362	(t1=0.00016,	nu11=0.00075)	
2	-1583.3357027477468	(t1=0.00016,	nu11=0.00075)	
2	-11339.18740202859	(t1=0.00116,	nu11=0.00075)	
2	-1578.5581289220718	(t1=0.00016,	nu11=0.00075)	
2	-1464.3888315877994	(t1=0.00015,	nu11=0.00075)	
2	-11339.593328875606	(t1=0.00115,	nu11=0.00075)	
2	-1459.8790445231716	(t1=0.00015,	nu11=0.00075)	
2	-1434.9116233933019	(t1=0.00015,	nu11=0.00075)	
2	-11339.693016360456	(t1=0.00115,	nu11=0.00075)	
2	-1430.4710474681342	(t1=0.00015,	nu11=0.00075)	
2	-1405.6192515848088	(t1=0.00015,	nu11=0.00075)	
2	-11339.79173965531	(t1=0.00115,	nu11=0.00075)	
2	-1401.248658269993	(t1=0.00015,	nu11=0.00075)	
2	-1398.3174652223825	(t1=0.00015,	nu11=0.00075)	
2	-11339.816297205107	(t1=0.00115,	nu11=0.00075)	
2	-1393.9645092331339	(t1=0.00015,	nu11=0.00075)	
2	-1391.0285541252233	(t1=0.00015,	nu11=0.00075)	
2	-11339.840791292023	(t1=0.00115,	nu11=0.00075)	
2	-1386.6932825266267	(t1=0.00015,	nu11=0.00075)	
2	-1389.2077675664332	(t1=0.00015,	nu11=0.00075)	
2	-11339.846906844992	(t1=0.00115,	nu11=0.00075)	
2	-1384.8769258522661	(t1=0.00015,	nu11=0.00075)	
2	-1387.38785809197	(t1=0.00015,	nu11=0.00075)	
2	-11339.853018209571	(t1=0.00115,	nu11=0.00075)	
2	-1383.0614490571315	(t1=0.00015,	nu11=0.00075)	
2	-2165.085104126425	(t1=0.00017,	nu11=0.00075)	
2	-1386.713892268308	(t1=0.00015,	nu11=0.00075)	
2	-11339.855281111493	(t1=0.00115,	nu11=0.00075)	
2	-1382.3891260378878	(t1=0.00015,	nu11=0.00075)	
2	-1386.0400712185074	(t1=0.00015,	nu11=0.00075)	
2	-11339.857543358288	(t1=0.00115,	nu11=0.00075)	
2	-1381.7169481182355	(t1=0.00015,	nu11=0.00075)	
2	-10910.988516626589	(t1=0.00066,	nu11=0.00075)	
2	-1385.9043255755678	(t1=0.00015,	nu11=0.00075)	
2	-11339.857999082073	(t1=0.00115,	nu11=0.00075)	
2	-1381.5815335764783	(t1=0.00015,	nu11=0.00075)	
2	-1385.7685870649293	(t1=0.00015,	nu11=0.00075)	
2	-11339.858454775065	(t1=0.00115,	nu11=0.00075)	
2	-1381.4461261775577	(t1=0.00015,	nu11=0.00075)	
2	-11303.942241647746	(t1=0.00091,	nu11=0.00075)	
2	-1385.7376546495943	(t1=0.00015,	nu11=0.00075)	
2	-11339.85855861858	(t1=0.00115,	nu11=0.00075)	
2	-1381.4152692202479	(t1=0.00015,	nu11=0.00075)	
2	-1385.7067227393272	(t1=0.00015,	nu11=0.00075)	
2	-11339.858662460116	(t1=0.00115,	nu11=0.00075)	
2	-1381.384412768879	(t1=0.00015,	nu11=0.00075)	
2	-3923.4890505829826	(t1=3e-05,	nu11=0.00075)	
2	-11340.266350222751	(t1=0.00103,	nu11=0.00075)	
2	-3927.021432251786	(t1=3e-05,	nu11=0.00075)	
2	-1186.5363926995196	(t1=0.00014,	nu11=0.00075)	
2	-11340.520539112273	(t1=0.00114,	nu11=0.00075)	
2	-1182.7327851093141	(t1=0.00014,	nu11=0.00075)	
2	-1028.1940230944892	(t1=0.00014,	nu11=0.00075)	
2	-11341.0393298798	(t1=0.00114,	nu11=0.00075)	
2	-1024.8605068759643	(t1=0.00014,	nu11=0.00075)	
2	-584.4716260775458	(t1=8e-05,	nu11=0.00075)	
2	-11343.236903339624	(t1=0.00108,	nu11=0.00075)	
2	-585.7274060261552	(t1=8e-05,	nu11=0.00075)	
2	-606.9881036691368	(t1=8e-05,	nu11=0.00075)	
2	-11343.231677877659	(t1=0.00108,	nu11=0.00075)	
2	-608.3591873747646	(t1=8e-05,	nu11=0.00075)	
2	-586.0163777220878	(t1=8e-05,	nu11=0.00075)	
2	-11343.236641372438	(t1=0.00108,	nu11=0.00075)	
2	-587.2805101110716	(t1=8e-05,	nu11=0.00075)	
2	-584.586207185057	(t1=8e-05,	nu11=0.00075)	
2	-11343.236884450424	(t1=0.00108,	nu11=0.00075)	
2	-585.8426091332221	(t1=8e-05,	nu11=0.00075)	
2	-584.4801735759247	(t1=8e-05,	nu11=0.00075)	
2	-11343.236901933851	(t1=0.00108,	nu11=0.00075)	
2	-585.7359999390319	(t1=8e-05,	nu11=0.00075)	
2	-584.4722639723332	(t1=8e-05,	nu11=0.00075)	
2	-11343.236903234385	(t1=0.00108,	nu11=0.00075)	
2	-585.7280473852879	(t1=8e-05,	nu11=0.00075)	
2	-584.4716736845439	(t1=8e-05,	nu11=0.00075)	
2	-11343.236903331708	(t1=0.00108,	nu11=0.00075)	
2	-585.7274538925849	(t1=8e-05,	nu11=0.00075)	
2	-584.4716296303086	(t1=8e-05,	nu11=0.00075)	
2	-11343.23690333881	(t1=0.00108,	nu11=0.00075)	
2	-585.7274095989997	(t1=8e-05,	nu11=0.00075)	
2	-584.4716263423907	(t1=8e-05,	nu11=0.00075)	
2	-11343.236903339042	(t1=0.00108,	nu11=0.00075)	
2	-585.7274062930373	(t1=8e-05,	nu11=0.00075)	
2	-584.4716260971618	(t1=8e-05,	nu11=0.00075)	
2	-11343.236903339392	(t1=0.00108,	nu11=0.00075)	
2	-585.7274060467025	(t1=8e-05,	nu11=0.00075)	
2	-584.4716260786518	(t1=8e-05,	nu11=0.00075)	
2	-11343.236903339624	(t1=0.00108,	nu11=0.00075)	
2	-585.7274060280179	(t1=8e-05,	nu11=0.00075)	
2	-584.4716260775458	(t1=8e-05,	nu11=0.00075)	
2	-11343.236903339624	(t1=0.00108,	nu11=0.00075)	
2	-585.7274060269119	(t1=8e-05,	nu11=0.00075)	
2	-584.4716260775458	(t1=8e-05,	nu11=0.00075)	
2	-11343.236903339275	(t1=0.00108,	nu11=0.00075)	
2	-585.7274060268537	(t1=8e-05,	nu11=0.00075)	
2	-584.4716260784771	(t1=8e-05,	nu11=0.00075)	
2	-11343.236903339217	(t1=0.00108,	nu11=0.00075)	
2	-585.7274060276104	(t1=8e-05,	nu11=0.00075)	
2	-584.4716260773712	(t1=8e-05,	nu11=0.00075)	
2	-11343.236903339508	(t1=0.00108,	nu11=0.00075)	
2	-585.7274060265627	(t1=8e-05,	nu11=0.00075)	
2	-584.4716260777786	(t1=8e-05,	nu11=0.00075)	
2	-11343.236903339683	(t1=0.00108,	nu11=0.00075)	
2	-585.7274060267373	(t1=8e-05,	nu11=0.00075)	
2	-584.4716260777786	(t1=8e-05,	nu11=0.00075)	
2	-11343.236903339508	(t1=0.00108,	nu11=0.00075)	
2	-585.7274060265627	(t1=8e-05,	nu11=0.00075)	
2	-584.4716260773712	(t1=8e-05,	nu11=0.00075)	
2	-11343.236903339508	(t1=0.00108,	nu11=0.00075)	
2	-585.7274060265627	(t1=8e-05,	nu11=0.00075)	
2	-1704.385587308032	(t1=0.00016,	nu11=0.00075)	
