0	-492.38390436349437	(t1=0.0001,	nu11=0.00049)	
1	-492.38390436349437	(t1=0.0001,	nu11=0.00049)	
2	-6384.001832484384	(t1=0.0011,	nu11=0.00049)	
2	-492.7235316321021	(t1=0.0001,	nu11=0.00049)	
2	-495.9395125163719	(t1=0.0001,	nu11=0.00049)	
2	-6384.341637120931	(t1=0.0011,	nu11=0.00049)	
2	-496.3945606203051	(t1=0.0001,	nu11=0.00049)	
2	-492.73490038642194	(t1=0.0001,	nu11=0.00049)	
2	-6384.0406191148795	(t1=0.0011,	nu11=0.00049)	
2	-493.08764295396395	(t1=0.0001,	nu11=0.00049)	
2	-492.4257791787386	(t1=0.0001,	nu11=0.00049)	
2	-6384.006542291725	(t1=0.0011,	nu11=0.00049)	
2	-492.76699820230715	(t1=0.0001,	nu11=0.00049)	
2	-492.3890148551436	(t1=0.0001,	nu11=0.00049)	
2	-6384.00240852288	(t1=0.0011,	nu11=0.00049)	
2	-492.7288367934525	(t1=0.0001,	nu11=0.00049)	
2	-492.3845297910739	(t1=0.0001,	nu11=0.00049)	
2	-6384.001902999473	(t1=0.0011,	nu11=0.00049)	
2	-492.7241808894323	(t1=0.0001,	nu11=0.00049)	
2	-492.38398092996795	(t1=0.0001,	nu11=0.00049)	
2	-6384.0018411175115	(t1=0.0011,	nu11=0.00049)	
2	-492.72361111664213	(t1=0.0001,	nu11=0.00049)	
2	-492.3839137374889	(t1=0.0001,	nu11=0.00049)	
2	-6384.001833541319	(t1=0.0011,	nu11=0.00049)	
2	-492.7235413638409	(t1=0.0001,	nu11=0.00049)	
2	-492.3839055119315	(t1=0.0001,	nu11=0.00049)	
2	-6384.001832613838	(t1=0.0011,	nu11=0.00049)	
2	-492.7235328244278	(t1=0.0001,	nu11=0.00049)	
2	-492.3839045042405	(t1=0.0001,	nu11=0.00049)	
2	-6384.001832499867	(t1=0.0011,	nu11=0.00049)	
2	-492.72353177855257	(t1=0.0001,	nu11=0.00049)	
2	-492.3839043810731	(t1=0.0001,	nu11=0.00049)	
2	-6384.001832486247	(t1=0.0011,	nu11=0.00049)	
2	-492.7235316504957	(t1=0.0001,	nu11=0.00049)	
2	-492.3839043658227	(t1=0.0001,	nu11=0.00049)	
2	-6384.001832484617	(t1=0.0011,	nu11=0.00049)	
2	-492.72353163477965	(t1=0.0001,	nu11=0.00049)	
2	-492.3839043643093	(t1=0.0001,	nu11=0.00049)	
2	-6384.001832484384	(t1=0.0011,	nu11=0.00049)	
2	-492.72353163326625	(t1=0.0001,	nu11=0.00049)	
2	-492.38390436337795	(t1=0.0001,	nu11=0.00049)	
2	-6384.0018324845005	(t1=0.0011,	nu11=0.00049)	
2	-492.723531632917	(t1=0.0001,	nu11=0.00049)	
2	-492.38390436349437	(t1=0.0001,	nu11=0.00049)	
2	-6384.001832484384	(t1=0.0011,	nu11=0.00049)	
2	-492.72353163268417	(t1=0.0001,	nu11=0.00049)	
2	-492.38390436326154	(t1=0.0001,	nu11=0.00049)	
2	-6384.001832484733	(t1=0.0011,	nu11=0.00049)	
2	-492.7235316328006	(t1=0.0001,	nu11=0.00049)	
2	-492.3839043636108	(t1=0.0001,	nu11=0.00049)	
2	-6384.001832484733	(t1=0.0011,	nu11=0.00049)	
2	-492.72353163256776	(t1=0.0001,	nu11=0.00049)	
2	-492.38390436326154	(t1=0.0001,	nu11=0.00049)	
2	-6384.001832484733	(t1=0.0011,	nu11=0.00049)	
2	-492.7235316328006	(t1=0.0001,	nu11=0.00049)	
2	-492.38390436349437	(t1=0.0001,	nu11=0.00049)	
2	-6384.001832484733	(t1=0.0011,	nu11=0.00049)	
2	-492.723531632917	(t1=0.0001,	nu11=0.00049)	
2	-492.38390436326154	(t1=0.0001,	nu11=0.00049)	
2	-6384.001832484733	(t1=0.0011,	nu11=0.00049)	
2	-492.7235316328006	(t1=0.0001,	nu11=0.00049)	
2	-492.38390436349437	(t1=0.0001,	nu11=0.00049)	
2	-6384.001832484733	(t1=0.0011,	nu11=0.00049)	
2	-492.72353163268417	(t1=0.0001,	nu11=0.00049)	
2	-492.38390436326154	(t1=0.0001,	nu11=0.00049)	
2	-6384.001832484733	(t1=0.0011,	nu11=0.00049)	
2	-492.7235316328006	(t1=0.0001,	nu11=0.00049)	
2	-492.38390436349437	(t1=0.0001,	nu11=0.00049)	
2	-6384.001832484733	(t1=0.0011,	nu11=0.00049)	
2	-492.72353163268417	(t1=0.0001,	nu11=0.00049)	
2	-492.38390436326154	(t1=0.0001,	nu11=0.00049)	
2	-6384.001832484733	(t1=0.0011,	nu11=0.00049)	
2	-492.7235316328006	(t1=0.0001,	nu11=0.00049)	
2	-492.38390436349437	(t1=0.0001,	nu11=0.00049)	
2	-6384.001832484733	(t1=0.0011,	nu11=0.00049)	
2	-492.72353163268417	(t1=0.0001,	nu11=0.00049)	
2	-492.38390436326154	(t1=0.0001,	nu11=0.00049)	
2	-6384.001832484733	(t1=0.0011,	nu11=0.00049)	
2	-492.7235316328006	(t1=0.0001,	nu11=0.00049)	
2	-492.38390436349437	(t1=0.0001,	nu11=0.00049)	
2	-6384.001832484733	(t1=0.0011,	nu11=0.00049)	
2	-492.72353163268417	(t1=0.0001,	nu11=0.00049)	
2	-492.38390436326154	(t1=0.0001,	nu11=0.00049)	
2	-6384.001832484733	(t1=0.0011,	nu11=0.00049)	
2	-492.7235316328006	(t1=0.0001,	nu11=0.00049)	
2	-492.38390436349437	(t1=0.0001,	nu11=0.00049)	
2	-6384.001832484733	(t1=0.0011,	nu11=0.00049)	
2	-492.72353163268417	(t1=0.0001,	nu11=0.00049)	
2	-492.38390436326154	(t1=0.0001,	nu11=0.00049)	
2	-6384.001832484733	(t1=0.0011,	nu11=0.00049)	
2	-492.7235316328006	(t1=0.0001,	nu11=0.00049)	
2	-492.38390436349437	(t1=0.0001,	nu11=0.00049)	
2	-6384.001832484733	(t1=0.0011,	nu11=0.00049)	
2	-492.72353163268417	(t1=0.0001,	nu11=0.00049)	
2	-492.38390436326154	(t1=0.0001,	nu11=0.00049)	
2	-6384.001832484733	(t1=0.0011,	nu11=0.00049)	
2	-492.7235316328006	(t1=0.0001,	nu11=0.00049)	
2	-492.38390436349437	(t1=0.0001,	nu11=0.00049)	
2	-6384.001832484733	(t1=0.0011,	nu11=0.00049)	
2	-492.72353163268417	(t1=0.0001,	nu11=0.00049)	
2	-492.38390436326154	(t1=0.0001,	nu11=0.00049)	
2	-6384.001832484733	(t1=0.0011,	nu11=0.00049)	
2	-492.7235316328006	(t1=0.0001,	nu11=0.00049)	
2	-492.38390436349437	(t1=0.0001,	nu11=0.00049)	
2	-6384.001832484733	(t1=0.0011,	nu11=0.00049)	
2	-492.72353163268417	(t1=0.0001,	nu11=0.00049)	
2	-492.38390436326154	(t1=0.0001,	nu11=0.00049)	
2	-6384.001832484733	(t1=0.0011,	nu11=0.00049)	
2	-492.7235316328006	(t1=0.0001,	nu11=0.00049)	
2	-492.38390436349437	(t1=0.0001,	nu11=0.00049)	
2	-6384.001832484733	(t1=0.0011,	nu11=0.00049)	
2	-492.72353163268417	(t1=0.0001,	nu11=0.00049)	
2	-492.38390436326154	(t1=0.0001,	nu11=0.00049)	
2	-6384.001832484733	(t1=0.0011,	nu11=0.00049)	
2	-492.7235316328006	(t1=0.0001,	nu11=0.00049)	
2	-492.38390436349437	(t1=0.0001,	nu11=0.00049)	
