0	-776.4016797277145	(t1=0.0001,	nu11=0.00049)	
1	-776.4016797277145	(t1=0.0001,	nu11=0.00049)	
2	-5326.51129463024	(t1=0.0011,	nu11=0.00049)	
2	-778.4800764274551	(t1=0.0001,	nu11=0.00049)	
2	-785.2977649825625	(t1=0.0001,	nu11=0.00049)	
2	-5326.658418923151	(t1=0.0011,	nu11=0.00049)	
2	-787.4329032566166	(t1=0.0001,	nu11=0.00049)	
2	-776.6753274232615	(t1=0.0001,	nu11=0.00049)	
2	-5326.515891772695	(t1=0.0011,	nu11=0.00049)	
2	-778.7554934991058	(t1=0.0001,	nu11=0.00049)	
2	-776.4103320449358	(t1=0.0001,	nu11=0.00049)	
2	-5326.511440056143	(t1=0.0011,	nu11=0.00049)	
2	-778.4887847135542	(t1=0.0001,	nu11=0.00049)	
2	-776.4019535367843	(t1=0.0001,	nu11=0.00049)	
2	-5326.511299232137	(t1=0.0011,	nu11=0.00049)	
2	-778.4803520070855	(t1=0.0001,	nu11=0.00049)	
2	-776.401688393089	(t1=0.0001,	nu11=0.00049)	
2	-5326.511294775875	(t1=0.0011,	nu11=0.00049)	
2	-778.480085147894	(t1=0.0001,	nu11=0.00049)	
2	-776.4016800022218	(t1=0.0001,	nu11=0.00049)	
2	-5326.511294634314	(t1=0.0011,	nu11=0.00049)	
2	-778.4800767034758	(t1=0.0001,	nu11=0.00049)	
2	-776.4016797360964	(t1=0.0001,	nu11=0.00049)	
2	-5326.511294630356	(t1=0.0011,	nu11=0.00049)	
2	-778.4800764361862	(t1=0.0001,	nu11=0.00049)	
2	-776.4016797281802	(t1=0.0001,	nu11=0.00049)	
2	-5326.511294630123	(t1=0.0011,	nu11=0.00049)	
2	-778.4800764278043	(t1=0.0001,	nu11=0.00049)	
2	-776.4016797275981	(t1=0.0001,	nu11=0.00049)	
2	-5326.5112946298905	(t1=0.0011,	nu11=0.00049)	
2	-778.4800764269894	(t1=0.0001,	nu11=0.00049)	
2	-776.4016797278309	(t1=0.0001,	nu11=0.00049)	
2	-5326.511294630123	(t1=0.0011,	nu11=0.00049)	
2	-778.4800764274551	(t1=0.0001,	nu11=0.00049)	
2	-776.4016797280638	(t1=0.0001,	nu11=0.00049)	
2	-5326.51129463024	(t1=0.0011,	nu11=0.00049)	
2	-778.4800764267566	(t1=0.0001,	nu11=0.00049)	
2	-776.4016797275981	(t1=0.0001,	nu11=0.00049)	
2	-5326.5112946298905	(t1=0.0011,	nu11=0.00049)	
2	-778.4800764269894	(t1=0.0001,	nu11=0.00049)	
2	-776.4016797275981	(t1=0.0001,	nu11=0.00049)	
2	-5326.5112946298905	(t1=0.0011,	nu11=0.00049)	
2	-778.4800764272222	(t1=0.0001,	nu11=0.00049)	
2	-776.4016797279473	(t1=0.0001,	nu11=0.00049)	
2	-5326.51129463024	(t1=0.0011,	nu11=0.00049)	
2	-778.4800764272222	(t1=0.0001,	nu11=0.00049)	
2	-776.4016797275981	(t1=0.0001,	nu11=0.00049)	
2	-5326.5112946298905	(t1=0.0011,	nu11=0.00049)	
2	-778.4800764272222	(t1=0.0001,	nu11=0.00049)	
2	-776.4016797275981	(t1=0.0001,	nu11=0.00049)	
2	-5326.5112946298905	(t1=0.0011,	nu11=0.00049)	
2	-778.4800764271058	(t1=0.0001,	nu11=0.00049)	
2	-776.4016797277145	(t1=0.0001,	nu11=0.00049)	
2	-5326.5112946298905	(t1=0.0011,	nu11=0.00049)	
2	-778.4800764271058	(t1=0.0001,	nu11=0.00049)	
2	-776.4016797275981	(t1=0.0001,	nu11=0.00049)	
2	-5326.5112946298905	(t1=0.0011,	nu11=0.00049)	
2	-778.4800764271058	(t1=0.0001,	nu11=0.00049)	
2	-776.4016797277145	(t1=0.0001,	nu11=0.00049)	
2	-5326.5112946298905	(t1=0.0011,	nu11=0.00049)	
2	-778.4800764271058	(t1=0.0001,	nu11=0.00049)	
2	-776.4016797275981	(t1=0.0001,	nu11=0.00049)	
2	-5326.5112946298905	(t1=0.0011,	nu11=0.00049)	
2	-778.4800764271058	(t1=0.0001,	nu11=0.00049)	
2	-776.4016797277145	(t1=0.0001,	nu11=0.00049)	
2	-5326.5112946298905	(t1=0.0011,	nu11=0.00049)	
2	-778.4800764271058	(t1=0.0001,	nu11=0.00049)	
2	-776.4016797275981	(t1=0.0001,	nu11=0.00049)	
2	-5326.5112946298905	(t1=0.0011,	nu11=0.00049)	
2	-778.4800764271058	(t1=0.0001,	nu11=0.00049)	
2	-776.4016797277145	(t1=0.0001,	nu11=0.00049)	
2	-5326.5112946298905	(t1=0.0011,	nu11=0.00049)	
2	-778.4800764271058	(t1=0.0001,	nu11=0.00049)	
2	-776.4016797275981	(t1=0.0001,	nu11=0.00049)	
2	-5326.5112946298905	(t1=0.0011,	nu11=0.00049)	
2	-778.4800764271058	(t1=0.0001,	nu11=0.00049)	
2	-776.4016797277145	(t1=0.0001,	nu11=0.00049)	
2	-5326.5112946298905	(t1=0.0011,	nu11=0.00049)	
2	-778.4800764271058	(t1=0.0001,	nu11=0.00049)	
2	-776.4016797275981	(t1=0.0001,	nu11=0.00049)	
2	-5326.5112946298905	(t1=0.0011,	nu11=0.00049)	
2	-778.4800764271058	(t1=0.0001,	nu11=0.00049)	
2	-776.4016797277145	(t1=0.0001,	nu11=0.00049)	
2	-5326.5112946298905	(t1=0.0011,	nu11=0.00049)	
2	-778.4800764271058	(t1=0.0001,	nu11=0.00049)	
2	-776.4016797275981	(t1=0.0001,	nu11=0.00049)	
2	-5326.5112946298905	(t1=0.0011,	nu11=0.00049)	
2	-778.4800764271058	(t1=0.0001,	nu11=0.00049)	
2	-776.4016797277145	(t1=0.0001,	nu11=0.00049)	
2	-5326.5112946298905	(t1=0.0011,	nu11=0.00049)	
2	-778.4800764271058	(t1=0.0001,	nu11=0.00049)	
2	-776.4016797275981	(t1=0.0001,	nu11=0.00049)	
2	-5326.5112946298905	(t1=0.0011,	nu11=0.00049)	
2	-778.4800764271058	(t1=0.0001,	nu11=0.00049)	
2	-776.4016797277145	(t1=0.0001,	nu11=0.00049)	
2	-5326.5112946298905	(t1=0.0011,	nu11=0.00049)	
2	-778.4800764271058	(t1=0.0001,	nu11=0.00049)	
2	-776.4016797275981	(t1=0.0001,	nu11=0.00049)	
2	-5326.5112946298905	(t1=0.0011,	nu11=0.00049)	
2	-778.4800764271058	(t1=0.0001,	nu11=0.00049)	
2	-776.4016797277145	(t1=0.0001,	nu11=0.00049)	
2	-5326.5112946298905	(t1=0.0011,	nu11=0.00049)	
2	-778.4800764271058	(t1=0.0001,	nu11=0.00049)	
2	-776.4016797275981	(t1=0.0001,	nu11=0.00049)	
2	-5326.5112946298905	(t1=0.0011,	nu11=0.00049)	
2	-778.4800764271058	(t1=0.0001,	nu11=0.00049)	
2	-776.4016797277145	(t1=0.0001,	nu11=0.00049)	
2	-5326.5112946298905	(t1=0.0011,	nu11=0.00049)	
2	-778.4800764271058	(t1=0.0001,	nu11=0.00049)	
2	-776.4016797275981	(t1=0.0001,	nu11=0.00049)	
2	-5326.5112946298905	(t1=0.0011,	nu11=0.00049)	
2	-778.4800764271058	(t1=0.0001,	nu11=0.00049)	
2	-776.4016797277145	(t1=0.0001,	nu11=0.00049)	
2	-5326.5112946298905	(t1=0.0011,	nu11=0.00049)	
2	-778.4800764271058	(t1=0.0001,	nu11=0.00049)	
2	-776.4016797275981	(t1=0.0001,	nu11=0.00049)	
2	-5326.5112946298905	(t1=0.0011,	nu11=0.00049)	
2	-778.4800764271058	(t1=0.0001,	nu11=0.00049)	
2	-776.4016797277145	(t1=0.0001,	nu11=0.00049)	
2	-5326.5112946298905	(t1=0.0011,	nu11=0.00049)	
2	-778.4800764271058	(t1=0.0001,	nu11=0.00049)	
2	-776.4016797275981	(t1=0.0001,	nu11=0.00049)	
2	-5326.5112946298905	(t1=0.0011,	nu11=0.00049)	
2	-778.4800764271058	(t1=0.0001,	nu11=0.00049)	
2	-776.4016797277145	(t1=0.0001,	nu11=0.00049)	
