0	-678.4703378864797	(t1=0.0001,	nu11=0.00049)	
1	-678.4703378864797	(t1=0.0001,	nu11=0.00049)	
2	-5867.5577368612285	(t1=0.0011,	nu11=0.00049)	
2	-678.5616747392924	(t1=0.0001,	nu11=0.00049)	
2	-679.2137311219703	(t1=0.0001,	nu11=0.00049)	
2	-5867.742370009015	(t1=0.0011,	nu11=0.00049)	
2	-679.3733311277465	(t1=0.0001,	nu11=0.00049)	
2	-678.561900400091	(t1=0.0001,	nu11=0.00049)	
2	-5867.587772484694	(t1=0.0011,	nu11=0.00049)	
2	-678.6643075282336	(t1=0.0001,	nu11=0.00049)	
2	-678.4852888123132	(t1=0.0001,	nu11=0.00049)	
2	-5867.562906026025	(t1=0.0011,	nu11=0.00049)	
2	-678.5785299123963	(t1=0.0001,	nu11=0.00049)	
2	-678.4729110475164	(t1=0.0001,	nu11=0.00049)	
2	-5867.558634827961	(t1=0.0011,	nu11=0.00049)	
2	-678.5645786700188	(t1=0.0001,	nu11=0.00049)	
2	-678.4707848803373	(t1=0.0001,	nu11=0.00049)	
2	-5867.557893103745	(t1=0.0011,	nu11=0.00049)	
2	-678.5621792846941	(t1=0.0001,	nu11=0.00049)	
2	-678.4704156613443	(t1=0.0001,	nu11=0.00049)	
2	-5867.557764054742	(t1=0.0011,	nu11=0.00049)	
2	-678.5617625308805	(t1=0.0001,	nu11=0.00049)	
2	-678.4703514224384	(t1=0.0001,	nu11=0.00049)	
2	-5867.557741594268	(t1=0.0011,	nu11=0.00049)	
2	-678.5616900190362	(t1=0.0001,	nu11=0.00049)	
2	-678.4703402429586	(t1=0.0001,	nu11=0.00049)	
2	-5867.557737685158	(t1=0.0011,	nu11=0.00049)	
2	-678.5616773985676	(t1=0.0001,	nu11=0.00049)	
2	-678.4703382966109	(t1=0.0001,	nu11=0.00049)	
2	-5867.55773700471	(t1=0.0011,	nu11=0.00049)	
2	-678.5616752021597	(t1=0.0001,	nu11=0.00049)	
2	-678.4703379577841	(t1=0.0001,	nu11=0.00049)	
2	-5867.557736886141	(t1=0.0011,	nu11=0.00049)	
2	-678.5616748197353	(t1=0.0001,	nu11=0.00049)	
2	-678.4703378981212	(t1=0.0001,	nu11=0.00049)	
2	-5867.557736865187	(t1=0.0011,	nu11=0.00049)	
2	-678.5616747532622	(t1=0.0001,	nu11=0.00049)	
2	-678.4703378881095	(t1=0.0001,	nu11=0.00049)	
2	-5867.557736861752	(t1=0.0011,	nu11=0.00049)	
2	-678.5616747417953	(t1=0.0001,	nu11=0.00049)	
2	-678.4703378869453	(t1=0.0001,	nu11=0.00049)	
2	-5867.5577368612285	(t1=0.0011,	nu11=0.00049)	
2	-678.5616747393506	(t1=0.0001,	nu11=0.00049)	
2	-678.4703378867707	(t1=0.0001,	nu11=0.00049)	
2	-5867.557736861578	(t1=0.0011,	nu11=0.00049)	
2	-678.5616747390013	(t1=0.0001,	nu11=0.00049)	
2	-678.4703378864215	(t1=0.0001,	nu11=0.00049)	
2	-5867.557736860879	(t1=0.0011,	nu11=0.00049)	
2	-678.5616747391759	(t1=0.0001,	nu11=0.00049)	
2	-678.4703378864797	(t1=0.0001,	nu11=0.00049)	
2	-5867.55773686117	(t1=0.0011,	nu11=0.00049)	
2	-678.5616747390013	(t1=0.0001,	nu11=0.00049)	
2	-678.4703378862469	(t1=0.0001,	nu11=0.00049)	
2	-5867.557736861345	(t1=0.0011,	nu11=0.00049)	
2	-678.561674739467	(t1=0.0001,	nu11=0.00049)	
2	-678.4703378863051	(t1=0.0001,	nu11=0.00049)	
2	-5867.55773686117	(t1=0.0011,	nu11=0.00049)	
2	-678.5616747392341	(t1=0.0001,	nu11=0.00049)	
2	-678.4703378861304	(t1=0.0001,	nu11=0.00049)	
2	-5867.557736861345	(t1=0.0011,	nu11=0.00049)	
2	-678.5616747390013	(t1=0.0001,	nu11=0.00049)	
2	-678.4703378859558	(t1=0.0001,	nu11=0.00049)	
2	-5867.55773686117	(t1=0.0011,	nu11=0.00049)	
2	-678.5616747391177	(t1=0.0001,	nu11=0.00049)	
2	-678.4703378859558	(t1=0.0001,	nu11=0.00049)	
2	-5867.55773686117	(t1=0.0011,	nu11=0.00049)	
2	-678.5616747391177	(t1=0.0001,	nu11=0.00049)	
2	-678.4703378863051	(t1=0.0001,	nu11=0.00049)	
2	-5867.55773686117	(t1=0.0011,	nu11=0.00049)	
2	-678.5616747392341	(t1=0.0001,	nu11=0.00049)	
2	-678.4703378859558	(t1=0.0001,	nu11=0.00049)	
2	-5867.55773686117	(t1=0.0011,	nu11=0.00049)	
2	-678.5616747391177	(t1=0.0001,	nu11=0.00049)	
2	-678.4703378863051	(t1=0.0001,	nu11=0.00049)	
2	-5867.55773686117	(t1=0.0011,	nu11=0.00049)	
2	-678.5616747392341	(t1=0.0001,	nu11=0.00049)	
2	-678.4703378859558	(t1=0.0001,	nu11=0.00049)	
2	-5867.55773686117	(t1=0.0011,	nu11=0.00049)	
2	-678.5616747391177	(t1=0.0001,	nu11=0.00049)	
2	-678.4703378863051	(t1=0.0001,	nu11=0.00049)	
2	-5867.55773686117	(t1=0.0011,	nu11=0.00049)	
2	-678.5616747392341	(t1=0.0001,	nu11=0.00049)	
2	-678.4703378859558	(t1=0.0001,	nu11=0.00049)	
2	-5867.55773686117	(t1=0.0011,	nu11=0.00049)	
2	-678.5616747391177	(t1=0.0001,	nu11=0.00049)	
2	-678.4703378863051	(t1=0.0001,	nu11=0.00049)	
2	-5867.55773686117	(t1=0.0011,	nu11=0.00049)	
2	-678.5616747392341	(t1=0.0001,	nu11=0.00049)	
2	-678.4703378859558	(t1=0.0001,	nu11=0.00049)	
2	-5867.55773686117	(t1=0.0011,	nu11=0.00049)	
2	-678.5616747391177	(t1=0.0001,	nu11=0.00049)	
2	-678.4703378863051	(t1=0.0001,	nu11=0.00049)	
2	-5867.55773686117	(t1=0.0011,	nu11=0.00049)	
2	-678.5616747392341	(t1=0.0001,	nu11=0.00049)	
2	-678.4703378859558	(t1=0.0001,	nu11=0.00049)	
2	-5867.55773686117	(t1=0.0011,	nu11=0.00049)	
2	-678.5616747391177	(t1=0.0001,	nu11=0.00049)	
2	-678.4703378863051	(t1=0.0001,	nu11=0.00049)	
2	-5867.55773686117	(t1=0.0011,	nu11=0.00049)	
2	-678.5616747392341	(t1=0.0001,	nu11=0.00049)	
2	-678.4703378859558	(t1=0.0001,	nu11=0.00049)	
2	-5867.55773686117	(t1=0.0011,	nu11=0.00049)	
2	-678.5616747391177	(t1=0.0001,	nu11=0.00049)	
2	-678.4703378863051	(t1=0.0001,	nu11=0.00049)	
2	-5867.55773686117	(t1=0.0011,	nu11=0.00049)	
2	-678.5616747392341	(t1=0.0001,	nu11=0.00049)	
2	-678.4703378859558	(t1=0.0001,	nu11=0.00049)	
2	-5867.55773686117	(t1=0.0011,	nu11=0.00049)	
2	-678.5616747391177	(t1=0.0001,	nu11=0.00049)	
2	-678.4703378863051	(t1=0.0001,	nu11=0.00049)	
2	-5867.55773686117	(t1=0.0011,	nu11=0.00049)	
2	-678.5616747392341	(t1=0.0001,	nu11=0.00049)	
2	-678.4703378859558	(t1=0.0001,	nu11=0.00049)	
2	-5867.55773686117	(t1=0.0011,	nu11=0.00049)	
2	-678.5616747391177	(t1=0.0001,	nu11=0.00049)	
2	-678.4703378864797	(t1=0.0001,	nu11=0.00049)	
