0	-468.8951102926512	(t1=0.0001,	nu11=0.00049)	
1	-468.8951102926512	(t1=0.0001,	nu11=0.00049)	
2	-4055.870448521222	(t1=0.0011,	nu11=0.00049)	
2	-470.69757043366553	(t1=0.0001,	nu11=0.00049)	
2	-472.6789543069317	(t1=0.0001,	nu11=0.00049)	
2	-4055.9247278326075	(t1=0.0011,	nu11=0.00049)	
2	-474.5044481118093	(t1=0.0001,	nu11=0.00049)	
2	-469.0040658854414	(t1=0.0001,	nu11=0.00049)	
2	-4055.872023175587	(t1=0.0011,	nu11=0.00049)	
2	-470.8071935424232	(t1=0.0001,	nu11=0.00049)	
2	-468.89828917064006	(t1=0.0001,	nu11=0.00049)	
2	-4055.8704944736673	(t1=0.0011,	nu11=0.00049)	
2	-470.700768789975	(t1=0.0001,	nu11=0.00049)	
2	-468.895203074615	(t1=0.0001,	nu11=0.00049)	
2	-4055.870449862792	(t1=0.0011,	nu11=0.00049)	
2	-470.6976637838525	(t1=0.0001,	nu11=0.00049)	
2	-468.89511300076265	(t1=0.0001,	nu11=0.00049)	
2	-4055.870448560454	(t1=0.0011,	nu11=0.00049)	
2	-470.6975731579587	(t1=0.0001,	nu11=0.00049)	
2	-468.895110371639	(t1=0.0001,	nu11=0.00049)	
2	-4055.8704485225026	(t1=0.0011,	nu11=0.00049)	
2	-470.6975705130026	(t1=0.0001,	nu11=0.00049)	
2	-468.8951102949213	(t1=0.0001,	nu11=0.00049)	
2	-4055.87044852128	(t1=0.0011,	nu11=0.00049)	
2	-470.6975704355282	(t1=0.0001,	nu11=0.00049)	
2	-468.8951102925348	(t1=0.0001,	nu11=0.00049)	
2	-4055.870448521222	(t1=0.0011,	nu11=0.00049)	
2	-470.69757043372374	(t1=0.0001,	nu11=0.00049)	
2	-468.89511029276764	(t1=0.0001,	nu11=0.00049)	
2	-4055.8704485215712	(t1=0.0011,	nu11=0.00049)	
2	-470.6975704340148	(t1=0.0001,	nu11=0.00049)	
2	-468.8951102926512	(t1=0.0001,	nu11=0.00049)	
2	-4055.870448521222	(t1=0.0011,	nu11=0.00049)	
2	-470.6975704335491	(t1=0.0001,	nu11=0.00049)	
2	-468.8951102925348	(t1=0.0001,	nu11=0.00049)	
2	-4055.870448521222	(t1=0.0011,	nu11=0.00049)	
2	-470.69757043372374	(t1=0.0001,	nu11=0.00049)	
2	-468.8951102925348	(t1=0.0001,	nu11=0.00049)	
2	-4055.870448521222	(t1=0.0011,	nu11=0.00049)	
2	-470.69757043372374	(t1=0.0001,	nu11=0.00049)	
2	-468.8951102926512	(t1=0.0001,	nu11=0.00049)	
2	-4055.870448521222	(t1=0.0011,	nu11=0.00049)	
2	-470.6975704335491	(t1=0.0001,	nu11=0.00049)	
2	-468.8951102925348	(t1=0.0001,	nu11=0.00049)	
2	-4055.870448521222	(t1=0.0011,	nu11=0.00049)	
2	-470.69757043372374	(t1=0.0001,	nu11=0.00049)	
2	-468.8951102926512	(t1=0.0001,	nu11=0.00049)	
2	-4055.870448521222	(t1=0.0011,	nu11=0.00049)	
2	-470.6975704335491	(t1=0.0001,	nu11=0.00049)	
2	-468.8951102925348	(t1=0.0001,	nu11=0.00049)	
2	-4055.870448521222	(t1=0.0011,	nu11=0.00049)	
2	-470.69757043372374	(t1=0.0001,	nu11=0.00049)	
2	-468.8951102926512	(t1=0.0001,	nu11=0.00049)	
2	-4055.870448521222	(t1=0.0011,	nu11=0.00049)	
2	-470.6975704335491	(t1=0.0001,	nu11=0.00049)	
2	-468.8951102925348	(t1=0.0001,	nu11=0.00049)	
2	-4055.870448521222	(t1=0.0011,	nu11=0.00049)	
2	-470.69757043372374	(t1=0.0001,	nu11=0.00049)	
2	-468.8951102926512	(t1=0.0001,	nu11=0.00049)	
2	-4055.870448521222	(t1=0.0011,	nu11=0.00049)	
2	-470.6975704335491	(t1=0.0001,	nu11=0.00049)	
2	-468.8951102925348	(t1=0.0001,	nu11=0.00049)	
2	-4055.870448521222	(t1=0.0011,	nu11=0.00049)	
2	-470.69757043372374	(t1=0.0001,	nu11=0.00049)	
2	-468.8951102926512	(t1=0.0001,	nu11=0.00049)	
2	-4055.870448521222	(t1=0.0011,	nu11=0.00049)	
2	-470.6975704335491	(t1=0.0001,	nu11=0.00049)	
2	-468.8951102925348	(t1=0.0001,	nu11=0.00049)	
2	-4055.870448521222	(t1=0.0011,	nu11=0.00049)	
2	-470.69757043372374	(t1=0.0001,	nu11=0.00049)	
2	-468.8951102926512	(t1=0.0001,	nu11=0.00049)	
2	-4055.870448521222	(t1=0.0011,	nu11=0.00049)	
2	-470.6975704335491	(t1=0.0001,	nu11=0.00049)	
2	-468.8951102925348	(t1=0.0001,	nu11=0.00049)	
2	-4055.870448521222	(t1=0.0011,	nu11=0.00049)	
2	-470.69757043372374	(t1=0.0001,	nu11=0.00049)	
2	-468.8951102926512	(t1=0.0001,	nu11=0.00049)	
2	-4055.870448521222	(t1=0.0011,	nu11=0.00049)	
2	-470.6975704335491	(t1=0.0001,	nu11=0.00049)	
2	-468.8951102925348	(t1=0.0001,	nu11=0.00049)	
2	-4055.870448521222	(t1=0.0011,	nu11=0.00049)	
2	-470.69757043372374	(t1=0.0001,	nu11=0.00049)	
2	-468.8951102926512	(t1=0.0001,	nu11=0.00049)	
2	-4055.870448521222	(t1=0.0011,	nu11=0.00049)	
2	-470.6975704335491	(t1=0.0001,	nu11=0.00049)	
2	-468.8951102925348	(t1=0.0001,	nu11=0.00049)	
2	-4055.870448521222	(t1=0.0011,	nu11=0.00049)	
2	-470.69757043372374	(t1=0.0001,	nu11=0.00049)	
2	-468.8951102926512	(t1=0.0001,	nu11=0.00049)	
