0	-312.453342609806	(t1=0.0001,	nu11=0.00049)	
1	-312.453342609806	(t1=0.0001,	nu11=0.00049)	
2	-6711.977112379856	(t1=0.0011,	nu11=0.00049)	
2	-312.7177904964192	(t1=0.0001,	nu11=0.00049)	
2	-316.3609023785684	(t1=0.0001,	nu11=0.00049)	
2	-6712.4205011265585	(t1=0.0011,	nu11=0.00049)	
2	-316.7846682688687	(t1=0.0001,	nu11=0.00049)	
2	-312.8411450475687	(t1=0.0001,	nu11=0.00049)	
2	-6712.032958935713	(t1=0.0011,	nu11=0.00049)	
2	-313.1255421686219	(t1=0.0001,	nu11=0.00049)	
2	-312.50485674105585	(t1=0.0001,	nu11=0.00049)	
2	-6711.984784007189	(t1=0.0011,	nu11=0.00049)	
2	-312.7720430342015	(t1=0.0001,	nu11=0.00049)	
2	-312.4604656440206	(t1=0.0001,	nu11=0.00049)	
2	-6711.978178141057	(t1=0.0011,	nu11=0.00049)	
2	-312.72529391851276	(t1=0.0001,	nu11=0.00049)	
2	-312.4543330478482	(t1=0.0001,	nu11=0.00049)	
2	-6711.977260667947	(t1=0.0011,	nu11=0.00049)	
2	-312.7188338601263	(t1=0.0001,	nu11=0.00049)	
2	-312.4534804341383	(t1=0.0001,	nu11=0.00049)	
2	-6711.977133016917	(t1=0.0011,	nu11=0.00049)	
2	-312.7179356861161	(t1=0.0001,	nu11=0.00049)	
2	-312.45336179062724	(t1=0.0001,	nu11=0.00049)	
2	-6711.977115251822	(t1=0.0011,	nu11=0.00049)	
2	-312.7178107019281	(t1=0.0001,	nu11=0.00049)	
2	-312.453345279675	(t1=0.0001,	nu11=0.00049)	
2	-6711.977112779743	(t1=0.0011,	nu11=0.00049)	
2	-312.71779330808204	(t1=0.0001,	nu11=0.00049)	
2	-312.45334298105445	(t1=0.0001,	nu11=0.00049)	
2	-6711.977112435503	(t1=0.0011,	nu11=0.00049)	
2	-312.71779088745825	(t1=0.0001,	nu11=0.00049)	
2	-312.453342661378	(t1=0.0001,	nu11=0.00049)	
2	-6711.977112387656	(t1=0.0011,	nu11=0.00049)	
2	-312.71779055090155	(t1=0.0001,	nu11=0.00049)	
2	-312.45334261714015	(t1=0.0001,	nu11=0.00049)	
2	-6711.977112381253	(t1=0.0011,	nu11=0.00049)	
2	-312.71779050375335	(t1=0.0001,	nu11=0.00049)	
2	-312.45334261120297	(t1=0.0001,	nu11=0.00049)	
2	-6711.977112379973	(t1=0.0011,	nu11=0.00049)	
2	-312.7177904971177	(t1=0.0001,	nu11=0.00049)	
2	-312.4533426100388	(t1=0.0001,	nu11=0.00049)	
2	-6711.977112380206	(t1=0.0011,	nu11=0.00049)	
2	-312.71779049618635	(t1=0.0001,	nu11=0.00049)	
2	-312.4533426099224	(t1=0.0001,	nu11=0.00049)	
2	-6711.977112379624	(t1=0.0011,	nu11=0.00049)	
2	-312.71779049618635	(t1=0.0001,	nu11=0.00049)	
2	-312.45334260957316	(t1=0.0001,	nu11=0.00049)	
2	-6711.977112380089	(t1=0.0011,	nu11=0.00049)	
2	-312.71779049618635	(t1=0.0001,	nu11=0.00049)	
2	-312.45334260957316	(t1=0.0001,	nu11=0.00049)	
2	-6711.977112380089	(t1=0.0011,	nu11=0.00049)	
2	-312.71779049630277	(t1=0.0001,	nu11=0.00049)	
2	-312.453342609806	(t1=0.0001,	nu11=0.00049)	
2	-6711.977112380089	(t1=0.0011,	nu11=0.00049)	
2	-312.71779049618635	(t1=0.0001,	nu11=0.00049)	
2	-312.453342609806	(t1=0.0001,	nu11=0.00049)	
2	-6711.977112380089	(t1=0.0011,	nu11=0.00049)	
2	-312.71779049618635	(t1=0.0001,	nu11=0.00049)	
2	-312.45334260957316	(t1=0.0001,	nu11=0.00049)	
2	-6711.977112380089	(t1=0.0011,	nu11=0.00049)	
2	-312.71779049630277	(t1=0.0001,	nu11=0.00049)	
2	-312.453342609806	(t1=0.0001,	nu11=0.00049)	
2	-6711.977112380089	(t1=0.0011,	nu11=0.00049)	
2	-312.71779049618635	(t1=0.0001,	nu11=0.00049)	
2	-312.45334260957316	(t1=0.0001,	nu11=0.00049)	
2	-6711.977112380089	(t1=0.0011,	nu11=0.00049)	
2	-312.71779049630277	(t1=0.0001,	nu11=0.00049)	
2	-312.453342609806	(t1=0.0001,	nu11=0.00049)	
2	-6711.977112380089	(t1=0.0011,	nu11=0.00049)	
2	-312.71779049618635	(t1=0.0001,	nu11=0.00049)	
2	-312.45334260957316	(t1=0.0001,	nu11=0.00049)	
2	-6711.977112380089	(t1=0.0011,	nu11=0.00049)	
2	-312.71779049630277	(t1=0.0001,	nu11=0.00049)	
2	-312.453342609806	(t1=0.0001,	nu11=0.00049)	
2	-6711.977112380089	(t1=0.0011,	nu11=0.00049)	
2	-312.71779049618635	(t1=0.0001,	nu11=0.00049)	
2	-312.45334260957316	(t1=0.0001,	nu11=0.00049)	
2	-6711.977112380089	(t1=0.0011,	nu11=0.00049)	
2	-312.71779049630277	(t1=0.0001,	nu11=0.00049)	
2	-312.453342609806	(t1=0.0001,	nu11=0.00049)	
2	-6711.977112380089	(t1=0.0011,	nu11=0.00049)	
2	-312.71779049618635	(t1=0.0001,	nu11=0.00049)	
2	-312.45334260957316	(t1=0.0001,	nu11=0.00049)	
2	-6711.977112380089	(t1=0.0011,	nu11=0.00049)	
2	-312.71779049630277	(t1=0.0001,	nu11=0.00049)	
2	-312.453342609806	(t1=0.0001,	nu11=0.00049)	
2	-6711.977112380089	(t1=0.0011,	nu11=0.00049)	
2	-312.71779049618635	(t1=0.0001,	nu11=0.00049)	
2	-312.45334260957316	(t1=0.0001,	nu11=0.00049)	
2	-6711.977112380089	(t1=0.0011,	nu11=0.00049)	
2	-312.71779049630277	(t1=0.0001,	nu11=0.00049)	
2	-312.453342609806	(t1=0.0001,	nu11=0.00049)	
2	-6711.977112380089	(t1=0.0011,	nu11=0.00049)	
2	-312.71779049618635	(t1=0.0001,	nu11=0.00049)	
2	-312.45334260957316	(t1=0.0001,	nu11=0.00049)	
2	-6711.977112380089	(t1=0.0011,	nu11=0.00049)	
2	-312.71779049630277	(t1=0.0001,	nu11=0.00049)	
2	-312.453342609806	(t1=0.0001,	nu11=0.00049)	
2	-6711.977112380089	(t1=0.0011,	nu11=0.00049)	
2	-312.71779049618635	(t1=0.0001,	nu11=0.00049)	
2	-312.45334260957316	(t1=0.0001,	nu11=0.00049)	
2	-6711.977112380089	(t1=0.0011,	nu11=0.00049)	
2	-312.71779049630277	(t1=0.0001,	nu11=0.00049)	
2	-312.453342609806	(t1=0.0001,	nu11=0.00049)	
