0	-800.6684367288253	(t1=0.00016,	nu11=0.00075)	
1	-800.6684367288253	(t1=0.00016,	nu11=0.00075)	
2	-2862.8806826820364	(t1=0.00116,	nu11=0.00075)	
2	-802.933486037422	(t1=0.00016,	nu11=0.00075)	
2	-801.2504927281989	(t1=0.00016,	nu11=0.00075)	
2	-2862.8823499981663	(t1=0.00116,	nu11=0.00075)	
2	-803.5179165875306	(t1=0.00016,	nu11=0.00075)	
2	-800.6811098784092	(t1=0.00016,	nu11=0.00075)	
2	-2862.880719017063	(t1=0.00116,	nu11=0.00075)	
2	-802.9462109167362	(t1=0.00016,	nu11=0.00075)	
2	-800.6687129894854	(t1=0.00016,	nu11=0.00075)	
2	-2862.8806834741845	(t1=0.00116,	nu11=0.00075)	
2	-802.9337634255644	(t1=0.00016,	nu11=0.00075)	
2	-800.6684427506407	(t1=0.00016,	nu11=0.00075)	
2	-2862.8806826992077	(t1=0.00116,	nu11=0.00075)	
2	-802.9334920839174	(t1=0.00016,	nu11=0.00075)	
2	-800.668436859909	(t1=0.00016,	nu11=0.00075)	
2	-2862.880682682444	(t1=0.00116,	nu11=0.00075)	
2	-802.9334861689713	(t1=0.00016,	nu11=0.00075)	
2	-800.6684367315029	(t1=0.00016,	nu11=0.00075)	
2	-2862.880682681862	(t1=0.00116,	nu11=0.00075)	
2	-802.9334860399831	(t1=0.00016,	nu11=0.00075)	
2	-800.6684367287089	(t1=0.00016,	nu11=0.00075)	
2	-2862.8806826820364	(t1=0.00116,	nu11=0.00075)	
2	-802.9334860372473	(t1=0.00016,	nu11=0.00075)	
2	-800.6684367282433	(t1=0.00016,	nu11=0.00075)	
2	-2862.88068268192	(t1=0.00116,	nu11=0.00075)	
2	-802.9334860371309	(t1=0.00016,	nu11=0.00075)	
2	-800.6684367296402	(t1=0.00016,	nu11=0.00075)	
2	-2862.88068268192	(t1=0.00116,	nu11=0.00075)	
2	-802.9334860383533	(t1=0.00016,	nu11=0.00075)	
2	-800.6684367284761	(t1=0.00016,	nu11=0.00075)	
2	-2862.8806826820364	(t1=0.00116,	nu11=0.00075)	
2	-802.9334860371891	(t1=0.00016,	nu11=0.00075)	
2	-800.6684367282433	(t1=0.00016,	nu11=0.00075)	
2	-2862.88068268192	(t1=0.00116,	nu11=0.00075)	
2	-802.9334860371309	(t1=0.00016,	nu11=0.00075)	
2	-800.6684367283597	(t1=0.00016,	nu11=0.00075)	
2	-2862.880682682153	(t1=0.00116,	nu11=0.00075)	
2	-802.9334860374802	(t1=0.00016,	nu11=0.00075)	
2	-800.6684367282433	(t1=0.00016,	nu11=0.00075)	
2	-2862.88068268192	(t1=0.00116,	nu11=0.00075)	
2	-802.9334860371309	(t1=0.00016,	nu11=0.00075)	
2	-800.6684367281268	(t1=0.00016,	nu11=0.00075)	
2	-2862.8806826820364	(t1=0.00116,	nu11=0.00075)	
2	-802.9334860371891	(t1=0.00016,	nu11=0.00075)	
2	-800.6684367283597	(t1=0.00016,	nu11=0.00075)	
2	-2862.8806826820364	(t1=0.00116,	nu11=0.00075)	
2	-802.9334860369563	(t1=0.00016,	nu11=0.00075)	
2	-800.6684367281268	(t1=0.00016,	nu11=0.00075)	
2	-2862.8806826820364	(t1=0.00116,	nu11=0.00075)	
2	-802.9334860371891	(t1=0.00016,	nu11=0.00075)	
2	-800.668436728185	(t1=0.00016,	nu11=0.00075)	
2	-2862.8806826820364	(t1=0.00116,	nu11=0.00075)	
2	-802.9334860373638	(t1=0.00016,	nu11=0.00075)	
2	-800.6684367281268	(t1=0.00016,	nu11=0.00075)	
2	-2862.8806826820364	(t1=0.00116,	nu11=0.00075)	
2	-802.9334860371891	(t1=0.00016,	nu11=0.00075)	
2	-800.6684367282433	(t1=0.00016,	nu11=0.00075)	
2	-2862.8806826820364	(t1=0.00116,	nu11=0.00075)	
2	-802.933486037422	(t1=0.00016,	nu11=0.00075)	
2	-800.6684367281268	(t1=0.00016,	nu11=0.00075)	
2	-2862.8806826820364	(t1=0.00116,	nu11=0.00075)	
2	-802.9334860371891	(t1=0.00016,	nu11=0.00075)	
2	-800.6684367285925	(t1=0.00016,	nu11=0.00075)	
2	-2862.8806826820364	(t1=0.00116,	nu11=0.00075)	
2	-802.9334860370727	(t1=0.00016,	nu11=0.00075)	
2	-800.6684367281268	(t1=0.00016,	nu11=0.00075)	
2	-2862.8806826820364	(t1=0.00116,	nu11=0.00075)	
2	-802.9334860371891	(t1=0.00016,	nu11=0.00075)	
2	-800.6684367282433	(t1=0.00016,	nu11=0.00075)	
2	-2862.8806826820364	(t1=0.00116,	nu11=0.00075)	
2	-802.9334860371891	(t1=0.00016,	nu11=0.00075)	
2	-800.6684367281268	(t1=0.00016,	nu11=0.00075)	
2	-2862.8806826820364	(t1=0.00116,	nu11=0.00075)	
2	-802.9334860371891	(t1=0.00016,	nu11=0.00075)	
2	-800.6684367282433	(t1=0.00016,	nu11=0.00075)	
2	-2862.8806826820364	(t1=0.00116,	nu11=0.00075)	
2	-802.9334860371891	(t1=0.00016,	nu11=0.00075)	
2	-800.6684367281268	(t1=0.00016,	nu11=0.00075)	
2	-2862.8806826820364	(t1=0.00116,	nu11=0.00075)	
2	-802.9334860371891	(t1=0.00016,	nu11=0.00075)	
2	-800.6684367282433	(t1=0.00016,	nu11=0.00075)	
2	-2862.8806826820364	(t1=0.00116,	nu11=0.00075)	
2	-802.9334860371891	(t1=0.00016,	nu11=0.00075)	
2	-800.6684367281268	(t1=0.00016,	nu11=0.00075)	
2	-2862.8806826820364	(t1=0.00116,	nu11=0.00075)	
2	-802.9334860371891	(t1=0.00016,	nu11=0.00075)	
2	-800.6684367282433	(t1=0.00016,	nu11=0.00075)	
2	-2862.8806826820364	(t1=0.00116,	nu11=0.00075)	
2	-802.9334860371891	(t1=0.00016,	nu11=0.00075)	
2	-800.6684367281268	(t1=0.00016,	nu11=0.00075)	
2	-2862.8806826820364	(t1=0.00116,	nu11=0.00075)	
2	-802.9334860371891	(t1=0.00016,	nu11=0.00075)	
2	-800.6684367282433	(t1=0.00016,	nu11=0.00075)	
2	-2862.8806826820364	(t1=0.00116,	nu11=0.00075)	
2	-802.9334860371891	(t1=0.00016,	nu11=0.00075)	
2	-800.6684367281268	(t1=0.00016,	nu11=0.00075)	
2	-2862.8806826820364	(t1=0.00116,	nu11=0.00075)	
2	-802.9334860371891	(t1=0.00016,	nu11=0.00075)	
2	-800.6684367282433	(t1=0.00016,	nu11=0.00075)	
2	-2862.8806826820364	(t1=0.00116,	nu11=0.00075)	
2	-802.9334860371891	(t1=0.00016,	nu11=0.00075)	
2	-800.6684367281268	(t1=0.00016,	nu11=0.00075)	
2	-2862.8806826820364	(t1=0.00116,	nu11=0.00075)	
2	-802.9334860371891	(t1=0.00016,	nu11=0.00075)	
2	-800.6684367282433	(t1=0.00016,	nu11=0.00075)	
2	-2862.8806826820364	(t1=0.00116,	nu11=0.00075)	
2	-802.9334860371891	(t1=0.00016,	nu11=0.00075)	
2	-800.6684367281268	(t1=0.00016,	nu11=0.00075)	
2	-2862.8806826820364	(t1=0.00116,	nu11=0.00075)	
2	-802.9334860371891	(t1=0.00016,	nu11=0.00075)	
2	-800.6684367282433	(t1=0.00016,	nu11=0.00075)	
2	-2862.8806826820364	(t1=0.00116,	nu11=0.00075)	
2	-802.9334860371891	(t1=0.00016,	nu11=0.00075)	
2	-800.6684367281268	(t1=0.00016,	nu11=0.00075)	
2	-2862.8806826820364	(t1=0.00116,	nu11=0.00075)	
2	-802.9334860371891	(t1=0.00016,	nu11=0.00075)	
2	-800.6684367282433	(t1=0.00016,	nu11=0.00075)	
2	-2862.8806826820364	(t1=0.00116,	nu11=0.00075)	
2	-802.9334860371891	(t1=0.00016,	nu11=0.00075)	
2	-800.6684367281268	(t1=0.00016,	nu11=0.00075)	
2	-2862.8806826820364	(t1=0.00116,	nu11=0.00075)	
2	-802.9334860371891	(t1=0.00016,	nu11=0.00075)	
2	-800.6684367282433	(t1=0.00016,	nu11=0.00075)	
2	-2862.8806826820364	(t1=0.00116,	nu11=0.00075)	
2	-802.9334860371891	(t1=0.00016,	nu11=0.00075)	
2	-800.6684367281268	(t1=0.00016,	nu11=0.00075)	
2	-2862.8806826820364	(t1=0.00116,	nu11=0.00075)	
2	-802.9334860371891	(t1=0.00016,	nu11=0.00075)	
2	-800.6684367288253	(t1=0.00016,	nu11=0.00075)	
