0	-439.4018372874707	(t1=0.00016,	nu11=0.00075)	
1	-439.4018372874707	(t1=0.00016,	nu11=0.00075)	
2	-6412.9427999146865	(t1=0.00116,	nu11=0.00075)	
2	-438.8647444557282	(t1=0.00016,	nu11=0.00075)	
2	-436.3351730796858	(t1=0.00016,	nu11=0.00075)	
2	-6413.013661811419	(t1=0.00116,	nu11=0.00075)	
2	-435.8699830598198	(t1=0.00016,	nu11=0.00075)	
2	-433.68705752305686	(t1=0.00016,	nu11=0.00075)	
2	-6413.083693804103	(t1=0.00116,	nu11=0.00075)	
2	-433.2942677033134	(t1=0.00016,	nu11=0.00075)	
2	-433.0912976458203	(t1=0.00016,	nu11=0.00075)	
2	-6413.101075049199	(t1=0.00116,	nu11=0.00075)	
2	-432.71668873145245	(t1=0.00016,	nu11=0.00075)	
2	-432.5224118953338	(t1=0.00016,	nu11=0.00075)	
2	-6413.118402688007	(t1=0.00116,	nu11=0.00075)	
2	-432.1660132269608	(t1=0.00016,	nu11=0.00075)	
2	-432.3843947793939	(t1=0.00016,	nu11=0.00075)	
2	-6413.122726520232	(t1=0.00116,	nu11=0.00075)	
2	-432.03255357051967	(t1=0.00016,	nu11=0.00075)	
2	-432.24807108403184	(t1=0.00016,	nu11=0.00075)	
2	-6413.127046882873	(t1=0.00116,	nu11=0.00075)	
2	-431.9007890424109	(t1=0.00016,	nu11=0.00075)	
2	-432.2142540633213	(t1=0.00016,	nu11=0.00075)	
2	-6413.128126460593	(t1=0.00116,	nu11=0.00075)	
2	-431.868112110591	(t1=0.00016,	nu11=0.00075)	
2	-432.18054344906705	(t1=0.00016,	nu11=0.00075)	
2	-6413.129205807578	(t1=0.00116,	nu11=0.00075)	
2	-431.8355416780687	(t1=0.00016,	nu11=0.00075)	
2	-5589.724246127706	(t1=0.00054,	nu11=0.00075)	
2	-432.1699605319882	(t1=0.00016,	nu11=0.00075)	
2	-6413.129545308475	(t1=0.00116,	nu11=0.00075)	
2	-431.8253174665733	(t1=0.00016,	nu11=0.00075)	
2	-432.1593882519519	(t1=0.00016,	nu11=0.00075)	
2	-6413.129884783586	(t1=0.00116,	nu11=0.00075)	
2	-431.8151038979413	(t1=0.00016,	nu11=0.00075)	
2	-6352.049326849228	(t1=0.00085,	nu11=0.00075)	
2	-432.1570489502046	(t1=0.00016,	nu11=0.00075)	
2	-6413.129959941492	(t1=0.00116,	nu11=0.00075)	
2	-431.81284401670564	(t1=0.00016,	nu11=0.00075)	
2	-432.15471017785603	(t1=0.00016,	nu11=0.00075)	
2	-6413.130035097303	(t1=0.00116,	nu11=0.00075)	
2	-431.81058466556715	(t1=0.00016,	nu11=0.00075)	
2	-16939.981312859396	(t1=3.93e-06,	nu11=0.00075)	
2	-6409.695397709962	(t1=0.001,	nu11=0.00075)	
2	-16941.408580241667	(t1=3.93e-06,	nu11=0.00075)	
2	-429.44474853464635	(t1=0.00016,	nu11=0.00075)	
2	-6413.231698972755	(t1=0.00116,	nu11=0.00075)	
2	-429.20957505796105	(t1=0.00016,	nu11=0.00075)	
2	-427.74164392531384	(t1=0.00016,	nu11=0.00075)	
2	-6413.329636510927	(t1=0.00116,	nu11=0.00075)	
2	-427.6144074977492	(t1=0.00016,	nu11=0.00075)	
2	-2683.1657055040705	(t1=8e-05,	nu11=0.00075)	
2	-6415.49890184059	(t1=0.00108,	nu11=0.00075)	
2	-2689.299204368959	(t1=8e-05,	nu11=0.00075)	
2	-427.04333395749563	(t1=0.00015,	nu11=0.00075)	
2	-6413.479377445183	(t1=0.00115,	nu11=0.00075)	
2	-427.0871670792694	(t1=0.00015,	nu11=0.00075)	
2	-428.678532139922	(t1=0.00015,	nu11=0.00075)	
2	-6413.616732094844	(t1=0.00115,	nu11=0.00075)	
2	-428.8862242066534	(t1=0.00015,	nu11=0.00075)	
2	-427.1700454118545	(t1=0.00015,	nu11=0.00075)	
2	-6413.504369959468	(t1=0.00115,	nu11=0.00075)	
2	-427.24318145867437	(t1=0.00015,	nu11=0.00075)	
2	-427.0625048855436	(t1=0.00015,	nu11=0.00075)	
2	-6413.484294839844	(t1=0.00115,	nu11=0.00075)	
2	-427.11208598990925	(t1=0.00015,	nu11=0.00075)	
2	-427.04693761543604	(t1=0.00015,	nu11=0.00075)	
2	-6413.480359196372	(t1=0.00115,	nu11=0.00075)	
2	-427.09191763272975	(t1=0.00015,	nu11=0.00075)	
2	-427.0440465764259	(t1=0.00015,	nu11=0.00075)	
2	-6413.479574017401	(t1=0.00115,	nu11=0.00075)	
2	-427.08810930891195	(t1=0.00015,	nu11=0.00075)	
2	-427.04347636620514	(t1=0.00015,	nu11=0.00075)	
2	-6413.4794168269145	(t1=0.00115,	nu11=0.00075)	
2	-427.0873554876307	(t1=0.00015,	nu11=0.00075)	
2	-427.043362477154	(t1=0.00015,	nu11=0.00075)	
2	-6413.479385336104	(t1=0.00115,	nu11=0.00075)	
2	-427.0872048151796	(t1=0.00015,	nu11=0.00075)	
2	-427.0433396715089	(t1=0.00015,	nu11=0.00075)	
2	-6413.479379026918	(t1=0.00115,	nu11=0.00075)	
2	-427.0871746396879	(t1=0.00015,	nu11=0.00075)	
2	-427.0433351023821	(t1=0.00015,	nu11=0.00075)	
2	-6413.479377762182	(t1=0.00115,	nu11=0.00075)	
2	-427.08716859389096	(t1=0.00015,	nu11=0.00075)	
2	-427.04333418695023	(t1=0.00015,	nu11=0.00075)	
2	-6413.4793775087455	(t1=0.00115,	nu11=0.00075)	
2	-427.087167382997	(t1=0.00015,	nu11=0.00075)	
2	-427.04333400318865	(t1=0.00015,	nu11=0.00075)	
2	-6413.479377457988	(t1=0.00115,	nu11=0.00075)	
2	-427.0871671398054	(t1=0.00015,	nu11=0.00075)	
2	-427.04333396657603	(t1=0.00015,	nu11=0.00075)	
2	-6413.4793774476275	(t1=0.00115,	nu11=0.00075)	
2	-427.0871670910856	(t1=0.00015,	nu11=0.00075)	
2	-427.04333395912545	(t1=0.00015,	nu11=0.00075)	
2	-6413.479377446056	(t1=0.00115,	nu11=0.00075)	
2	-427.0871670815977	(t1=0.00015,	nu11=0.00075)	
2	-427.0433339579031	(t1=0.00015,	nu11=0.00075)	
2	-6413.479377445998	(t1=0.00115,	nu11=0.00075)	
2	-427.08716707938584	(t1=0.00015,	nu11=0.00075)	
2	-427.04333395703	(t1=0.00015,	nu11=0.00075)	
2	-6413.479377445299	(t1=0.00115,	nu11=0.00075)	
2	-427.08716707950225	(t1=0.00015,	nu11=0.00075)	
2	-427.04333395767026	(t1=0.00015,	nu11=0.00075)	
2	-6413.479377445416	(t1=0.00115,	nu11=0.00075)	
2	-427.08716707938584	(t1=0.00015,	nu11=0.00075)	
2	-427.04333395755384	(t1=0.00015,	nu11=0.00075)	
2	-6413.479377445416	(t1=0.00115,	nu11=0.00075)	
2	-427.0871670792112	(t1=0.00015,	nu11=0.00075)	
2	-427.04333395767026	(t1=0.00015,	nu11=0.00075)	
2	-6413.479377445707	(t1=0.00115,	nu11=0.00075)	
2	-427.08716707950225	(t1=0.00015,	nu11=0.00075)	
2	-427.04333395703	(t1=0.00015,	nu11=0.00075)	
2	-6413.479377445299	(t1=0.00115,	nu11=0.00075)	
2	-427.08716707950225	(t1=0.00015,	nu11=0.00075)	
2	-427.04333395772846	(t1=0.00015,	nu11=0.00075)	
2	-6413.479377445241	(t1=0.00115,	nu11=0.00075)	
2	-427.0871670789202	(t1=0.00015,	nu11=0.00075)	
2	-427.04333395703	(t1=0.00015,	nu11=0.00075)	
2	-6413.479377445299	(t1=0.00115,	nu11=0.00075)	
2	-427.08716707950225	(t1=0.00015,	nu11=0.00075)	
2	-439.4018372874707	(t1=0.00016,	nu11=0.00075)	
